Virtual User Script started at : 2019-01-18 15:34:35	[MsgId: MMSG-15967]
Starting action vuser_init.	[MsgId: MMSG-15919]
Web Turbo Replay of LoadRunner 11.0.0 for Windows 7; build 8859 (Aug 18 2010 20:14:31)  	[MsgId: MMSG-27143]
Run Mode: HTML  	[MsgId: MMSG-26000]
Run-Time Settings file: "C:\Users\Administrator\AppData\Local\Temp\lr5tmpdiryLq.760\lrcfgcDA.761\cfgeqd.769"  	[MsgId: MMSG-27141]
Vuser directory: "D:\loadrunnerScript\HPageShare"  	[MsgId: MMSG-27052]
Vuser output directory: "D:\loadrunnerScript\HPageShare"  	[MsgId: MMSG-27050]
Operating system's current working directory: "D:\loadrunnerScript\HPageShare"  	[MsgId: MMSG-27048]
UTC (GMT) start date/time   : 2019-01-18 07:34:35  	[MsgId: MMSG-26000]
LOCAL start date/time       : 2019-01-18 15:34:35  	[MsgId: MMSG-26000]
Local daylight-Savings-Time : No  	[MsgId: MMSG-26000]
Some of the Run-Time Settings:  	[MsgId: MMSG-27142]
    Download non-HTML resources: Yes  	[MsgId: MMSG-26845]
    Verification checks: No  	[MsgId: MMSG-26845]
    Convert from/to UTF-8: No  	[MsgId: MMSG-26845]
    Simulate a new user each iteration: Yes  	[MsgId: MMSG-26845]
    Non-critical item errors as warnings: Yes  	[MsgId: MMSG-26845]
    HTTP errors as warnings: No  	[MsgId: MMSG-26845]
    WinInet replay instead of Sockets: No  	[MsgId: MMSG-26845]
    HTTP version: 1.1  	[MsgId: MMSG-26845]
    Keep-Alive HTTP connections: Yes  	[MsgId: MMSG-26845]
    Max self Meta refresh updates: 2  	[MsgId: MMSG-26844]
    No proxy is used (direct connection to the Internet)  	[MsgId: MMSG-27171]
    DNS caching: Yes  	[MsgId: MMSG-26845]
    Simulate browser cache: Yes  	[MsgId: MMSG-26845]
        Cache URLs requiring content (e.g., HTMLs): Yes  	[MsgId: MMSG-26845]
            Additional URLs requiring content: None  	[MsgId: MMSG-26845]
        Check for newer versions every visit to the page: No  	[MsgId: MMSG-26845]
    Page download timeout (sec): 666  	[MsgId: MMSG-26844]
    Resource Page Timeout is a Warning: No  	[MsgId: MMSG-26845]
    ContentCheck enabled: Yes  	[MsgId: MMSG-26845]
    ContentCheck script-level file: "C:\Users\Administrator\AppData\Local\Temp\lr5tmpdiryLq.760\lrcfgcDA.761\LrwiAedScript.xml"  	[MsgId: MMSG-26842]
    Enable Web Page Breakdown: No  	[MsgId: MMSG-26845]
    Enable connection data points: Yes  	[MsgId: MMSG-26845]
    Process socket after reschedule: Yes  	[MsgId: MMSG-26845]
    Snapshot on error: No  	[MsgId: MMSG-26845]
    Define each step as a transaction: No  	[MsgId: MMSG-26845]
    Read beyond Content-Length: No  	[MsgId: MMSG-26845]
    Parse HTML Content-Type: TEXT  	[MsgId: MMSG-26845]
    Graph hits per second and HTTP status codes: Yes  	[MsgId: MMSG-26845]
    Graph response bytes per second: Yes  	[MsgId: MMSG-26845]
    Graph pages per second: No  	[MsgId: MMSG-26845]
    Web recorder version ID: 8  	[MsgId: MMSG-26844]
Ending action vuser_init.	[MsgId: MMSG-15918]
Running Vuser...	[MsgId: MMSG-15964]
Virtual User Script started at : 2019-01-18 15:34:35	[MsgId: MMSG-15967]
Starting action vuser_init.	[MsgId: MMSG-15919]
Web Turbo Replay of LoadRunner 11.0.0 for Windows 7; build 8859 (Aug 18 2010 20:14:31)  	[MsgId: MMSG-27143]
Run Mode: HTML  	[MsgId: MMSG-26000]
Run-Time Settings file: "C:\Users\Administrator\AppData\Local\Temp\lr5tmpdiryLq.760\lrcfgcDA.761\cfgeqd.769"  	[MsgId: MMSG-27141]
Vuser directory: "D:\loadrunnerScript\HPageShare"  	[MsgId: MMSG-27052]
Vuser output directory: "D:\loadrunnerScript\HPageShare"  	[MsgId: MMSG-27050]
Operating system's current working directory: "D:\loadrunnerScript\HPageShare"  	[MsgId: MMSG-27048]
UTC (GMT) start date/time   : 2019-01-18 07:34:35  	[MsgId: MMSG-26000]
LOCAL start date/time       : 2019-01-18 15:34:35  	[MsgId: MMSG-26000]
Local daylight-Savings-Time : No  	[MsgId: MMSG-26000]
Some of the Run-Time Settings:  	[MsgId: MMSG-27142]
    Download non-HTML resources: Yes  	[MsgId: MMSG-26845]
    Verification checks: No  	[MsgId: MMSG-26845]
    Convert from/to UTF-8: No  	[MsgId: MMSG-26845]
    Simulate a new user each iteration: Yes  	[MsgId: MMSG-26845]
    Non-critical item errors as warnings: Yes  	[MsgId: MMSG-26845]
    HTTP errors as warnings: No  	[MsgId: MMSG-26845]
    WinInet replay instead of Sockets: No  	[MsgId: MMSG-26845]
    HTTP version: 1.1  	[MsgId: MMSG-26845]
    Keep-Alive HTTP connections: Yes  	[MsgId: MMSG-26845]
    Max self Meta refresh updates: 2  	[MsgId: MMSG-26844]
    No proxy is used (direct connection to the Internet)  	[MsgId: MMSG-27171]
    DNS caching: Yes  	[MsgId: MMSG-26845]
    Simulate browser cache: Yes  	[MsgId: MMSG-26845]
        Cache URLs requiring content (e.g., HTMLs): Yes  	[MsgId: MMSG-26845]
            Additional URLs requiring content: None  	[MsgId: MMSG-26845]
        Check for newer versions every visit to the page: No  	[MsgId: MMSG-26845]
    Page download timeout (sec): 666  	[MsgId: MMSG-26844]
    Resource Page Timeout is a Warning: No  	[MsgId: MMSG-26845]
    ContentCheck enabled: Yes  	[MsgId: MMSG-26845]
    ContentCheck script-level file: "C:\Users\Administrator\AppData\Local\Temp\lr5tmpdiryLq.760\lrcfgcDA.761\LrwiAedScript.xml"  	[MsgId: MMSG-26842]
    Enable Web Page Breakdown: No  	[MsgId: MMSG-26845]
    Enable connection data points: Yes  	[MsgId: MMSG-26845]
    Process socket after reschedule: Yes  	[MsgId: MMSG-26845]
    Snapshot on error: No  	[MsgId: MMSG-26845]
    Define each step as a transaction: No  	[MsgId: MMSG-26845]
    Read beyond Content-Length: No  	[MsgId: MMSG-26845]
    Parse HTML Content-Type: TEXT  	[MsgId: MMSG-26845]
    Graph hits per second and HTTP status codes: Yes  	[MsgId: MMSG-26845]
    Graph response bytes per second: Yes  	[MsgId: MMSG-26845]
    Graph pages per second: No  	[MsgId: MMSG-26845]
    Web recorder version ID: 8  	[MsgId: MMSG-26844]
Ending action vuser_init.	[MsgId: MMSG-15918]
Running Vuser...	[MsgId: MMSG-15964]
Virtual User Script started at : 2019-01-18 15:34:35	[MsgId: MMSG-15967]
Starting action vuser_init.	[MsgId: MMSG-15919]
Web Turbo Replay of LoadRunner 11.0.0 for Windows 7; build 8859 (Aug 18 2010 20:14:31)  	[MsgId: MMSG-27143]
Run Mode: HTML  	[MsgId: MMSG-26000]
Run-Time Settings file: "C:\Users\Administrator\AppData\Local\Temp\lr5tmpdiryLq.760\lrcfgcDA.761\cfgeqd.769"  	[MsgId: MMSG-27141]
Vuser directory: "D:\loadrunnerScript\HPageShare"  	[MsgId: MMSG-27052]
Vuser output directory: "D:\loadrunnerScript\HPageShare"  	[MsgId: MMSG-27050]
Operating system's current working directory: "D:\loadrunnerScript\HPageShare"  	[MsgId: MMSG-27048]
UTC (GMT) start date/time   : 2019-01-18 07:34:35  	[MsgId: MMSG-26000]
LOCAL start date/time       : 2019-01-18 15:34:35  	[MsgId: MMSG-26000]
Local daylight-Savings-Time : No  	[MsgId: MMSG-26000]
Some of the Run-Time Settings:  	[MsgId: MMSG-27142]
    Download non-HTML resources: Yes  	[MsgId: MMSG-26845]
    Verification checks: No  	[MsgId: MMSG-26845]
    Convert from/to UTF-8: No  	[MsgId: MMSG-26845]
    Simulate a new user each iteration: Yes  	[MsgId: MMSG-26845]
    Non-critical item errors as warnings: Yes  	[MsgId: MMSG-26845]
    HTTP errors as warnings: No  	[MsgId: MMSG-26845]
    WinInet replay instead of Sockets: No  	[MsgId: MMSG-26845]
    HTTP version: 1.1  	[MsgId: MMSG-26845]
    Keep-Alive HTTP connections: Yes  	[MsgId: MMSG-26845]
    Max self Meta refresh updates: 2  	[MsgId: MMSG-26844]
    No proxy is used (direct connection to the Internet)  	[MsgId: MMSG-27171]
    DNS caching: Yes  	[MsgId: MMSG-26845]
    Simulate browser cache: Yes  	[MsgId: MMSG-26845]
        Cache URLs requiring content (e.g., HTMLs): Yes  	[MsgId: MMSG-26845]
            Additional URLs requiring content: None  	[MsgId: MMSG-26845]
        Check for newer versions every visit to the page: No  	[MsgId: MMSG-26845]
    Page download timeout (sec): 666  	[MsgId: MMSG-26844]
    Resource Page Timeout is a Warning: No  	[MsgId: MMSG-26845]
    ContentCheck enabled: Yes  	[MsgId: MMSG-26845]
    ContentCheck script-level file: "C:\Users\Administrator\AppData\Local\Temp\lr5tmpdiryLq.760\lrcfgcDA.761\LrwiAedScript.xml"  	[MsgId: MMSG-26842]
    Enable Web Page Breakdown: No  	[MsgId: MMSG-26845]
    Enable connection data points: Yes  	[MsgId: MMSG-26845]
    Process socket after reschedule: Yes  	[MsgId: MMSG-26845]
    Snapshot on error: No  	[MsgId: MMSG-26845]
    Define each step as a transaction: No  	[MsgId: MMSG-26845]
    Read beyond Content-Length: No  	[MsgId: MMSG-26845]
    Parse HTML Content-Type: TEXT  	[MsgId: MMSG-26845]
    Graph hits per second and HTTP status codes: Yes  	[MsgId: MMSG-26845]
    Graph response bytes per second: Yes  	[MsgId: MMSG-26845]
    Graph pages per second: No  	[MsgId: MMSG-26845]
    Web recorder version ID: 8  	[MsgId: MMSG-26844]
Ending action vuser_init.	[MsgId: MMSG-15918]
Running Vuser...	[MsgId: MMSG-15964]
Virtual User Script started at : 2019-01-18 15:34:36	[MsgId: MMSG-15967]
Starting action vuser_init.	[MsgId: MMSG-15919]
Web Turbo Replay of LoadRunner 11.0.0 for Windows 7; build 8859 (Aug 18 2010 20:14:31)  	[MsgId: MMSG-27143]
Run Mode: HTML  	[MsgId: MMSG-26000]
Run-Time Settings file: "C:\Users\Administrator\AppData\Local\Temp\lr5tmpdiryLq.760\lrcfgcDA.761\cfgeqd.769"  	[MsgId: MMSG-27141]
Vuser directory: "D:\loadrunnerScript\HPageShare"  	[MsgId: MMSG-27052]
Vuser output directory: "D:\loadrunnerScript\HPageShare"  	[MsgId: MMSG-27050]
Operating system's current working directory: "D:\loadrunnerScript\HPageShare"  	[MsgId: MMSG-27048]
UTC (GMT) start date/time   : 2019-01-18 07:34:36  	[MsgId: MMSG-26000]
LOCAL start date/time       : 2019-01-18 15:34:36  	[MsgId: MMSG-26000]
Local daylight-Savings-Time : No  	[MsgId: MMSG-26000]
Some of the Run-Time Settings:  	[MsgId: MMSG-27142]
    Download non-HTML resources: Yes  	[MsgId: MMSG-26845]
    Verification checks: No  	[MsgId: MMSG-26845]
    Convert from/to UTF-8: No  	[MsgId: MMSG-26845]
    Simulate a new user each iteration: Yes  	[MsgId: MMSG-26845]
    Non-critical item errors as warnings: Yes  	[MsgId: MMSG-26845]
    HTTP errors as warnings: No  	[MsgId: MMSG-26845]
    WinInet replay instead of Sockets: No  	[MsgId: MMSG-26845]
    HTTP version: 1.1  	[MsgId: MMSG-26845]
    Keep-Alive HTTP connections: Yes  	[MsgId: MMSG-26845]
    Max self Meta refresh updates: 2  	[MsgId: MMSG-26844]
    No proxy is used (direct connection to the Internet)  	[MsgId: MMSG-27171]
    DNS caching: Yes  	[MsgId: MMSG-26845]
    Simulate browser cache: Yes  	[MsgId: MMSG-26845]
        Cache URLs requiring content (e.g., HTMLs): Yes  	[MsgId: MMSG-26845]
            Additional URLs requiring content: None  	[MsgId: MMSG-26845]
        Check for newer versions every visit to the page: No  	[MsgId: MMSG-26845]
    Page download timeout (sec): 666  	[MsgId: MMSG-26844]
    Resource Page Timeout is a Warning: No  	[MsgId: MMSG-26845]
    ContentCheck enabled: Yes  	[MsgId: MMSG-26845]
    ContentCheck script-level file: "C:\Users\Administrator\AppData\Local\Temp\lr5tmpdiryLq.760\lrcfgcDA.761\LrwiAedScript.xml"  	[MsgId: MMSG-26842]
    Enable Web Page Breakdown: No  	[MsgId: MMSG-26845]
    Enable connection data points: Yes  	[MsgId: MMSG-26845]
    Process socket after reschedule: Yes  	[MsgId: MMSG-26845]
    Snapshot on error: No  	[MsgId: MMSG-26845]
    Define each step as a transaction: No  	[MsgId: MMSG-26845]
    Read beyond Content-Length: No  	[MsgId: MMSG-26845]
    Parse HTML Content-Type: TEXT  	[MsgId: MMSG-26845]
    Graph hits per second and HTTP status codes: Yes  	[MsgId: MMSG-26845]
    Graph response bytes per second: Yes  	[MsgId: MMSG-26845]
    Graph pages per second: No  	[MsgId: MMSG-26845]
    Web recorder version ID: 8  	[MsgId: MMSG-26844]
Ending action vuser_init.	[MsgId: MMSG-15918]
Running Vuser...	[MsgId: MMSG-15964]
Virtual User Script started at : 2019-01-18 15:34:36	[MsgId: MMSG-15967]
Starting action vuser_init.	[MsgId: MMSG-15919]
Web Turbo Replay of LoadRunner 11.0.0 for Windows 7; build 8859 (Aug 18 2010 20:14:31)  	[MsgId: MMSG-27143]
Run Mode: HTML  	[MsgId: MMSG-26000]
Run-Time Settings file: "C:\Users\Administrator\AppData\Local\Temp\lr5tmpdiryLq.760\lrcfgcDA.761\cfgeqd.769"  	[MsgId: MMSG-27141]
Vuser directory: "D:\loadrunnerScript\HPageShare"  	[MsgId: MMSG-27052]
Vuser output directory: "D:\loadrunnerScript\HPageShare"  	[MsgId: MMSG-27050]
Operating system's current working directory: "D:\loadrunnerScript\HPageShare"  	[MsgId: MMSG-27048]
UTC (GMT) start date/time   : 2019-01-18 07:34:36  	[MsgId: MMSG-26000]
LOCAL start date/time       : 2019-01-18 15:34:36  	[MsgId: MMSG-26000]
Local daylight-Savings-Time : No  	[MsgId: MMSG-26000]
Some of the Run-Time Settings:  	[MsgId: MMSG-27142]
    Download non-HTML resources: Yes  	[MsgId: MMSG-26845]
    Verification checks: No  	[MsgId: MMSG-26845]
    Convert from/to UTF-8: No  	[MsgId: MMSG-26845]
    Simulate a new user each iteration: Yes  	[MsgId: MMSG-26845]
    Non-critical item errors as warnings: Yes  	[MsgId: MMSG-26845]
    HTTP errors as warnings: No  	[MsgId: MMSG-26845]
    WinInet replay instead of Sockets: No  	[MsgId: MMSG-26845]
    HTTP version: 1.1  	[MsgId: MMSG-26845]
    Keep-Alive HTTP connections: Yes  	[MsgId: MMSG-26845]
    Max self Meta refresh updates: 2  	[MsgId: MMSG-26844]
    No proxy is used (direct connection to the Internet)  	[MsgId: MMSG-27171]
    DNS caching: Yes  	[MsgId: MMSG-26845]
    Simulate browser cache: Yes  	[MsgId: MMSG-26845]
        Cache URLs requiring content (e.g., HTMLs): Yes  	[MsgId: MMSG-26845]
            Additional URLs requiring content: None  	[MsgId: MMSG-26845]
        Check for newer versions every visit to the page: No  	[MsgId: MMSG-26845]
    Page download timeout (sec): 666  	[MsgId: MMSG-26844]
    Resource Page Timeout is a Warning: No  	[MsgId: MMSG-26845]
    ContentCheck enabled: Yes  	[MsgId: MMSG-26845]
    ContentCheck script-level file: "C:\Users\Administrator\AppData\Local\Temp\lr5tmpdiryLq.760\lrcfgcDA.761\LrwiAedScript.xml"  	[MsgId: MMSG-26842]
    Enable Web Page Breakdown: No  	[MsgId: MMSG-26845]
    Enable connection data points: Yes  	[MsgId: MMSG-26845]
    Process socket after reschedule: Yes  	[MsgId: MMSG-26845]
    Snapshot on error: No  	[MsgId: MMSG-26845]
    Define each step as a transaction: No  	[MsgId: MMSG-26845]
    Read beyond Content-Length: No  	[MsgId: MMSG-26845]
    Parse HTML Content-Type: TEXT  	[MsgId: MMSG-26845]
    Graph hits per second and HTTP status codes: Yes  	[MsgId: MMSG-26845]
    Graph response bytes per second: Yes  	[MsgId: MMSG-26845]
    Graph pages per second: No  	[MsgId: MMSG-26845]
    Web recorder version ID: 8  	[MsgId: MMSG-26844]
Ending action vuser_init.	[MsgId: MMSG-15918]
Running Vuser...	[MsgId: MMSG-15964]
Virtual User Script started at : 2019-01-18 15:34:36	[MsgId: MMSG-15967]
Starting action vuser_init.	[MsgId: MMSG-15919]
Web Turbo Replay of LoadRunner 11.0.0 for Windows 7; build 8859 (Aug 18 2010 20:14:31)  	[MsgId: MMSG-27143]
Run Mode: HTML  	[MsgId: MMSG-26000]
Run-Time Settings file: "C:\Users\Administrator\AppData\Local\Temp\lr5tmpdiryLq.760\lrcfgcDA.761\cfgeqd.769"  	[MsgId: MMSG-27141]
Vuser directory: "D:\loadrunnerScript\HPageShare"  	[MsgId: MMSG-27052]
Vuser output directory: "D:\loadrunnerScript\HPageShare"  	[MsgId: MMSG-27050]
Operating system's current working directory: "D:\loadrunnerScript\HPageShare"  	[MsgId: MMSG-27048]
UTC (GMT) start date/time   : 2019-01-18 07:34:36  	[MsgId: MMSG-26000]
LOCAL start date/time       : 2019-01-18 15:34:36  	[MsgId: MMSG-26000]
Local daylight-Savings-Time : No  	[MsgId: MMSG-26000]
Some of the Run-Time Settings:  	[MsgId: MMSG-27142]
    Download non-HTML resources: Yes  	[MsgId: MMSG-26845]
    Verification checks: No  	[MsgId: MMSG-26845]
    Convert from/to UTF-8: No  	[MsgId: MMSG-26845]
    Simulate a new user each iteration: Yes  	[MsgId: MMSG-26845]
    Non-critical item errors as warnings: Yes  	[MsgId: MMSG-26845]
    HTTP errors as warnings: No  	[MsgId: MMSG-26845]
    WinInet replay instead of Sockets: No  	[MsgId: MMSG-26845]
    HTTP version: 1.1  	[MsgId: MMSG-26845]
    Keep-Alive HTTP connections: Yes  	[MsgId: MMSG-26845]
    Max self Meta refresh updates: 2  	[MsgId: MMSG-26844]
    No proxy is used (direct connection to the Internet)  	[MsgId: MMSG-27171]
    DNS caching: Yes  	[MsgId: MMSG-26845]
    Simulate browser cache: Yes  	[MsgId: MMSG-26845]
        Cache URLs requiring content (e.g., HTMLs): Yes  	[MsgId: MMSG-26845]
            Additional URLs requiring content: None  	[MsgId: MMSG-26845]
        Check for newer versions every visit to the page: No  	[MsgId: MMSG-26845]
    Page download timeout (sec): 666  	[MsgId: MMSG-26844]
    Resource Page Timeout is a Warning: No  	[MsgId: MMSG-26845]
    ContentCheck enabled: Yes  	[MsgId: MMSG-26845]
    ContentCheck script-level file: "C:\Users\Administrator\AppData\Local\Temp\lr5tmpdiryLq.760\lrcfgcDA.761\LrwiAedScript.xml"  	[MsgId: MMSG-26842]
    Enable Web Page Breakdown: No  	[MsgId: MMSG-26845]
    Enable connection data points: Yes  	[MsgId: MMSG-26845]
    Process socket after reschedule: Yes  	[MsgId: MMSG-26845]
    Snapshot on error: No  	[MsgId: MMSG-26845]
    Define each step as a transaction: No  	[MsgId: MMSG-26845]
    Read beyond Content-Length: No  	[MsgId: MMSG-26845]
    Parse HTML Content-Type: TEXT  	[MsgId: MMSG-26845]
    Graph hits per second and HTTP status codes: Yes  	[MsgId: MMSG-26845]
    Graph response bytes per second: Yes  	[MsgId: MMSG-26845]
    Graph pages per second: No  	[MsgId: MMSG-26845]
    Web recorder version ID: 8  	[MsgId: MMSG-26844]
Ending action vuser_init.	[MsgId: MMSG-15918]
Running Vuser...	[MsgId: MMSG-15964]
Virtual User Script started at : 2019-01-18 15:34:36	[MsgId: MMSG-15967]
Starting action vuser_init.	[MsgId: MMSG-15919]
Web Turbo Replay of LoadRunner 11.0.0 for Windows 7; build 8859 (Aug 18 2010 20:14:31)  	[MsgId: MMSG-27143]
Run Mode: HTML  	[MsgId: MMSG-26000]
Run-Time Settings file: "C:\Users\Administrator\AppData\Local\Temp\lr5tmpdiryLq.760\lrcfgcDA.761\cfgeqd.769"  	[MsgId: MMSG-27141]
Vuser directory: "D:\loadrunnerScript\HPageShare"  	[MsgId: MMSG-27052]
Vuser output directory: "D:\loadrunnerScript\HPageShare"  	[MsgId: MMSG-27050]
Operating system's current working directory: "D:\loadrunnerScript\HPageShare"  	[MsgId: MMSG-27048]
UTC (GMT) start date/time   : 2019-01-18 07:34:36  	[MsgId: MMSG-26000]
LOCAL start date/time       : 2019-01-18 15:34:36  	[MsgId: MMSG-26000]
Local daylight-Savings-Time : No  	[MsgId: MMSG-26000]
Some of the Run-Time Settings:  	[MsgId: MMSG-27142]
    Download non-HTML resources: Yes  	[MsgId: MMSG-26845]
    Verification checks: No  	[MsgId: MMSG-26845]
    Convert from/to UTF-8: No  	[MsgId: MMSG-26845]
    Simulate a new user each iteration: Yes  	[MsgId: MMSG-26845]
    Non-critical item errors as warnings: Yes  	[MsgId: MMSG-26845]
    HTTP errors as warnings: No  	[MsgId: MMSG-26845]
    WinInet replay instead of Sockets: No  	[MsgId: MMSG-26845]
    HTTP version: 1.1  	[MsgId: MMSG-26845]
    Keep-Alive HTTP connections: Yes  	[MsgId: MMSG-26845]
    Max self Meta refresh updates: 2  	[MsgId: MMSG-26844]
    No proxy is used (direct connection to the Internet)  	[MsgId: MMSG-27171]
    DNS caching: Yes  	[MsgId: MMSG-26845]
    Simulate browser cache: Yes  	[MsgId: MMSG-26845]
        Cache URLs requiring content (e.g., HTMLs): Yes  	[MsgId: MMSG-26845]
            Additional URLs requiring content: None  	[MsgId: MMSG-26845]
        Check for newer versions every visit to the page: No  	[MsgId: MMSG-26845]
    Page download timeout (sec): 666  	[MsgId: MMSG-26844]
    Resource Page Timeout is a Warning: No  	[MsgId: MMSG-26845]
    ContentCheck enabled: Yes  	[MsgId: MMSG-26845]
    ContentCheck script-level file: "C:\Users\Administrator\AppData\Local\Temp\lr5tmpdiryLq.760\lrcfgcDA.761\LrwiAedScript.xml"  	[MsgId: MMSG-26842]
    Enable Web Page Breakdown: No  	[MsgId: MMSG-26845]
    Enable connection data points: Yes  	[MsgId: MMSG-26845]
    Process socket after reschedule: Yes  	[MsgId: MMSG-26845]
    Snapshot on error: No  	[MsgId: MMSG-26845]
    Define each step as a transaction: No  	[MsgId: MMSG-26845]
    Read beyond Content-Length: No  	[MsgId: MMSG-26845]
    Parse HTML Content-Type: TEXT  	[MsgId: MMSG-26845]
    Graph hits per second and HTTP status codes: Yes  	[MsgId: MMSG-26845]
    Graph response bytes per second: Yes  	[MsgId: MMSG-26845]
    Graph pages per second: No  	[MsgId: MMSG-26845]
    Web recorder version ID: 8  	[MsgId: MMSG-26844]
Ending action vuser_init.	[MsgId: MMSG-15918]
Running Vuser...	[MsgId: MMSG-15964]
Virtual User Script started at : 2019-01-18 15:34:36	[MsgId: MMSG-15967]
Starting action vuser_init.	[MsgId: MMSG-15919]
Web Turbo Replay of LoadRunner 11.0.0 for Windows 7; build 8859 (Aug 18 2010 20:14:31)  	[MsgId: MMSG-27143]
Run Mode: HTML  	[MsgId: MMSG-26000]
Run-Time Settings file: "C:\Users\Administrator\AppData\Local\Temp\lr5tmpdiryLq.760\lrcfgcDA.761\cfgeqd.769"  	[MsgId: MMSG-27141]
Vuser directory: "D:\loadrunnerScript\HPageShare"  	[MsgId: MMSG-27052]
Vuser output directory: "D:\loadrunnerScript\HPageShare"  	[MsgId: MMSG-27050]
Operating system's current working directory: "D:\loadrunnerScript\HPageShare"  	[MsgId: MMSG-27048]
UTC (GMT) start date/time   : 2019-01-18 07:34:36  	[MsgId: MMSG-26000]
LOCAL start date/time       : 2019-01-18 15:34:36  	[MsgId: MMSG-26000]
Local daylight-Savings-Time : No  	[MsgId: MMSG-26000]
Some of the Run-Time Settings:  	[MsgId: MMSG-27142]
    Download non-HTML resources: Yes  	[MsgId: MMSG-26845]
    Verification checks: No  	[MsgId: MMSG-26845]
    Convert from/to UTF-8: No  	[MsgId: MMSG-26845]
    Simulate a new user each iteration: Yes  	[MsgId: MMSG-26845]
    Non-critical item errors as warnings: Yes  	[MsgId: MMSG-26845]
    HTTP errors as warnings: No  	[MsgId: MMSG-26845]
    WinInet replay instead of Sockets: No  	[MsgId: MMSG-26845]
    HTTP version: 1.1  	[MsgId: MMSG-26845]
    Keep-Alive HTTP connections: Yes  	[MsgId: MMSG-26845]
    Max self Meta refresh updates: 2  	[MsgId: MMSG-26844]
    No proxy is used (direct connection to the Internet)  	[MsgId: MMSG-27171]
    DNS caching: Yes  	[MsgId: MMSG-26845]
    Simulate browser cache: Yes  	[MsgId: MMSG-26845]
        Cache URLs requiring content (e.g., HTMLs): Yes  	[MsgId: MMSG-26845]
            Additional URLs requiring content: None  	[MsgId: MMSG-26845]
        Check for newer versions every visit to the page: No  	[MsgId: MMSG-26845]
    Page download timeout (sec): 666  	[MsgId: MMSG-26844]
    Resource Page Timeout is a Warning: No  	[MsgId: MMSG-26845]
    ContentCheck enabled: Yes  	[MsgId: MMSG-26845]
    ContentCheck script-level file: "C:\Users\Administrator\AppData\Local\Temp\lr5tmpdiryLq.760\lrcfgcDA.761\LrwiAedScript.xml"  	[MsgId: MMSG-26842]
    Enable Web Page Breakdown: No  	[MsgId: MMSG-26845]
    Enable connection data points: Yes  	[MsgId: MMSG-26845]
    Process socket after reschedule: Yes  	[MsgId: MMSG-26845]
    Snapshot on error: No  	[MsgId: MMSG-26845]
    Define each step as a transaction: No  	[MsgId: MMSG-26845]
    Read beyond Content-Length: No  	[MsgId: MMSG-26845]
    Parse HTML Content-Type: TEXT  	[MsgId: MMSG-26845]
    Graph hits per second and HTTP status codes: Yes  	[MsgId: MMSG-26845]
    Graph response bytes per second: Yes  	[MsgId: MMSG-26845]
    Graph pages per second: No  	[MsgId: MMSG-26845]
    Web recorder version ID: 8  	[MsgId: MMSG-26844]
Ending action vuser_init.	[MsgId: MMSG-15918]
Running Vuser...	[MsgId: MMSG-15964]
Virtual User Script started at : 2019-01-18 15:34:36	[MsgId: MMSG-15967]
Starting action vuser_init.	[MsgId: MMSG-15919]
Web Turbo Replay of LoadRunner 11.0.0 for Windows 7; build 8859 (Aug 18 2010 20:14:31)  	[MsgId: MMSG-27143]
Run Mode: HTML  	[MsgId: MMSG-26000]
Run-Time Settings file: "C:\Users\Administrator\AppData\Local\Temp\lr5tmpdiryLq.760\lrcfgcDA.761\cfgeqd.769"  	[MsgId: MMSG-27141]
Vuser directory: "D:\loadrunnerScript\HPageShare"  	[MsgId: MMSG-27052]
Vuser output directory: "D:\loadrunnerScript\HPageShare"  	[MsgId: MMSG-27050]
Operating system's current working directory: "D:\loadrunnerScript\HPageShare"  	[MsgId: MMSG-27048]
UTC (GMT) start date/time   : 2019-01-18 07:34:36  	[MsgId: MMSG-26000]
LOCAL start date/time       : 2019-01-18 15:34:36  	[MsgId: MMSG-26000]
Local daylight-Savings-Time : No  	[MsgId: MMSG-26000]
Some of the Run-Time Settings:  	[MsgId: MMSG-27142]
    Download non-HTML resources: Yes  	[MsgId: MMSG-26845]
    Verification checks: No  	[MsgId: MMSG-26845]
    Convert from/to UTF-8: No  	[MsgId: MMSG-26845]
    Simulate a new user each iteration: Yes  	[MsgId: MMSG-26845]
    Non-critical item errors as warnings: Yes  	[MsgId: MMSG-26845]
    HTTP errors as warnings: No  	[MsgId: MMSG-26845]
    WinInet replay instead of Sockets: No  	[MsgId: MMSG-26845]
    HTTP version: 1.1  	[MsgId: MMSG-26845]
    Keep-Alive HTTP connections: Yes  	[MsgId: MMSG-26845]
    Max self Meta refresh updates: 2  	[MsgId: MMSG-26844]
    No proxy is used (direct connection to the Internet)  	[MsgId: MMSG-27171]
    DNS caching: Yes  	[MsgId: MMSG-26845]
    Simulate browser cache: Yes  	[MsgId: MMSG-26845]
        Cache URLs requiring content (e.g., HTMLs): Yes  	[MsgId: MMSG-26845]
            Additional URLs requiring content: None  	[MsgId: MMSG-26845]
        Check for newer versions every visit to the page: No  	[MsgId: MMSG-26845]
    Page download timeout (sec): 666  	[MsgId: MMSG-26844]
    Resource Page Timeout is a Warning: No  	[MsgId: MMSG-26845]
    ContentCheck enabled: Yes  	[MsgId: MMSG-26845]
    ContentCheck script-level file: "C:\Users\Administrator\AppData\Local\Temp\lr5tmpdiryLq.760\lrcfgcDA.761\LrwiAedScript.xml"  	[MsgId: MMSG-26842]
    Enable Web Page Breakdown: No  	[MsgId: MMSG-26845]
    Enable connection data points: Yes  	[MsgId: MMSG-26845]
    Process socket after reschedule: Yes  	[MsgId: MMSG-26845]
    Snapshot on error: No  	[MsgId: MMSG-26845]
    Define each step as a transaction: No  	[MsgId: MMSG-26845]
    Read beyond Content-Length: No  	[MsgId: MMSG-26845]
    Parse HTML Content-Type: TEXT  	[MsgId: MMSG-26845]
    Graph hits per second and HTTP status codes: Yes  	[MsgId: MMSG-26845]
    Graph response bytes per second: Yes  	[MsgId: MMSG-26845]
    Graph pages per second: No  	[MsgId: MMSG-26845]
    Web recorder version ID: 8  	[MsgId: MMSG-26844]
Ending action vuser_init.	[MsgId: MMSG-15918]
Running Vuser...	[MsgId: MMSG-15964]
Virtual User Script started at : 2019-01-18 15:34:36	[MsgId: MMSG-15967]
Starting action vuser_init.	[MsgId: MMSG-15919]
Web Turbo Replay of LoadRunner 11.0.0 for Windows 7; build 8859 (Aug 18 2010 20:14:31)  	[MsgId: MMSG-27143]
Run Mode: HTML  	[MsgId: MMSG-26000]
Run-Time Settings file: "C:\Users\Administrator\AppData\Local\Temp\lr5tmpdiryLq.760\lrcfgcDA.761\cfgeqd.769"  	[MsgId: MMSG-27141]
Vuser directory: "D:\loadrunnerScript\HPageShare"  	[MsgId: MMSG-27052]
Vuser output directory: "D:\loadrunnerScript\HPageShare"  	[MsgId: MMSG-27050]
Operating system's current working directory: "D:\loadrunnerScript\HPageShare"  	[MsgId: MMSG-27048]
UTC (GMT) start date/time   : 2019-01-18 07:34:36  	[MsgId: MMSG-26000]
LOCAL start date/time       : 2019-01-18 15:34:36  	[MsgId: MMSG-26000]
Local daylight-Savings-Time : No  	[MsgId: MMSG-26000]
Some of the Run-Time Settings:  	[MsgId: MMSG-27142]
    Download non-HTML resources: Yes  	[MsgId: MMSG-26845]
    Verification checks: No  	[MsgId: MMSG-26845]
    Convert from/to UTF-8: No  	[MsgId: MMSG-26845]
    Simulate a new user each iteration: Yes  	[MsgId: MMSG-26845]
    Non-critical item errors as warnings: Yes  	[MsgId: MMSG-26845]
    HTTP errors as warnings: No  	[MsgId: MMSG-26845]
    WinInet replay instead of Sockets: No  	[MsgId: MMSG-26845]
    HTTP version: 1.1  	[MsgId: MMSG-26845]
    Keep-Alive HTTP connections: Yes  	[MsgId: MMSG-26845]
    Max self Meta refresh updates: 2  	[MsgId: MMSG-26844]
    No proxy is used (direct connection to the Internet)  	[MsgId: MMSG-27171]
    DNS caching: Yes  	[MsgId: MMSG-26845]
    Simulate browser cache: Yes  	[MsgId: MMSG-26845]
        Cache URLs requiring content (e.g., HTMLs): Yes  	[MsgId: MMSG-26845]
            Additional URLs requiring content: None  	[MsgId: MMSG-26845]
        Check for newer versions every visit to the page: No  	[MsgId: MMSG-26845]
    Page download timeout (sec): 666  	[MsgId: MMSG-26844]
    Resource Page Timeout is a Warning: No  	[MsgId: MMSG-26845]
    ContentCheck enabled: Yes  	[MsgId: MMSG-26845]
    ContentCheck script-level file: "C:\Users\Administrator\AppData\Local\Temp\lr5tmpdiryLq.760\lrcfgcDA.761\LrwiAedScript.xml"  	[MsgId: MMSG-26842]
    Enable Web Page Breakdown: No  	[MsgId: MMSG-26845]
    Enable connection data points: Yes  	[MsgId: MMSG-26845]
    Process socket after reschedule: Yes  	[MsgId: MMSG-26845]
    Snapshot on error: No  	[MsgId: MMSG-26845]
    Define each step as a transaction: No  	[MsgId: MMSG-26845]
    Read beyond Content-Length: No  	[MsgId: MMSG-26845]
    Parse HTML Content-Type: TEXT  	[MsgId: MMSG-26845]
    Graph hits per second and HTTP status codes: Yes  	[MsgId: MMSG-26845]
    Graph response bytes per second: Yes  	[MsgId: MMSG-26845]
    Graph pages per second: No  	[MsgId: MMSG-26845]
    Web recorder version ID: 8  	[MsgId: MMSG-26844]
Ending action vuser_init.	[MsgId: MMSG-15918]
Running Vuser...	[MsgId: MMSG-15964]
Virtual User Script started at : 2019-01-18 15:34:36	[MsgId: MMSG-15967]
Starting action vuser_init.	[MsgId: MMSG-15919]
Web Turbo Replay of LoadRunner 11.0.0 for Windows 7; build 8859 (Aug 18 2010 20:14:31)  	[MsgId: MMSG-27143]
Run Mode: HTML  	[MsgId: MMSG-26000]
Run-Time Settings file: "C:\Users\Administrator\AppData\Local\Temp\lr5tmpdiryLq.760\lrcfgcDA.761\cfgeqd.769"  	[MsgId: MMSG-27141]
Vuser directory: "D:\loadrunnerScript\HPageShare"  	[MsgId: MMSG-27052]
Vuser output directory: "D:\loadrunnerScript\HPageShare"  	[MsgId: MMSG-27050]
Operating system's current working directory: "D:\loadrunnerScript\HPageShare"  	[MsgId: MMSG-27048]
UTC (GMT) start date/time   : 2019-01-18 07:34:36  	[MsgId: MMSG-26000]
LOCAL start date/time       : 2019-01-18 15:34:36  	[MsgId: MMSG-26000]
Local daylight-Savings-Time : No  	[MsgId: MMSG-26000]
Some of the Run-Time Settings:  	[MsgId: MMSG-27142]
    Download non-HTML resources: Yes  	[MsgId: MMSG-26845]
    Verification checks: No  	[MsgId: MMSG-26845]
    Convert from/to UTF-8: No  	[MsgId: MMSG-26845]
    Simulate a new user each iteration: Yes  	[MsgId: MMSG-26845]
    Non-critical item errors as warnings: Yes  	[MsgId: MMSG-26845]
    HTTP errors as warnings: No  	[MsgId: MMSG-26845]
    WinInet replay instead of Sockets: No  	[MsgId: MMSG-26845]
    HTTP version: 1.1  	[MsgId: MMSG-26845]
    Keep-Alive HTTP connections: Yes  	[MsgId: MMSG-26845]
    Max self Meta refresh updates: 2  	[MsgId: MMSG-26844]
    No proxy is used (direct connection to the Internet)  	[MsgId: MMSG-27171]
    DNS caching: Yes  	[MsgId: MMSG-26845]
    Simulate browser cache: Yes  	[MsgId: MMSG-26845]
        Cache URLs requiring content (e.g., HTMLs): Yes  	[MsgId: MMSG-26845]
            Additional URLs requiring content: None  	[MsgId: MMSG-26845]
        Check for newer versions every visit to the page: No  	[MsgId: MMSG-26845]
    Page download timeout (sec): 666  	[MsgId: MMSG-26844]
    Resource Page Timeout is a Warning: No  	[MsgId: MMSG-26845]
    ContentCheck enabled: Yes  	[MsgId: MMSG-26845]
    ContentCheck script-level file: "C:\Users\Administrator\AppData\Local\Temp\lr5tmpdiryLq.760\lrcfgcDA.761\LrwiAedScript.xml"  	[MsgId: MMSG-26842]
    Enable Web Page Breakdown: No  	[MsgId: MMSG-26845]
    Enable connection data points: Yes  	[MsgId: MMSG-26845]
    Process socket after reschedule: Yes  	[MsgId: MMSG-26845]
    Snapshot on error: No  	[MsgId: MMSG-26845]
    Define each step as a transaction: No  	[MsgId: MMSG-26845]
    Read beyond Content-Length: No  	[MsgId: MMSG-26845]
    Parse HTML Content-Type: TEXT  	[MsgId: MMSG-26845]
    Graph hits per second and HTTP status codes: Yes  	[MsgId: MMSG-26845]
    Graph response bytes per second: Yes  	[MsgId: MMSG-26845]
    Graph pages per second: No  	[MsgId: MMSG-26845]
    Web recorder version ID: 8  	[MsgId: MMSG-26844]
Ending action vuser_init.	[MsgId: MMSG-15918]
Running Vuser...	[MsgId: MMSG-15964]
Virtual User Script started at : 2019-01-18 15:34:36	[MsgId: MMSG-15967]
Starting action vuser_init.	[MsgId: MMSG-15919]
Web Turbo Replay of LoadRunner 11.0.0 for Windows 7; build 8859 (Aug 18 2010 20:14:31)  	[MsgId: MMSG-27143]
Run Mode: HTML  	[MsgId: MMSG-26000]
Run-Time Settings file: "C:\Users\Administrator\AppData\Local\Temp\lr5tmpdiryLq.760\lrcfgcDA.761\cfgeqd.769"  	[MsgId: MMSG-27141]
Vuser directory: "D:\loadrunnerScript\HPageShare"  	[MsgId: MMSG-27052]
Vuser output directory: "D:\loadrunnerScript\HPageShare"  	[MsgId: MMSG-27050]
Operating system's current working directory: "D:\loadrunnerScript\HPageShare"  	[MsgId: MMSG-27048]
UTC (GMT) start date/time   : 2019-01-18 07:34:36  	[MsgId: MMSG-26000]
LOCAL start date/time       : 2019-01-18 15:34:36  	[MsgId: MMSG-26000]
Local daylight-Savings-Time : No  	[MsgId: MMSG-26000]
Some of the Run-Time Settings:  	[MsgId: MMSG-27142]
    Download non-HTML resources: Yes  	[MsgId: MMSG-26845]
    Verification checks: No  	[MsgId: MMSG-26845]
    Convert from/to UTF-8: No  	[MsgId: MMSG-26845]
    Simulate a new user each iteration: Yes  	[MsgId: MMSG-26845]
    Non-critical item errors as warnings: Yes  	[MsgId: MMSG-26845]
    HTTP errors as warnings: No  	[MsgId: MMSG-26845]
    WinInet replay instead of Sockets: No  	[MsgId: MMSG-26845]
    HTTP version: 1.1  	[MsgId: MMSG-26845]
    Keep-Alive HTTP connections: Yes  	[MsgId: MMSG-26845]
    Max self Meta refresh updates: 2  	[MsgId: MMSG-26844]
    No proxy is used (direct connection to the Internet)  	[MsgId: MMSG-27171]
    DNS caching: Yes  	[MsgId: MMSG-26845]
    Simulate browser cache: Yes  	[MsgId: MMSG-26845]
        Cache URLs requiring content (e.g., HTMLs): Yes  	[MsgId: MMSG-26845]
            Additional URLs requiring content: None  	[MsgId: MMSG-26845]
        Check for newer versions every visit to the page: No  	[MsgId: MMSG-26845]
    Page download timeout (sec): 666  	[MsgId: MMSG-26844]
    Resource Page Timeout is a Warning: No  	[MsgId: MMSG-26845]
    ContentCheck enabled: Yes  	[MsgId: MMSG-26845]
    ContentCheck script-level file: "C:\Users\Administrator\AppData\Local\Temp\lr5tmpdiryLq.760\lrcfgcDA.761\LrwiAedScript.xml"  	[MsgId: MMSG-26842]
    Enable Web Page Breakdown: No  	[MsgId: MMSG-26845]
    Enable connection data points: Yes  	[MsgId: MMSG-26845]
    Process socket after reschedule: Yes  	[MsgId: MMSG-26845]
    Snapshot on error: No  	[MsgId: MMSG-26845]
    Define each step as a transaction: No  	[MsgId: MMSG-26845]
    Read beyond Content-Length: No  	[MsgId: MMSG-26845]
    Parse HTML Content-Type: TEXT  	[MsgId: MMSG-26845]
    Graph hits per second and HTTP status codes: Yes  	[MsgId: MMSG-26845]
    Graph response bytes per second: Yes  	[MsgId: MMSG-26845]
    Graph pages per second: No  	[MsgId: MMSG-26845]
    Web recorder version ID: 8  	[MsgId: MMSG-26844]
Ending action vuser_init.	[MsgId: MMSG-15918]
Running Vuser...	[MsgId: MMSG-15964]
Virtual User Script started at : 2019-01-18 15:34:36	[MsgId: MMSG-15967]
Starting action vuser_init.	[MsgId: MMSG-15919]
Web Turbo Replay of LoadRunner 11.0.0 for Windows 7; build 8859 (Aug 18 2010 20:14:31)  	[MsgId: MMSG-27143]
Run Mode: HTML  	[MsgId: MMSG-26000]
Run-Time Settings file: "C:\Users\Administrator\AppData\Local\Temp\lr5tmpdiryLq.760\lrcfgcDA.761\cfgeqd.769"  	[MsgId: MMSG-27141]
Vuser directory: "D:\loadrunnerScript\HPageShare"  	[MsgId: MMSG-27052]
Vuser output directory: "D:\loadrunnerScript\HPageShare"  	[MsgId: MMSG-27050]
Operating system's current working directory: "D:\loadrunnerScript\HPageShare"  	[MsgId: MMSG-27048]
UTC (GMT) start date/time   : 2019-01-18 07:34:36  	[MsgId: MMSG-26000]
LOCAL start date/time       : 2019-01-18 15:34:36  	[MsgId: MMSG-26000]
Local daylight-Savings-Time : No  	[MsgId: MMSG-26000]
Some of the Run-Time Settings:  	[MsgId: MMSG-27142]
    Download non-HTML resources: Yes  	[MsgId: MMSG-26845]
    Verification checks: No  	[MsgId: MMSG-26845]
    Convert from/to UTF-8: No  	[MsgId: MMSG-26845]
    Simulate a new user each iteration: Yes  	[MsgId: MMSG-26845]
    Non-critical item errors as warnings: Yes  	[MsgId: MMSG-26845]
    HTTP errors as warnings: No  	[MsgId: MMSG-26845]
    WinInet replay instead of Sockets: No  	[MsgId: MMSG-26845]
    HTTP version: 1.1  	[MsgId: MMSG-26845]
    Keep-Alive HTTP connections: Yes  	[MsgId: MMSG-26845]
    Max self Meta refresh updates: 2  	[MsgId: MMSG-26844]
    No proxy is used (direct connection to the Internet)  	[MsgId: MMSG-27171]
    DNS caching: Yes  	[MsgId: MMSG-26845]
    Simulate browser cache: Yes  	[MsgId: MMSG-26845]
        Cache URLs requiring content (e.g., HTMLs): Yes  	[MsgId: MMSG-26845]
            Additional URLs requiring content: None  	[MsgId: MMSG-26845]
        Check for newer versions every visit to the page: No  	[MsgId: MMSG-26845]
    Page download timeout (sec): 666  	[MsgId: MMSG-26844]
    Resource Page Timeout is a Warning: No  	[MsgId: MMSG-26845]
    ContentCheck enabled: Yes  	[MsgId: MMSG-26845]
    ContentCheck script-level file: "C:\Users\Administrator\AppData\Local\Temp\lr5tmpdiryLq.760\lrcfgcDA.761\LrwiAedScript.xml"  	[MsgId: MMSG-26842]
    Enable Web Page Breakdown: No  	[MsgId: MMSG-26845]
    Enable connection data points: Yes  	[MsgId: MMSG-26845]
    Process socket after reschedule: Yes  	[MsgId: MMSG-26845]
    Snapshot on error: No  	[MsgId: MMSG-26845]
    Define each step as a transaction: No  	[MsgId: MMSG-26845]
    Read beyond Content-Length: No  	[MsgId: MMSG-26845]
    Parse HTML Content-Type: TEXT  	[MsgId: MMSG-26845]
    Graph hits per second and HTTP status codes: Yes  	[MsgId: MMSG-26845]
    Graph response bytes per second: Yes  	[MsgId: MMSG-26845]
    Graph pages per second: No  	[MsgId: MMSG-26845]
    Web recorder version ID: 8  	[MsgId: MMSG-26844]
Ending action vuser_init.	[MsgId: MMSG-15918]
Running Vuser...	[MsgId: MMSG-15964]
Virtual User Script started at : 2019-01-18 15:34:36	[MsgId: MMSG-15967]
Starting action vuser_init.	[MsgId: MMSG-15919]
Web Turbo Replay of LoadRunner 11.0.0 for Windows 7; build 8859 (Aug 18 2010 20:14:31)  	[MsgId: MMSG-27143]
Run Mode: HTML  	[MsgId: MMSG-26000]
Run-Time Settings file: "C:\Users\Administrator\AppData\Local\Temp\lr5tmpdiryLq.760\lrcfgcDA.761\cfgeqd.769"  	[MsgId: MMSG-27141]
Vuser directory: "D:\loadrunnerScript\HPageShare"  	[MsgId: MMSG-27052]
Vuser output directory: "D:\loadrunnerScript\HPageShare"  	[MsgId: MMSG-27050]
Operating system's current working directory: "D:\loadrunnerScript\HPageShare"  	[MsgId: MMSG-27048]
UTC (GMT) start date/time   : 2019-01-18 07:34:36  	[MsgId: MMSG-26000]
LOCAL start date/time       : 2019-01-18 15:34:36  	[MsgId: MMSG-26000]
Local daylight-Savings-Time : No  	[MsgId: MMSG-26000]
Some of the Run-Time Settings:  	[MsgId: MMSG-27142]
    Download non-HTML resources: Yes  	[MsgId: MMSG-26845]
    Verification checks: No  	[MsgId: MMSG-26845]
    Convert from/to UTF-8: No  	[MsgId: MMSG-26845]
    Simulate a new user each iteration: Yes  	[MsgId: MMSG-26845]
    Non-critical item errors as warnings: Yes  	[MsgId: MMSG-26845]
    HTTP errors as warnings: No  	[MsgId: MMSG-26845]
    WinInet replay instead of Sockets: No  	[MsgId: MMSG-26845]
    HTTP version: 1.1  	[MsgId: MMSG-26845]
    Keep-Alive HTTP connections: Yes  	[MsgId: MMSG-26845]
    Max self Meta refresh updates: 2  	[MsgId: MMSG-26844]
    No proxy is used (direct connection to the Internet)  	[MsgId: MMSG-27171]
    DNS caching: Yes  	[MsgId: MMSG-26845]
    Simulate browser cache: Yes  	[MsgId: MMSG-26845]
        Cache URLs requiring content (e.g., HTMLs): Yes  	[MsgId: MMSG-26845]
            Additional URLs requiring content: None  	[MsgId: MMSG-26845]
        Check for newer versions every visit to the page: No  	[MsgId: MMSG-26845]
    Page download timeout (sec): 666  	[MsgId: MMSG-26844]
    Resource Page Timeout is a Warning: No  	[MsgId: MMSG-26845]
    ContentCheck enabled: Yes  	[MsgId: MMSG-26845]
    ContentCheck script-level file: "C:\Users\Administrator\AppData\Local\Temp\lr5tmpdiryLq.760\lrcfgcDA.761\LrwiAedScript.xml"  	[MsgId: MMSG-26842]
    Enable Web Page Breakdown: No  	[MsgId: MMSG-26845]
    Enable connection data points: Yes  	[MsgId: MMSG-26845]
    Process socket after reschedule: Yes  	[MsgId: MMSG-26845]
    Snapshot on error: No  	[MsgId: MMSG-26845]
    Define each step as a transaction: No  	[MsgId: MMSG-26845]
    Read beyond Content-Length: No  	[MsgId: MMSG-26845]
    Parse HTML Content-Type: TEXT  	[MsgId: MMSG-26845]
    Graph hits per second and HTTP status codes: Yes  	[MsgId: MMSG-26845]
    Graph response bytes per second: Yes  	[MsgId: MMSG-26845]
    Graph pages per second: No  	[MsgId: MMSG-26845]
    Web recorder version ID: 8  	[MsgId: MMSG-26844]
Ending action vuser_init.	[MsgId: MMSG-15918]
Running Vuser...	[MsgId: MMSG-15964]
Virtual User Script started at : 2019-01-18 15:34:36	[MsgId: MMSG-15967]
Starting action vuser_init.	[MsgId: MMSG-15919]
Web Turbo Replay of LoadRunner 11.0.0 for Windows 7; build 8859 (Aug 18 2010 20:14:31)  	[MsgId: MMSG-27143]
Run Mode: HTML  	[MsgId: MMSG-26000]
Run-Time Settings file: "C:\Users\Administrator\AppData\Local\Temp\lr5tmpdiryLq.760\lrcfgcDA.761\cfgeqd.769"  	[MsgId: MMSG-27141]
Vuser directory: "D:\loadrunnerScript\HPageShare"  	[MsgId: MMSG-27052]
Vuser output directory: "D:\loadrunnerScript\HPageShare"  	[MsgId: MMSG-27050]
Operating system's current working directory: "D:\loadrunnerScript\HPageShare"  	[MsgId: MMSG-27048]
UTC (GMT) start date/time   : 2019-01-18 07:34:36  	[MsgId: MMSG-26000]
LOCAL start date/time       : 2019-01-18 15:34:36  	[MsgId: MMSG-26000]
Local daylight-Savings-Time : No  	[MsgId: MMSG-26000]
Some of the Run-Time Settings:  	[MsgId: MMSG-27142]
    Download non-HTML resources: Yes  	[MsgId: MMSG-26845]
    Verification checks: No  	[MsgId: MMSG-26845]
    Convert from/to UTF-8: No  	[MsgId: MMSG-26845]
    Simulate a new user each iteration: Yes  	[MsgId: MMSG-26845]
    Non-critical item errors as warnings: Yes  	[MsgId: MMSG-26845]
    HTTP errors as warnings: No  	[MsgId: MMSG-26845]
    WinInet replay instead of Sockets: No  	[MsgId: MMSG-26845]
    HTTP version: 1.1  	[MsgId: MMSG-26845]
    Keep-Alive HTTP connections: Yes  	[MsgId: MMSG-26845]
    Max self Meta refresh updates: 2  	[MsgId: MMSG-26844]
    No proxy is used (direct connection to the Internet)  	[MsgId: MMSG-27171]
    DNS caching: Yes  	[MsgId: MMSG-26845]
    Simulate browser cache: Yes  	[MsgId: MMSG-26845]
        Cache URLs requiring content (e.g., HTMLs): Yes  	[MsgId: MMSG-26845]
            Additional URLs requiring content: None  	[MsgId: MMSG-26845]
        Check for newer versions every visit to the page: No  	[MsgId: MMSG-26845]
    Page download timeout (sec): 666  	[MsgId: MMSG-26844]
    Resource Page Timeout is a Warning: No  	[MsgId: MMSG-26845]
    ContentCheck enabled: Yes  	[MsgId: MMSG-26845]
    ContentCheck script-level file: "C:\Users\Administrator\AppData\Local\Temp\lr5tmpdiryLq.760\lrcfgcDA.761\LrwiAedScript.xml"  	[MsgId: MMSG-26842]
    Enable Web Page Breakdown: No  	[MsgId: MMSG-26845]
    Enable connection data points: Yes  	[MsgId: MMSG-26845]
    Process socket after reschedule: Yes  	[MsgId: MMSG-26845]
    Snapshot on error: No  	[MsgId: MMSG-26845]
    Define each step as a transaction: No  	[MsgId: MMSG-26845]
    Read beyond Content-Length: No  	[MsgId: MMSG-26845]
    Parse HTML Content-Type: TEXT  	[MsgId: MMSG-26845]
    Graph hits per second and HTTP status codes: Yes  	[MsgId: MMSG-26845]
    Graph response bytes per second: Yes  	[MsgId: MMSG-26845]
    Graph pages per second: No  	[MsgId: MMSG-26845]
    Web recorder version ID: 8  	[MsgId: MMSG-26844]
Ending action vuser_init.	[MsgId: MMSG-15918]
Running Vuser...	[MsgId: MMSG-15964]
Virtual User Script started at : 2019-01-18 15:34:36	[MsgId: MMSG-15967]
Starting action vuser_init.	[MsgId: MMSG-15919]
Web Turbo Replay of LoadRunner 11.0.0 for Windows 7; build 8859 (Aug 18 2010 20:14:31)  	[MsgId: MMSG-27143]
Run Mode: HTML  	[MsgId: MMSG-26000]
Run-Time Settings file: "C:\Users\Administrator\AppData\Local\Temp\lr5tmpdiryLq.760\lrcfgcDA.761\cfgeqd.769"  	[MsgId: MMSG-27141]
Vuser directory: "D:\loadrunnerScript\HPageShare"  	[MsgId: MMSG-27052]
Vuser output directory: "D:\loadrunnerScript\HPageShare"  	[MsgId: MMSG-27050]
Operating system's current working directory: "D:\loadrunnerScript\HPageShare"  	[MsgId: MMSG-27048]
UTC (GMT) start date/time   : 2019-01-18 07:34:36  	[MsgId: MMSG-26000]
LOCAL start date/time       : 2019-01-18 15:34:36  	[MsgId: MMSG-26000]
Local daylight-Savings-Time : No  	[MsgId: MMSG-26000]
Some of the Run-Time Settings:  	[MsgId: MMSG-27142]
    Download non-HTML resources: Yes  	[MsgId: MMSG-26845]
    Verification checks: No  	[MsgId: MMSG-26845]
    Convert from/to UTF-8: No  	[MsgId: MMSG-26845]
    Simulate a new user each iteration: Yes  	[MsgId: MMSG-26845]
    Non-critical item errors as warnings: Yes  	[MsgId: MMSG-26845]
    HTTP errors as warnings: No  	[MsgId: MMSG-26845]
    WinInet replay instead of Sockets: No  	[MsgId: MMSG-26845]
    HTTP version: 1.1  	[MsgId: MMSG-26845]
    Keep-Alive HTTP connections: Yes  	[MsgId: MMSG-26845]
    Max self Meta refresh updates: 2  	[MsgId: MMSG-26844]
    No proxy is used (direct connection to the Internet)  	[MsgId: MMSG-27171]
    DNS caching: Yes  	[MsgId: MMSG-26845]
    Simulate browser cache: Yes  	[MsgId: MMSG-26845]
        Cache URLs requiring content (e.g., HTMLs): Yes  	[MsgId: MMSG-26845]
            Additional URLs requiring content: None  	[MsgId: MMSG-26845]
        Check for newer versions every visit to the page: No  	[MsgId: MMSG-26845]
    Page download timeout (sec): 666  	[MsgId: MMSG-26844]
    Resource Page Timeout is a Warning: No  	[MsgId: MMSG-26845]
    ContentCheck enabled: Yes  	[MsgId: MMSG-26845]
    ContentCheck script-level file: "C:\Users\Administrator\AppData\Local\Temp\lr5tmpdiryLq.760\lrcfgcDA.761\LrwiAedScript.xml"  	[MsgId: MMSG-26842]
    Enable Web Page Breakdown: No  	[MsgId: MMSG-26845]
    Enable connection data points: Yes  	[MsgId: MMSG-26845]
    Process socket after reschedule: Yes  	[MsgId: MMSG-26845]
    Snapshot on error: No  	[MsgId: MMSG-26845]
    Define each step as a transaction: No  	[MsgId: MMSG-26845]
    Read beyond Content-Length: No  	[MsgId: MMSG-26845]
    Parse HTML Content-Type: TEXT  	[MsgId: MMSG-26845]
    Graph hits per second and HTTP status codes: Yes  	[MsgId: MMSG-26845]
    Graph response bytes per second: Yes  	[MsgId: MMSG-26845]
    Graph pages per second: No  	[MsgId: MMSG-26845]
    Web recorder version ID: 8  	[MsgId: MMSG-26844]
Ending action vuser_init.	[MsgId: MMSG-15918]
Running Vuser...	[MsgId: MMSG-15964]
Virtual User Script started at : 2019-01-18 15:34:36	[MsgId: MMSG-15967]
Starting action vuser_init.	[MsgId: MMSG-15919]
Web Turbo Replay of LoadRunner 11.0.0 for Windows 7; build 8859 (Aug 18 2010 20:14:31)  	[MsgId: MMSG-27143]
Run Mode: HTML  	[MsgId: MMSG-26000]
Run-Time Settings file: "C:\Users\Administrator\AppData\Local\Temp\lr5tmpdiryLq.760\lrcfgcDA.761\cfgeqd.769"  	[MsgId: MMSG-27141]
Vuser directory: "D:\loadrunnerScript\HPageShare"  	[MsgId: MMSG-27052]
Vuser output directory: "D:\loadrunnerScript\HPageShare"  	[MsgId: MMSG-27050]
Operating system's current working directory: "D:\loadrunnerScript\HPageShare"  	[MsgId: MMSG-27048]
UTC (GMT) start date/time   : 2019-01-18 07:34:36  	[MsgId: MMSG-26000]
LOCAL start date/time       : 2019-01-18 15:34:36  	[MsgId: MMSG-26000]
Local daylight-Savings-Time : No  	[MsgId: MMSG-26000]
Some of the Run-Time Settings:  	[MsgId: MMSG-27142]
    Download non-HTML resources: Yes  	[MsgId: MMSG-26845]
    Verification checks: No  	[MsgId: MMSG-26845]
    Convert from/to UTF-8: No  	[MsgId: MMSG-26845]
    Simulate a new user each iteration: Yes  	[MsgId: MMSG-26845]
    Non-critical item errors as warnings: Yes  	[MsgId: MMSG-26845]
    HTTP errors as warnings: No  	[MsgId: MMSG-26845]
    WinInet replay instead of Sockets: No  	[MsgId: MMSG-26845]
    HTTP version: 1.1  	[MsgId: MMSG-26845]
    Keep-Alive HTTP connections: Yes  	[MsgId: MMSG-26845]
    Max self Meta refresh updates: 2  	[MsgId: MMSG-26844]
    No proxy is used (direct connection to the Internet)  	[MsgId: MMSG-27171]
    DNS caching: Yes  	[MsgId: MMSG-26845]
    Simulate browser cache: Yes  	[MsgId: MMSG-26845]
        Cache URLs requiring content (e.g., HTMLs): Yes  	[MsgId: MMSG-26845]
            Additional URLs requiring content: None  	[MsgId: MMSG-26845]
        Check for newer versions every visit to the page: No  	[MsgId: MMSG-26845]
    Page download timeout (sec): 666  	[MsgId: MMSG-26844]
    Resource Page Timeout is a Warning: No  	[MsgId: MMSG-26845]
    ContentCheck enabled: Yes  	[MsgId: MMSG-26845]
    ContentCheck script-level file: "C:\Users\Administrator\AppData\Local\Temp\lr5tmpdiryLq.760\lrcfgcDA.761\LrwiAedScript.xml"  	[MsgId: MMSG-26842]
    Enable Web Page Breakdown: No  	[MsgId: MMSG-26845]
    Enable connection data points: Yes  	[MsgId: MMSG-26845]
    Process socket after reschedule: Yes  	[MsgId: MMSG-26845]
    Snapshot on error: No  	[MsgId: MMSG-26845]
    Define each step as a transaction: No  	[MsgId: MMSG-26845]
    Read beyond Content-Length: No  	[MsgId: MMSG-26845]
    Parse HTML Content-Type: TEXT  	[MsgId: MMSG-26845]
    Graph hits per second and HTTP status codes: Yes  	[MsgId: MMSG-26845]
    Graph response bytes per second: Yes  	[MsgId: MMSG-26845]
    Graph pages per second: No  	[MsgId: MMSG-26845]
    Web recorder version ID: 8  	[MsgId: MMSG-26844]
Ending action vuser_init.	[MsgId: MMSG-15918]
Running Vuser...	[MsgId: MMSG-15964]
Action was aborted.	[MsgId: MMSG-10694]
Action was aborted.	[MsgId: MMSG-10694]
Action was aborted.	[MsgId: MMSG-10694]
Action was aborted.	[MsgId: MMSG-10694]
Action was aborted.	[MsgId: MMSG-10694]
Ending Vuser...	[MsgId: MMSG-15966]
Action was aborted.	[MsgId: MMSG-10694]
Action was aborted.	[MsgId: MMSG-10694]
Action was aborted.	[MsgId: MMSG-10694]
Ending Vuser...	[MsgId: MMSG-15966]
Ending Vuser...	[MsgId: MMSG-15966]
Ending Vuser...	[MsgId: MMSG-15966]
Ending Vuser...	[MsgId: MMSG-15966]
Starting action vuser_end.	[MsgId: MMSG-15919]
Starting action vuser_end.	[MsgId: MMSG-15919]
Action was aborted.	[MsgId: MMSG-10694]
Ending Vuser...	[MsgId: MMSG-15966]
Ending action vuser_end.	[MsgId: MMSG-15918]
Starting action vuser_end.	[MsgId: MMSG-15919]
Vuser Terminated.	[MsgId: MMSG-15963]
Action was aborted.	[MsgId: MMSG-10694]
Action was aborted.	[MsgId: MMSG-10694]
Ending Vuser...	[MsgId: MMSG-15966]
Ending Vuser...	[MsgId: MMSG-15966]
Starting action vuser_end.	[MsgId: MMSG-15919]
HTML-Mode memory management statistics: Reusable=0, NonReusable=0, CsMemBlockSize=4096, checks disabled  	[MsgId: MMSG-26000]
Ending Vuser...	[MsgId: MMSG-15966]
Starting action vuser_end.	[MsgId: MMSG-15919]
Ending Vuser...	[MsgId: MMSG-15966]
Ending action vuser_end.	[MsgId: MMSG-15918]
Starting action vuser_end.	[MsgId: MMSG-15919]
Starting action vuser_end.	[MsgId: MMSG-15919]
Vuser Terminated.	[MsgId: MMSG-15963]
Action was aborted.	[MsgId: MMSG-10694]
Ending Vuser...	[MsgId: MMSG-15966]
Vuser 3 (thread 4424), ended OK."	[MsgId: MMSG-10695]
Starting action vuser_end.	[MsgId: MMSG-15919]
Ending action vuser_end.	[MsgId: MMSG-15918]
Ending action vuser_end.	[MsgId: MMSG-15918]
Vuser Terminated.	[MsgId: MMSG-15963]
Vuser Terminated.	[MsgId: MMSG-15963]
Action was aborted.	[MsgId: MMSG-10694]
Ending Vuser...	[MsgId: MMSG-15966]
Ending Vuser...	[MsgId: MMSG-15966]
Starting action vuser_end.	[MsgId: MMSG-15919]
Starting action vuser_end.	[MsgId: MMSG-15919]
Ending action vuser_end.	[MsgId: MMSG-15918]
Ending action vuser_end.	[MsgId: MMSG-15918]
Ending action vuser_end.	[MsgId: MMSG-15918]
Starting action vuser_end.	[MsgId: MMSG-15919]
Vuser Terminated.	[MsgId: MMSG-15963]
Action was aborted.	[MsgId: MMSG-10694]
Ending action vuser_end.	[MsgId: MMSG-15918]
Ending Vuser...	[MsgId: MMSG-15966]
Action was aborted.	[MsgId: MMSG-10694]
Vuser Terminated.	[MsgId: MMSG-15963]
Starting action vuser_end.	[MsgId: MMSG-15919]
Ending action vuser_end.	[MsgId: MMSG-15918]
Vuser Terminated.	[MsgId: MMSG-15963]
Action was aborted.	[MsgId: MMSG-10694]
Starting action vuser_end.	[MsgId: MMSG-15919]
Ending Vuser...	[MsgId: MMSG-15966]
Ending action vuser_end.	[MsgId: MMSG-15918]
Vuser Terminated.	[MsgId: MMSG-15963]
Ending Vuser...	[MsgId: MMSG-15966]
Starting action vuser_end.	[MsgId: MMSG-15919]
Ending action vuser_end.	[MsgId: MMSG-15918]
Vuser Terminated.	[MsgId: MMSG-15963]
Starting action vuser_end.	[MsgId: MMSG-15919]
Ending action vuser_end.	[MsgId: MMSG-15918]
Ending action vuser_end.	[MsgId: MMSG-15918]
Vuser Terminated.	[MsgId: MMSG-15963]
Vuser Terminated.	[MsgId: MMSG-15963]
HTML-Mode memory management statistics: Reusable=0, NonReusable=0, CsMemBlockSize=4096, checks disabled  	[MsgId: MMSG-26000]
Action was aborted.	[MsgId: MMSG-10694]
Ending action vuser_end.	[MsgId: MMSG-15918]
Ending Vuser...	[MsgId: MMSG-15966]
Vuser Terminated.	[MsgId: MMSG-15963]
HTML-Mode memory management statistics: Reusable=0, NonReusable=0, CsMemBlockSize=4096, checks disabled  	[MsgId: MMSG-26000]
Vuser 12 (thread 1436), ended OK."	[MsgId: MMSG-10695]
HTML-Mode memory management statistics: Reusable=0, NonReusable=0, CsMemBlockSize=4096, checks disabled  	[MsgId: MMSG-26000]
HTML-Mode memory management statistics: Reusable=0, NonReusable=0, CsMemBlockSize=4096, checks disabled  	[MsgId: MMSG-26000]
Vuser Terminated.	[MsgId: MMSG-15963]
Vuser Terminated.	[MsgId: MMSG-15963]
HTML-Mode memory management statistics: Reusable=0, NonReusable=0, CsMemBlockSize=4096, checks disabled  	[MsgId: MMSG-26000]
Starting action vuser_end.	[MsgId: MMSG-15919]
Ending action vuser_end.	[MsgId: MMSG-15918]
Vuser 11 (thread 3320), ended OK."	[MsgId: MMSG-10695]
HTML-Mode memory management statistics: Reusable=0, NonReusable=0, CsMemBlockSize=4096, checks disabled  	[MsgId: MMSG-26000]
Vuser Terminated.	[MsgId: MMSG-15963]
Vuser 2 (thread 4756), ended OK."	[MsgId: MMSG-10695]
Starting action vuser_end.	[MsgId: MMSG-15919]
Ending action vuser_end.	[MsgId: MMSG-15918]
Vuser Terminated.	[MsgId: MMSG-15963]
Vuser 9 (thread 5656), ended OK."	[MsgId: MMSG-10695]
HTML-Mode memory management statistics: Reusable=0, NonReusable=0, CsMemBlockSize=4096, checks disabled  	[MsgId: MMSG-26000]
Vuser 15 (thread 4952), ended OK."	[MsgId: MMSG-10695]
HTML-Mode memory management statistics: Reusable=0, NonReusable=0, CsMemBlockSize=4096, checks disabled  	[MsgId: MMSG-26000]
Vuser 6 (thread 4124), ended OK."	[MsgId: MMSG-10695]
Ending action vuser_end.	[MsgId: MMSG-15918]
Vuser Terminated.	[MsgId: MMSG-15963]
HTML-Mode memory management statistics: Reusable=0, NonReusable=0, CsMemBlockSize=4096, checks disabled  	[MsgId: MMSG-26000]
Vuser 10 (thread 5724), ended OK."	[MsgId: MMSG-10695]
Vuser 14 (thread 2684), ended OK."	[MsgId: MMSG-10695]
Vuser 4 (thread 5076), ended OK."	[MsgId: MMSG-10695]
HTML-Mode memory management statistics: Reusable=0, NonReusable=0, CsMemBlockSize=4096, checks disabled  	[MsgId: MMSG-26000]
HTML-Mode memory management statistics: Reusable=0, NonReusable=0, CsMemBlockSize=4096, checks disabled  	[MsgId: MMSG-26000]
Vuser 13 (thread 1736), ended OK."	[MsgId: MMSG-10695]
Vuser 0 (thread 6008), ended OK."	[MsgId: MMSG-10695]
HTML-Mode memory management statistics: Reusable=0, NonReusable=0, CsMemBlockSize=4096, checks disabled  	[MsgId: MMSG-26000]
HTML-Mode memory management statistics: Reusable=0, NonReusable=0, CsMemBlockSize=4096, checks disabled  	[MsgId: MMSG-26000]
HTML-Mode memory management statistics: Reusable=0, NonReusable=0, CsMemBlockSize=4096, checks disabled  	[MsgId: MMSG-26000]
HTML-Mode memory management statistics: Reusable=0, NonReusable=0, CsMemBlockSize=4096, checks disabled  	[MsgId: MMSG-26000]
HTML-Mode memory management statistics: Reusable=0, NonReusable=0, CsMemBlockSize=4096, checks disabled  	[MsgId: MMSG-26000]
Vuser 5 (thread 4464), ended OK."	[MsgId: MMSG-10695]
Vuser 7 (thread 4172), ended OK."	[MsgId: MMSG-10695]
Vuser 16 (thread 5148), ended OK."	[MsgId: MMSG-10695]
Vuser 1 (thread 4540), ended OK."	[MsgId: MMSG-10695]
Vuser 8 (thread 5436), ended OK."	[MsgId: MMSG-10695]
