Virtual User Script started at : 2019-01-21 17:12:40
Starting action vuser_init.
Web Turbo Replay of LoadRunner 11.0.0 for Windows 7; build 8859 (Aug 18 2010 20:14:31)  	[MsgId: MMSG-27143]
Run Mode: HTML  	[MsgId: MMSG-26000]
Run-Time Settings file: "D:\loadrunnerScript\HPageShare\\default.cfg"  	[MsgId: MMSG-27141]
Ending action vuser_init.
Running Vuser...
Starting iteration 1.
Starting action Action.
Action.c(8): Registering web_reg_save_param_ex was successful  	[MsgId: MMSG-26390]
Action.c(17): Registering web_reg_save_param_ex was successful  	[MsgId: MMSG-26390]
Action.c(26): Registering web_reg_save_param_ex was successful  	[MsgId: MMSG-26390]
Action.c(35): Registering web_reg_save_param_ex was successful  	[MsgId: MMSG-26390]
Action.c(44): Warning -26593: The header being added may cause unpredictable results when applied to all ensuing URLs. It is added anyway  	[MsgId: MWAR-26593]
Action.c(44): web_add_header("Transfer-Encoding") highest severity level was "warning"  	[MsgId: MMSG-26391]
Action.c(46): Notify: Parameter Substitution: parameter "requestUrl" =  "http://118.126.89.154:58080"
Action.c(46): Notify: Parameter Substitution: parameter "userToken" =  "MzJFN0I0MTMxNkVFNjRDRTRFMkREREM5ODVBNjhEMjAzODZFMDRGM0IxMDM2QTkyQTlDMjRBRUFERTcyOUZCMkRERDU4QkM2MjI4RDZDQzlGNjNGNTc0OUEzQ0UxNzY0"
Action.c(46): Notify: Saving Parameter "goods_id_list_1 = I201901211704005210000143".
Action.c(46): Notify: Saving Parameter "shop_id_list_1 = A201812080953300270014587".
Action.c(46): Notify: Saving Parameter "goods_id_list_2 = I201901211703571840000973".
Action.c(46): Notify: Saving Parameter "shop_id_list_2 = A201812080953300270014587".
Action.c(46): Notify: Saving Parameter "goods_id_list_3 = I201901211703541340000548".
Action.c(46): Notify: Saving Parameter "shop_id_list_3 = A201812080953300270014587".
Action.c(46): Notify: Saving Parameter "goods_id_list_4 = I201901211703540040000547".
Action.c(46): Notify: Saving Parameter "shop_id_list_4 = A201812080953300270014587".
Action.c(46): Notify: Saving Parameter "goods_id_list_5 = I201901211703533520000568".
Action.c(46): Notify: Saving Parameter "shop_id_list_5 = A201812080953300270014587".
Action.c(46): Notify: Saving Parameter "goods_id_list_6 = I201901211703499920000422".
Action.c(46): Notify: Saving Parameter "shop_id_list_6 = A201812080953300270014587".
Action.c(46): Notify: Saving Parameter "goods_id_list_7 = I201901211703462310000124".
Action.c(46): Notify: Saving Parameter "shop_id_list_7 = A201812080953300270014587".
Action.c(46): Notify: Saving Parameter "goods_id_list_8 = I201901211703386970000351".
Action.c(46): Notify: Saving Parameter "shop_id_list_8 = A201812080953300270014587".
Action.c(46): Notify: Saving Parameter "goods_id_list_9 = I201901211703384690000349".
Action.c(46): Notify: Saving Parameter "shop_id_list_9 = A201812080953300270014587".
Action.c(46): Notify: Saving Parameter "goods_id_list_10 = I201901211703266580000318".
Action.c(46): Notify: Saving Parameter "shop_id_list_10 = A201812080953300270014587".
Action.c(46): Notify: Saving Parameter "goods_id_list_11 = I201901211703219590000563".
Action.c(46): Notify: Saving Parameter "shop_id_list_11 = A201812080953300270014587".
Action.c(46): Notify: Saving Parameter "goods_id_list_12 = I201901211703192790000961".
Action.c(46): Notify: Saving Parameter "shop_id_list_12 = A201812080953300270014587".
Action.c(46): Notify: Saving Parameter "goods_id_list_13 = I201901211703182100000368".
Action.c(46): Notify: Saving Parameter "shop_id_list_13 = A201812080953300270014587".
Action.c(46): Notify: Saving Parameter "goods_id_list_14 = I201901211703107330000107".
Action.c(46): Notify: Saving Parameter "shop_id_list_14 = A201812080953300270014587".
Action.c(46): Notify: Saving Parameter "goods_id_list_15 = I201901211703086520000114".
Action.c(46): Notify: Saving Parameter "shop_id_list_15 = A201812080953300270014587".
Action.c(46): Notify: Saving Parameter "goods_id_list_16 = I201901211703080860000113".
Action.c(46): Notify: Saving Parameter "shop_id_list_16 = A201812080953300270014587".
Action.c(46): Notify: Saving Parameter "goods_id_list_17 = I201901211703067780000564".
Action.c(46): Notify: Saving Parameter "shop_id_list_17 = A201812080953300270014587".
Action.c(46): Notify: Saving Parameter "goods_id_list_18 = I201901211703020440000646".
Action.c(46): Notify: Saving Parameter "shop_id_list_18 = A201812080953300270014587".
Action.c(46): Notify: Saving Parameter "goods_id_list_19 = I201901211703005100000912".
Action.c(46): Notify: Saving Parameter "shop_id_list_19 = A201812080953300270014587".
Action.c(46): Notify: Saving Parameter "goods_id_list_20 = I201901211702583980000908".
Action.c(46): Notify: Saving Parameter "shop_id_list_20 = A201812080953300270014587".
Action.c(46): Notify: Saving Parameter "goods_id_list_21 = I201901211702576210000398".
Action.c(46): Notify: Saving Parameter "shop_id_list_21 = A201812080953300270014587".
Action.c(46): Notify: Saving Parameter "goods_id_list_22 = I201901211702497240000190".
Action.c(46): Notify: Saving Parameter "shop_id_list_22 = A201812080953300270014587".
Action.c(46): Notify: Saving Parameter "goods_id_list_23 = I201901211702482240000770".
Action.c(46): Notify: Saving Parameter "shop_id_list_23 = A201812080953300270014587".
Action.c(46): Notify: Saving Parameter "goods_id_list_24 = I201901211702453570000592".
Action.c(46): Notify: Saving Parameter "shop_id_list_24 = A201812080953300270014587".
Action.c(46): Notify: Saving Parameter "goods_id_list_25 = I201901211702443240000739".
Action.c(46): Notify: Saving Parameter "shop_id_list_25 = A201812080953300270014587".
Action.c(46): Notify: Saving Parameter "goods_id_list_26 = I201901211702382080000744".
Action.c(46): Notify: Saving Parameter "shop_id_list_26 = A201812080953300270014587".
Action.c(46): Notify: Saving Parameter "goods_id_list_27 = I201901211702297090000127".
Action.c(46): Notify: Saving Parameter "shop_id_list_27 = A201812080953300270014587".
Action.c(46): Notify: Saving Parameter "goods_id_list_28 = I201901211702263470000366".
Action.c(46): Notify: Saving Parameter "shop_id_list_28 = A201812080953300270014587".
Action.c(46): Notify: Saving Parameter "goods_id_list_29 = I201901211702240940000196".
Action.c(46): Notify: Saving Parameter "shop_id_list_29 = A201812080953300270014587".
Action.c(46): Notify: Saving Parameter "goods_id_list_30 = I201901211702188930000138".
Action.c(46): Notify: Saving Parameter "shop_id_list_30 = A201812080953300270014587".
Action.c(46): Notify: Saving Parameter "goods_id_list_31 = I201901211702146950000116".
Action.c(46): Notify: Saving Parameter "shop_id_list_31 = A201812080953300270014587".
Action.c(46): Notify: Saving Parameter "goods_id_list_32 = I201901211702137260000893".
Action.c(46): Notify: Saving Parameter "shop_id_list_32 = A201812080953300270014587".
Action.c(46): Notify: Saving Parameter "goods_id_list_count = 32".
Action.c(46): Notify: Saving Parameter "shop_id_list_count = 32".
Action.c(46): Warning -26377: No match found for the requested parameter "title". Check whether the requested boundaries exist in the response data. Also, if the data you want to save exceeds 256 bytes, use web_set_max_html_param_len to increase the parameter size  	[MsgId: MWAR-26377]
Action.c(46): Notify: Saving Parameter "title_count = 0".
Action.c(46): Warning -26377: No match found for the requested parameter "imges". Check whether the requested boundaries exist in the response data. Also, if the data you want to save exceeds 256 bytes, use web_set_max_html_param_len to increase the parameter size  	[MsgId: MWAR-26377]
Action.c(46): Notify: Saving Parameter "imges_count = 0".
Action.c(46): web_custom_request("owner") highest severity level was "warning", 77709 body bytes, 1024 header bytes, 84 chunking overhead bytes  	[MsgId: MMSG-26387]
Action.c(57): Warning -26202: Value of the "title_5" parameter could not be obtained (Parameter_GetParameterExt rc=-1)  	[MsgId: MWAR-26202]
Action.c(57): web_convert_param highest severity level was "warning"  	[MsgId: MMSG-26391]
Action.c(61): Warning -26202: Value of the "imges_3" parameter could not be obtained (Parameter_GetParameterExt rc=-1)  	[MsgId: MWAR-26202]
Action.c(61): web_convert_param highest severity level was "warning"  	[MsgId: MMSG-26391]
Action.c(63): Notify: Transaction "分享商品" started.
Action.c(65): Notify: Transaction "一键分享" started.
Action.c(67): Notify: Parameter Substitution: parameter "requestUrl" =  "http://118.126.89.154:58080"
Action.c(67): Notify: Parameter Substitution: parameter "userToken" =  "MzJFN0I0MTMxNkVFNjRDRTRFMkREREM5ODVBNjhEMjAzODZFMDRGM0IxMDM2QTkyQTlDMjRBRUFERTcyOUZCMkRERDU4QkM2MjI4RDZDQzlGNjNGNTc0OUEzQ0UxNzY0"
Action.c(67): Notify: Parameter Substitution: parameter "shop_id_list_2" =  "A201812080953300270014587"
Action.c(67): Notify: Parameter Substitution: parameter "goods_id_list_2" =  "I201901211703571840000973"
Action.c(67): web_custom_request("hold_theme") was successful, 199 body bytes, 494 header bytes  	[MsgId: MMSG-26386]
Action.c(73): Notify: Transaction "一键分享" ended with "Pass" status (Duration: 0.1071 Wasted Time: 0.0110).
Action.c(76): Notify: Transaction "获取商品属性" started.
Action.c(78): Notify: Parameter Substitution: parameter "requestUrl" =  "http://118.126.89.154:58080"
Action.c(78): Notify: Parameter Substitution: parameter "goods_id_list_2" =  "I201901211703571840000973"
Action.c(78): Notify: Parameter Substitution: parameter "shop_id_list_2" =  "A201812080953300270014587"
Action.c(78): Notify: Parameter Substitution: parameter "userToken" =  "MzJFN0I0MTMxNkVFNjRDRTRFMkREREM5ODVBNjhEMjAzODZFMDRGM0IxMDM2QTkyQTlDMjRBRUFERTcyOUZCMkRERDU4QkM2MjI4RDZDQzlGNjNGNTc0OUEzQ0UxNzY0"
Action.c(78): web_custom_request("get_markcode") was successful, 219 body bytes, 494 header bytes  	[MsgId: MMSG-26386]
Action.c(84): Notify: Parameter Substitution: parameter "requestUrl" =  "http://118.126.89.154:58080"
Action.c(84): Notify: Parameter Substitution: parameter "userToken" =  "MzJFN0I0MTMxNkVFNjRDRTRFMkREREM5ODVBNjhEMjAzODZFMDRGM0IxMDM2QTkyQTlDMjRBRUFERTcyOUZCMkRERDU4QkM2MjI4RDZDQzlGNjNGNTc0OUEzQ0UxNzY0"
Action.c(84): web_custom_request("get_all_tag") was successful, 39 body bytes, 493 header bytes  	[MsgId: MMSG-26386]
Action.c(90): Notify: Transaction "获取商品属性" ended with "Pass" status (Duration: 0.0710 Wasted Time: 0.0017).
Action.c(92): Notify: Transaction "获取用户是否vip" started.
Action.c(94): Notify: Parameter Substitution: parameter "requestUrl" =  "http://118.126.89.154:58080"
Action.c(94): Notify: Parameter Substitution: parameter "userToken" =  "MzJFN0I0MTMxNkVFNjRDRTRFMkREREM5ODVBNjhEMjAzODZFMDRGM0IxMDM2QTkyQTlDMjRBRUFERTcyOUZCMkRERDU4QkM2MjI4RDZDQzlGNjNGNTc0OUEzQ0UxNzY0"
Action.c(94): web_custom_request("get_vip_object") was successful, 181 body bytes, 494 header bytes  	[MsgId: MMSG-26386]
Action.c(100): Notify: Transaction "获取用户是否vip" ended with "Pass" status (Duration: 0.0387 Wasted Time: 0.0008).
Action.c(103): Notify: Transaction "保存商品" started.
Action.c(105): Notify: Parameter Substitution: parameter "requestUrl" =  "http://118.126.89.154:58080"
Action.c(105): Notify: Parameter Substitution: parameter "shop_id_list_2" =  "A201812080953300270014587"
Action.c(105): Notify: Parameter Substitution: parameter "goods_id_list_2" =  "I201901211703571840000973"
Action.c(105): Warning: The string 'imges_3' with parameter delimiters is not a parameter.
Action.c(105): Notify: Parameter Substitution: parameter "userToken" =  "MzJFN0I0MTMxNkVFNjRDRTRFMkREREM5ODVBNjhEMjAzODZFMDRGM0IxMDM2QTkyQTlDMjRBRUFERTcyOUZCMkRERDU4QkM2MjI4RDZDQzlGNjNGNTc0OUEzQ0UxNzY0"
Action.c(105): Warning: The string 'title_5' with parameter delimiters is not a parameter.
Action.c(105): web_custom_request("save_theme") was successful, 111 body bytes, 494 header bytes  	[MsgId: MMSG-26386]
Action.c(112): Notify: Transaction "保存商品" ended with "Pass" status (Duration: 0.0457 Wasted Time: 0.0011).
Action.c(114): Notify: Transaction "分享商品" ended with "Pass" status (Duration: 0.3222 Wasted Time: 0.0146).
Ending action Action.
Ending iteration 1.
Ending Vuser...
Starting action vuser_end.
Ending action vuser_end.
Vuser Terminated.
Vuser 0 (thread 5320), ended OK."
