Virtual User Script started at : 2019-01-11 20:18:05
Starting action vuser_init.
Web Turbo Replay of LoadRunner 11.0.0 for Windows 7; build 8859 (Aug 18 2010 20:14:31)  	[MsgId: MMSG-27143]
Run Mode: HTML  	[MsgId: MMSG-26000]
Run-Time Settings file: "D:\PerformanceData\SavePhotoVedio\\default.cfg"  	[MsgId: MMSG-27141]
Ending action vuser_init.
Running Vuser...
Starting iteration 1.
Starting action Action.
Action.c(20): web_set_max_html_param_len was successful  	[MsgId: MMSG-26392]
Action.c(24): Notify: Transaction "上家相册分享商品" started.
Action.c(26): Registering web_reg_save_param_ex was successful  	[MsgId: MMSG-26390]
Action.c(34): Notify: Transaction "进入好友列表" started.
Action.c(36): Notify: Parameter Substitution: parameter "requestUrl" =  "www.szwego.com"
Action.c(36): Notify: Parameter Substitution: parameter "userToken" =  "N0I5MjQwRTM4N0FDRkIzOEY3NUM2MkZCNDdENjRCRUEwMUIwRDQzOEZCNDA5NTVFOUY3RTUwNEZBNDUxM0QyQkQzNjg4OTc5NjZFMUVFMzYyODREQ0JFNTY1Rjg0OTQ4"
Action.c(36): Notify: Saving Parameter "shop_id_1 = A201812080953300270014587".
Action.c(36): Notify: Saving Parameter "shop_id_2 = A2018011820342926504".
Action.c(36): Notify: Saving Parameter "shop_id_3 = A201811091037320900163519".
Action.c(36): Notify: Saving Parameter "shop_id_4 = A2017090610575478742".
Action.c(36): Notify: Saving Parameter "shop_id_5 = A201901080959391100142858".
Action.c(36): Notify: Saving Parameter "shop_id_6 = A2017123008200225153".
Action.c(36): Notify: Saving Parameter "shop_id_7 = A201812101743117710145639".
Action.c(36): Notify: Saving Parameter "shop_id_8 = A201810132247527040105473".
Action.c(36): Notify: Saving Parameter "shop_id_9 = A2018030920253703446".
Action.c(36): Notify: Saving Parameter "shop_id_10 = A201808131108185830075341".
Action.c(36): Notify: Saving Parameter "shop_id_11 = A201804071627473200038266".
Action.c(36): Notify: Saving Parameter "shop_id_12 = A2018010820261836789".
Action.c(36): Notify: Saving Parameter "shop_id_13 = A2018030212170424363".
Action.c(36): Notify: Saving Parameter "shop_id_count = 13".
Action.c(36): web_custom_request("attention") was successful, 2226 body bytes, 1098 header bytes  	[MsgId: MMSG-26386]
Action.c(41): Notify: Transaction "进入好友列表" ended with "Pass" status (Duration: 0.8403 Wasted Time: 0.3989).
Action.c(43): Notify: Transaction "进入上家相册" started.
Action.c(45): Registering web_reg_save_param_ex was successful  	[MsgId: MMSG-26390]
Action.c(53): Registering web_reg_save_param_ex was successful  	[MsgId: MMSG-26390]
Action.c(61): Notify: Parameter Substitution: parameter "requestUrl" =  "www.szwego.com"
Action.c(61): Notify: Parameter Substitution: parameter "shop_id_2" =  "A2018011820342926504"
Action.c(61): Notify: Parameter Substitution: parameter "userToken" =  "N0I5MjQwRTM4N0FDRkIzOEY3NUM2MkZCNDdENjRCRUEwMUIwRDQzOEZCNDA5NTVFOUY3RTUwNEZBNDUxM0QyQkQzNjg4OTc5NjZFMUVFMzYyODREQ0JFNTY1Rjg0OTQ4"
Action.c(61): Notify: Saving Parameter "goods_id_1 = I201901102226177250093483".
Action.c(61): Notify: Saving Parameter "imges_1 = ["https://xcimg.szwego.com/1547047866_2647085642_0","https://xcimg.szwego.com/1547047866_1622461500_1","https://xcimg.szwego.com/1547047866_4159451278_2","https://xcimg.szwego.com/1547047866_2185077503_3","https://xcimg.szwego.com/1547047866_750570925_4","https://xcimg.szwego.com/1547047866_2228516646_5","https://xcimg.szwego.com/1547047866_4164305404_6","https://xcimg.szwego.com/1547047866_1734350585_7","https://xcimg.szwego.com/1547047866_953599887_8"]".
Action.c(61): Notify: Saving Parameter "goods_id_2 = I201901102225010610101777".
Action.c(61): Notify: Saving Parameter "imges_2 = ["https://xcimg.szwego.com/1547047908_3263999459_0","https://xcimg.szwego.com/1547047908_3118445267_1","https://xcimg.szwego.com/1547047908_1514906182_2","https://xcimg.szwego.com/1547047908_3368946007_3","https://xcimg.szwego.com/1547047908_1392204950_4","https://xcimg.szwego.com/1547047908_1964898964_5","https://xcimg.szwego.com/1547047908_423523399_6","https://xcimg.szwego.com/1547047908_953808847_7","https://xcimg.szwego.com/1547047908_4066055231_8"]".
Action.c(61): Notify: Saving Parameter "goods_id_3 = I201901102224240450005168".
Action.c(61): Notify: Saving Parameter "imges_3 = ["https://xcimg.szwego.com/1547047828_1912273329_0","https://xcimg.szwego.com/1547047828_2543377705_1","https://xcimg.szwego.com/1547047828_3195835566_2","https://xcimg.szwego.com/1547047828_2401674651_3","https://xcimg.szwego.com/1547047828_2026679245_4","https://xcimg.szwego.com/1547047828_4069639295_5","https://xcimg.szwego.com/1547047828_1308500873_6","https://xcimg.szwego.com/1547047828_4111635486_7","https://xcimg.szwego.com/1547047828_4093952543_8"]".
Action.c(61): Notify: Saving Parameter "goods_id_4 = I201901102223304720130894".
Action.c(61): Notify: Saving Parameter "imges_4 = ["https://xcimg.szwego.com/1545490586_1825072061_0","https://xcimg.szwego.com/1545490586_396076614_1","https://xcimg.szwego.com/1545490614_3841490468_0","https://xcimg.szwego.com/1545490614_768144568_1","https://xcimg.szwego.com/1545490615_3238558803_2","https://xcimg.szwego.com/1545490615_2884907499_3","https://xcimg.szwego.com/1545490615_4257915576_4","https://xcimg.szwego.com/1545490615_2937806588_5","https://xcimg.szwego.com/1545490616_1688236417_6"]".
Action.c(61): Notify: Saving Parameter "goods_id_5 = I201901102222175240097200".
Action.c(61): Notify: Saving Parameter "imges_5 = ["https://xcimg.szwego.com/1545490683_3453694881_0","https://xcimg.szwego.com/1545490683_4269407854_1","https://xcimg.szwego.com/1545490683_677336495_2","https://xcimg.szwego.com/1545490684_686266968_3","https://xcimg.szwego.com/1545490684_11428972_4","https://xcimg.szwego.com/1545490684_540186443_5","https://xcimg.szwego.com/1545490684_4100968775_6","https://xcimg.szwego.com/1545490685_3277655790_7","https://xcimg.szwego.com/1545490685_444880669_8"]".
Action.c(61): Notify: Saving Parameter "goods_id_6 = I201901102221499670151925".
Action.c(61): Notify: Saving Parameter "imges_6 = ["https://xcimg.szwego.com/1545490740_2173877164_0","https://xcimg.szwego.com/1545490740_1511854942_1","https://xcimg.szwego.com/1545490741_1040870169_2","https://xcimg.szwego.com/1545490741_2903908849_3","https://xcimg.szwego.com/1545490741_3858795634_4","https://xcimg.szwego.com/1545490741_121574831_5","https://xcimg.szwego.com/1545490742_4167322583_6","https://xcimg.szwego.com/1545490742_1036959996_7","https://xcimg.szwego.com/1545490742_809790505_8"]".
Action.c(61): Notify: Saving Parameter "goods_id_7 = I201901102221185010007228".
Action.c(61): Notify: Saving Parameter "imges_7 = ["https://xcimg.szwego.com/1545490834_153241479_0","https://xcimg.szwego.com/1545490834_1743005491_1","https://xcimg.szwego.com/1545490834_2963378566_2","https://xcimg.szwego.com/1545490834_1336046143_3","https://xcimg.szwego.com/1545490835_4055739846_4","https://xcimg.szwego.com/1545490835_3138204712_5","https://xcimg.szwego.com/1545490835_468402906_6","https://xcimg.szwego.com/1545490835_4256224409_7","https://xcimg.szwego.com/1545490836_1976750102_8"]".
Action.c(61): Notify: Saving Parameter "goods_id_8 = I201901102219588250007347".
Action.c(61): Notify: Saving Parameter "imges_8 = ["https://xcimg.szwego.com/1539010609_1470482796_0","https://xcimg.szwego.com/1539010609_2222424198_1","https://xcimg.szwego.com/1539010609_711127944_2","https://xcimg.szwego.com/1539010609_2589256769_3","https://xcimg.szwego.com/1539010610_150478542_4","https://xcimg.szwego.com/1539010610_1074624290_5","https://xcimg.szwego.com/1539010610_3805743655_6","https://xcimg.szwego.com/1539010610_2284595347_7","https://xcimg.szwego.com/1539010610_1068317486_8"]".
Action.c(61): Notify: Saving Parameter "goods_id_9 = I201901102219311600005285".
Action.c(61): Notify: Saving Parameter "imges_9 = ["https://xcimg.szwego.com/1539010591_1893802668_0","https://xcimg.szwego.com/1539010591_449779039_1","https://xcimg.szwego.com/1539010591_195239547_2","https://xcimg.szwego.com/1539010591_2934154405_3","https://xcimg.szwego.com/1539010592_1850210561_4","https://xcimg.szwego.com/1539010592_1016688266_5","https://xcimg.szwego.com/1539010592_180559441_6","https://xcimg.szwego.com/1539010592_2160226138_7","https://xcimg.szwego.com/1539010592_3000279905_8"]".
Action.c(61): Notify: Saving Parameter "goods_id_10 = I201901102218583920092686".
Action.c(61): Notify: Saving Parameter "imges_10 = ["https://xcimg.szwego.com/1539010467_1495316299_0","https://xcimg.szwego.com/1539010467_2438414942_1","https://xcimg.szwego.com/1539010468_1305713835_2","https://xcimg.szwego.com/1539010468_876975941_3","https://xcimg.szwego.com/1539010468_1715049342_4","https://xcimg.szwego.com/1539010468_3666093498_5","https://xcimg.szwego.com/1539010468_3372418910_6","https://xcimg.szwego.com/1539010469_4292875746_7","https://xcimg.szwego.com/1539010469_865562277_8"]".
Action.c(61): Notify: Saving Parameter "goods_id_11 = I201901102218255460098789".
Action.c(61): Notify: Saving Parameter "imges_11 = ["https://xcimg.szwego.com/1539010392_3550711586_0","https://xcimg.szwego.com/1539010392_4008555620_1","https://xcimg.szwego.com/1539010392_3564748599_2","https://xcimg.szwego.com/1539010392_1257263682_3","https://xcimg.szwego.com/1539010392_2848344589_4","https://xcimg.szwego.com/1539010392_2030118452_5","https://xcimg.szwego.com/1539010393_1107022172_6","https://xcimg.szwego.com/1539010393_2783797084_7","https://xcimg.szwego.com/1539010393_2149050994_8"]".
Action.c(61): Notify: Saving Parameter "goods_id_12 = I201901102217299680170096".
Action.c(61): Notify: Saving Parameter "imges_12 = ["https://xcimg.szwego.com/1546613155_1270495641_0","https://xcimg.szwego.com/1546613155_1665459575_1","https://xcimg.szwego.com/1546613155_695362146_2","https://xcimg.szwego.com/1546613156_3152744189_3","https://xcimg.szwego.com/1546613156_2923572706_4","https://xcimg.szwego.com/1546613156_4174862964_5","https://xcimg.szwego.com/1546613156_2567822413_6","https://xcimg.szwego.com/1546613156_3786725461_7","https://xcimg.szwego.com/1546613156_3320521131_8"]".
Action.c(61): Notify: Saving Parameter "goods_id_13 = I201901102216371930124579".
Action.c(61): Notify: Saving Parameter "imges_13 = ["https://xcimg.szwego.com/1545227005_893577872_0","https://xcimg.szwego.com/1545227005_2700830835_1","https://xcimg.szwego.com/1545227005_1685673623_2","https://xcimg.szwego.com/1545227005_4207561521_3","https://xcimg.szwego.com/1545227006_2440966762_4","https://xcimg.szwego.com/1545227006_1755634529_5","https://xcimg.szwego.com/1545227006_286087282_6","https://xcimg.szwego.com/1545227006_596024092_7","https://xcimg.szwego.com/1545227006_1886995376_8"]".
Action.c(61): Notify: Saving Parameter "goods_id_14 = I201901102215144890194439".
Action.c(61): Notify: Saving Parameter "imges_14 = ["https://xcimg.szwego.com/1547045068_3870203737_0","https://xcimg.szwego.com/1547045068_1566035820_1","https://xcimg.szwego.com/1547045068_2345163669_2","https://xcimg.szwego.com/1547045068_2926465494_3","https://xcimg.szwego.com/1547045068_3330288503_4","https://xcimg.szwego.com/1547045068_2834366975_5","https://xcimg.szwego.com/1547045068_3903790336_6","https://xcimg.szwego.com/1547045068_1929839545_7","https://xcimg.szwego.com/1547045068_3566609017_8"]".
Action.c(61): Notify: Saving Parameter "goods_id_15 = I201901102213527480104653".
Action.c(61): Notify: Saving Parameter "imges_15 = ["https://xcimg.szwego.com/1547045026_2037734249_0","https://xcimg.szwego.com/1547045026_3255670645_1","https://xcimg.szwego.com/1547045026_1392955187_2","https://xcimg.szwego.com/1547045026_3010028388_3","https://xcimg.szwego.com/1547045026_1030697511_4","https://xcimg.szwego.com/1547045027_746491289_5","https://xcimg.szwego.com/1547045027_2151601045_6","https://xcimg.szwego.com/1547045027_468856911_7","https://xcimg.szwego.com/1547045034_373241034_0"]".
Action.c(61): Notify: Saving Parameter "goods_id_16 = I201901102213195990192886".
Action.c(61): Notify: Saving Parameter "imges_16 = ["https://xcimg.szwego.com/1547044867_2972375806_0","https://xcimg.szwego.com/1547044867_377684864_1","https://xcimg.szwego.com/1547044867_1379177006_2","https://xcimg.szwego.com/1547044867_3244232865_3","https://xcimg.szwego.com/1547044867_2369273387_4","https://xcimg.szwego.com/1547044867_2891448349_5","https://xcimg.szwego.com/1547044867_2568475037_6","https://xcimg.szwego.com/1547044867_104588192_7","https://xcimg.szwego.com/1547044867_3987324637_8"]".
Action.c(61): Notify: Saving Parameter "goods_id_17 = I201901102211534460102897".
Action.c(61): Notify: Saving Parameter "imges_17 = ["https://xcimg.szwego.com/1547048856_2701612769_0","https://xcimg.szwego.com/1547048856_2311376675_1","https://xcimg.szwego.com/1547048856_187997105_2","https://xcimg.szwego.com/1547048856_3697516796_3","https://xcimg.szwego.com/1547048857_777269831_4","https://xcimg.szwego.com/1547048857_51390169_5","https://xcimg.szwego.com/1547048857_3122081153_6","https://xcimg.szwego.com/1547048857_4190272501_7","https://xcimg.szwego.com/1547048857_2666517962_8"]".
Action.c(61): Notify: Saving Parameter "goods_id_18 = I201901102211101780103602".
Action.c(61): Notify: Saving Parameter "imges_18 = ["https://xcimg.szwego.com/1547048896_875014978_0","https://xcimg.szwego.com/1547048896_3843238424_1","https://xcimg.szwego.com/1547048896_2040054650_2","https://xcimg.szwego.com/1547048896_3334429489_3","https://xcimg.szwego.com/1547048897_3276588706_4","https://xcimg.szwego.com/1547048897_3835882006_5","https://xcimg.szwego.com/1547048897_3009072809_6","https://xcimg.szwego.com/1547048897_384920530_7","https://xcimg.szwego.com/1547048897_751080952_8"]".
Action.c(61): Notify: Saving Parameter "goods_id_19 = I201901102210129480192046".
Action.c(61): Notify: Saving Parameter "imges_19 = ["https://xcimg.szwego.com/1547049069_932864445_0","https://xcimg.szwego.com/1547049069_3013765811_1","https://xcimg.szwego.com/1547049069_528927240_2","https://xcimg.szwego.com/1547049069_1285988463_3","https://xcimg.szwego.com/1547049069_2293638064_4","https://xcimg.szwego.com/1547049069_2803034354_5","https://xcimg.szwego.com/1547049070_2752537595_6","https://xcimg.szwego.com/1547049070_1642317143_7","https://xcimg.szwego.com/1547049070_450816738_8"]".
Action.c(61): Notify: Saving Parameter "goods_id_20 = I201901102208494840131138".
Action.c(61): Notify: Saving Parameter "imges_20 = ["https://xcimg.szwego.com/1547048427_117761940_0","https://xcimg.szwego.com/1547048427_3665569377_1","https://xcimg.szwego.com/1547048427_1924538790_2","https://xcimg.szwego.com/1547048427_2315809066_3","https://xcimg.szwego.com/1547048427_2767283287_4","https://xcimg.szwego.com/1547048427_114928499_5","https://xcimg.szwego.com/1547048427_2844725112_6","https://xcimg.szwego.com/1547048427_3834173663_7","https://xcimg.szwego.com/1547048427_1038999366_8"]".
Action.c(61): Notify: Saving Parameter "goods_id_21 = I201901102208029020103058".
Action.c(61): Notify: Saving Parameter "imges_21 = ["https://xcimg.szwego.com/1547048441_322485188_0","https://xcimg.szwego.com/1547048441_290470075_1","https://xcimg.szwego.com/1547048441_1140656370_2","https://xcimg.szwego.com/1547048441_2941863919_3","https://xcimg.szwego.com/1547048441_1665147029_4","https://xcimg.szwego.com/1547048441_302471824_5","https://xcimg.szwego.com/1547048441_3760811032_6","https://xcimg.szwego.com/1547048441_3245806316_7","https://xcimg.szwego.com/1547048441_449631810_8"]".
Action.c(61): Notify: Saving Parameter "goods_id_22 = I201901102206399180129173".
Action.c(61): Notify: Saving Parameter "imges_22 = ["https://xcimg.szwego.com/1547048201_2356024267_0","https://xcimg.szwego.com/1547048201_1125231706_1","https://xcimg.szwego.com/1547048201_2621131307_2","https://xcimg.szwego.com/1547048201_194989799_3","https://xcimg.szwego.com/1547048201_3190425650_4","https://xcimg.szwego.com/1547048201_541466698_5","https://xcimg.szwego.com/1547048201_3912058671_6","https://xcimg.szwego.com/1547048201_3435949446_7","https://xcimg.szwego.com/1547048201_3293891516_8"]".
Action.c(61): Notify: Saving Parameter "goods_id_23 = I201901102204056800131070".
Action.c(61): Notify: Saving Parameter "imges_23 = ["https://xcimg.szwego.com/1541513899_1610268692_0","https://xcimg.szwego.com/1541513899_2056277645_1","https://xcimg.szwego.com/1541513899_1647430329_2","https://xcimg.szwego.com/1541513899_2910804803_3","https://xcimg.szwego.com/1541513899_3693895779_4","https://xcimg.szwego.com/1541513899_2620364301_5","https://xcimg.szwego.com/1541513899_2006010290_6","https://xcimg.szwego.com/1541513899_3933396110_7","https://xcimg.szwego.com/1541513899_4080140161_8"]".
Action.c(61): Notify: Saving Parameter "goods_id_24 = I201901102203241220128867".
Action.c(61): Notify: Saving Parameter "imges_24 = ["https://xcimg.szwego.com/1541513930_2552632989_0","https://xcimg.szwego.com/1541513930_3036156167_1","https://xcimg.szwego.com/1541513930_2828080354_2","https://xcimg.szwego.com/1541513930_3210806883_3","https://xcimg.szwego.com/1541513930_916271248_4","https://xcimg.szwego.com/1541513930_3207024265_5","https://xcimg.szwego.com/1541513930_2173532324_6","https://xcimg.szwego.com/1541513930_2800150586_7","https://xcimg.szwego.com/1541513930_2857164807_8"]".
Action.c(61): Notify: Saving Parameter "goods_id_25 = I201901102202325260122263".
Action.c(61): Notify: Saving Parameter "imges_25 = ["https://xcimg.szwego.com/1541513944_2147889286_0","https://xcimg.szwego.com/1541513944_4076850161_1","https://xcimg.szwego.com/1541513944_2600760491_2","https://xcimg.szwego.com/1541513944_2095252188_3","https://xcimg.szwego.com/1541513944_2148969296_4","https://xcimg.szwego.com/1541513944_912331487_5","https://xcimg.szwego.com/1541513944_2254177474_6","https://xcimg.szwego.com/1541513944_4106138975_7","https://xcimg.szwego.com/1541513944_1084754504_8"]".
Action.c(61): Notify: Saving Parameter "goods_id_26 = I201901102202019810171829".
Action.c(61): Notify: Saving Parameter "imges_26 = ["https://xcimg.szwego.com/1546346511_1096105462_0","https://xcimg.szwego.com/1546346511_983265159_1","https://xcimg.szwego.com/1546346511_2425063729_2","https://xcimg.szwego.com/1546346511_728593288_3","https://xcimg.szwego.com/1546346511_1132519991_4","https://xcimg.szwego.com/1546346511_2631043114_5","https://xcimg.szwego.com/1546346511_2983726768_6","https://xcimg.szwego.com/1546346511_250863802_7","https://xcimg.szwego.com/1546346512_2194833602_8"]".
Action.c(61): Notify: Saving Parameter "goods_id_27 = I201901102201259300005472".
Action.c(61): Notify: Saving Parameter "imges_27 = ["https://xcimg.szwego.com/1546346523_1515496427_0","https://xcimg.szwego.com/1546346523_73501046_1","https://xcimg.szwego.com/1546346523_3277538233_2","https://xcimg.szwego.com/1546346523_4115870890_3","https://xcimg.szwego.com/1546346524_3819704040_4","https://xcimg.szwego.com/1546346524_3731736449_5","https://xcimg.szwego.com/1546346524_894035486_6","https://xcimg.szwego.com/1546346524_2918146204_7","https://xcimg.szwego.com/1546346524_283966365_8"]".
Action.c(61): Notify: Saving Parameter "goods_id_28 = I201901102200534540150318".
Action.c(61): Notify: Saving Parameter "imges_28 = ["https://xcimg.szwego.com/1546346544_3025024841_0","https://xcimg.szwego.com/1546346544_4171153124_1","https://xcimg.szwego.com/1546346544_909193372_2","https://xcimg.szwego.com/1546346544_1953250328_3","https://xcimg.szwego.com/1546346544_2066043844_4","https://xcimg.szwego.com/1546346544_2953072876_5","https://xcimg.szwego.com/1546346544_1466764909_6","https://xcimg.szwego.com/1546346544_3336455441_7","https://xcimg.szwego.com/1546346544_1563010933_8"]".
Action.c(61): Notify: Saving Parameter "goods_id_29 = I201901102200288460132180".
Action.c(61): Notify: Saving Parameter "imges_29 = ["https://xcimg.szwego.com/1546346581_686782292_0","https://xcimg.szwego.com/1546346581_3596053005_1","https://xcimg.szwego.com/1546346581_1083504687_2","https://xcimg.szwego.com/1546346581_176948464_3","https://xcimg.szwego.com/1546346582_2817270563_4","https://xcimg.szwego.com/1546346582_3040784177_5","https://xcimg.szwego.com/1546346582_3767402068_6","https://xcimg.szwego.com/1546346582_1025642833_7","https://xcimg.szwego.com/1546346582_2933120199_8"]".
Action.c(61): Notify: Saving Parameter "goods_id_30 = I201901102159515960102321".
Action.c(61): Notify: Saving Parameter "imges_30 = ["https://xcimg.szwego.com/1546346596_2999739321_0","https://xcimg.szwego.com/1546346596_377781187_1","https://xcimg.szwego.com/1546346596_1218613940_2","https://xcimg.szwego.com/1546346596_1351533369_3","https://xcimg.szwego.com/1546346596_375456276_4","https://xcimg.szwego.com/1546346596_117443605_5","https://xcimg.szwego.com/1546346596_1493198035_6","https://xcimg.szwego.com/1546346596_4006038048_7","https://xcimg.szwego.com/1546346596_3167426083_8"]".
Action.c(61): Notify: Saving Parameter "goods_id_31 = I201901102154220780151935".
Action.c(61): Notify: Saving Parameter "imges_31 = ["https://xcimg.szwego.com/1546349513_2764395143_0","https://xcimg.szwego.com/1546349513_3126192907_1","https://xcimg.szwego.com/1546349513_3234854850_2","https://xcimg.szwego.com/1546349513_3089490595_3","https://xcimg.szwego.com/1546349513_866286034_4","https://xcimg.szwego.com/1546349513_3660127536_5","https://xcimg.szwego.com/1546349513_1639320698_6","https://xcimg.szwego.com/1546349513_2118163091_7","https://xcimg.szwego.com/1546349513_2159120539_8"]".
Action.c(61): Notify: Saving Parameter "goods_id_32 = I201901101955467810108828".
Action.c(61): Notify: Saving Parameter "imges_32 = ["https://xcimg.szwego.com/1547007760_2970029347_0","https://xcimg.szwego.com/1547007760_2756535560_1","https://xcimg.szwego.com/1547007760_2338866644_2","https://xcimg.szwego.com/1547007761_2885663620_3","https://xcimg.szwego.com/1547007761_3037476540_4","https://xcimg.szwego.com/1547007761_2788452794_5","https://xcimg.szwego.com/1547007761_1794509366_6","https://xcimg.szwego.com/1547007761_802586276_7","https://xcimg.szwego.com/1547007761_2673414392_8"]".
Action.c(61): Notify: Saving Parameter "goods_id_count = 32".
Action.c(61): Notify: Saving Parameter "imges_count = 32".
Action.c(61): web_custom_request("single_album") was successful, 10423 body bytes, 675 header bytes  	[MsgId: MMSG-26386]
Action.c(66): Notify: Parameter Substitution: parameter "requestUrl" =  "www.szwego.com"
Action.c(66): Notify: Parameter Substitution: parameter "shop_id_2" =  "A2018011820342926504"
Action.c(66): Notify: Parameter Substitution: parameter "userToken" =  "N0I5MjQwRTM4N0FDRkIzOEY3NUM2MkZCNDdENjRCRUEwMUIwRDQzOEZCNDA5NTVFOUY3RTUwNEZBNDUxM0QyQkQzNjg4OTc5NjZFMUVFMzYyODREQ0JFNTY1Rjg0OTQ4"
Action.c(66): web_custom_request("get_tags_except") was successful, 657 body bytes, 675 header bytes  	[MsgId: MMSG-26386]
Action.c(72): Notify: Transaction "进入上家相册" ended with "Pass" status (Duration: 1.1287 Wasted Time: 0.2272).
Action.c(75): Notify: Parameter Substitution: parameter "goods_id_count" =  "32"
Action.c(75): Notify: Parameter Substitution: parameter "goods_id_26" =  "I201901102202019810171829"
Action.c(75): Notify: Saving Parameter "goods_id_random = I201901102202019810171829".
Action.c(77): Notify: Parameter Substitution: parameter "imges_count" =  "32"
Action.c(77): Notify: Parameter Substitution: parameter "imges_12" =  "["https://xcimg.szwego.com/1546613155_1270495641_0","https://xcimg.szwego.com/1546613155_1665459575_1","https://xcimg.szwego.com/1546613155_695362146_2","https://xcimg.szwego.com/1546613156_3152744189_3","https://xcimg.szwego.com/1546613156_2923572706_4","https://xcimg.szwego.com/1546613156_4174862964_5","https://xcimg.szwego.com/1546613156_2567822413_6","https://xcimg.szwego.com/1546613156_3786725461_7","https://xcimg.szwego.com/1546613156_3320521131_8"]"
Action.c(77): Notify: Saving Parameter "imges_random = ["https://xcimg.szwego.com/1546613155_1270495641_0","https://xcimg.szwego.com/1546613155_1665459575_1","https://xcimg.szwego.com/1546613155_695362146_2","https://xcimg.szwego.com/1546613156_3152744189_3","https://xcimg.szwego.com/1546613156_2923572706_4","https://xcimg.szwego.com/1546613156_4174862964_5","https://xcimg.szwego.com/1546613156_2567822413_6","https://xcimg.szwego.com/1546613156_3786725461_7","https://xcimg.szwego.com/1546613156_3320521131_8"]".
Action.c(81): Notify: Transaction "长按分享" started.
Action.c(83): Notify: Parameter Substitution: parameter "requestUrl" =  "www.szwego.com"
Action.c(83): Notify: Parameter Substitution: parameter "userToken" =  "N0I5MjQwRTM4N0FDRkIzOEY3NUM2MkZCNDdENjRCRUEwMUIwRDQzOEZCNDA5NTVFOUY3RTUwNEZBNDUxM0QyQkQzNjg4OTc5NjZFMUVFMzYyODREQ0JFNTY1Rjg0OTQ4"
Action.c(83): Notify: Parameter Substitution: parameter "shop_id_2" =  "A2018011820342926504"
Action.c(83): Notify: Parameter Substitution: parameter "goods_id_random" =  "I201901102202019810171829"
Action.c(83): web_custom_request("hold_theme") was successful, 199 body bytes, 621 header bytes  	[MsgId: MMSG-26386]
Action.c(89): Notify: Parameter Substitution: parameter "requestUrl" =  "www.szwego.com"
Action.c(89): Notify: Parameter Substitution: parameter "userToken" =  "N0I5MjQwRTM4N0FDRkIzOEY3NUM2MkZCNDdENjRCRUEwMUIwRDQzOEZCNDA5NTVFOUY3RTUwNEZBNDUxM0QyQkQzNjg4OTc5NjZFMUVFMzYyODREQ0JFNTY1Rjg0OTQ4"
Action.c(89): web_custom_request("get_watermark") was successful, 174 body bytes, 621 header bytes  	[MsgId: MMSG-26386]
Action.c(95): Notify: Parameter Substitution: parameter "requestUrl" =  "www.szwego.com"
Action.c(95): Notify: Parameter Substitution: parameter "userToken" =  "N0I5MjQwRTM4N0FDRkIzOEY3NUM2MkZCNDdENjRCRUEwMUIwRDQzOEZCNDA5NTVFOUY3RTUwNEZBNDUxM0QyQkQzNjg4OTc5NjZFMUVFMzYyODREQ0JFNTY1Rjg0OTQ4"
Action.c(95): web_custom_request("get_all_tag") was successful, 342 body bytes, 621 header bytes  	[MsgId: MMSG-26386]
Action.c(101): Registering web_reg_save_param_ex was successful  	[MsgId: MMSG-26390]
Action.c(109): Notify: Transaction "长按分享" ended with "Pass" status (Duration: 1.2794 Wasted Time: 0.0071).
Action.c(111): Notify: Saving Parameter "imges_random = %5B%22https%3A%2F%2Fxcimg.szwego.com%2F1546613155_1270495641_0%22%2C%22https%3A%2F%2Fxcimg.szwego.com%2F1546613155_1665459575_1%22%2C%22https%3A%2F%2Fxcimg.szwego.com%2F1546613155_695362146_2%22%2C%22https%3A%2F%2Fxcimg.szwego.com%2F1546613156_3152744189_3%22%2C%22https%3A%2F%2Fxcimg.szwego.com%2F1546613156_2923572706_4%22%2C%22https%3A%2F%2Fxcimg.szwego.com%2F1546613156_4174862964_5%22%2C%22https%3A%2F%2Fxcimg.szwego.com%2F1546613156_2567822413_6%22%2C%22https%3A%2F%2Fxcimg.szwego.com%2F1546613156_3786725461_7%22%2C%22https%3A%2F%2Fxcimg.szwego.com%2F1546613156_3320521131_8%22%5D".
Action.c(111): web_convert_param was successful  	[MsgId: MMSG-26392]
Action.c(113): Notify: Transaction "保存上家商品" started.
Action.c(115): Notify: Parameter Substitution: parameter "requestUrl" =  "www.szwego.com"
Action.c(115): Notify: Parameter Substitution: parameter "goods_id_random" =  "I201901102202019810171829"
Action.c(115): Notify: Parameter Substitution: parameter "shop_id_2" =  "A2018011820342926504"
Action.c(115): Notify: Parameter Substitution: parameter "userToken" =  "N0I5MjQwRTM4N0FDRkIzOEY3NUM2MkZCNDdENjRCRUEwMUIwRDQzOEZCNDA5NTVFOUY3RTUwNEZBNDUxM0QyQkQzNjg4OTc5NjZFMUVFMzYyODREQ0JFNTY1Rjg0OTQ4"
Action.c(115): Notify: Saving Parameter "mark_code_1 = 100200".
Action.c(115): Notify: Saving Parameter "mark_code_count = 1".
Action.c(115): web_custom_request("get_markcode") was successful, 219 body bytes, 621 header bytes  	[MsgId: MMSG-26386]
Action.c(121): Notify: Parameter Substitution: parameter "requestUrl" =  "www.szwego.com"
Action.c(121): Notify: Parameter Substitution: parameter "shop_id_2" =  "A2018011820342926504"
Action.c(121): Notify: Parameter Substitution: parameter "goods_id_random" =  "I201901102202019810171829"
Action.c(121): Notify: Parameter Substitution: parameter "imges_random" =  "%5B%22https%3A%2F%2Fxcimg.szwego.com%2F1546613155_1270495641_0%22%2C%22https%3A%2F%2Fxcimg.szwego.com%2F1546613155_1665459575_1%22%2C%22https%3A%2F%2Fxcimg.szwego.com%2F1546613155_695362146_2%22%2C%22https%3A%2F%2Fxcimg.szwego.com%2F1546613156_3152744189_3%22%2C%22https%3A%2F%2Fxcimg.szwego.com%2F1546613156_2923572706_4%22%2C%22https%3A%2F%2Fxcimg.szwego.com%2F1546613156_4174862964_5%22%2C%22https%3A%2F%2Fxcimg.szwego.com%2F1546613156_2567822413_6%22%2C%22https%3A%2F%2Fxcimg.szwego.com%2F1546613156_3786725461_7%22%2C%22https%3A%2F%2Fxcimg.szwego.com%2F1546613156_3320521131_8%22%5D"
Action.c(121): Notify: Parameter Substitution: parameter "mark_code_1" =  "100200"
Action.c(121): Notify: Parameter Substitution: parameter "randomNum" =  "45428"
Action.c(121): Notify: Parameter Substitution: parameter "userToken" =  "N0I5MjQwRTM4N0FDRkIzOEY3NUM2MkZCNDdENjRCRUEwMUIwRDQzOEZCNDA5NTVFOUY3RTUwNEZBNDUxM0QyQkQzNjg4OTc5NjZFMUVFMzYyODREQ0JFNTY1Rjg0OTQ4"
Action.c(121): web_custom_request("save_theme") was successful, 667 body bytes, 616 header bytes  	[MsgId: MMSG-26386]
Action.c(127): Notify: Parameter Substitution: parameter "requestUrl" =  "www.szwego.com"
Action.c(127): Notify: Parameter Substitution: parameter "shop_id_2" =  "A2018011820342926504"
Action.c(127): Notify: Parameter Substitution: parameter "userToken" =  "N0I5MjQwRTM4N0FDRkIzOEY3NUM2MkZCNDdENjRCRUEwMUIwRDQzOEZCNDA5NTVFOUY3RTUwNEZBNDUxM0QyQkQzNjg4OTc5NjZFMUVFMzYyODREQ0JFNTY1Rjg0OTQ4"
Action.c(127): web_custom_request("single_album") was successful, 10419 body bytes, 675 header bytes  	[MsgId: MMSG-26386]
Action.c(133): Notify: Parameter Substitution: parameter "requestUrl" =  "www.szwego.com"
Action.c(133): web_custom_request("qiuniu") was successful, 370 body bytes, 431 header bytes  	[MsgId: MMSG-26386]
Action.c(139): Notify: Transaction "保存上家商品" ended with "Pass" status (Duration: 1.0748 Wasted Time: 0.0328).
Action.c(141): Notify: Transaction "上家相册分享商品" ended with "Pass" status (Duration: 4.4419 Wasted Time: 0.6661).
Ending action Action.
Ending iteration 1.
Ending Vuser...
Starting action vuser_end.
Ending action vuser_end.
Vuser Terminated.
Vuser 0 (thread 6240), ended OK."
