Action.c(30): C2017111809324704890	[MsgId: MMSG-17999]
Action.c(30): C2017071816361600561	[MsgId: MMSG-17999]
Action.c(30): A2017072022274330151	[MsgId: MMSG-17999]
Action.c(30): A2017091612042467951	[MsgId: MMSG-17999]
Action.c(30): A2017071811441115948	[MsgId: MMSG-17999]
Action.c(30): A2017090708574055895	[MsgId: MMSG-17999]
Action.c(30): I201812181039377240105371	[MsgId: MMSG-17999]
Action.c(30): A2017092409115901868	[MsgId: MMSG-17999]
Action.c(30): A2017072711201263635	[MsgId: MMSG-17999]
Action.c(30): C2017093008233876484	[MsgId: MMSG-17999]
Action.c(30): A2017091715453799995	[MsgId: MMSG-17999]
Action.c(30): A2017100715031972015	[MsgId: MMSG-17999]
Action.c(30): A2017102417112207318	[MsgId: MMSG-17999]
Action.c(22): Error -27492: "HttpSendRequest" failed, Windows error code=12002 and retry limit (0) exceeded for URL="http://118.126.89.154:58080/service/album/get_album_themes_list.jsp?act=owner&token=3740485C3D928B982FA8D80BFAFDB37D4659BA75A1154DFD0A5D288FDF9A2C6CBEB97C950A2D33D1"  	[MsgId: MERR-27492]
Action.c(30): A2017091615124524692	[MsgId: MMSG-17999]
Action.c(30): A2017080712554224098	[MsgId: MMSG-17999]
Action.c(30): A2017080313135628245	[MsgId: MMSG-17999]
Action.c(30): A2017102921201604787	[MsgId: MMSG-17999]
Action.c(30): C2017081301480435905	[MsgId: MMSG-17999]
Action.c(30): A2017111316043202275	[MsgId: MMSG-17999]
Action.c(22): Error -27492: "HttpSendRequest" failed, Windows error code=12002 and retry limit (0) exceeded for URL="http://118.126.89.154:58080/service/album/get_album_themes_list.jsp?act=owner&token=F96B463CD29C2DE47171AA7CE0EFA39F355CE99287D043071D7579FB312987A6DA8A5D8DB6D9B085"  	[MsgId: MERR-27492]
Action.c(22): Error -27492: "HttpSendRequest" failed, Windows error code=12002 and retry limit (0) exceeded for URL="http://118.126.89.154:58080/service/album/get_album_themes_list.jsp?act=owner&token=CD5E11E3C7500D1675800C72EACA7854364B622C6F5650047A7C951FDB6C4314B85378D3A573EB7E"  	[MsgId: MERR-27492]
