Action.c(30): A2017082701494691599	[MsgId: MMSG-17999]
Action.c(30): A2017082911521126286	[MsgId: MMSG-17999]
Action.c(30): C2017082409403300011	[MsgId: MMSG-17999]
Action.c(30): A2017102213182805577	[MsgId: MMSG-17999]
Action.c(30): A2017102117133006732	[MsgId: MMSG-17999]
Action.c(30): A2017090609564267986	[MsgId: MMSG-17999]
Action.c(30): C2017110114251505285	[MsgId: MMSG-17999]
Action.c(30): A2017111920123303491	[MsgId: MMSG-17999]
Action.c(30): A2017100916314908949	[MsgId: MMSG-17999]
Action.c(30): A2017092111465911593	[MsgId: MMSG-17999]
Action.c(30): A2017100320485537348	[MsgId: MMSG-17999]
Action.c(30): C2017092808394975466	[MsgId: MMSG-17999]
Action.c(30): C2017092315375168700	[MsgId: MMSG-17999]
Action.c(30): C2017092718372966399	[MsgId: MMSG-17999]
Action.c(30): A2017100421452079409	[MsgId: MMSG-17999]
Action.c(30): A2017080114243193044	[MsgId: MMSG-17999]
Action.c(30): I201812172052050030029220	[MsgId: MMSG-17999]
Action.c(22): Error -27492: "HttpSendRequest" failed, Windows error code=12002 and retry limit (0) exceeded for URL="http://118.126.89.154:58080/service/album/get_album_themes_list.jsp?act=owner&token=8432DA26144593869862E55E47E0EFABAB4AC7D31D16D5AB84E0323C12AC6D1BCDA20FFED79973D1"  	[MsgId: MERR-27492]
Action.c(30): A2017081023201141132	[MsgId: MMSG-17999]
Action.c(22): Error -27492: "HttpSendRequest" failed, Windows error code=12002 and retry limit (0) exceeded for URL="http://118.126.89.154:58080/service/album/get_album_themes_list.jsp?act=owner&token=7039A2FD3D7C86F060E6DEA823F4832A8583B8EBAD78700394257A380292EC3079F48E2F02EB5AB0"  	[MsgId: MERR-27492]
Action.c(22): Error -27492: "HttpSendRequest" failed, Windows error code=12002 and retry limit (0) exceeded for URL="http://118.126.89.154:58080/service/album/get_album_themes_list.jsp?act=owner&token=2FCA316773986F69AB3EF16C4C3DF9B878B151F704F643DAA11F27D303AD895105D128E1BBDD7B89"  	[MsgId: MERR-27492]
