Action.c(30): C2017100707381067603	[MsgId: MMSG-17999]
Action.c(30): A2017083123501598468	[MsgId: MMSG-17999]
Action.c(30): A2017072710322769807	[MsgId: MMSG-17999]
Action.c(30): A2017091915521305107	[MsgId: MMSG-17999]
Action.c(30): A2017090118164559718	[MsgId: MMSG-17999]
Action.c(30): A2017072519284265372	[MsgId: MMSG-17999]
Action.c(30): A2017101010463402480	[MsgId: MMSG-17999]
Action.c(30): A2017090723483279256	[MsgId: MMSG-17999]
Action.c(30): A2017090311574987120	[MsgId: MMSG-17999]
Action.c(30): C2017110708462002997	[MsgId: MMSG-17999]
Action.c(30): A2017090515124245445	[MsgId: MMSG-17999]
Action.c(30): A2017091012144371670	[MsgId: MMSG-17999]
Action.c(30): A2017090623051060003	[MsgId: MMSG-17999]
Action.c(30): A2017091501103279549	[MsgId: MMSG-17999]
Action.c(30): A2017111423521701871	[MsgId: MMSG-17999]
Action.c(30): C2017080811032010488	[MsgId: MMSG-17999]
Action.c(30): C2017090807343058284	[MsgId: MMSG-17999]
Action.c(30): C2017090806220293379	[MsgId: MMSG-17999]
Action.c(30): A2017092407462760806	[MsgId: MMSG-17999]
Action.c(30): A2017082913162883794	[MsgId: MMSG-17999]
Action.c(30): A2017101620092005838	[MsgId: MMSG-17999]
Action.c(30): A2017090818255908904	[MsgId: MMSG-17999]
Action.c(22): Error -27492: "HttpSendRequest" failed, Windows error code=12002 and retry limit (0) exceeded for URL="http://118.126.89.154:58080/service/album/get_album_themes_list.jsp?act=owner&token=0D407924F965006675B3C247F4D7265127CF4A2B207F99670EE61A50168B4FDE13ED6797B165ABA7"  	[MsgId: MERR-27492]
Action.c(22): Error -27492: "HttpSendRequest" failed, Windows error code=12002 and retry limit (0) exceeded for URL="http://118.126.89.154:58080/service/album/get_album_themes_list.jsp?act=owner&token=4921159968AE2FE9248EC1940F5F92F1EEA9C3DEA5BEC44FA35604A5DC5AD68CBB731EC4B5597BB1"  	[MsgId: MERR-27492]
Action.c(22): Error -27492: "HttpSendRequest" failed, Windows error code=12002 and retry limit (0) exceeded for URL="http://118.126.89.154:58080/service/album/get_album_themes_list.jsp?act=owner&token=11782295F44C6CC4939B3E0B0FA931C19565E43A67BBCD47FFB625F7074104131C78FC9D9697DCF2"  	[MsgId: MERR-27492]
