Start auto log messages stack - Iteration 2.	[MsgId: MMSG-10545]
Starting action Action.	[MsgId: MMSG-15919]
Action.c(7): Registering web_reg_save_param_ex was successful  	[MsgId: MMSG-26390]
Action.c(14): Notify: Transaction "个人相册新增商品" started.	[MsgId: MMSG-16999]
Action.c(16): Notify: Transaction "进入相册动态" started.	[MsgId: MMSG-16999]
Action.c(22): Warning -26377: No match found for the requested parameter "shop_id". Check whether the requested boundaries exist in the response data. Also, if the data you want to save exceeds 256 bytes, use web_set_max_html_param_len to increase the parameter size  	[MsgId: MWAR-26377]
Action.c(22): web_custom_request("owner") highest severity level was "warning", 86743 body bytes, 738 header bytes, 93 chunking overhead bytes  	[MsgId: MMSG-26387]
Action.c(33): Notify: Transaction "进入相册动态" will be skipped - could not calculate the transaction time (duration=5.4807, think_time=0.0000, wasted_time=5.4811).	[MsgId: MMSG-16889]
Action.c(36): Notify: Transaction "进入个人相册" started.	[MsgId: MMSG-16999]
Action.c(40): Error -26697: Missing CR/LF after body/trailer ("Transfer-Encoding: chunked") for "http://118.126.89.154:58080/service/album/get_album_themes_list.jsp?act=single_album&shop_id=&search_value=&search_img=&start_date=&end_date=&tag=&page_index=1&from_id=&client_type=ios&token=EE6240DB5D53EEFBD18DCB43801D7E447AA51D2BF51158EF7630C103FD4803E66D2E84DD669910B1&version=2302"  	[MsgId: MERR-26697]
End auto log messages stack.	[MsgId: MMSG-10544]


Start auto log messages stack - Iteration 3.	[MsgId: MMSG-10545]
Action.c(64): web_custom_request("get_tags") highest severity level was "warning", 170 body bytes, 304 header bytes  	[MsgId: MMSG-26388]
Action.c(70): web_custom_request("get_tags_except_1") was successful, 237 body bytes, 304 header bytes  	[MsgId: MMSG-26386]
Action.c(76): Notify: Transaction "进入个人相册" ended with "Pass" status (Duration: 1.7822 Wasted Time: 1.5541).	[MsgId: MMSG-16871]
Action.c(78): Notify: Transaction "发布商品" started.	[MsgId: MMSG-16999]
Action.c(80): web_custom_request("save_theme") was successful, 480 body bytes, 494 header bytes  	[MsgId: MMSG-26386]
Action.c(86): Notify: Transaction "发布商品" ended with "Pass" status (Duration: 0.1224).	[MsgId: MMSG-16873]
Action.c(88): Notify: Transaction "返回个人相册" started.	[MsgId: MMSG-16999]
Action.c(90): web_custom_request("get_tags_except_2") was successful, 237 body bytes, 304 header bytes  	[MsgId: MMSG-26386]
Action.c(98): Error -26697: Missing CR/LF after body/trailer ("Transfer-Encoding: chunked") for "http://118.126.89.154:58080/service/album/get_album_themes_list.jsp?act=single_album&shop_id=&search_value=&search_img=&start_date=&end_date=&tag=&page_index=1&from_id=&client_type=ios&token=4F3D00B52FC8E01A1F6412605FF6FDE707B60438B35E6E6F0A690EC4CEE93B5F45F35F318C51A353&version=2302"  	[MsgId: MERR-26697]
End auto log messages stack.	[MsgId: MMSG-10544]


Start auto log messages stack - Iteration 2.	[MsgId: MMSG-10545]
Starting action Action.	[MsgId: MMSG-15919]
Action.c(7): Registering web_reg_save_param_ex was successful  	[MsgId: MMSG-26390]
Action.c(14): Notify: Transaction "个人相册新增商品" started.	[MsgId: MMSG-16999]
Action.c(16): Notify: Transaction "进入相册动态" started.	[MsgId: MMSG-16999]
Action.c(22): Error -26697: Missing CR/LF after body/trailer ("Transfer-Encoding: chunked") for "http://118.126.89.154:58080/service/album/get_album_themes_list.jsp?act=owner&token=EE6240DB5D53EEFBD18DCB43801D7E447AA51D2BF51158EF7630C103FD4803E66D2E84DD669910B1&version=2302"  	[MsgId: MERR-26697]
End auto log messages stack.	[MsgId: MMSG-10544]


Start auto log messages stack - Iteration 1.	[MsgId: MMSG-10545]
Starting action Action.	[MsgId: MMSG-15919]
Action.c(7): Registering web_reg_save_param_ex was successful  	[MsgId: MMSG-26390]
Action.c(14): Notify: Transaction "个人相册新增商品" started.	[MsgId: MMSG-16999]
Action.c(16): Notify: Transaction "进入相册动态" started.	[MsgId: MMSG-16999]
Action.c(22): Error -26697: Missing CR/LF after body/trailer ("Transfer-Encoding: chunked") for "http://118.126.89.154:58080/service/album/get_album_themes_list.jsp?act=owner&token=MzJFN0I0MTMxNkVFNjRDRTRFMkREREM5ODVBNjhEMjAzODZFMDRGM0IxMDM2QTkyQTlDMjRBRUFERTcyOUZCMkRERDU4QkM2MjI4RDZDQzlGNjNGNTc0OUEzQ0UxNzY0&version=2302"  	[MsgId: MERR-26697]
End auto log messages stack.	[MsgId: MMSG-10544]


Start auto log messages stack - Iteration 4.	[MsgId: MMSG-10545]
Starting action Action.	[MsgId: MMSG-15919]
Action.c(7): Registering web_reg_save_param_ex was successful  	[MsgId: MMSG-26390]
Action.c(14): Notify: Transaction "个人相册新增商品" started.	[MsgId: MMSG-16999]
Action.c(16): Notify: Transaction "进入相册动态" started.	[MsgId: MMSG-16999]
Action.c(22): Error -26697: Missing CR/LF after body/trailer ("Transfer-Encoding: chunked") for "http://118.126.89.154:58080/service/album/get_album_themes_list.jsp?act=owner&token=BC658ACC22C566281BF194B16F84F42153FEAD4905BB60CD444634F8046E35B4578EA9B598C50D06&version=2302"  	[MsgId: MERR-26697]
End auto log messages stack.	[MsgId: MMSG-10544]


Start auto log messages stack - Iteration 1.	[MsgId: MMSG-10545]
Starting action Action.	[MsgId: MMSG-15919]
Action.c(7): Registering web_reg_save_param_ex was successful  	[MsgId: MMSG-26390]
Action.c(14): Notify: Transaction "个人相册新增商品" started.	[MsgId: MMSG-16999]
Action.c(16): Notify: Transaction "进入相册动态" started.	[MsgId: MMSG-16999]
Action.c(22): web_custom_request("owner") was successful, 85712 body bytes, 834 header bytes, 92 chunking overhead bytes  	[MsgId: MMSG-26385]
Action.c(33): Notify: Transaction "进入相册动态" will be skipped - could not calculate the transaction time (duration=5.3894, think_time=0.0000, wasted_time=5.3899).	[MsgId: MMSG-16889]
Action.c(36): Notify: Transaction "进入个人相册" started.	[MsgId: MMSG-16999]
Action.c(40): Error -26697: Missing CR/LF after body/trailer ("Transfer-Encoding: chunked") for "http://118.126.89.154:58080/service/album/get_album_themes_list.jsp?act=single_album&shop_id=A201812080953300270014587&search_value=&search_img=&start_date=&end_date=&tag=&page_index=1&from_id=&client_type=ios&token=MzJFN0I0MTMxNkVFNjRDRTRFMkREREM5ODVBNjhEMjAzODZFMDRGM0IxMDM2QTkyQTlDMjRBRUFERTcyOUZCMkRERDU4QkM2MjI4RDZDQzlGNjNGNTc0OUEzQ0UxNzY0&version=2302"  	[MsgId: MERR-26697]
End auto log messages stack.	[MsgId: MMSG-10544]


Start auto log messages stack - Iteration 1.	[MsgId: MMSG-10545]
Starting action Action.	[MsgId: MMSG-15919]
Action.c(7): Registering web_reg_save_param_ex was successful  	[MsgId: MMSG-26390]
Action.c(14): Notify: Transaction "个人相册新增商品" started.	[MsgId: MMSG-16999]
Action.c(16): Notify: Transaction "进入相册动态" started.	[MsgId: MMSG-16999]
Action.c(22): web_custom_request("owner") was successful, 85319 body bytes, 834 header bytes, 92 chunking overhead bytes  	[MsgId: MMSG-26385]
Action.c(33): Notify: Transaction "进入相册动态" will be skipped - could not calculate the transaction time (duration=7.2917, think_time=0.0000, wasted_time=7.2921).	[MsgId: MMSG-16889]
Action.c(36): Notify: Transaction "进入个人相册" started.	[MsgId: MMSG-16999]
Action.c(40): Error -26697: Missing CR/LF after body/trailer ("Transfer-Encoding: chunked") for "http://118.126.89.154:58080/service/album/get_album_themes_list.jsp?act=single_album&shop_id=A201812080953300270014587&search_value=&search_img=&start_date=&end_date=&tag=&page_index=1&from_id=&client_type=ios&token=MzJFN0I0MTMxNkVFNjRDRTRFMkREREM5ODVBNjhEMjAzODZFMDRGM0IxMDM2QTkyQTlDMjRBRUFERTcyOUZCMkRERDU4QkM2MjI4RDZDQzlGNjNGNTc0OUEzQ0UxNzY0&version=2302"  	[MsgId: MERR-26697]
End auto log messages stack.	[MsgId: MMSG-10544]


Start auto log messages stack - Iteration 1.	[MsgId: MMSG-10545]
Starting action Action.	[MsgId: MMSG-15919]
Action.c(7): Registering web_reg_save_param_ex was successful  	[MsgId: MMSG-26390]
Action.c(14): Notify: Transaction "个人相册新增商品" started.	[MsgId: MMSG-16999]
Action.c(16): Notify: Transaction "进入相册动态" started.	[MsgId: MMSG-16999]
Action.c(22): Error -26697: Missing CR/LF after body/trailer ("Transfer-Encoding: chunked") for "http://118.126.89.154:58080/service/album/get_album_themes_list.jsp?act=owner&token=MzJFN0I0MTMxNkVFNjRDRTRFMkREREM5ODVBNjhEMjAzODZFMDRGM0IxMDM2QTkyQTlDMjRBRUFERTcyOUZCMkRERDU4QkM2MjI4RDZDQzlGNjNGNTc0OUEzQ0UxNzY0&version=2302"  	[MsgId: MERR-26697]
End auto log messages stack.	[MsgId: MMSG-10544]


Start auto log messages stack - Iteration 1.	[MsgId: MMSG-10545]
Starting action Action.	[MsgId: MMSG-15919]
Action.c(7): Registering web_reg_save_param_ex was successful  	[MsgId: MMSG-26390]
Action.c(14): Notify: Transaction "个人相册新增商品" started.	[MsgId: MMSG-16999]
Action.c(16): Notify: Transaction "进入相册动态" started.	[MsgId: MMSG-16999]
Action.c(22): Error -26697: Missing CR/LF after body/trailer ("Transfer-Encoding: chunked") for "http://118.126.89.154:58080/service/album/get_album_themes_list.jsp?act=owner&token=MzJFN0I0MTMxNkVFNjRDRTRFMkREREM5ODVBNjhEMjAzODZFMDRGM0IxMDM2QTkyQTlDMjRBRUFERTcyOUZCMkRERDU4QkM2MjI4RDZDQzlGNjNGNTc0OUEzQ0UxNzY0&version=2302"  	[MsgId: MERR-26697]
End auto log messages stack.	[MsgId: MMSG-10544]


Start auto log messages stack - Iteration 2.	[MsgId: MMSG-10545]
Action.c(64): web_custom_request("get_tags") highest severity level was "warning", 248 body bytes, 304 header bytes  	[MsgId: MMSG-26388]
Action.c(70): web_custom_request("get_tags_except_1") was successful, 237 body bytes, 304 header bytes  	[MsgId: MMSG-26386]
Action.c(76): Notify: Transaction "进入个人相册" ended with "Pass" status (Duration: 16.7293 Wasted Time: 15.8941).	[MsgId: MMSG-16871]
Action.c(78): Notify: Transaction "发布商品" started.	[MsgId: MMSG-16999]
Action.c(80): web_custom_request("save_theme") was successful, 480 body bytes, 494 header bytes  	[MsgId: MMSG-26386]
Action.c(86): Notify: Transaction "发布商品" ended with "Pass" status (Duration: 0.0523).	[MsgId: MMSG-16873]
Action.c(88): Notify: Transaction "返回个人相册" started.	[MsgId: MMSG-16999]
Action.c(90): web_custom_request("get_tags_except_2") was successful, 237 body bytes, 304 header bytes  	[MsgId: MMSG-26386]
Action.c(98): Error -26697: Missing CR/LF after body/trailer ("Transfer-Encoding: chunked") for "http://118.126.89.154:58080/service/album/get_album_themes_list.jsp?act=single_album&shop_id=&search_value=&search_img=&start_date=&end_date=&tag=&page_index=1&from_id=&client_type=ios&token=EE6240DB5D53EEFBD18DCB43801D7E447AA51D2BF51158EF7630C103FD4803E66D2E84DD669910B1&version=2302"  	[MsgId: MERR-26697]
End auto log messages stack.	[MsgId: MMSG-10544]


Start auto log messages stack - Iteration 1.	[MsgId: MMSG-10545]
Starting action Action.	[MsgId: MMSG-15919]
Action.c(7): Registering web_reg_save_param_ex was successful  	[MsgId: MMSG-26390]
Action.c(14): Notify: Transaction "个人相册新增商品" started.	[MsgId: MMSG-16999]
Action.c(16): Notify: Transaction "进入相册动态" started.	[MsgId: MMSG-16999]
Action.c(22): Error -26697: Missing CR/LF after body/trailer ("Transfer-Encoding: chunked") for "http://118.126.89.154:58080/service/album/get_album_themes_list.jsp?act=owner&token=MzJFN0I0MTMxNkVFNjRDRTRFMkREREM5ODVBNjhEMjAzODZFMDRGM0IxMDM2QTkyQTlDMjRBRUFERTcyOUZCMkRERDU4QkM2MjI4RDZDQzlGNjNGNTc0OUEzQ0UxNzY0&version=2302"  	[MsgId: MERR-26697]
End auto log messages stack.	[MsgId: MMSG-10544]


Start auto log messages stack - Iteration 2.	[MsgId: MMSG-10545]
Starting action Action.	[MsgId: MMSG-15919]
Action.c(7): Registering web_reg_save_param_ex was successful  	[MsgId: MMSG-26390]
Action.c(14): Notify: Transaction "个人相册新增商品" started.	[MsgId: MMSG-16999]
Action.c(16): Notify: Transaction "进入相册动态" started.	[MsgId: MMSG-16999]
Action.c(22): Warning -26377: No match found for the requested parameter "shop_id". Check whether the requested boundaries exist in the response data. Also, if the data you want to save exceeds 256 bytes, use web_set_max_html_param_len to increase the parameter size  	[MsgId: MWAR-26377]
Action.c(22): web_custom_request("owner") highest severity level was "warning", 86759 body bytes, 738 header bytes, 93 chunking overhead bytes  	[MsgId: MMSG-26387]
Action.c(33): Notify: Transaction "进入相册动态" will be skipped - could not calculate the transaction time (duration=13.6812, think_time=0.0000, wasted_time=13.6822).	[MsgId: MMSG-16889]
Action.c(36): Notify: Transaction "进入个人相册" started.	[MsgId: MMSG-16999]
Action.c(40): Error -26697: Missing CR/LF after body/trailer ("Transfer-Encoding: chunked") for "http://118.126.89.154:58080/service/album/get_album_themes_list.jsp?act=single_album&shop_id=&search_value=&search_img=&start_date=&end_date=&tag=&page_index=1&from_id=&client_type=ios&token=EE6240DB5D53EEFBD18DCB43801D7E447AA51D2BF51158EF7630C103FD4803E66D2E84DD669910B1&version=2302"  	[MsgId: MERR-26697]
End auto log messages stack.	[MsgId: MMSG-10544]


Start auto log messages stack - Iteration 1.	[MsgId: MMSG-10545]
Action.c(64): web_custom_request("get_tags") highest severity level was "warning", 787 body bytes, 304 header bytes  	[MsgId: MMSG-26388]
Action.c(70): web_custom_request("get_tags_except_1") was successful, 285 body bytes, 304 header bytes  	[MsgId: MMSG-26386]
Action.c(76): Notify: Transaction "进入个人相册" ended with "Pass" status (Duration: 23.2181 Wasted Time: 22.5471).	[MsgId: MMSG-16871]
Action.c(78): Notify: Transaction "发布商品" started.	[MsgId: MMSG-16999]
Action.c(80): web_custom_request("save_theme") was successful, 543 body bytes, 494 header bytes  	[MsgId: MMSG-26386]
Action.c(86): Notify: Transaction "发布商品" ended with "Pass" status (Duration: 1.3367).	[MsgId: MMSG-16873]
Action.c(88): Notify: Transaction "返回个人相册" started.	[MsgId: MMSG-16999]
Action.c(90): web_custom_request("get_tags_except_2") was successful, 285 body bytes, 304 header bytes  	[MsgId: MMSG-26386]
Action.c(98): Error -26697: Missing CR/LF after body/trailer ("Transfer-Encoding: chunked") for "http://118.126.89.154:58080/service/album/get_album_themes_list.jsp?act=single_album&shop_id=A201812080953300270014587&search_value=&search_img=&start_date=&end_date=&tag=&page_index=1&from_id=&client_type=ios&token=MzJFN0I0MTMxNkVFNjRDRTRFMkREREM5ODVBNjhEMjAzODZFMDRGM0IxMDM2QTkyQTlDMjRBRUFERTcyOUZCMkRERDU4QkM2MjI4RDZDQzlGNjNGNTc0OUEzQ0UxNzY0&version=2302"  	[MsgId: MERR-26697]
End auto log messages stack.	[MsgId: MMSG-10544]


Start auto log messages stack - Iteration 2.	[MsgId: MMSG-10545]
Starting action Action.	[MsgId: MMSG-15919]
Action.c(7): Registering web_reg_save_param_ex was successful  	[MsgId: MMSG-26390]
Action.c(14): Notify: Transaction "个人相册新增商品" started.	[MsgId: MMSG-16999]
Action.c(16): Notify: Transaction "进入相册动态" started.	[MsgId: MMSG-16999]
Action.c(22): Error -26697: Missing CR/LF after body/trailer ("Transfer-Encoding: chunked") for "http://118.126.89.154:58080/service/album/get_album_themes_list.jsp?act=owner&token=EE6240DB5D53EEFBD18DCB43801D7E447AA51D2BF51158EF7630C103FD4803E66D2E84DD669910B1&version=2302"  	[MsgId: MERR-26697]
End auto log messages stack.	[MsgId: MMSG-10544]


Start auto log messages stack - Iteration 2.	[MsgId: MMSG-10545]
Starting action Action.	[MsgId: MMSG-15919]
Action.c(7): Registering web_reg_save_param_ex was successful  	[MsgId: MMSG-26390]
Action.c(14): Notify: Transaction "个人相册新增商品" started.	[MsgId: MMSG-16999]
Action.c(16): Notify: Transaction "进入相册动态" started.	[MsgId: MMSG-16999]
Action.c(22): Error -26697: Missing CR/LF after body/trailer ("Transfer-Encoding: chunked") for "http://118.126.89.154:58080/service/album/get_album_themes_list.jsp?act=owner&token=EE6240DB5D53EEFBD18DCB43801D7E447AA51D2BF51158EF7630C103FD4803E66D2E84DD669910B1&version=2302"  	[MsgId: MERR-26697]
End auto log messages stack.	[MsgId: MMSG-10544]


Start auto log messages stack - Iteration 5.	[MsgId: MMSG-10545]
Action.c(64): web_custom_request("get_tags") highest severity level was "warning", 170 body bytes, 304 header bytes  	[MsgId: MMSG-26388]
Action.c(70): web_custom_request("get_tags_except_1") was successful, 237 body bytes, 304 header bytes  	[MsgId: MMSG-26386]
Action.c(76): Notify: Transaction "进入个人相册" ended with "Pass" status (Duration: 15.5576 Wasted Time: 15.3501).	[MsgId: MMSG-16871]
Action.c(78): Notify: Transaction "发布商品" started.	[MsgId: MMSG-16999]
Action.c(80): web_custom_request("save_theme") was successful, 491 body bytes, 494 header bytes  	[MsgId: MMSG-26386]
Action.c(86): Notify: Transaction "发布商品" ended with "Pass" status (Duration: 0.0179).	[MsgId: MMSG-16873]
Action.c(88): Notify: Transaction "返回个人相册" started.	[MsgId: MMSG-16999]
Action.c(90): web_custom_request("get_tags_except_2") was successful, 237 body bytes, 304 header bytes  	[MsgId: MMSG-26386]
Action.c(98): Error -26697: Missing CR/LF after body/trailer ("Transfer-Encoding: chunked") for "http://118.126.89.154:58080/service/album/get_album_themes_list.jsp?act=single_album&shop_id=&search_value=&search_img=&start_date=&end_date=&tag=&page_index=1&from_id=&client_type=ios&token=9AD94F496CBE31F83F9430C484EDDC7091BDEEC382DE4D9FDDE06BED59065C3305950C0C801737F6&version=2302"  	[MsgId: MERR-26697]
End auto log messages stack.	[MsgId: MMSG-10544]


Start auto log messages stack - Iteration 3.	[MsgId: MMSG-10545]
Starting action Action.	[MsgId: MMSG-15919]
Action.c(7): Registering web_reg_save_param_ex was successful  	[MsgId: MMSG-26390]
Action.c(14): Notify: Transaction "个人相册新增商品" started.	[MsgId: MMSG-16999]
Action.c(16): Notify: Transaction "进入相册动态" started.	[MsgId: MMSG-16999]
Action.c(22): Warning -26377: No match found for the requested parameter "shop_id". Check whether the requested boundaries exist in the response data. Also, if the data you want to save exceeds 256 bytes, use web_set_max_html_param_len to increase the parameter size  	[MsgId: MWAR-26377]
Action.c(22): web_custom_request("owner") highest severity level was "warning", 84187 body bytes, 738 header bytes, 92 chunking overhead bytes  	[MsgId: MMSG-26387]
Action.c(33): Notify: Transaction "进入相册动态" will be skipped - could not calculate the transaction time (duration=6.8761, think_time=0.0000, wasted_time=6.8771).	[MsgId: MMSG-16889]
Action.c(36): Notify: Transaction "进入个人相册" started.	[MsgId: MMSG-16999]
Action.c(40): Error -26697: Missing CR/LF after body/trailer ("Transfer-Encoding: chunked") for "http://118.126.89.154:58080/service/album/get_album_themes_list.jsp?act=single_album&shop_id=&search_value=&search_img=&start_date=&end_date=&tag=&page_index=1&from_id=&client_type=ios&token=4F3D00B52FC8E01A1F6412605FF6FDE707B60438B35E6E6F0A690EC4CEE93B5F45F35F318C51A353&version=2302"  	[MsgId: MERR-26697]
End auto log messages stack.	[MsgId: MMSG-10544]


Start auto log messages stack - Iteration 4.	[MsgId: MMSG-10545]
Starting action Action.	[MsgId: MMSG-15919]
Action.c(7): Registering web_reg_save_param_ex was successful  	[MsgId: MMSG-26390]
Action.c(14): Notify: Transaction "个人相册新增商品" started.	[MsgId: MMSG-16999]
Action.c(16): Notify: Transaction "进入相册动态" started.	[MsgId: MMSG-16999]
Action.c(22): Warning -26377: No match found for the requested parameter "shop_id". Check whether the requested boundaries exist in the response data. Also, if the data you want to save exceeds 256 bytes, use web_set_max_html_param_len to increase the parameter size  	[MsgId: MWAR-26377]
Action.c(22): web_custom_request("owner") highest severity level was "warning", 87332 body bytes, 738 header bytes, 93 chunking overhead bytes  	[MsgId: MMSG-26387]
Action.c(33): Notify: Transaction "进入相册动态" will be skipped - could not calculate the transaction time (duration=6.9760, think_time=0.0000, wasted_time=6.9761).	[MsgId: MMSG-16889]
Action.c(36): Notify: Transaction "进入个人相册" started.	[MsgId: MMSG-16999]
Action.c(40): Error -26697: Missing CR/LF after body/trailer ("Transfer-Encoding: chunked") for "http://118.126.89.154:58080/service/album/get_album_themes_list.jsp?act=single_album&shop_id=&search_value=&search_img=&start_date=&end_date=&tag=&page_index=1&from_id=&client_type=ios&token=BC658ACC22C566281BF194B16F84F42153FEAD4905BB60CD444634F8046E35B4578EA9B598C50D06&version=2302"  	[MsgId: MERR-26697]
End auto log messages stack.	[MsgId: MMSG-10544]


Start auto log messages stack - Iteration 3.	[MsgId: MMSG-10545]
Starting action Action.	[MsgId: MMSG-15919]
Action.c(7): Registering web_reg_save_param_ex was successful  	[MsgId: MMSG-26390]
Action.c(14): Notify: Transaction "个人相册新增商品" started.	[MsgId: MMSG-16999]
Action.c(16): Notify: Transaction "进入相册动态" started.	[MsgId: MMSG-16999]
Action.c(22): Error -26697: Missing CR/LF after body/trailer ("Transfer-Encoding: chunked") for "http://118.126.89.154:58080/service/album/get_album_themes_list.jsp?act=owner&token=4F3D00B52FC8E01A1F6412605FF6FDE707B60438B35E6E6F0A690EC4CEE93B5F45F35F318C51A353&version=2302"  	[MsgId: MERR-26697]
End auto log messages stack.	[MsgId: MMSG-10544]


Start auto log messages stack - Iteration 3.	[MsgId: MMSG-10545]
Starting action Action.	[MsgId: MMSG-15919]
Action.c(7): Registering web_reg_save_param_ex was successful  	[MsgId: MMSG-26390]
Action.c(14): Notify: Transaction "个人相册新增商品" started.	[MsgId: MMSG-16999]
Action.c(16): Notify: Transaction "进入相册动态" started.	[MsgId: MMSG-16999]
Action.c(22): Error -26697: Missing CR/LF after body/trailer ("Transfer-Encoding: chunked") for "http://118.126.89.154:58080/service/album/get_album_themes_list.jsp?act=owner&token=4F3D00B52FC8E01A1F6412605FF6FDE707B60438B35E6E6F0A690EC4CEE93B5F45F35F318C51A353&version=2302"  	[MsgId: MERR-26697]
End auto log messages stack.	[MsgId: MMSG-10544]


Start auto log messages stack - Iteration 3.	[MsgId: MMSG-10545]
Starting action Action.	[MsgId: MMSG-15919]
Action.c(7): Registering web_reg_save_param_ex was successful  	[MsgId: MMSG-26390]
Action.c(14): Notify: Transaction "个人相册新增商品" started.	[MsgId: MMSG-16999]
Action.c(16): Notify: Transaction "进入相册动态" started.	[MsgId: MMSG-16999]
Action.c(22): Warning -26377: No match found for the requested parameter "shop_id". Check whether the requested boundaries exist in the response data. Also, if the data you want to save exceeds 256 bytes, use web_set_max_html_param_len to increase the parameter size  	[MsgId: MWAR-26377]
Action.c(22): web_custom_request("owner") highest severity level was "warning", 83772 body bytes, 738 header bytes, 92 chunking overhead bytes  	[MsgId: MMSG-26387]
Action.c(33): Notify: Transaction "进入相册动态" will be skipped - could not calculate the transaction time (duration=6.0778, think_time=0.0000, wasted_time=6.0780).	[MsgId: MMSG-16889]
Action.c(36): Notify: Transaction "进入个人相册" started.	[MsgId: MMSG-16999]
Action.c(40): Error -26697: Missing CR/LF after body/trailer ("Transfer-Encoding: chunked") for "http://118.126.89.154:58080/service/album/get_album_themes_list.jsp?act=single_album&shop_id=&search_value=&search_img=&start_date=&end_date=&tag=&page_index=1&from_id=&client_type=ios&token=4F3D00B52FC8E01A1F6412605FF6FDE707B60438B35E6E6F0A690EC4CEE93B5F45F35F318C51A353&version=2302"  	[MsgId: MERR-26697]
End auto log messages stack.	[MsgId: MMSG-10544]


Start auto log messages stack - Iteration 4.	[MsgId: MMSG-10545]
Starting action Action.	[MsgId: MMSG-15919]
Action.c(7): Registering web_reg_save_param_ex was successful  	[MsgId: MMSG-26390]
Action.c(14): Notify: Transaction "个人相册新增商品" started.	[MsgId: MMSG-16999]
Action.c(16): Notify: Transaction "进入相册动态" started.	[MsgId: MMSG-16999]
Action.c(22): Error -26697: Missing CR/LF after body/trailer ("Transfer-Encoding: chunked") for "http://118.126.89.154:58080/service/album/get_album_themes_list.jsp?act=owner&token=BC658ACC22C566281BF194B16F84F42153FEAD4905BB60CD444634F8046E35B4578EA9B598C50D06&version=2302"  	[MsgId: MERR-26697]
End auto log messages stack.	[MsgId: MMSG-10544]


Start auto log messages stack - Iteration 6.	[MsgId: MMSG-10545]
Action.c(64): web_custom_request("get_tags") highest severity level was "warning", 170 body bytes, 304 header bytes  	[MsgId: MMSG-26388]
Action.c(70): web_custom_request("get_tags_except_1") was successful, 237 body bytes, 304 header bytes  	[MsgId: MMSG-26386]
Action.c(76): Notify: Transaction "进入个人相册" ended with "Pass" status (Duration: 41.8362 Wasted Time: 41.6041).	[MsgId: MMSG-16871]
Action.c(78): Notify: Transaction "发布商品" started.	[MsgId: MMSG-16999]
Action.c(80): web_custom_request("save_theme") was successful, 491 body bytes, 494 header bytes  	[MsgId: MMSG-26386]
Action.c(86): Notify: Transaction "发布商品" ended with "Pass" status (Duration: 0.0180).	[MsgId: MMSG-16873]
Action.c(88): Notify: Transaction "返回个人相册" started.	[MsgId: MMSG-16999]
Action.c(90): web_custom_request("get_tags_except_2") was successful, 237 body bytes, 304 header bytes  	[MsgId: MMSG-26386]
Action.c(98): Error -26697: Missing CR/LF after body/trailer ("Transfer-Encoding: chunked") for "http://118.126.89.154:58080/service/album/get_album_themes_list.jsp?act=single_album&shop_id=&search_value=&search_img=&start_date=&end_date=&tag=&page_index=1&from_id=&client_type=ios&token=18726E1B8F39259E8D2D2E6E4629C6876E2B6636622206784AE3975373DEEB498A43259AD05130F4&version=2302"  	[MsgId: MERR-26697]
End auto log messages stack.	[MsgId: MMSG-10544]


Start auto log messages stack - Iteration 3.	[MsgId: MMSG-10545]
Action.c(64): web_custom_request("get_tags") highest severity level was "warning", 170 body bytes, 304 header bytes  	[MsgId: MMSG-26388]
Action.c(70): web_custom_request("get_tags_except_1") was successful, 237 body bytes, 304 header bytes  	[MsgId: MMSG-26386]
Action.c(76): Notify: Transaction "进入个人相册" ended with "Pass" status (Duration: 30.2762 Wasted Time: 30.0801).	[MsgId: MMSG-16871]
Action.c(78): Notify: Transaction "发布商品" started.	[MsgId: MMSG-16999]
Action.c(80): web_custom_request("save_theme") was successful, 480 body bytes, 494 header bytes  	[MsgId: MMSG-26386]
Action.c(86): Notify: Transaction "发布商品" ended with "Pass" status (Duration: 0.0397).	[MsgId: MMSG-16873]
Action.c(88): Notify: Transaction "返回个人相册" started.	[MsgId: MMSG-16999]
Action.c(90): web_custom_request("get_tags_except_2") was successful, 237 body bytes, 304 header bytes  	[MsgId: MMSG-26386]
Action.c(98): Error -26697: Missing CR/LF after body/trailer ("Transfer-Encoding: chunked") for "http://118.126.89.154:58080/service/album/get_album_themes_list.jsp?act=single_album&shop_id=&search_value=&search_img=&start_date=&end_date=&tag=&page_index=1&from_id=&client_type=ios&token=4F3D00B52FC8E01A1F6412605FF6FDE707B60438B35E6E6F0A690EC4CEE93B5F45F35F318C51A353&version=2302"  	[MsgId: MERR-26697]
End auto log messages stack.	[MsgId: MMSG-10544]


Start auto log messages stack - Iteration 6.	[MsgId: MMSG-10545]
Action.c(64): web_custom_request("get_tags") highest severity level was "warning", 170 body bytes, 304 header bytes  	[MsgId: MMSG-26388]
Action.c(70): web_custom_request("get_tags_except_1") was successful, 237 body bytes, 304 header bytes  	[MsgId: MMSG-26386]
Action.c(76): Notify: Transaction "进入个人相册" ended with "Pass" status (Duration: 26.6190 Wasted Time: 26.4251).	[MsgId: MMSG-16871]
Action.c(78): Notify: Transaction "发布商品" started.	[MsgId: MMSG-16999]
Action.c(80): web_custom_request("save_theme") was successful, 491 body bytes, 494 header bytes  	[MsgId: MMSG-26386]
Action.c(86): Notify: Transaction "发布商品" ended with "Pass" status (Duration: 0.0204).	[MsgId: MMSG-16873]
Action.c(88): Notify: Transaction "返回个人相册" started.	[MsgId: MMSG-16999]
Action.c(90): web_custom_request("get_tags_except_2") was successful, 237 body bytes, 304 header bytes  	[MsgId: MMSG-26386]
Action.c(98): Error -26697: Missing CR/LF after body/trailer ("Transfer-Encoding: chunked") for "http://118.126.89.154:58080/service/album/get_album_themes_list.jsp?act=single_album&shop_id=&search_value=&search_img=&start_date=&end_date=&tag=&page_index=1&from_id=&client_type=ios&token=18726E1B8F39259E8D2D2E6E4629C6876E2B6636622206784AE3975373DEEB498A43259AD05130F4&version=2302"  	[MsgId: MERR-26697]
End auto log messages stack.	[MsgId: MMSG-10544]


Start auto log messages stack - Iteration 3.	[MsgId: MMSG-10545]
Starting action Action.	[MsgId: MMSG-15919]
Action.c(7): Registering web_reg_save_param_ex was successful  	[MsgId: MMSG-26390]
Action.c(14): Notify: Transaction "个人相册新增商品" started.	[MsgId: MMSG-16999]
Action.c(16): Notify: Transaction "进入相册动态" started.	[MsgId: MMSG-16999]
Action.c(22): Error -26697: Missing CR/LF after body/trailer ("Transfer-Encoding: chunked") for "http://118.126.89.154:58080/service/album/get_album_themes_list.jsp?act=owner&token=4F3D00B52FC8E01A1F6412605FF6FDE707B60438B35E6E6F0A690EC4CEE93B5F45F35F318C51A353&version=2302"  	[MsgId: MERR-26697]
End auto log messages stack.	[MsgId: MMSG-10544]


Start auto log messages stack - Iteration 4.	[MsgId: MMSG-10545]
Starting action Action.	[MsgId: MMSG-15919]
Action.c(7): Registering web_reg_save_param_ex was successful  	[MsgId: MMSG-26390]
Action.c(14): Notify: Transaction "个人相册新增商品" started.	[MsgId: MMSG-16999]
Action.c(16): Notify: Transaction "进入相册动态" started.	[MsgId: MMSG-16999]
Action.c(22): Error -26697: Missing CR/LF after body/trailer ("Transfer-Encoding: chunked") for "http://118.126.89.154:58080/service/album/get_album_themes_list.jsp?act=owner&token=BC658ACC22C566281BF194B16F84F42153FEAD4905BB60CD444634F8046E35B4578EA9B598C50D06&version=2302"  	[MsgId: MERR-26697]
End auto log messages stack.	[MsgId: MMSG-10544]


Start auto log messages stack - Iteration 4.	[MsgId: MMSG-10545]
Action.c(64): web_custom_request("get_tags") highest severity level was "warning", 301 body bytes, 304 header bytes  	[MsgId: MMSG-26388]
Action.c(70): web_custom_request("get_tags_except_1") was successful, 356 body bytes, 304 header bytes  	[MsgId: MMSG-26386]
Action.c(76): Notify: Transaction "进入个人相册" ended with "Pass" status (Duration: 19.9491 Wasted Time: 19.5301).	[MsgId: MMSG-16871]
Action.c(78): Notify: Transaction "发布商品" started.	[MsgId: MMSG-16999]
Action.c(80): web_custom_request("save_theme") was successful, 480 body bytes, 494 header bytes  	[MsgId: MMSG-26386]
Action.c(86): Notify: Transaction "发布商品" ended with "Pass" status (Duration: 0.2687).	[MsgId: MMSG-16873]
Action.c(88): Notify: Transaction "返回个人相册" started.	[MsgId: MMSG-16999]
Action.c(90): web_custom_request("get_tags_except_2") was successful, 356 body bytes, 304 header bytes  	[MsgId: MMSG-26386]
Action.c(98): Error -26697: Missing CR/LF after body/trailer ("Transfer-Encoding: chunked") for "http://118.126.89.154:58080/service/album/get_album_themes_list.jsp?act=single_album&shop_id=&search_value=&search_img=&start_date=&end_date=&tag=&page_index=1&from_id=&client_type=ios&token=BC658ACC22C566281BF194B16F84F42153FEAD4905BB60CD444634F8046E35B4578EA9B598C50D06&version=2302"  	[MsgId: MERR-26697]
End auto log messages stack.	[MsgId: MMSG-10544]


Start auto log messages stack - Iteration 6.	[MsgId: MMSG-10545]
Action.c(64): web_custom_request("get_tags") highest severity level was "warning", 170 body bytes, 304 header bytes  	[MsgId: MMSG-26388]
Action.c(70): web_custom_request("get_tags_except_1") was successful, 237 body bytes, 304 header bytes  	[MsgId: MMSG-26386]
Action.c(76): Notify: Transaction "进入个人相册" ended with "Pass" status (Duration: 2.9561 Wasted Time: 2.7641).	[MsgId: MMSG-16871]
Action.c(78): Notify: Transaction "发布商品" started.	[MsgId: MMSG-16999]
Action.c(80): web_custom_request("save_theme") was successful, 491 body bytes, 494 header bytes  	[MsgId: MMSG-26386]
Action.c(86): Notify: Transaction "发布商品" ended with "Pass" status (Duration: 0.0177).	[MsgId: MMSG-16873]
Action.c(88): Notify: Transaction "返回个人相册" started.	[MsgId: MMSG-16999]
Action.c(90): web_custom_request("get_tags_except_2") was successful, 237 body bytes, 304 header bytes  	[MsgId: MMSG-26386]
Action.c(98): Error -26697: Missing CR/LF after body/trailer ("Transfer-Encoding: chunked") for "http://118.126.89.154:58080/service/album/get_album_themes_list.jsp?act=single_album&shop_id=&search_value=&search_img=&start_date=&end_date=&tag=&page_index=1&from_id=&client_type=ios&token=18726E1B8F39259E8D2D2E6E4629C6876E2B6636622206784AE3975373DEEB498A43259AD05130F4&version=2302"  	[MsgId: MERR-26697]
End auto log messages stack.	[MsgId: MMSG-10544]


Start auto log messages stack - Iteration 2.	[MsgId: MMSG-10545]
Action.c(64): web_custom_request("get_tags") highest severity level was "warning", 248 body bytes, 304 header bytes  	[MsgId: MMSG-26388]
Action.c(70): web_custom_request("get_tags_except_1") was successful, 237 body bytes, 304 header bytes  	[MsgId: MMSG-26386]
Action.c(76): Notify: Transaction "进入个人相册" ended with "Pass" status (Duration: 4.9154 Wasted Time: 4.4901).	[MsgId: MMSG-16871]
Action.c(78): Notify: Transaction "发布商品" started.	[MsgId: MMSG-16999]
Action.c(80): web_custom_request("save_theme") was successful, 480 body bytes, 494 header bytes  	[MsgId: MMSG-26386]
Action.c(86): Notify: Transaction "发布商品" ended with "Pass" status (Duration: 0.2720).	[MsgId: MMSG-16873]
Action.c(88): Notify: Transaction "返回个人相册" started.	[MsgId: MMSG-16999]
Action.c(90): web_custom_request("get_tags_except_2") was successful, 237 body bytes, 304 header bytes  	[MsgId: MMSG-26386]
Action.c(98): Error -26697: Missing CR/LF after body/trailer ("Transfer-Encoding: chunked") for "http://118.126.89.154:58080/service/album/get_album_themes_list.jsp?act=single_album&shop_id=&search_value=&search_img=&start_date=&end_date=&tag=&page_index=1&from_id=&client_type=ios&token=EE6240DB5D53EEFBD18DCB43801D7E447AA51D2BF51158EF7630C103FD4803E66D2E84DD669910B1&version=2302"  	[MsgId: MERR-26697]
End auto log messages stack.	[MsgId: MMSG-10544]


Start auto log messages stack - Iteration 2.	[MsgId: MMSG-10545]
Starting action Action.	[MsgId: MMSG-15919]
Action.c(7): Registering web_reg_save_param_ex was successful  	[MsgId: MMSG-26390]
Action.c(14): Notify: Transaction "个人相册新增商品" started.	[MsgId: MMSG-16999]
Action.c(16): Notify: Transaction "进入相册动态" started.	[MsgId: MMSG-16999]
Action.c(22): Error -26697: Missing CR/LF after body/trailer ("Transfer-Encoding: chunked") for "http://118.126.89.154:58080/service/album/get_album_themes_list.jsp?act=owner&token=EE6240DB5D53EEFBD18DCB43801D7E447AA51D2BF51158EF7630C103FD4803E66D2E84DD669910B1&version=2302"  	[MsgId: MERR-26697]
End auto log messages stack.	[MsgId: MMSG-10544]


Start auto log messages stack - Iteration 2.	[MsgId: MMSG-10545]
Action.c(64): web_custom_request("get_tags") highest severity level was "warning", 248 body bytes, 304 header bytes  	[MsgId: MMSG-26388]
Action.c(70): web_custom_request("get_tags_except_1") was successful, 237 body bytes, 304 header bytes  	[MsgId: MMSG-26386]
Action.c(76): Notify: Transaction "进入个人相册" ended with "Pass" status (Duration: 87.2619 Wasted Time: 86.8501).	[MsgId: MMSG-16871]
Action.c(78): Notify: Transaction "发布商品" started.	[MsgId: MMSG-16999]
Action.c(80): web_custom_request("save_theme") was successful, 480 body bytes, 494 header bytes  	[MsgId: MMSG-26386]
Action.c(86): Notify: Transaction "发布商品" ended with "Pass" status (Duration: 0.0379).	[MsgId: MMSG-16873]
Action.c(88): Notify: Transaction "返回个人相册" started.	[MsgId: MMSG-16999]
Action.c(90): web_custom_request("get_tags_except_2") was successful, 237 body bytes, 304 header bytes  	[MsgId: MMSG-26386]
Action.c(98): Error -26697: Missing CR/LF after body/trailer ("Transfer-Encoding: chunked") for "http://118.126.89.154:58080/service/album/get_album_themes_list.jsp?act=single_album&shop_id=&search_value=&search_img=&start_date=&end_date=&tag=&page_index=1&from_id=&client_type=ios&token=EE6240DB5D53EEFBD18DCB43801D7E447AA51D2BF51158EF7630C103FD4803E66D2E84DD669910B1&version=2302"  	[MsgId: MERR-26697]
End auto log messages stack.	[MsgId: MMSG-10544]


Start auto log messages stack - Iteration 7.	[MsgId: MMSG-10545]
Starting action Action.	[MsgId: MMSG-15919]
Action.c(7): Registering web_reg_save_param_ex was successful  	[MsgId: MMSG-26390]
Action.c(14): Notify: Transaction "个人相册新增商品" started.	[MsgId: MMSG-16999]
Action.c(16): Notify: Transaction "进入相册动态" started.	[MsgId: MMSG-16999]
Action.c(22): Warning -26377: No match found for the requested parameter "shop_id". Check whether the requested boundaries exist in the response data. Also, if the data you want to save exceeds 256 bytes, use web_set_max_html_param_len to increase the parameter size  	[MsgId: MWAR-26377]
Action.c(22): web_custom_request("owner") highest severity level was "warning", 90053 body bytes, 738 header bytes, 93 chunking overhead bytes  	[MsgId: MMSG-26387]
Action.c(33): Notify: Transaction "进入相册动态" will be skipped - could not calculate the transaction time (duration=6.3421, think_time=0.0000, wasted_time=6.3431).	[MsgId: MMSG-16889]
Action.c(36): Notify: Transaction "进入个人相册" started.	[MsgId: MMSG-16999]
Action.c(40): Error -26697: Missing CR/LF after body/trailer ("Transfer-Encoding: chunked") for "http://118.126.89.154:58080/service/album/get_album_themes_list.jsp?act=single_album&shop_id=&search_value=&search_img=&start_date=&end_date=&tag=&page_index=1&from_id=&client_type=ios&token=A582B3D2F39FAE22D4EDD09E0E9FFD57FCA572D505611CB7A3659F563A9B54BEFBB411120E6A0978&version=2302"  	[MsgId: MERR-26697]
End auto log messages stack.	[MsgId: MMSG-10544]


Start auto log messages stack - Iteration 7.	[MsgId: MMSG-10545]
Starting action Action.	[MsgId: MMSG-15919]
Action.c(7): Registering web_reg_save_param_ex was successful  	[MsgId: MMSG-26390]
Action.c(14): Notify: Transaction "个人相册新增商品" started.	[MsgId: MMSG-16999]
Action.c(16): Notify: Transaction "进入相册动态" started.	[MsgId: MMSG-16999]
Action.c(22): Warning -26377: No match found for the requested parameter "shop_id". Check whether the requested boundaries exist in the response data. Also, if the data you want to save exceeds 256 bytes, use web_set_max_html_param_len to increase the parameter size  	[MsgId: MWAR-26377]
Action.c(22): web_custom_request("owner") highest severity level was "warning", 87625 body bytes, 738 header bytes, 93 chunking overhead bytes  	[MsgId: MMSG-26387]
Action.c(33): Notify: Transaction "进入相册动态" will be skipped - could not calculate the transaction time (duration=19.8557, think_time=0.0000, wasted_time=19.8561).	[MsgId: MMSG-16889]
Action.c(36): Notify: Transaction "进入个人相册" started.	[MsgId: MMSG-16999]
Action.c(40): Error -26697: Missing CR/LF after body/trailer ("Transfer-Encoding: chunked") for "http://118.126.89.154:58080/service/album/get_album_themes_list.jsp?act=single_album&shop_id=&search_value=&search_img=&start_date=&end_date=&tag=&page_index=1&from_id=&client_type=ios&token=A582B3D2F39FAE22D4EDD09E0E9FFD57FCA572D505611CB7A3659F563A9B54BEFBB411120E6A0978&version=2302"  	[MsgId: MERR-26697]
End auto log messages stack.	[MsgId: MMSG-10544]


Start auto log messages stack - Iteration 1.	[MsgId: MMSG-10545]
Starting action Action.	[MsgId: MMSG-15919]
Action.c(7): Registering web_reg_save_param_ex was successful  	[MsgId: MMSG-26390]
Action.c(14): Notify: Transaction "个人相册新增商品" started.	[MsgId: MMSG-16999]
Action.c(16): Notify: Transaction "进入相册动态" started.	[MsgId: MMSG-16999]
Action.c(22): web_custom_request("owner") was successful, 85715 body bytes, 834 header bytes, 92 chunking overhead bytes  	[MsgId: MMSG-26385]
Action.c(33): Notify: Transaction "进入相册动态" will be skipped - could not calculate the transaction time (duration=21.3007, think_time=0.0000, wasted_time=21.3012).	[MsgId: MMSG-16889]
Action.c(36): Notify: Transaction "进入个人相册" started.	[MsgId: MMSG-16999]
Action.c(40): Error -26697: Missing CR/LF after body/trailer ("Transfer-Encoding: chunked") for "http://118.126.89.154:58080/service/album/get_album_themes_list.jsp?act=single_album&shop_id=A201812080953300270014587&search_value=&search_img=&start_date=&end_date=&tag=&page_index=1&from_id=&client_type=ios&token=MzJFN0I0MTMxNkVFNjRDRTRFMkREREM5ODVBNjhEMjAzODZFMDRGM0IxMDM2QTkyQTlDMjRBRUFERTcyOUZCMkRERDU4QkM2MjI4RDZDQzlGNjNGNTc0OUEzQ0UxNzY0&version=2302"  	[MsgId: MERR-26697]
End auto log messages stack.	[MsgId: MMSG-10544]


Start auto log messages stack - Iteration 11.	[MsgId: MMSG-10545]
Starting action Action.	[MsgId: MMSG-15919]
Action.c(7): Registering web_reg_save_param_ex was successful  	[MsgId: MMSG-26390]
Action.c(14): Notify: Transaction "个人相册新增商品" started.	[MsgId: MMSG-16999]
Action.c(16): Notify: Transaction "进入相册动态" started.	[MsgId: MMSG-16999]
Action.c(22): Warning -26377: No match found for the requested parameter "shop_id". Check whether the requested boundaries exist in the response data. Also, if the data you want to save exceeds 256 bytes, use web_set_max_html_param_len to increase the parameter size  	[MsgId: MWAR-26377]
Action.c(22): web_custom_request("owner") highest severity level was "warning", 77252 body bytes, 738 header bytes, 84 chunking overhead bytes  	[MsgId: MMSG-26387]
Action.c(33): Notify: Transaction "进入相册动态" will be skipped - could not calculate the transaction time (duration=11.0523, think_time=0.0000, wasted_time=11.0535).	[MsgId: MMSG-16889]
Action.c(36): Notify: Transaction "进入个人相册" started.	[MsgId: MMSG-16999]
Action.c(40): Error -26697: Missing CR/LF after body/trailer ("Transfer-Encoding: chunked") for "http://118.126.89.154:58080/service/album/get_album_themes_list.jsp?act=single_album&shop_id=&search_value=&search_img=&start_date=&end_date=&tag=&page_index=1&from_id=&client_type=ios&token=8E19F98528456D6FBBDCE868DE0489373AA4B0A09EB71D09EEF23F74CF5EE0B5B76A36C7BFECCD3C&version=2302"  	[MsgId: MERR-26697]
End auto log messages stack.	[MsgId: MMSG-10544]


Start auto log messages stack - Iteration 2.	[MsgId: MMSG-10545]
Starting action Action.	[MsgId: MMSG-15919]
Action.c(7): Registering web_reg_save_param_ex was successful  	[MsgId: MMSG-26390]
Action.c(14): Notify: Transaction "个人相册新增商品" started.	[MsgId: MMSG-16999]
Action.c(16): Notify: Transaction "进入相册动态" started.	[MsgId: MMSG-16999]
Action.c(22): Error -26697: Missing CR/LF after body/trailer ("Transfer-Encoding: chunked") for "http://118.126.89.154:58080/service/album/get_album_themes_list.jsp?act=owner&token=EE6240DB5D53EEFBD18DCB43801D7E447AA51D2BF51158EF7630C103FD4803E66D2E84DD669910B1&version=2302"  	[MsgId: MERR-26697]
End auto log messages stack.	[MsgId: MMSG-10544]


