Start auto log messages stack - Iteration 1.	[MsgId: MMSG-10545]
Starting action Action.	[MsgId: MMSG-15919]
Action.c(8): Notify: Transaction "个人相册新增商品" started.	[MsgId: MMSG-16999]
Action.c(10): Notify: Transaction "进入相册动态" started.	[MsgId: MMSG-16999]
Action.c(16): Registering web_reg_save_param_ex was successful  	[MsgId: MMSG-26390]
Action.c(23): Error -26697: Missing CR/LF after body/trailer ("Transfer-Encoding: chunked") for "http://118.126.89.154:58080/service/album/get_album_themes_list.jsp?act=owner&shop_id=&search_value=&search_img=&start_date=&end_date=&page_index=1&client_type=ios&token=MzJFN0I0MTMxNkVFNjRDRTRFMkREREM5ODVBNjhEMjAzODZFMDRGM0IxMDM2QTkyQTlDMjRBRUFERTcyOUZCMkRERDU4QkM2MjI4RDZDQzlGNjNGNTc0OUEzQ0UxNzY0&version=2302"  	[MsgId: MERR-26697]
End auto log messages stack.	[MsgId: MMSG-10544]


Start auto log messages stack - Iteration 1.	[MsgId: MMSG-10545]
Starting action Action.	[MsgId: MMSG-15919]
Action.c(8): Notify: Transaction "个人相册新增商品" started.	[MsgId: MMSG-16999]
Action.c(10): Notify: Transaction "进入相册动态" started.	[MsgId: MMSG-16999]
Action.c(16): Registering web_reg_save_param_ex was successful  	[MsgId: MMSG-26390]
Action.c(23): Error -26697: Missing CR/LF after body/trailer ("Transfer-Encoding: chunked") for "http://118.126.89.154:58080/service/album/get_album_themes_list.jsp?act=owner&shop_id=&search_value=&search_img=&start_date=&end_date=&page_index=1&client_type=ios&token=MzJFN0I0MTMxNkVFNjRDRTRFMkREREM5ODVBNjhEMjAzODZFMDRGM0IxMDM2QTkyQTlDMjRBRUFERTcyOUZCMkRERDU4QkM2MjI4RDZDQzlGNjNGNTc0OUEzQ0UxNzY0&version=2302"  	[MsgId: MERR-26697]
End auto log messages stack.	[MsgId: MMSG-10544]


Start auto log messages stack - Iteration 1.	[MsgId: MMSG-10545]
Starting action Action.	[MsgId: MMSG-15919]
Action.c(8): Notify: Transaction "个人相册新增商品" started.	[MsgId: MMSG-16999]
Action.c(10): Notify: Transaction "进入相册动态" started.	[MsgId: MMSG-16999]
Action.c(16): Registering web_reg_save_param_ex was successful  	[MsgId: MMSG-26390]
Action.c(23): Error -26697: Missing CR/LF after body/trailer ("Transfer-Encoding: chunked") for "http://118.126.89.154:58080/service/album/get_album_themes_list.jsp?act=owner&shop_id=&search_value=&search_img=&start_date=&end_date=&page_index=1&client_type=ios&token=MzJFN0I0MTMxNkVFNjRDRTRFMkREREM5ODVBNjhEMjAzODZFMDRGM0IxMDM2QTkyQTlDMjRBRUFERTcyOUZCMkRERDU4QkM2MjI4RDZDQzlGNjNGNTc0OUEzQ0UxNzY0&version=2302"  	[MsgId: MERR-26697]
End auto log messages stack.	[MsgId: MMSG-10544]


Start auto log messages stack - Iteration 2.	[MsgId: MMSG-10545]
Starting action Action.	[MsgId: MMSG-15919]
Action.c(8): Notify: Transaction "个人相册新增商品" started.	[MsgId: MMSG-16999]
Action.c(10): Notify: Transaction "进入相册动态" started.	[MsgId: MMSG-16999]
Action.c(16): Registering web_reg_save_param_ex was successful  	[MsgId: MMSG-26390]
Action.c(23): Warning -26377: No match found for the requested parameter "shop_id". Check whether the requested boundaries exist in the response data. Also, if the data you want to save exceeds 256 bytes, use web_set_max_html_param_len to increase the parameter size  	[MsgId: MWAR-26377]
Action.c(23): web_custom_request("owner") highest severity level was "warning", 86201 body bytes, 928 header bytes, 93 chunking overhead bytes  	[MsgId: MMSG-26387]
Action.c(34): Notify: Transaction "进入相册动态" will be skipped - could not calculate the transaction time (duration=7.1494, think_time=0.0000, wasted_time=7.1503).	[MsgId: MMSG-16889]
Action.c(37): Notify: Transaction "进入个人相册" started.	[MsgId: MMSG-16999]
Action.c(41): Error -26697: Missing CR/LF after body/trailer ("Transfer-Encoding: chunked") for "http://118.126.89.154:58080/service/album/get_album_themes_list.jsp?act=single_album&shop_id=&search_value=&search_img=&start_date=&end_date=&tag=&page_index=1&from_id=&client_type=ios&token=EE6240DB5D53EEFBD18DCB43801D7E447AA51D2BF51158EF7630C103FD4803E66D2E84DD669910B1&version=2302"  	[MsgId: MERR-26697]
End auto log messages stack.	[MsgId: MMSG-10544]


Start auto log messages stack - Iteration 1.	[MsgId: MMSG-10545]
Starting action Action.	[MsgId: MMSG-15919]
Action.c(8): Notify: Transaction "个人相册新增商品" started.	[MsgId: MMSG-16999]
Action.c(10): Notify: Transaction "进入相册动态" started.	[MsgId: MMSG-16999]
Action.c(16): Registering web_reg_save_param_ex was successful  	[MsgId: MMSG-26390]
Action.c(23): Error -26697: Missing CR/LF after body/trailer ("Transfer-Encoding: chunked") for "http://118.126.89.154:58080/service/album/get_album_themes_list.jsp?act=owner&shop_id=&search_value=&search_img=&start_date=&end_date=&page_index=1&client_type=ios&token=MzJFN0I0MTMxNkVFNjRDRTRFMkREREM5ODVBNjhEMjAzODZFMDRGM0IxMDM2QTkyQTlDMjRBRUFERTcyOUZCMkRERDU4QkM2MjI4RDZDQzlGNjNGNTc0OUEzQ0UxNzY0&version=2302"  	[MsgId: MERR-26697]
End auto log messages stack.	[MsgId: MMSG-10544]


Start auto log messages stack - Iteration 1.	[MsgId: MMSG-10545]
Starting action Action.	[MsgId: MMSG-15919]
Action.c(8): Notify: Transaction "个人相册新增商品" started.	[MsgId: MMSG-16999]
Action.c(10): Notify: Transaction "进入相册动态" started.	[MsgId: MMSG-16999]
Action.c(16): Registering web_reg_save_param_ex was successful  	[MsgId: MMSG-26390]
Action.c(23): Error -26697: Missing CR/LF after body/trailer ("Transfer-Encoding: chunked") for "http://118.126.89.154:58080/service/album/get_album_themes_list.jsp?act=owner&shop_id=&search_value=&search_img=&start_date=&end_date=&page_index=1&client_type=ios&token=MzJFN0I0MTMxNkVFNjRDRTRFMkREREM5ODVBNjhEMjAzODZFMDRGM0IxMDM2QTkyQTlDMjRBRUFERTcyOUZCMkRERDU4QkM2MjI4RDZDQzlGNjNGNTc0OUEzQ0UxNzY0&version=2302"  	[MsgId: MERR-26697]
End auto log messages stack.	[MsgId: MMSG-10544]


Start auto log messages stack - Iteration 1.	[MsgId: MMSG-10545]
Action.c(64): web_custom_request("get_tags") highest severity level was "warning", 787 body bytes, 304 header bytes  	[MsgId: MMSG-26388]
Action.c(70): web_custom_request("get_tags_except_1") was successful, 285 body bytes, 304 header bytes  	[MsgId: MMSG-26386]
Action.c(76): Notify: Transaction "进入个人相册" ended with "Pass" status (Duration: 2.7480 Wasted Time: 2.3472).	[MsgId: MMSG-16871]
Action.c(78): Notify: Transaction "发布商品" started.	[MsgId: MMSG-16999]
Action.c(80): web_custom_request("save_theme") was successful, 543 body bytes, 494 header bytes  	[MsgId: MMSG-26386]
Action.c(86): Notify: Transaction "发布商品" ended with "Pass" status (Duration: 0.0794).	[MsgId: MMSG-16873]
Action.c(88): Notify: Transaction "返回个人相册" started.	[MsgId: MMSG-16999]
Action.c(90): web_custom_request("get_tags_except_2") was successful, 285 body bytes, 304 header bytes  	[MsgId: MMSG-26386]
Action.c(98): Error -26697: Missing CR/LF after body/trailer ("Transfer-Encoding: chunked") for "http://118.126.89.154:58080/service/album/get_album_themes_list.jsp?act=single_album&shop_id=A201812080953300270014587&search_value=&search_img=&start_date=&end_date=&tag=&page_index=1&from_id=&client_type=ios&token=MzJFN0I0MTMxNkVFNjRDRTRFMkREREM5ODVBNjhEMjAzODZFMDRGM0IxMDM2QTkyQTlDMjRBRUFERTcyOUZCMkRERDU4QkM2MjI4RDZDQzlGNjNGNTc0OUEzQ0UxNzY0&version=2302"  	[MsgId: MERR-26697]
End auto log messages stack.	[MsgId: MMSG-10544]


Start auto log messages stack - Iteration 1.	[MsgId: MMSG-10545]
Starting action Action.	[MsgId: MMSG-15919]
Action.c(8): Notify: Transaction "个人相册新增商品" started.	[MsgId: MMSG-16999]
Action.c(10): Notify: Transaction "进入相册动态" started.	[MsgId: MMSG-16999]
Action.c(16): Registering web_reg_save_param_ex was successful  	[MsgId: MMSG-26390]
Action.c(23): Error -26697: Missing CR/LF after body/trailer ("Transfer-Encoding: chunked") for "http://118.126.89.154:58080/service/album/get_album_themes_list.jsp?act=owner&shop_id=&search_value=&search_img=&start_date=&end_date=&page_index=1&client_type=ios&token=MzJFN0I0MTMxNkVFNjRDRTRFMkREREM5ODVBNjhEMjAzODZFMDRGM0IxMDM2QTkyQTlDMjRBRUFERTcyOUZCMkRERDU4QkM2MjI4RDZDQzlGNjNGNTc0OUEzQ0UxNzY0&version=2302"  	[MsgId: MERR-26697]
End auto log messages stack.	[MsgId: MMSG-10544]


Start auto log messages stack - Iteration 1.	[MsgId: MMSG-10545]
Starting action Action.	[MsgId: MMSG-15919]
Action.c(8): Notify: Transaction "个人相册新增商品" started.	[MsgId: MMSG-16999]
Action.c(10): Notify: Transaction "进入相册动态" started.	[MsgId: MMSG-16999]
Action.c(16): Registering web_reg_save_param_ex was successful  	[MsgId: MMSG-26390]
Action.c(23): Error -26697: Missing CR/LF after body/trailer ("Transfer-Encoding: chunked") for "http://118.126.89.154:58080/service/album/get_album_themes_list.jsp?act=owner&shop_id=&search_value=&search_img=&start_date=&end_date=&page_index=1&client_type=ios&token=MzJFN0I0MTMxNkVFNjRDRTRFMkREREM5ODVBNjhEMjAzODZFMDRGM0IxMDM2QTkyQTlDMjRBRUFERTcyOUZCMkRERDU4QkM2MjI4RDZDQzlGNjNGNTc0OUEzQ0UxNzY0&version=2302"  	[MsgId: MERR-26697]
End auto log messages stack.	[MsgId: MMSG-10544]


Start auto log messages stack - Iteration 1.	[MsgId: MMSG-10545]
Starting action Action.	[MsgId: MMSG-15919]
Action.c(8): Notify: Transaction "个人相册新增商品" started.	[MsgId: MMSG-16999]
Action.c(10): Notify: Transaction "进入相册动态" started.	[MsgId: MMSG-16999]
Action.c(16): Registering web_reg_save_param_ex was successful  	[MsgId: MMSG-26390]
Action.c(23): Error -26697: Missing CR/LF after body/trailer ("Transfer-Encoding: chunked") for "http://118.126.89.154:58080/service/album/get_album_themes_list.jsp?act=owner&shop_id=&search_value=&search_img=&start_date=&end_date=&page_index=1&client_type=ios&token=MzJFN0I0MTMxNkVFNjRDRTRFMkREREM5ODVBNjhEMjAzODZFMDRGM0IxMDM2QTkyQTlDMjRBRUFERTcyOUZCMkRERDU4QkM2MjI4RDZDQzlGNjNGNTc0OUEzQ0UxNzY0&version=2302"  	[MsgId: MERR-26697]
End auto log messages stack.	[MsgId: MMSG-10544]


Start auto log messages stack - Iteration 1.	[MsgId: MMSG-10545]
Starting action Action.	[MsgId: MMSG-15919]
Action.c(8): Notify: Transaction "个人相册新增商品" started.	[MsgId: MMSG-16999]
Action.c(10): Notify: Transaction "进入相册动态" started.	[MsgId: MMSG-16999]
Action.c(16): Registering web_reg_save_param_ex was successful  	[MsgId: MMSG-26390]
Action.c(23): Error -26697: Missing CR/LF after body/trailer ("Transfer-Encoding: chunked") for "http://118.126.89.154:58080/service/album/get_album_themes_list.jsp?act=owner&shop_id=&search_value=&search_img=&start_date=&end_date=&page_index=1&client_type=ios&token=MzJFN0I0MTMxNkVFNjRDRTRFMkREREM5ODVBNjhEMjAzODZFMDRGM0IxMDM2QTkyQTlDMjRBRUFERTcyOUZCMkRERDU4QkM2MjI4RDZDQzlGNjNGNTc0OUEzQ0UxNzY0&version=2302"  	[MsgId: MERR-26697]
End auto log messages stack.	[MsgId: MMSG-10544]


Start auto log messages stack - Iteration 3.	[MsgId: MMSG-10545]
Starting action Action.	[MsgId: MMSG-15919]
Action.c(8): Notify: Transaction "个人相册新增商品" started.	[MsgId: MMSG-16999]
Action.c(10): Notify: Transaction "进入相册动态" started.	[MsgId: MMSG-16999]
Action.c(16): Registering web_reg_save_param_ex was successful  	[MsgId: MMSG-26390]
Action.c(23): Error -26697: Missing CR/LF after body/trailer ("Transfer-Encoding: chunked") for "http://118.126.89.154:58080/service/album/get_album_themes_list.jsp?act=owner&shop_id=&search_value=&search_img=&start_date=&end_date=&page_index=1&client_type=ios&token=4F3D00B52FC8E01A1F6412605FF6FDE707B60438B35E6E6F0A690EC4CEE93B5F45F35F318C51A353&version=2302"  	[MsgId: MERR-26697]
End auto log messages stack.	[MsgId: MMSG-10544]


Start auto log messages stack - Iteration 1.	[MsgId: MMSG-10545]
Starting action Action.	[MsgId: MMSG-15919]
Action.c(8): Notify: Transaction "个人相册新增商品" started.	[MsgId: MMSG-16999]
Action.c(10): Notify: Transaction "进入相册动态" started.	[MsgId: MMSG-16999]
Action.c(16): Registering web_reg_save_param_ex was successful  	[MsgId: MMSG-26390]
Action.c(23): Error -26697: Missing CR/LF after body/trailer ("Transfer-Encoding: chunked") for "http://118.126.89.154:58080/service/album/get_album_themes_list.jsp?act=owner&shop_id=&search_value=&search_img=&start_date=&end_date=&page_index=1&client_type=ios&token=MzJFN0I0MTMxNkVFNjRDRTRFMkREREM5ODVBNjhEMjAzODZFMDRGM0IxMDM2QTkyQTlDMjRBRUFERTcyOUZCMkRERDU4QkM2MjI4RDZDQzlGNjNGNTc0OUEzQ0UxNzY0&version=2302"  	[MsgId: MERR-26697]
End auto log messages stack.	[MsgId: MMSG-10544]


Start auto log messages stack - Iteration 2.	[MsgId: MMSG-10545]
Starting action Action.	[MsgId: MMSG-15919]
Action.c(8): Notify: Transaction "个人相册新增商品" started.	[MsgId: MMSG-16999]
Action.c(10): Notify: Transaction "进入相册动态" started.	[MsgId: MMSG-16999]
Action.c(16): Registering web_reg_save_param_ex was successful  	[MsgId: MMSG-26390]
Action.c(23): Error -26697: Missing CR/LF after body/trailer ("Transfer-Encoding: chunked") for "http://118.126.89.154:58080/service/album/get_album_themes_list.jsp?act=owner&shop_id=&search_value=&search_img=&start_date=&end_date=&page_index=1&client_type=ios&token=EE6240DB5D53EEFBD18DCB43801D7E447AA51D2BF51158EF7630C103FD4803E66D2E84DD669910B1&version=2302"  	[MsgId: MERR-26697]
End auto log messages stack.	[MsgId: MMSG-10544]


Start auto log messages stack - Iteration 2.	[MsgId: MMSG-10545]
Starting action Action.	[MsgId: MMSG-15919]
Action.c(8): Notify: Transaction "个人相册新增商品" started.	[MsgId: MMSG-16999]
Action.c(10): Notify: Transaction "进入相册动态" started.	[MsgId: MMSG-16999]
Action.c(16): Registering web_reg_save_param_ex was successful  	[MsgId: MMSG-26390]
Action.c(23): Warning -26377: No match found for the requested parameter "shop_id". Check whether the requested boundaries exist in the response data. Also, if the data you want to save exceeds 256 bytes, use web_set_max_html_param_len to increase the parameter size  	[MsgId: MWAR-26377]
Action.c(23): web_custom_request("owner") highest severity level was "warning", 85663 body bytes, 928 header bytes, 92 chunking overhead bytes  	[MsgId: MMSG-26387]
Action.c(34): Notify: Transaction "进入相册动态" will be skipped - could not calculate the transaction time (duration=16.4523, think_time=0.0000, wasted_time=16.4533).	[MsgId: MMSG-16889]
Action.c(37): Notify: Transaction "进入个人相册" started.	[MsgId: MMSG-16999]
Action.c(41): Error -26697: Missing CR/LF after body/trailer ("Transfer-Encoding: chunked") for "http://118.126.89.154:58080/service/album/get_album_themes_list.jsp?act=single_album&shop_id=&search_value=&search_img=&start_date=&end_date=&tag=&page_index=1&from_id=&client_type=ios&token=EE6240DB5D53EEFBD18DCB43801D7E447AA51D2BF51158EF7630C103FD4803E66D2E84DD669910B1&version=2302"  	[MsgId: MERR-26697]
End auto log messages stack.	[MsgId: MMSG-10544]


Start auto log messages stack - Iteration 2.	[MsgId: MMSG-10545]
Starting action Action.	[MsgId: MMSG-15919]
Action.c(8): Notify: Transaction "个人相册新增商品" started.	[MsgId: MMSG-16999]
Action.c(10): Notify: Transaction "进入相册动态" started.	[MsgId: MMSG-16999]
Action.c(16): Registering web_reg_save_param_ex was successful  	[MsgId: MMSG-26390]
Action.c(23): Error -26697: Missing CR/LF after body/trailer ("Transfer-Encoding: chunked") for "http://118.126.89.154:58080/service/album/get_album_themes_list.jsp?act=owner&shop_id=&search_value=&search_img=&start_date=&end_date=&page_index=1&client_type=ios&token=EE6240DB5D53EEFBD18DCB43801D7E447AA51D2BF51158EF7630C103FD4803E66D2E84DD669910B1&version=2302"  	[MsgId: MERR-26697]
End auto log messages stack.	[MsgId: MMSG-10544]


Start auto log messages stack - Iteration 1.	[MsgId: MMSG-10545]
Starting action Action.	[MsgId: MMSG-15919]
Action.c(8): Notify: Transaction "个人相册新增商品" started.	[MsgId: MMSG-16999]
Action.c(10): Notify: Transaction "进入相册动态" started.	[MsgId: MMSG-16999]
Action.c(16): Registering web_reg_save_param_ex was successful  	[MsgId: MMSG-26390]
Action.c(23): Error -26697: Missing CR/LF after body/trailer ("Transfer-Encoding: chunked") for "http://118.126.89.154:58080/service/album/get_album_themes_list.jsp?act=owner&shop_id=&search_value=&search_img=&start_date=&end_date=&page_index=1&client_type=ios&token=MzJFN0I0MTMxNkVFNjRDRTRFMkREREM5ODVBNjhEMjAzODZFMDRGM0IxMDM2QTkyQTlDMjRBRUFERTcyOUZCMkRERDU4QkM2MjI4RDZDQzlGNjNGNTc0OUEzQ0UxNzY0&version=2302"  	[MsgId: MERR-26697]
End auto log messages stack.	[MsgId: MMSG-10544]


Start auto log messages stack - Iteration 1.	[MsgId: MMSG-10545]
Action.c(64): web_custom_request("get_tags") highest severity level was "warning", 787 body bytes, 304 header bytes  	[MsgId: MMSG-26388]
Action.c(70): web_custom_request("get_tags_except_1") was successful, 285 body bytes, 304 header bytes  	[MsgId: MMSG-26386]
Action.c(76): Notify: Transaction "进入个人相册" ended with "Pass" status (Duration: 33.0473 Wasted Time: 32.5781).	[MsgId: MMSG-16871]
Action.c(78): Notify: Transaction "发布商品" started.	[MsgId: MMSG-16999]
Action.c(80): web_custom_request("save_theme") was successful, 543 body bytes, 494 header bytes  	[MsgId: MMSG-26386]
Action.c(86): Notify: Transaction "发布商品" ended with "Pass" status (Duration: 0.0692).	[MsgId: MMSG-16873]
Action.c(88): Notify: Transaction "返回个人相册" started.	[MsgId: MMSG-16999]
Action.c(90): web_custom_request("get_tags_except_2") was successful, 285 body bytes, 304 header bytes  	[MsgId: MMSG-26386]
Action.c(98): Error -26697: Missing CR/LF after body/trailer ("Transfer-Encoding: chunked") for "http://118.126.89.154:58080/service/album/get_album_themes_list.jsp?act=single_album&shop_id=A201812080953300270014587&search_value=&search_img=&start_date=&end_date=&tag=&page_index=1&from_id=&client_type=ios&token=MzJFN0I0MTMxNkVFNjRDRTRFMkREREM5ODVBNjhEMjAzODZFMDRGM0IxMDM2QTkyQTlDMjRBRUFERTcyOUZCMkRERDU4QkM2MjI4RDZDQzlGNjNGNTc0OUEzQ0UxNzY0&version=2302"  	[MsgId: MERR-26697]
End auto log messages stack.	[MsgId: MMSG-10544]


Start auto log messages stack - Iteration 3.	[MsgId: MMSG-10545]
Starting action Action.	[MsgId: MMSG-15919]
Action.c(8): Notify: Transaction "个人相册新增商品" started.	[MsgId: MMSG-16999]
Action.c(10): Notify: Transaction "进入相册动态" started.	[MsgId: MMSG-16999]
Action.c(16): Registering web_reg_save_param_ex was successful  	[MsgId: MMSG-26390]
Action.c(23): Error -26697: Missing CR/LF after body/trailer ("Transfer-Encoding: chunked") for "http://118.126.89.154:58080/service/album/get_album_themes_list.jsp?act=owner&shop_id=&search_value=&search_img=&start_date=&end_date=&page_index=1&client_type=ios&token=4F3D00B52FC8E01A1F6412605FF6FDE707B60438B35E6E6F0A690EC4CEE93B5F45F35F318C51A353&version=2302"  	[MsgId: MERR-26697]
End auto log messages stack.	[MsgId: MMSG-10544]


Start auto log messages stack - Iteration 1.	[MsgId: MMSG-10545]
Starting action Action.	[MsgId: MMSG-15919]
Action.c(8): Notify: Transaction "个人相册新增商品" started.	[MsgId: MMSG-16999]
Action.c(10): Notify: Transaction "进入相册动态" started.	[MsgId: MMSG-16999]
Action.c(16): Registering web_reg_save_param_ex was successful  	[MsgId: MMSG-26390]
Action.c(23): Error -26697: Missing CR/LF after body/trailer ("Transfer-Encoding: chunked") for "http://118.126.89.154:58080/service/album/get_album_themes_list.jsp?act=owner&shop_id=&search_value=&search_img=&start_date=&end_date=&page_index=1&client_type=ios&token=MzJFN0I0MTMxNkVFNjRDRTRFMkREREM5ODVBNjhEMjAzODZFMDRGM0IxMDM2QTkyQTlDMjRBRUFERTcyOUZCMkRERDU4QkM2MjI4RDZDQzlGNjNGNTc0OUEzQ0UxNzY0&version=2302"  	[MsgId: MERR-26697]
End auto log messages stack.	[MsgId: MMSG-10544]


Start auto log messages stack - Iteration 2.	[MsgId: MMSG-10545]
Starting action Action.	[MsgId: MMSG-15919]
Action.c(8): Notify: Transaction "个人相册新增商品" started.	[MsgId: MMSG-16999]
Action.c(10): Notify: Transaction "进入相册动态" started.	[MsgId: MMSG-16999]
Action.c(16): Registering web_reg_save_param_ex was successful  	[MsgId: MMSG-26390]
Action.c(23): Error -26697: Missing CR/LF after body/trailer ("Transfer-Encoding: chunked") for "http://118.126.89.154:58080/service/album/get_album_themes_list.jsp?act=owner&shop_id=&search_value=&search_img=&start_date=&end_date=&page_index=1&client_type=ios&token=EE6240DB5D53EEFBD18DCB43801D7E447AA51D2BF51158EF7630C103FD4803E66D2E84DD669910B1&version=2302"  	[MsgId: MERR-26697]
End auto log messages stack.	[MsgId: MMSG-10544]


Start auto log messages stack - Iteration 2.	[MsgId: MMSG-10545]
Starting action Action.	[MsgId: MMSG-15919]
Action.c(8): Notify: Transaction "个人相册新增商品" started.	[MsgId: MMSG-16999]
Action.c(10): Notify: Transaction "进入相册动态" started.	[MsgId: MMSG-16999]
Action.c(16): Registering web_reg_save_param_ex was successful  	[MsgId: MMSG-26390]
Action.c(23): Warning -26377: No match found for the requested parameter "shop_id". Check whether the requested boundaries exist in the response data. Also, if the data you want to save exceeds 256 bytes, use web_set_max_html_param_len to increase the parameter size  	[MsgId: MWAR-26377]
Action.c(23): web_custom_request("owner") highest severity level was "warning", 85263 body bytes, 928 header bytes, 92 chunking overhead bytes  	[MsgId: MMSG-26387]
Action.c(34): Notify: Transaction "进入相册动态" will be skipped - could not calculate the transaction time (duration=4.2092, think_time=0.0000, wasted_time=4.2101).	[MsgId: MMSG-16889]
Action.c(37): Notify: Transaction "进入个人相册" started.	[MsgId: MMSG-16999]
Action.c(41): Error -26697: Missing CR/LF after body/trailer ("Transfer-Encoding: chunked") for "http://118.126.89.154:58080/service/album/get_album_themes_list.jsp?act=single_album&shop_id=&search_value=&search_img=&start_date=&end_date=&tag=&page_index=1&from_id=&client_type=ios&token=EE6240DB5D53EEFBD18DCB43801D7E447AA51D2BF51158EF7630C103FD4803E66D2E84DD669910B1&version=2302"  	[MsgId: MERR-26697]
End auto log messages stack.	[MsgId: MMSG-10544]


Start auto log messages stack - Iteration 1.	[MsgId: MMSG-10545]
Action.c(64): web_custom_request("get_tags") highest severity level was "warning", 787 body bytes, 304 header bytes  	[MsgId: MMSG-26388]
Action.c(70): web_custom_request("get_tags_except_1") was successful, 285 body bytes, 304 header bytes  	[MsgId: MMSG-26386]
Action.c(76): Notify: Transaction "进入个人相册" ended with "Pass" status (Duration: 2.5369 Wasted Time: 2.1182).	[MsgId: MMSG-16871]
Action.c(78): Notify: Transaction "发布商品" started.	[MsgId: MMSG-16999]
Action.c(80): web_custom_request("save_theme") was successful, 543 body bytes, 494 header bytes  	[MsgId: MMSG-26386]
Action.c(86): Notify: Transaction "发布商品" ended with "Pass" status (Duration: 0.0480).	[MsgId: MMSG-16873]
Action.c(88): Notify: Transaction "返回个人相册" started.	[MsgId: MMSG-16999]
Action.c(90): web_custom_request("get_tags_except_2") was successful, 285 body bytes, 304 header bytes  	[MsgId: MMSG-26386]
Action.c(98): Error -26697: Missing CR/LF after body/trailer ("Transfer-Encoding: chunked") for "http://118.126.89.154:58080/service/album/get_album_themes_list.jsp?act=single_album&shop_id=A201812080953300270014587&search_value=&search_img=&start_date=&end_date=&tag=&page_index=1&from_id=&client_type=ios&token=MzJFN0I0MTMxNkVFNjRDRTRFMkREREM5ODVBNjhEMjAzODZFMDRGM0IxMDM2QTkyQTlDMjRBRUFERTcyOUZCMkRERDU4QkM2MjI4RDZDQzlGNjNGNTc0OUEzQ0UxNzY0&version=2302"  	[MsgId: MERR-26697]
End auto log messages stack.	[MsgId: MMSG-10544]


Start auto log messages stack - Iteration 1.	[MsgId: MMSG-10545]
Starting action Action.	[MsgId: MMSG-15919]
Action.c(8): Notify: Transaction "个人相册新增商品" started.	[MsgId: MMSG-16999]
Action.c(10): Notify: Transaction "进入相册动态" started.	[MsgId: MMSG-16999]
Action.c(16): Registering web_reg_save_param_ex was successful  	[MsgId: MMSG-26390]
Action.c(23): web_custom_request("owner") was successful, 82801 body bytes, 1024 header bytes, 92 chunking overhead bytes  	[MsgId: MMSG-26385]
Action.c(34): Notify: Transaction "进入相册动态" will be skipped - could not calculate the transaction time (duration=29.4477, think_time=0.0000, wasted_time=29.4483).	[MsgId: MMSG-16889]
Action.c(37): Notify: Transaction "进入个人相册" started.	[MsgId: MMSG-16999]
Action.c(41): Error -26697: Missing CR/LF after body/trailer ("Transfer-Encoding: chunked") for "http://118.126.89.154:58080/service/album/get_album_themes_list.jsp?act=single_album&shop_id=A201812080953300270014587&search_value=&search_img=&start_date=&end_date=&tag=&page_index=1&from_id=&client_type=ios&token=MzJFN0I0MTMxNkVFNjRDRTRFMkREREM5ODVBNjhEMjAzODZFMDRGM0IxMDM2QTkyQTlDMjRBRUFERTcyOUZCMkRERDU4QkM2MjI4RDZDQzlGNjNGNTc0OUEzQ0UxNzY0&version=2302"  	[MsgId: MERR-26697]
End auto log messages stack.	[MsgId: MMSG-10544]


Start auto log messages stack - Iteration 2.	[MsgId: MMSG-10545]
Starting action Action.	[MsgId: MMSG-15919]
Action.c(8): Notify: Transaction "个人相册新增商品" started.	[MsgId: MMSG-16999]
Action.c(10): Notify: Transaction "进入相册动态" started.	[MsgId: MMSG-16999]
Action.c(16): Registering web_reg_save_param_ex was successful  	[MsgId: MMSG-26390]
Action.c(23): Error -26697: Missing CR/LF after body/trailer ("Transfer-Encoding: chunked") for "http://118.126.89.154:58080/service/album/get_album_themes_list.jsp?act=owner&shop_id=&search_value=&search_img=&start_date=&end_date=&page_index=1&client_type=ios&token=EE6240DB5D53EEFBD18DCB43801D7E447AA51D2BF51158EF7630C103FD4803E66D2E84DD669910B1&version=2302"  	[MsgId: MERR-26697]
End auto log messages stack.	[MsgId: MMSG-10544]


Start auto log messages stack - Iteration 4.	[MsgId: MMSG-10545]
Starting action Action.	[MsgId: MMSG-15919]
Action.c(8): Notify: Transaction "个人相册新增商品" started.	[MsgId: MMSG-16999]
Action.c(10): Notify: Transaction "进入相册动态" started.	[MsgId: MMSG-16999]
Action.c(16): Registering web_reg_save_param_ex was successful  	[MsgId: MMSG-26390]
Action.c(23): Error -26697: Missing CR/LF after body/trailer ("Transfer-Encoding: chunked") for "http://118.126.89.154:58080/service/album/get_album_themes_list.jsp?act=owner&shop_id=&search_value=&search_img=&start_date=&end_date=&page_index=1&client_type=ios&token=BC658ACC22C566281BF194B16F84F42153FEAD4905BB60CD444634F8046E35B4578EA9B598C50D06&version=2302"  	[MsgId: MERR-26697]
End auto log messages stack.	[MsgId: MMSG-10544]


Start auto log messages stack - Iteration 3.	[MsgId: MMSG-10545]
Starting action Action.	[MsgId: MMSG-15919]
Action.c(8): Notify: Transaction "个人相册新增商品" started.	[MsgId: MMSG-16999]
Action.c(10): Notify: Transaction "进入相册动态" started.	[MsgId: MMSG-16999]
Action.c(16): Registering web_reg_save_param_ex was successful  	[MsgId: MMSG-26390]
Action.c(23): Error -26697: Missing CR/LF after body/trailer ("Transfer-Encoding: chunked") for "http://118.126.89.154:58080/service/album/get_album_themes_list.jsp?act=owner&shop_id=&search_value=&search_img=&start_date=&end_date=&page_index=1&client_type=ios&token=4F3D00B52FC8E01A1F6412605FF6FDE707B60438B35E6E6F0A690EC4CEE93B5F45F35F318C51A353&version=2302"  	[MsgId: MERR-26697]
End auto log messages stack.	[MsgId: MMSG-10544]


Start auto log messages stack - Iteration 2.	[MsgId: MMSG-10545]
Starting action Action.	[MsgId: MMSG-15919]
Action.c(8): Notify: Transaction "个人相册新增商品" started.	[MsgId: MMSG-16999]
Action.c(10): Notify: Transaction "进入相册动态" started.	[MsgId: MMSG-16999]
Action.c(16): Registering web_reg_save_param_ex was successful  	[MsgId: MMSG-26390]
Action.c(23): Warning -26377: No match found for the requested parameter "shop_id". Check whether the requested boundaries exist in the response data. Also, if the data you want to save exceeds 256 bytes, use web_set_max_html_param_len to increase the parameter size  	[MsgId: MWAR-26377]
Action.c(23): web_custom_request("owner") highest severity level was "warning", 81907 body bytes, 928 header bytes, 85 chunking overhead bytes  	[MsgId: MMSG-26387]
Action.c(34): Notify: Transaction "进入相册动态" will be skipped - could not calculate the transaction time (duration=16.4339, think_time=0.0000, wasted_time=16.4343).	[MsgId: MMSG-16889]
Action.c(37): Notify: Transaction "进入个人相册" started.	[MsgId: MMSG-16999]
Action.c(41): Error -26697: Missing CR/LF after body/trailer ("Transfer-Encoding: chunked") for "http://118.126.89.154:58080/service/album/get_album_themes_list.jsp?act=single_album&shop_id=&search_value=&search_img=&start_date=&end_date=&tag=&page_index=1&from_id=&client_type=ios&token=EE6240DB5D53EEFBD18DCB43801D7E447AA51D2BF51158EF7630C103FD4803E66D2E84DD669910B1&version=2302"  	[MsgId: MERR-26697]
End auto log messages stack.	[MsgId: MMSG-10544]


Start auto log messages stack - Iteration 4.	[MsgId: MMSG-10545]
Action.c(64): web_custom_request("get_tags") highest severity level was "warning", 301 body bytes, 304 header bytes  	[MsgId: MMSG-26388]
Action.c(70): web_custom_request("get_tags_except_1") was successful, 356 body bytes, 304 header bytes  	[MsgId: MMSG-26386]
Action.c(76): Notify: Transaction "进入个人相册" ended with "Pass" status (Duration: 5.4219 Wasted Time: 5.0161).	[MsgId: MMSG-16871]
Action.c(78): Notify: Transaction "发布商品" started.	[MsgId: MMSG-16999]
Action.c(80): web_custom_request("save_theme") was successful, 480 body bytes, 494 header bytes  	[MsgId: MMSG-26386]
Action.c(86): Notify: Transaction "发布商品" ended with "Pass" status (Duration: 0.0382).	[MsgId: MMSG-16873]
Action.c(88): Notify: Transaction "返回个人相册" started.	[MsgId: MMSG-16999]
Action.c(90): web_custom_request("get_tags_except_2") was successful, 356 body bytes, 304 header bytes  	[MsgId: MMSG-26386]
Action.c(98): Error -26697: Missing CR/LF after body/trailer ("Transfer-Encoding: chunked") for "http://118.126.89.154:58080/service/album/get_album_themes_list.jsp?act=single_album&shop_id=&search_value=&search_img=&start_date=&end_date=&tag=&page_index=1&from_id=&client_type=ios&token=BC658ACC22C566281BF194B16F84F42153FEAD4905BB60CD444634F8046E35B4578EA9B598C50D06&version=2302"  	[MsgId: MERR-26697]
End auto log messages stack.	[MsgId: MMSG-10544]


Start auto log messages stack - Iteration 2.	[MsgId: MMSG-10545]
Action.c(64): web_custom_request("get_tags") highest severity level was "warning", 248 body bytes, 304 header bytes  	[MsgId: MMSG-26388]
Action.c(70): web_custom_request("get_tags_except_1") was successful, 237 body bytes, 304 header bytes  	[MsgId: MMSG-26386]
Action.c(76): Notify: Transaction "进入个人相册" ended with "Pass" status (Duration: 4.5505 Wasted Time: 4.0891).	[MsgId: MMSG-16871]
Action.c(78): Notify: Transaction "发布商品" started.	[MsgId: MMSG-16999]
Action.c(80): web_custom_request("save_theme") was successful, 480 body bytes, 494 header bytes  	[MsgId: MMSG-26386]
Action.c(86): Notify: Transaction "发布商品" ended with "Pass" status (Duration: 0.0421).	[MsgId: MMSG-16873]
Action.c(88): Notify: Transaction "返回个人相册" started.	[MsgId: MMSG-16999]
Action.c(90): web_custom_request("get_tags_except_2") was successful, 237 body bytes, 304 header bytes  	[MsgId: MMSG-26386]
Action.c(98): Error -26697: Missing CR/LF after body/trailer ("Transfer-Encoding: chunked") for "http://118.126.89.154:58080/service/album/get_album_themes_list.jsp?act=single_album&shop_id=&search_value=&search_img=&start_date=&end_date=&tag=&page_index=1&from_id=&client_type=ios&token=EE6240DB5D53EEFBD18DCB43801D7E447AA51D2BF51158EF7630C103FD4803E66D2E84DD669910B1&version=2302"  	[MsgId: MERR-26697]
End auto log messages stack.	[MsgId: MMSG-10544]


Start auto log messages stack - Iteration 2.	[MsgId: MMSG-10545]
Starting action Action.	[MsgId: MMSG-15919]
Action.c(8): Notify: Transaction "个人相册新增商品" started.	[MsgId: MMSG-16999]
Action.c(10): Notify: Transaction "进入相册动态" started.	[MsgId: MMSG-16999]
Action.c(16): Registering web_reg_save_param_ex was successful  	[MsgId: MMSG-26390]
Action.c(23): Error -26697: Missing CR/LF after body/trailer ("Transfer-Encoding: chunked") for "http://118.126.89.154:58080/service/album/get_album_themes_list.jsp?act=owner&shop_id=&search_value=&search_img=&start_date=&end_date=&page_index=1&client_type=ios&token=EE6240DB5D53EEFBD18DCB43801D7E447AA51D2BF51158EF7630C103FD4803E66D2E84DD669910B1&version=2302"  	[MsgId: MERR-26697]
End auto log messages stack.	[MsgId: MMSG-10544]


Start auto log messages stack - Iteration 2.	[MsgId: MMSG-10545]
Action.c(64): web_custom_request("get_tags") highest severity level was "warning", 248 body bytes, 304 header bytes  	[MsgId: MMSG-26388]
Action.c(70): web_custom_request("get_tags_except_1") was successful, 237 body bytes, 304 header bytes  	[MsgId: MMSG-26386]
Action.c(76): Notify: Transaction "进入个人相册" ended with "Pass" status (Duration: 53.7858 Wasted Time: 53.3461).	[MsgId: MMSG-16871]
Action.c(78): Notify: Transaction "发布商品" started.	[MsgId: MMSG-16999]
Action.c(80): web_custom_request("save_theme") was successful, 480 body bytes, 494 header bytes  	[MsgId: MMSG-26386]
Action.c(86): Notify: Transaction "发布商品" ended with "Pass" status (Duration: 0.0418).	[MsgId: MMSG-16873]
Action.c(88): Notify: Transaction "返回个人相册" started.	[MsgId: MMSG-16999]
Action.c(90): web_custom_request("get_tags_except_2") was successful, 237 body bytes, 304 header bytes  	[MsgId: MMSG-26386]
Action.c(98): Error -26697: Missing CR/LF after body/trailer ("Transfer-Encoding: chunked") for "http://118.126.89.154:58080/service/album/get_album_themes_list.jsp?act=single_album&shop_id=&search_value=&search_img=&start_date=&end_date=&tag=&page_index=1&from_id=&client_type=ios&token=EE6240DB5D53EEFBD18DCB43801D7E447AA51D2BF51158EF7630C103FD4803E66D2E84DD669910B1&version=2302"  	[MsgId: MERR-26697]
End auto log messages stack.	[MsgId: MMSG-10544]


Start auto log messages stack - Iteration 5.	[MsgId: MMSG-10545]
Starting action Action.	[MsgId: MMSG-15919]
Action.c(8): Notify: Transaction "个人相册新增商品" started.	[MsgId: MMSG-16999]
Action.c(10): Notify: Transaction "进入相册动态" started.	[MsgId: MMSG-16999]
Action.c(16): Registering web_reg_save_param_ex was successful  	[MsgId: MMSG-26390]
Action.c(23): Warning -26377: No match found for the requested parameter "shop_id". Check whether the requested boundaries exist in the response data. Also, if the data you want to save exceeds 256 bytes, use web_set_max_html_param_len to increase the parameter size  	[MsgId: MWAR-26377]
Action.c(23): web_custom_request("owner") highest severity level was "warning", 79258 body bytes, 928 header bytes, 85 chunking overhead bytes  	[MsgId: MMSG-26387]
Action.c(34): Notify: Transaction "进入相册动态" will be skipped - could not calculate the transaction time (duration=12.9499, think_time=0.0000, wasted_time=12.9501).	[MsgId: MMSG-16889]
Action.c(37): Notify: Transaction "进入个人相册" started.	[MsgId: MMSG-16999]
Action.c(41): Error -26697: Missing CR/LF after body/trailer ("Transfer-Encoding: chunked") for "http://118.126.89.154:58080/service/album/get_album_themes_list.jsp?act=single_album&shop_id=&search_value=&search_img=&start_date=&end_date=&tag=&page_index=1&from_id=&client_type=ios&token=9AD94F496CBE31F83F9430C484EDDC7091BDEEC382DE4D9FDDE06BED59065C3305950C0C801737F6&version=2302"  	[MsgId: MERR-26697]
End auto log messages stack.	[MsgId: MMSG-10544]


Start auto log messages stack - Iteration 5.	[MsgId: MMSG-10545]
Starting action Action.	[MsgId: MMSG-15919]
Action.c(8): Notify: Transaction "个人相册新增商品" started.	[MsgId: MMSG-16999]
Action.c(10): Notify: Transaction "进入相册动态" started.	[MsgId: MMSG-16999]
Action.c(16): Registering web_reg_save_param_ex was successful  	[MsgId: MMSG-26390]
Action.c(23): Error -26697: Missing CR/LF after body/trailer ("Transfer-Encoding: chunked") for "http://118.126.89.154:58080/service/album/get_album_themes_list.jsp?act=owner&shop_id=&search_value=&search_img=&start_date=&end_date=&page_index=1&client_type=ios&token=9AD94F496CBE31F83F9430C484EDDC7091BDEEC382DE4D9FDDE06BED59065C3305950C0C801737F6&version=2302"  	[MsgId: MERR-26697]
End auto log messages stack.	[MsgId: MMSG-10544]


Start auto log messages stack - Iteration 3.	[MsgId: MMSG-10545]
Starting action Action.	[MsgId: MMSG-15919]
Action.c(8): Notify: Transaction "个人相册新增商品" started.	[MsgId: MMSG-16999]
Action.c(10): Notify: Transaction "进入相册动态" started.	[MsgId: MMSG-16999]
Action.c(16): Registering web_reg_save_param_ex was successful  	[MsgId: MMSG-26390]
Action.c(23): Error -26697: Missing CR/LF after body/trailer ("Transfer-Encoding: chunked") for "http://118.126.89.154:58080/service/album/get_album_themes_list.jsp?act=owner&shop_id=&search_value=&search_img=&start_date=&end_date=&page_index=1&client_type=ios&token=4F3D00B52FC8E01A1F6412605FF6FDE707B60438B35E6E6F0A690EC4CEE93B5F45F35F318C51A353&version=2302"  	[MsgId: MERR-26697]
End auto log messages stack.	[MsgId: MMSG-10544]


Start auto log messages stack - Iteration 4.	[MsgId: MMSG-10545]
Starting action Action.	[MsgId: MMSG-15919]
Action.c(8): Notify: Transaction "个人相册新增商品" started.	[MsgId: MMSG-16999]
Action.c(10): Notify: Transaction "进入相册动态" started.	[MsgId: MMSG-16999]
Action.c(16): Registering web_reg_save_param_ex was successful  	[MsgId: MMSG-26390]
Action.c(23): Error -26697: Missing CR/LF after body/trailer ("Transfer-Encoding: chunked") for "http://118.126.89.154:58080/service/album/get_album_themes_list.jsp?act=owner&shop_id=&search_value=&search_img=&start_date=&end_date=&page_index=1&client_type=ios&token=BC658ACC22C566281BF194B16F84F42153FEAD4905BB60CD444634F8046E35B4578EA9B598C50D06&version=2302"  	[MsgId: MERR-26697]
End auto log messages stack.	[MsgId: MMSG-10544]


Start auto log messages stack - Iteration 5.	[MsgId: MMSG-10545]
Action.c(64): web_custom_request("get_tags") highest severity level was "warning", 170 body bytes, 304 header bytes  	[MsgId: MMSG-26388]
Action.c(70): web_custom_request("get_tags_except_1") was successful, 237 body bytes, 304 header bytes  	[MsgId: MMSG-26386]
Action.c(76): Notify: Transaction "进入个人相册" ended with "Pass" status (Duration: 8.8449 Wasted Time: 8.6381).	[MsgId: MMSG-16871]
Action.c(78): Notify: Transaction "发布商品" started.	[MsgId: MMSG-16999]
Action.c(80): web_custom_request("save_theme") was successful, 491 body bytes, 494 header bytes  	[MsgId: MMSG-26386]
Action.c(86): Notify: Transaction "发布商品" ended with "Pass" status (Duration: 0.0180).	[MsgId: MMSG-16873]
Action.c(88): Notify: Transaction "返回个人相册" started.	[MsgId: MMSG-16999]
Action.c(90): web_custom_request("get_tags_except_2") was successful, 237 body bytes, 304 header bytes  	[MsgId: MMSG-26386]
Action.c(98): Error -26697: Missing CR/LF after body/trailer ("Transfer-Encoding: chunked") for "http://118.126.89.154:58080/service/album/get_album_themes_list.jsp?act=single_album&shop_id=&search_value=&search_img=&start_date=&end_date=&tag=&page_index=1&from_id=&client_type=ios&token=9AD94F496CBE31F83F9430C484EDDC7091BDEEC382DE4D9FDDE06BED59065C3305950C0C801737F6&version=2302"  	[MsgId: MERR-26697]
End auto log messages stack.	[MsgId: MMSG-10544]


Start auto log messages stack - Iteration 4.	[MsgId: MMSG-10545]
Starting action Action.	[MsgId: MMSG-15919]
Action.c(8): Notify: Transaction "个人相册新增商品" started.	[MsgId: MMSG-16999]
Action.c(10): Notify: Transaction "进入相册动态" started.	[MsgId: MMSG-16999]
Action.c(16): Registering web_reg_save_param_ex was successful  	[MsgId: MMSG-26390]
Action.c(23): Error -26697: Missing CR/LF after body/trailer ("Transfer-Encoding: chunked") for "http://118.126.89.154:58080/service/album/get_album_themes_list.jsp?act=owner&shop_id=&search_value=&search_img=&start_date=&end_date=&page_index=1&client_type=ios&token=BC658ACC22C566281BF194B16F84F42153FEAD4905BB60CD444634F8046E35B4578EA9B598C50D06&version=2302"  	[MsgId: MERR-26697]
End auto log messages stack.	[MsgId: MMSG-10544]


Start auto log messages stack - Iteration 4.	[MsgId: MMSG-10545]
Starting action Action.	[MsgId: MMSG-15919]
Action.c(8): Notify: Transaction "个人相册新增商品" started.	[MsgId: MMSG-16999]
Action.c(10): Notify: Transaction "进入相册动态" started.	[MsgId: MMSG-16999]
Action.c(16): Registering web_reg_save_param_ex was successful  	[MsgId: MMSG-26390]
Action.c(23): Error -26697: Missing CR/LF after body/trailer ("Transfer-Encoding: chunked") for "http://118.126.89.154:58080/service/album/get_album_themes_list.jsp?act=owner&shop_id=&search_value=&search_img=&start_date=&end_date=&page_index=1&client_type=ios&token=BC658ACC22C566281BF194B16F84F42153FEAD4905BB60CD444634F8046E35B4578EA9B598C50D06&version=2302"  	[MsgId: MERR-26697]
End auto log messages stack.	[MsgId: MMSG-10544]


Start auto log messages stack - Iteration 5.	[MsgId: MMSG-10545]
Starting action Action.	[MsgId: MMSG-15919]
Action.c(8): Notify: Transaction "个人相册新增商品" started.	[MsgId: MMSG-16999]
Action.c(10): Notify: Transaction "进入相册动态" started.	[MsgId: MMSG-16999]
Action.c(16): Registering web_reg_save_param_ex was successful  	[MsgId: MMSG-26390]
Action.c(23): Error -26697: Missing CR/LF after body/trailer ("Transfer-Encoding: chunked") for "http://118.126.89.154:58080/service/album/get_album_themes_list.jsp?act=owner&shop_id=&search_value=&search_img=&start_date=&end_date=&page_index=1&client_type=ios&token=9AD94F496CBE31F83F9430C484EDDC7091BDEEC382DE4D9FDDE06BED59065C3305950C0C801737F6&version=2302"  	[MsgId: MERR-26697]
End auto log messages stack.	[MsgId: MMSG-10544]


Start auto log messages stack - Iteration 5.	[MsgId: MMSG-10545]
Starting action Action.	[MsgId: MMSG-15919]
Action.c(8): Notify: Transaction "个人相册新增商品" started.	[MsgId: MMSG-16999]
Action.c(10): Notify: Transaction "进入相册动态" started.	[MsgId: MMSG-16999]
Action.c(16): Registering web_reg_save_param_ex was successful  	[MsgId: MMSG-26390]
Action.c(23): Error -26697: Missing CR/LF after body/trailer ("Transfer-Encoding: chunked") for "http://118.126.89.154:58080/service/album/get_album_themes_list.jsp?act=owner&shop_id=&search_value=&search_img=&start_date=&end_date=&page_index=1&client_type=ios&token=9AD94F496CBE31F83F9430C484EDDC7091BDEEC382DE4D9FDDE06BED59065C3305950C0C801737F6&version=2302"  	[MsgId: MERR-26697]
End auto log messages stack.	[MsgId: MMSG-10544]


Start auto log messages stack - Iteration 1.	[MsgId: MMSG-10545]
Starting action Action.	[MsgId: MMSG-15919]
Action.c(8): Notify: Transaction "个人相册新增商品" started.	[MsgId: MMSG-16999]
Action.c(10): Notify: Transaction "进入相册动态" started.	[MsgId: MMSG-16999]
Action.c(16): Registering web_reg_save_param_ex was successful  	[MsgId: MMSG-26390]
Action.c(23): web_custom_request("owner") was successful, 83195 body bytes, 1024 header bytes, 92 chunking overhead bytes  	[MsgId: MMSG-26385]
Action.c(34): Notify: Transaction "进入相册动态" will be skipped - could not calculate the transaction time (duration=38.7988, think_time=0.0000, wasted_time=38.7993).	[MsgId: MMSG-16889]
Action.c(37): Notify: Transaction "进入个人相册" started.	[MsgId: MMSG-16999]
Action.c(41): Error -26697: Missing CR/LF after body/trailer ("Transfer-Encoding: chunked") for "http://118.126.89.154:58080/service/album/get_album_themes_list.jsp?act=single_album&shop_id=A201812080953300270014587&search_value=&search_img=&start_date=&end_date=&tag=&page_index=1&from_id=&client_type=ios&token=MzJFN0I0MTMxNkVFNjRDRTRFMkREREM5ODVBNjhEMjAzODZFMDRGM0IxMDM2QTkyQTlDMjRBRUFERTcyOUZCMkRERDU4QkM2MjI4RDZDQzlGNjNGNTc0OUEzQ0UxNzY0&version=2302"  	[MsgId: MERR-26697]
End auto log messages stack.	[MsgId: MMSG-10544]


Start auto log messages stack - Iteration 2.	[MsgId: MMSG-10545]
Action.c(64): web_custom_request("get_tags") highest severity level was "warning", 248 body bytes, 304 header bytes  	[MsgId: MMSG-26388]
Action.c(70): web_custom_request("get_tags_except_1") was successful, 237 body bytes, 304 header bytes  	[MsgId: MMSG-26386]
Action.c(76): Notify: Transaction "进入个人相册" ended with "Pass" status (Duration: 9.8143 Wasted Time: 9.4001).	[MsgId: MMSG-16871]
Action.c(78): Notify: Transaction "发布商品" started.	[MsgId: MMSG-16999]
Action.c(80): web_custom_request("save_theme") was successful, 480 body bytes, 494 header bytes  	[MsgId: MMSG-26386]
Action.c(86): Notify: Transaction "发布商品" ended with "Pass" status (Duration: 0.3010).	[MsgId: MMSG-16873]
Action.c(88): Notify: Transaction "返回个人相册" started.	[MsgId: MMSG-16999]
Action.c(90): web_custom_request("get_tags_except_2") was successful, 237 body bytes, 304 header bytes  	[MsgId: MMSG-26386]
Action.c(98): Error -26697: Missing CR/LF after body/trailer ("Transfer-Encoding: chunked") for "http://118.126.89.154:58080/service/album/get_album_themes_list.jsp?act=single_album&shop_id=&search_value=&search_img=&start_date=&end_date=&tag=&page_index=1&from_id=&client_type=ios&token=EE6240DB5D53EEFBD18DCB43801D7E447AA51D2BF51158EF7630C103FD4803E66D2E84DD669910B1&version=2302"  	[MsgId: MERR-26697]
End auto log messages stack.	[MsgId: MMSG-10544]


