Virtual User Script started at : 2019-01-23 18:10:16
Starting action vuser_init.
Web Turbo Replay of LoadRunner 11.0.0 for Windows 7; build 8859 (Aug 18 2010 20:14:31)  	[MsgId: MMSG-27143]
Run Mode: HTML  	[MsgId: MMSG-26000]
Run-Time Settings file: "D:\loadrunnerScript\IP_Spoofing\\default.cfg"  	[MsgId: MMSG-27141]
Ending action vuser_init.
Running Vuser...
Starting iteration 1.
Starting action Action.
Action.c(9): [enable IP spoofing ]选项没有被启用！
Action.c(12): Notify: Transaction "百度首页" started.
Action.c(14): Found resource "http://www.baidu.com/img/bd_logo1.png" in HTML "http://www.baidu.com/"  	[MsgId: MMSG-26659]
Action.c(14): Found resource "http://www.baidu.com/img/bd_logo1.png?qua=high" in HTML "http://www.baidu.com/"  	[MsgId: MMSG-26659]
Action.c(14): Found resource "http://www.baidu.com/img/baidu_jgylogo3.gif" in HTML "http://www.baidu.com/"  	[MsgId: MMSG-26659]
Action.c(14): Found resource "http://s1.bdstatic.com/r/www/cache/static/jquery/jquery-1.10.2.min_65682a2.js" in HTML "http://www.baidu.com/"  	[MsgId: MMSG-26659]
Action.c(14): web_url("www.baidu.com") was successful, 88767 body bytes, 2401 header bytes, 35 chunking overhead bytes  	[MsgId: MMSG-26385]
Action.c(24): Notify: Transaction "百度首页" ended with "Pass" status (Duration: 0.3090 Wasted Time: 0.2240).
Ending action Action.
Ending iteration 1.
Starting iteration 2.
Starting action Action.
Action.c(9): [enable IP spoofing ]选项没有被启用！
Action.c(12): Notify: Transaction "百度首页" started.
Action.c(14): Found resource "http://www.baidu.com/img/bd_logo1.png" in HTML "http://www.baidu.com/"  	[MsgId: MMSG-26659]
Action.c(14): Found resource "http://www.baidu.com/img/bd_logo1.png?qua=high" in HTML "http://www.baidu.com/"  	[MsgId: MMSG-26659]
Action.c(14): Found resource "http://www.baidu.com/img/baidu_jgylogo3.gif" in HTML "http://www.baidu.com/"  	[MsgId: MMSG-26659]
Action.c(14): Found resource "http://s1.bdstatic.com/r/www/cache/static/jquery/jquery-1.10.2.min_65682a2.js" in HTML "http://www.baidu.com/"  	[MsgId: MMSG-26659]
Action.c(14): web_url("www.baidu.com") was successful, 88764 body bytes, 2383 header bytes, 35 chunking overhead bytes  	[MsgId: MMSG-26385]
Action.c(24): Notify: Transaction "百度首页" ended with "Pass" status (Duration: 0.0589 Wasted Time: 0.0048).
Ending action Action.
Ending iteration 2.
Starting iteration 3.
Starting action Action.
Action.c(9): [enable IP spoofing ]选项没有被启用！
Action.c(12): Notify: Transaction "百度首页" started.
Action.c(14): Found resource "http://www.baidu.com/img/bd_logo1.png" in HTML "http://www.baidu.com/"  	[MsgId: MMSG-26659]
Action.c(14): Found resource "http://www.baidu.com/img/bd_logo1.png?qua=high" in HTML "http://www.baidu.com/"  	[MsgId: MMSG-26659]
Action.c(14): Found resource "http://www.baidu.com/img/baidu_jgylogo3.gif" in HTML "http://www.baidu.com/"  	[MsgId: MMSG-26659]
Action.c(14): Found resource "http://s1.bdstatic.com/r/www/cache/static/jquery/jquery-1.10.2.min_65682a2.js" in HTML "http://www.baidu.com/"  	[MsgId: MMSG-26659]
Action.c(14): web_url("www.baidu.com") was successful, 88781 body bytes, 2401 header bytes, 35 chunking overhead bytes  	[MsgId: MMSG-26385]
Action.c(24): Notify: Transaction "百度首页" ended with "Pass" status (Duration: 0.0604 Wasted Time: 0.0056).
Ending action Action.
Ending iteration 3.
Ending Vuser...
Starting action vuser_end.
Ending action vuser_end.
Vuser Terminated.
Vuser 0 (thread 2792), ended OK."
