Virtual User Script started at : 2018-12-12 15:44:53
Starting action vuser_init.
Web Turbo Replay of LoadRunner 11.0.0 for Windows 7; build 8859 (Aug 18 2010 20:14:31)  	[MsgId: MMSG-27143]
Run Mode: HTML  	[MsgId: MMSG-26000]
Run-Time Settings file: "D:\PerformanceData\FriendShareSearch\\default.cfg"  	[MsgId: MMSG-27141]
Ending action vuser_init.
Running Vuser...
Starting iteration 1.
Starting action Action.
Action.c(4): Notify: Transaction "点击已关注" started.
Action.c(6): Registering web_reg_save_param_ex was successful  	[MsgId: MMSG-26390]
Action.c(14): web_custom_request("attention") was successful, 2031 body bytes, 920 header bytes  	[MsgId: MMSG-26386]
Action.c(20): Notify: Transaction "点击已关注" ended with "Pass" status (Duration: 1.0581 Wasted Time: 0.3523).
Action.c(23): Notify: Transaction "进入好友详情" started.
Action.c(25): Notify: Transaction "获取所有标签" started.
Action.c(27): web_custom_request("get_tags_except") was successful, 1148 body bytes, 346 header bytes  	[MsgId: MMSG-26386]
Action.c(32): Notify: Transaction "获取所有标签" ended with "Pass" status (Duration: 0.3745 Wasted Time: 0.0028).
Action.c(34): Notify: Transaction "获取本地图片" started.
Action.c(36): Registering web_reg_save_param_ex was successful  	[MsgId: MMSG-26390]
Action.c(44): web_custom_request("single_album") was successful, 4665 body bytes, 399 header bytes  	[MsgId: MMSG-26386]
Action.c(50): Notify: Transaction "获取本地图片" ended with "Pass" status (Duration: 0.6665 Wasted Time: 0.0015).
Action.c(52): Notify: Transaction "用户配置信息" started.
Action.c(54): web_custom_request("get_config") was successful, 496 body bytes, 345 header bytes  	[MsgId: MMSG-26386]
Action.c(60): Notify: Transaction "用户配置信息" ended with "Pass" status (Duration: 0.1008 Wasted Time: 0.0008).
Action.c(62): Notify: Transaction "获取七牛token" started.
Action.c(64): web_custom_request("get_qiuniu_token") was successful, 370 body bytes, 345 header bytes  	[MsgId: MMSG-26386]
Action.c(70): Notify: Transaction "获取七牛token" ended with "Pass" status (Duration: 0.1355 Wasted Time: 0.0008).
Action.c(73): Notify: Transaction "进入好友详情" ended with "Pass" status (Duration: 1.3736 Wasted Time: 0.0058).
Action.c(76): Notify: Transaction "编辑商品信息" started.
Action.c(78): Notify: Transaction "获取相册信息" started.
Action.c(80): web_custom_request("single_item") was successful, 1448 body bytes, 399 header bytes  	[MsgId: MMSG-26386]
Action.c(86): Notify: Transaction "获取相册信息" ended with "Pass" status (Duration: 0.2299 Wasted Time: 0.0008).
Action.c(88): Notify: Transaction "获取七牛token" started.
Action.c(90): web_custom_request("get_qiuniu_token") was successful, 370 body bytes, 345 header bytes  	[MsgId: MMSG-26386]
Action.c(96): Notify: Transaction "获取七牛token" ended with "Pass" status (Duration: 0.1205 Wasted Time: 0.0008).
Action.c(98): Notify: Transaction "编辑商品信息" ended with "Pass" status (Duration: 0.4561 Wasted Time: 0.0016).
Action.c(100): Notify: Transaction "成功分享商品" started.
Action.c(103): Registering web_reg_find was successful  	[MsgId: MMSG-26390]
Action.c(109): Registered web_reg_find successful for "Text=I201812121429380840001932" (count=3)  	[MsgId: MMSG-26364]
Action.c(109): web_custom_request("save_theme") was successful, 652 body bytes, 340 header bytes  	[MsgId: MMSG-26386]
Action.c(115): Notify: Transaction "成功分享商品" ended with "Pass" status (Duration: 0.5594 Wasted Time: 0.0009).
Ending action Action.
Ending iteration 1.
Ending Vuser...
Starting action vuser_end.
Ending action vuser_end.
Vuser Terminated.
Vuser 0 (thread 51248), ended OK."
