Action.c(8): 产生随机数：3	[MsgId: MMSG-17999]
Action.c(9): 计数器:i=0,j=0	[MsgId: MMSG-17999]
Action.c(31): Action3()完成了第1次	[MsgId: MMSG-17999]
Action.c(8): 产生随机数：3	[MsgId: MMSG-17999]
Action.c(9): 计数器:i=0,j=1	[MsgId: MMSG-17999]
Action.c(31): Action3()完成了第2次	[MsgId: MMSG-17999]
Action.c(8): 产生随机数：2	[MsgId: MMSG-17999]
Action.c(9): 计数器:i=0,j=2	[MsgId: MMSG-17999]
Action.c(8): 产生随机数：2	[MsgId: MMSG-17999]
Action.c(9): 计数器:i=0,j=2	[MsgId: MMSG-17999]
Action.c(8): 产生随机数：3	[MsgId: MMSG-17999]
Action.c(9): 计数器:i=0,j=2	[MsgId: MMSG-17999]
Action.c(31): Action3()完成了第3次	[MsgId: MMSG-17999]
Action.c(8): 产生随机数：2	[MsgId: MMSG-17999]
Action.c(9): 计数器:i=0,j=3	[MsgId: MMSG-17999]
Action.c(8): 产生随机数：1	[MsgId: MMSG-17999]
Action.c(9): 计数器:i=0,j=3	[MsgId: MMSG-17999]
Action.c(20): Action1()完成了第1次	[MsgId: MMSG-17999]
Action.c(8): 产生随机数：1	[MsgId: MMSG-17999]
Action.c(9): 计数器:i=1,j=3	[MsgId: MMSG-17999]
Action.c(20): Action1()完成了第2次	[MsgId: MMSG-17999]
Action.c(8): 产生随机数：2	[MsgId: MMSG-17999]
Action.c(9): 计数器:i=2,j=3	[MsgId: MMSG-17999]
Action.c(8): 产生随机数：3	[MsgId: MMSG-17999]
Action.c(9): 计数器:i=2,j=3	[MsgId: MMSG-17999]
Action.c(31): Action3()完成了第4次	[MsgId: MMSG-17999]
Action.c(8): 产生随机数：3	[MsgId: MMSG-17999]
Action.c(9): 计数器:i=2,j=4	[MsgId: MMSG-17999]
Action.c(31): Action3()完成了第5次	[MsgId: MMSG-17999]
Action.c(8): 产生随机数：3	[MsgId: MMSG-17999]
Action.c(9): 计数器:i=2,j=5	[MsgId: MMSG-17999]
Action.c(31): Action3()完成了第6次	[MsgId: MMSG-17999]
Action.c(8): 产生随机数：2	[MsgId: MMSG-17999]
Action.c(9): 计数器:i=2,j=6	[MsgId: MMSG-17999]
Action.c(8): 产生随机数：1	[MsgId: MMSG-17999]
Action.c(9): 计数器:i=2,j=6	[MsgId: MMSG-17999]
Action.c(20): Action1()完成了第3次	[MsgId: MMSG-17999]
Action.c(8): 产生随机数：2	[MsgId: MMSG-17999]
Action.c(9): 计数器:i=3,j=6	[MsgId: MMSG-17999]
Action.c(8): 产生随机数：3	[MsgId: MMSG-17999]
Action.c(9): 计数器:i=3,j=6	[MsgId: MMSG-17999]
Action.c(31): Action3()完成了第7次	[MsgId: MMSG-17999]
Action.c(8): 产生随机数：2	[MsgId: MMSG-17999]
Action.c(9): 计数器:i=3,j=7	[MsgId: MMSG-17999]
Action.c(8): 产生随机数：3	[MsgId: MMSG-17999]
Action.c(9): 计数器:i=3,j=7	[MsgId: MMSG-17999]
Action.c(31): Action3()完成了第8次	[MsgId: MMSG-17999]
Action.c(8): 产生随机数：1	[MsgId: MMSG-17999]
Action.c(9): 计数器:i=3,j=8	[MsgId: MMSG-17999]
Action.c(20): Action1()完成了第4次	[MsgId: MMSG-17999]
Action.c(8): 产生随机数：1	[MsgId: MMSG-17999]
Action.c(9): 计数器:i=4,j=8	[MsgId: MMSG-17999]
Action.c(20): Action1()完成了第5次	[MsgId: MMSG-17999]
Action.c(8): 产生随机数：1	[MsgId: MMSG-17999]
Action.c(9): 计数器:i=5,j=8	[MsgId: MMSG-17999]
Action.c(20): Action1()完成了第6次	[MsgId: MMSG-17999]
Action.c(8): 产生随机数：1	[MsgId: MMSG-17999]
Action.c(9): 计数器:i=6,j=8	[MsgId: MMSG-17999]
Action.c(20): Action1()完成了第7次	[MsgId: MMSG-17999]
Action.c(8): 产生随机数：3	[MsgId: MMSG-17999]
Action.c(9): 计数器:i=7,j=8	[MsgId: MMSG-17999]
Action.c(31): Action3()完成了第9次	[MsgId: MMSG-17999]
Action.c(8): 产生随机数：1	[MsgId: MMSG-17999]
Action.c(9): 计数器:i=7,j=9	[MsgId: MMSG-17999]
Action.c(20): Action1()完成了第8次	[MsgId: MMSG-17999]
Action.c(8): 产生随机数：2	[MsgId: MMSG-17999]
Action.c(9): 计数器:i=8,j=9	[MsgId: MMSG-17999]
Action.c(8): 产生随机数：2	[MsgId: MMSG-17999]
Action.c(9): 计数器:i=8,j=9	[MsgId: MMSG-17999]
Action.c(8): 产生随机数：1	[MsgId: MMSG-17999]
Action.c(9): 计数器:i=8,j=9	[MsgId: MMSG-17999]
Action.c(20): Action1()完成了第9次	[MsgId: MMSG-17999]
Action.c(8): 产生随机数：3	[MsgId: MMSG-17999]
Action.c(9): 计数器:i=9,j=9	[MsgId: MMSG-17999]
Action.c(31): Action3()完成了第10次	[MsgId: MMSG-17999]
Action.c(8): 产生随机数：3	[MsgId: MMSG-17999]
Action.c(9): 计数器:i=9,j=10	[MsgId: MMSG-17999]
Action.c(8): 产生随机数：3	[MsgId: MMSG-17999]
Action.c(9): 计数器:i=9,j=10	[MsgId: MMSG-17999]
Action.c(8): 产生随机数：3	[MsgId: MMSG-17999]
Action.c(9): 计数器:i=9,j=10	[MsgId: MMSG-17999]
Action.c(8): 产生随机数：1	[MsgId: MMSG-17999]
Action.c(9): 计数器:i=9,j=10	[MsgId: MMSG-17999]
Action.c(20): Action1()完成了第10次	[MsgId: MMSG-17999]
Action.c(8): 产生随机数：3	[MsgId: MMSG-17999]
Action.c(9): 计数器:i=10,j=10	[MsgId: MMSG-17999]
Action.c(8): 产生随机数：1	[MsgId: MMSG-17999]
Action.c(9): 计数器:i=0,j=0	[MsgId: MMSG-17999]
Action.c(20): Action1()完成了第1次	[MsgId: MMSG-17999]
Action.c(8): 产生随机数：1	[MsgId: MMSG-17999]
Action.c(9): 计数器:i=1,j=0	[MsgId: MMSG-17999]
Action.c(20): Action1()完成了第2次	[MsgId: MMSG-17999]
Action.c(8): 产生随机数：2	[MsgId: MMSG-17999]
Action.c(9): 计数器:i=2,j=0	[MsgId: MMSG-17999]
Action.c(8): 产生随机数：3	[MsgId: MMSG-17999]
Action.c(9): 计数器:i=2,j=0	[MsgId: MMSG-17999]
Action.c(31): Action3()完成了第1次	[MsgId: MMSG-17999]
Action.c(8): 产生随机数：2	[MsgId: MMSG-17999]
Action.c(9): 计数器:i=2,j=1	[MsgId: MMSG-17999]
Action.c(8): 产生随机数：2	[MsgId: MMSG-17999]
Action.c(9): 计数器:i=2,j=1	[MsgId: MMSG-17999]
Action.c(8): 产生随机数：1	[MsgId: MMSG-17999]
Action.c(9): 计数器:i=2,j=1	[MsgId: MMSG-17999]
Action.c(20): Action1()完成了第3次	[MsgId: MMSG-17999]
Action.c(8): 产生随机数：3	[MsgId: MMSG-17999]
Action.c(9): 计数器:i=3,j=1	[MsgId: MMSG-17999]
Action.c(31): Action3()完成了第2次	[MsgId: MMSG-17999]
Action.c(8): 产生随机数：1	[MsgId: MMSG-17999]
Action.c(9): 计数器:i=3,j=2	[MsgId: MMSG-17999]
Action.c(20): Action1()完成了第4次	[MsgId: MMSG-17999]
Action.c(8): 产生随机数：3	[MsgId: MMSG-17999]
Action.c(9): 计数器:i=4,j=2	[MsgId: MMSG-17999]
Action.c(31): Action3()完成了第3次	[MsgId: MMSG-17999]
Action.c(8): 产生随机数：1	[MsgId: MMSG-17999]
Action.c(9): 计数器:i=4,j=3	[MsgId: MMSG-17999]
Action.c(20): Action1()完成了第5次	[MsgId: MMSG-17999]
Action.c(8): 产生随机数：1	[MsgId: MMSG-17999]
Action.c(9): 计数器:i=5,j=3	[MsgId: MMSG-17999]
Action.c(20): Action1()完成了第6次	[MsgId: MMSG-17999]
Action.c(8): 产生随机数：3	[MsgId: MMSG-17999]
Action.c(9): 计数器:i=6,j=3	[MsgId: MMSG-17999]
Action.c(31): Action3()完成了第4次	[MsgId: MMSG-17999]
Action.c(8): 产生随机数：1	[MsgId: MMSG-17999]
Action.c(9): 计数器:i=6,j=4	[MsgId: MMSG-17999]
Action1.c(4): Error -27496: Internal Error - _eStat (7) != LRW_ITEM_STAT_ENUM_UNHANDLED for HandledTask at 037EA500  	[MsgId: MERR-27496]
Action1.c(4): Error -27489: InternetReadFile failed. Windows error code=6. URL="https://www.hao123.com"  	[MsgId: MERR-27489]
Error -27496: Internal Error - InternetCloseHandle failed for item at 037EA500, Windows error code=6. Assuming the item can be deleted, but error(s) may occur in fvLrwNetWinInetCallback  	[MsgId: MERR-27496]
