Action.c(8): 产生随机数：3	[MsgId: MMSG-17999]
Action.c(8): 产生随机数：3	[MsgId: MMSG-17999]
Action.c(8): 产生随机数：3	[MsgId: MMSG-17999]
Action.c(8): 产生随机数：3	[MsgId: MMSG-17999]
Action.c(8): 产生随机数：3	[MsgId: MMSG-17999]
Action.c(8): 产生随机数：3	[MsgId: MMSG-17999]
Action.c(8): 产生随机数：3	[MsgId: MMSG-17999]
Action.c(8): 产生随机数：3	[MsgId: MMSG-17999]
Action.c(8): 产生随机数：3	[MsgId: MMSG-17999]
Action.c(8): 产生随机数：3	[MsgId: MMSG-17999]
Action.c(9): 计数器:i=0,j=0	[MsgId: MMSG-17999]
Action.c(9): 计数器:i=0,j=0	[MsgId: MMSG-17999]
Action.c(9): 计数器:i=0,j=0	[MsgId: MMSG-17999]
Action.c(9): 计数器:i=0,j=0	[MsgId: MMSG-17999]
Action.c(9): 计数器:i=0,j=0	[MsgId: MMSG-17999]
Action.c(9): 计数器:i=0,j=0	[MsgId: MMSG-17999]
Action.c(9): 计数器:i=0,j=0	[MsgId: MMSG-17999]
Action.c(9): 计数器:i=0,j=0	[MsgId: MMSG-17999]
Action.c(9): 计数器:i=0,j=0	[MsgId: MMSG-17999]
Action.c(9): 计数器:i=0,j=0	[MsgId: MMSG-17999]
Action.c(31): Action3()完成了第1次	[MsgId: MMSG-17999]
Action.c(8): 产生随机数：3	[MsgId: MMSG-17999]
Action.c(9): 计数器:i=0,j=1	[MsgId: MMSG-17999]
Action.c(31): Action3()完成了第2次	[MsgId: MMSG-17999]
Action.c(8): 产生随机数：2	[MsgId: MMSG-17999]
Action.c(9): 计数器:i=0,j=2	[MsgId: MMSG-17999]
Action.c(8): 产生随机数：2	[MsgId: MMSG-17999]
Action.c(9): 计数器:i=0,j=2	[MsgId: MMSG-17999]
Action.c(8): 产生随机数：3	[MsgId: MMSG-17999]
Action.c(9): 计数器:i=0,j=2	[MsgId: MMSG-17999]
Action.c(31): Action3()完成了第3次	[MsgId: MMSG-17999]
Action.c(8): 产生随机数：2	[MsgId: MMSG-17999]
Action.c(9): 计数器:i=0,j=3	[MsgId: MMSG-17999]
Action.c(8): 产生随机数：1	[MsgId: MMSG-17999]
Action.c(9): 计数器:i=0,j=3	[MsgId: MMSG-17999]
Action.c(31): Action3()完成了第1次	[MsgId: MMSG-17999]
Action.c(8): 产生随机数：3	[MsgId: MMSG-17999]
Action.c(9): 计数器:i=0,j=1	[MsgId: MMSG-17999]
Action.c(31): Action3()完成了第2次	[MsgId: MMSG-17999]
Action.c(8): 产生随机数：2	[MsgId: MMSG-17999]
Action.c(9): 计数器:i=0,j=2	[MsgId: MMSG-17999]
Action.c(8): 产生随机数：2	[MsgId: MMSG-17999]
Action.c(9): 计数器:i=0,j=2	[MsgId: MMSG-17999]
Action.c(8): 产生随机数：3	[MsgId: MMSG-17999]
Action.c(9): 计数器:i=0,j=2	[MsgId: MMSG-17999]
Action.c(31): Action3()完成了第3次	[MsgId: MMSG-17999]
Action.c(8): 产生随机数：2	[MsgId: MMSG-17999]
Action.c(9): 计数器:i=0,j=3	[MsgId: MMSG-17999]
Action.c(8): 产生随机数：1	[MsgId: MMSG-17999]
Action.c(9): 计数器:i=0,j=3	[MsgId: MMSG-17999]
Action.c(31): Action3()完成了第1次	[MsgId: MMSG-17999]
Action.c(8): 产生随机数：3	[MsgId: MMSG-17999]
Action.c(9): 计数器:i=0,j=1	[MsgId: MMSG-17999]
Action.c(31): Action3()完成了第2次	[MsgId: MMSG-17999]
Action.c(8): 产生随机数：2	[MsgId: MMSG-17999]
Action.c(9): 计数器:i=0,j=2	[MsgId: MMSG-17999]
Action.c(8): 产生随机数：2	[MsgId: MMSG-17999]
Action.c(9): 计数器:i=0,j=2	[MsgId: MMSG-17999]
Action.c(8): 产生随机数：3	[MsgId: MMSG-17999]
Action.c(9): 计数器:i=0,j=2	[MsgId: MMSG-17999]
Action.c(31): Action3()完成了第3次	[MsgId: MMSG-17999]
Action.c(8): 产生随机数：2	[MsgId: MMSG-17999]
Action.c(9): 计数器:i=0,j=3	[MsgId: MMSG-17999]
Action.c(8): 产生随机数：1	[MsgId: MMSG-17999]
Action.c(9): 计数器:i=0,j=3	[MsgId: MMSG-17999]
Action.c(31): Action3()完成了第1次	[MsgId: MMSG-17999]
Action.c(8): 产生随机数：3	[MsgId: MMSG-17999]
Action.c(9): 计数器:i=0,j=1	[MsgId: MMSG-17999]
Action.c(31): Action3()完成了第2次	[MsgId: MMSG-17999]
Action.c(8): 产生随机数：2	[MsgId: MMSG-17999]
Action.c(9): 计数器:i=0,j=2	[MsgId: MMSG-17999]
Action.c(8): 产生随机数：2	[MsgId: MMSG-17999]
Action.c(9): 计数器:i=0,j=2	[MsgId: MMSG-17999]
Action.c(8): 产生随机数：3	[MsgId: MMSG-17999]
Action.c(9): 计数器:i=0,j=2	[MsgId: MMSG-17999]
Action.c(31): Action3()完成了第3次	[MsgId: MMSG-17999]
Action.c(8): 产生随机数：2	[MsgId: MMSG-17999]
Action.c(9): 计数器:i=0,j=3	[MsgId: MMSG-17999]
Action.c(8): 产生随机数：1	[MsgId: MMSG-17999]
Action.c(9): 计数器:i=0,j=3	[MsgId: MMSG-17999]
Action.c(31): Action3()完成了第1次	[MsgId: MMSG-17999]
Action.c(8): 产生随机数：3	[MsgId: MMSG-17999]
Action.c(9): 计数器:i=0,j=1	[MsgId: MMSG-17999]
Action.c(31): Action3()完成了第2次	[MsgId: MMSG-17999]
Action.c(8): 产生随机数：2	[MsgId: MMSG-17999]
Action.c(9): 计数器:i=0,j=2	[MsgId: MMSG-17999]
Action.c(8): 产生随机数：2	[MsgId: MMSG-17999]
Action.c(9): 计数器:i=0,j=2	[MsgId: MMSG-17999]
Action.c(8): 产生随机数：3	[MsgId: MMSG-17999]
Action.c(9): 计数器:i=0,j=2	[MsgId: MMSG-17999]
Action.c(31): Action3()完成了第3次	[MsgId: MMSG-17999]
Action.c(8): 产生随机数：2	[MsgId: MMSG-17999]
Action.c(9): 计数器:i=0,j=3	[MsgId: MMSG-17999]
Action.c(8): 产生随机数：1	[MsgId: MMSG-17999]
Action.c(9): 计数器:i=0,j=3	[MsgId: MMSG-17999]
Action.c(31): Action3()完成了第1次	[MsgId: MMSG-17999]
Action.c(8): 产生随机数：3	[MsgId: MMSG-17999]
Action.c(9): 计数器:i=0,j=1	[MsgId: MMSG-17999]
Action.c(31): Action3()完成了第2次	[MsgId: MMSG-17999]
Action.c(8): 产生随机数：2	[MsgId: MMSG-17999]
Action.c(9): 计数器:i=0,j=2	[MsgId: MMSG-17999]
Action.c(20): Action1()完成了第1次	[MsgId: MMSG-17999]
Action.c(8): 产生随机数：1	[MsgId: MMSG-17999]
Action.c(9): 计数器:i=1,j=3	[MsgId: MMSG-17999]
Action.c(8): 产生随机数：2	[MsgId: MMSG-17999]
Action.c(9): 计数器:i=0,j=2	[MsgId: MMSG-17999]
Action.c(8): 产生随机数：3	[MsgId: MMSG-17999]
Action.c(9): 计数器:i=0,j=2	[MsgId: MMSG-17999]
Action.c(31): Action3()完成了第3次	[MsgId: MMSG-17999]
Action.c(8): 产生随机数：2	[MsgId: MMSG-17999]
Action.c(9): 计数器:i=0,j=3	[MsgId: MMSG-17999]
Action.c(31): Action3()完成了第1次	[MsgId: MMSG-17999]
Action.c(8): 产生随机数：3	[MsgId: MMSG-17999]
Action.c(9): 计数器:i=0,j=1	[MsgId: MMSG-17999]
Action.c(31): Action3()完成了第2次	[MsgId: MMSG-17999]
Action.c(8): 产生随机数：2	[MsgId: MMSG-17999]
Action.c(9): 计数器:i=0,j=2	[MsgId: MMSG-17999]
Action.c(8): 产生随机数：1	[MsgId: MMSG-17999]
Action.c(9): 计数器:i=0,j=3	[MsgId: MMSG-17999]
Action.c(8): 产生随机数：2	[MsgId: MMSG-17999]
Action.c(9): 计数器:i=0,j=2	[MsgId: MMSG-17999]
Action.c(8): 产生随机数：3	[MsgId: MMSG-17999]
Action.c(9): 计数器:i=0,j=2	[MsgId: MMSG-17999]
Action.c(31): Action3()完成了第3次	[MsgId: MMSG-17999]
Action.c(8): 产生随机数：2	[MsgId: MMSG-17999]
Action.c(9): 计数器:i=0,j=3	[MsgId: MMSG-17999]
Action.c(8): 产生随机数：1	[MsgId: MMSG-17999]
Action.c(9): 计数器:i=0,j=3	[MsgId: MMSG-17999]
Action.c(20): Action1()完成了第1次	[MsgId: MMSG-17999]
Action.c(8): 产生随机数：1	[MsgId: MMSG-17999]
Action.c(9): 计数器:i=1,j=3	[MsgId: MMSG-17999]
Action.c(20): Action1()完成了第2次	[MsgId: MMSG-17999]
Action.c(8): 产生随机数：2	[MsgId: MMSG-17999]
Action.c(9): 计数器:i=2,j=3	[MsgId: MMSG-17999]
Action.c(8): 产生随机数：3	[MsgId: MMSG-17999]
Action.c(9): 计数器:i=2,j=3	[MsgId: MMSG-17999]
Action.c(31): Action3()完成了第4次	[MsgId: MMSG-17999]
Action.c(8): 产生随机数：3	[MsgId: MMSG-17999]
Action.c(9): 计数器:i=2,j=4	[MsgId: MMSG-17999]
Action.c(31): Action3()完成了第5次	[MsgId: MMSG-17999]
Action.c(8): 产生随机数：3	[MsgId: MMSG-17999]
Action.c(9): 计数器:i=2,j=5	[MsgId: MMSG-17999]
Action.c(20): Action1()完成了第1次	[MsgId: MMSG-17999]
Action.c(8): 产生随机数：1	[MsgId: MMSG-17999]
Action.c(9): 计数器:i=1,j=3	[MsgId: MMSG-17999]
Action.c(31): Action3()完成了第6次	[MsgId: MMSG-17999]
Action.c(8): 产生随机数：2	[MsgId: MMSG-17999]
Action.c(9): 计数器:i=2,j=6	[MsgId: MMSG-17999]
Action.c(8): 产生随机数：1	[MsgId: MMSG-17999]
Action.c(9): 计数器:i=2,j=6	[MsgId: MMSG-17999]
Action.c(20): Action1()完成了第2次	[MsgId: MMSG-17999]
Action.c(8): 产生随机数：2	[MsgId: MMSG-17999]
Action.c(9): 计数器:i=2,j=3	[MsgId: MMSG-17999]
Action.c(8): 产生随机数：3	[MsgId: MMSG-17999]
Action.c(9): 计数器:i=2,j=3	[MsgId: MMSG-17999]
Action.c(31): Action3()完成了第4次	[MsgId: MMSG-17999]
Action.c(8): 产生随机数：3	[MsgId: MMSG-17999]
Action.c(9): 计数器:i=2,j=4	[MsgId: MMSG-17999]
Action.c(31): Action3()完成了第5次	[MsgId: MMSG-17999]
Action.c(8): 产生随机数：3	[MsgId: MMSG-17999]
Action.c(9): 计数器:i=2,j=5	[MsgId: MMSG-17999]
Action.c(31): Action3()完成了第6次	[MsgId: MMSG-17999]
Action.c(8): 产生随机数：2	[MsgId: MMSG-17999]
Action.c(9): 计数器:i=2,j=6	[MsgId: MMSG-17999]
Action.c(8): 产生随机数：1	[MsgId: MMSG-17999]
Action.c(9): 计数器:i=2,j=6	[MsgId: MMSG-17999]
Action.c(20): Action1()完成了第1次	[MsgId: MMSG-17999]
Action.c(8): 产生随机数：1	[MsgId: MMSG-17999]
Action.c(9): 计数器:i=1,j=3	[MsgId: MMSG-17999]
Action.c(20): Action1()完成了第1次	[MsgId: MMSG-17999]
Action.c(8): 产生随机数：1	[MsgId: MMSG-17999]
Action.c(9): 计数器:i=1,j=3	[MsgId: MMSG-17999]
Action.c(20): Action1()完成了第2次	[MsgId: MMSG-17999]
Action.c(8): 产生随机数：2	[MsgId: MMSG-17999]
Action.c(9): 计数器:i=2,j=3	[MsgId: MMSG-17999]
Action.c(8): 产生随机数：3	[MsgId: MMSG-17999]
Action.c(9): 计数器:i=2,j=3	[MsgId: MMSG-17999]
Action.c(31): Action3()完成了第4次	[MsgId: MMSG-17999]
Action.c(8): 产生随机数：3	[MsgId: MMSG-17999]
Action.c(9): 计数器:i=2,j=4	[MsgId: MMSG-17999]
Action.c(31): Action3()完成了第5次	[MsgId: MMSG-17999]
Action.c(8): 产生随机数：3	[MsgId: MMSG-17999]
Action.c(9): 计数器:i=2,j=5	[MsgId: MMSG-17999]
Action.c(20): Action1()完成了第3次	[MsgId: MMSG-17999]
Action.c(8): 产生随机数：2	[MsgId: MMSG-17999]
Action.c(9): 计数器:i=3,j=6	[MsgId: MMSG-17999]
Action.c(31): Action3()完成了第6次	[MsgId: MMSG-17999]
Action.c(8): 产生随机数：2	[MsgId: MMSG-17999]
Action.c(9): 计数器:i=2,j=6	[MsgId: MMSG-17999]
Action.c(8): 产生随机数：3	[MsgId: MMSG-17999]
Action.c(9): 计数器:i=3,j=6	[MsgId: MMSG-17999]
Action.c(31): Action3()完成了第7次	[MsgId: MMSG-17999]
Action.c(8): 产生随机数：2	[MsgId: MMSG-17999]
Action.c(9): 计数器:i=3,j=7	[MsgId: MMSG-17999]
Action.c(31): Action3()完成了第1次	[MsgId: MMSG-17999]
Action.c(8): 产生随机数：3	[MsgId: MMSG-17999]
Action.c(9): 计数器:i=0,j=1	[MsgId: MMSG-17999]
Action.c(31): Action3()完成了第2次	[MsgId: MMSG-17999]
Action.c(8): 产生随机数：2	[MsgId: MMSG-17999]
Action.c(9): 计数器:i=0,j=2	[MsgId: MMSG-17999]
Action.c(20): Action1()完成了第3次	[MsgId: MMSG-17999]
Action.c(8): 产生随机数：2	[MsgId: MMSG-17999]
Action.c(9): 计数器:i=3,j=6	[MsgId: MMSG-17999]
Action.c(8): 产生随机数：2	[MsgId: MMSG-17999]
Action.c(9): 计数器:i=0,j=2	[MsgId: MMSG-17999]
Action.c(8): 产生随机数：3	[MsgId: MMSG-17999]
Action.c(9): 计数器:i=3,j=6	[MsgId: MMSG-17999]
Action.c(31): Action3()完成了第7次	[MsgId: MMSG-17999]
Action.c(8): 产生随机数：2	[MsgId: MMSG-17999]
Action.c(9): 计数器:i=3,j=7	[MsgId: MMSG-17999]
Action.c(8): 产生随机数：3	[MsgId: MMSG-17999]
Action.c(9): 计数器:i=0,j=2	[MsgId: MMSG-17999]
Action.c(31): Action3()完成了第3次	[MsgId: MMSG-17999]
Action.c(8): 产生随机数：2	[MsgId: MMSG-17999]
Action.c(9): 计数器:i=0,j=3	[MsgId: MMSG-17999]
Action.c(8): 产生随机数：3	[MsgId: MMSG-17999]
Action.c(9): 计数器:i=3,j=7	[MsgId: MMSG-17999]
Action.c(31): Action3()完成了第8次	[MsgId: MMSG-17999]
Action.c(8): 产生随机数：1	[MsgId: MMSG-17999]
Action.c(9): 计数器:i=3,j=8	[MsgId: MMSG-17999]
Action.c(8): 产生随机数：1	[MsgId: MMSG-17999]
Action.c(9): 计数器:i=0,j=3	[MsgId: MMSG-17999]
Action.c(8): 产生随机数：1	[MsgId: MMSG-17999]
Action.c(9): 计数器:i=2,j=6	[MsgId: MMSG-17999]
Action.c(31): Action3()完成了第1次	[MsgId: MMSG-17999]
Action.c(8): 产生随机数：3	[MsgId: MMSG-17999]
Action.c(9): 计数器:i=0,j=1	[MsgId: MMSG-17999]
Action.c(31): Action3()完成了第2次	[MsgId: MMSG-17999]
Action.c(8): 产生随机数：2	[MsgId: MMSG-17999]
Action.c(9): 计数器:i=0,j=2	[MsgId: MMSG-17999]
Action.c(8): 产生随机数：2	[MsgId: MMSG-17999]
Action.c(9): 计数器:i=0,j=2	[MsgId: MMSG-17999]
Action.c(8): 产生随机数：3	[MsgId: MMSG-17999]
Action.c(9): 计数器:i=0,j=2	[MsgId: MMSG-17999]
Action.c(31): Action3()完成了第3次	[MsgId: MMSG-17999]
Action.c(8): 产生随机数：2	[MsgId: MMSG-17999]
Action.c(9): 计数器:i=0,j=3	[MsgId: MMSG-17999]
Action.c(20): Action1()完成了第2次	[MsgId: MMSG-17999]
Action.c(8): 产生随机数：2	[MsgId: MMSG-17999]
Action.c(9): 计数器:i=2,j=3	[MsgId: MMSG-17999]
Action.c(8): 产生随机数：1	[MsgId: MMSG-17999]
Action.c(9): 计数器:i=0,j=3	[MsgId: MMSG-17999]
Action.c(8): 产生随机数：3	[MsgId: MMSG-17999]
Action.c(9): 计数器:i=2,j=3	[MsgId: MMSG-17999]
Action.c(31): Action3()完成了第4次	[MsgId: MMSG-17999]
Action.c(8): 产生随机数：3	[MsgId: MMSG-17999]
Action.c(9): 计数器:i=2,j=4	[MsgId: MMSG-17999]
Action.c(31): Action3()完成了第5次	[MsgId: MMSG-17999]
Action.c(8): 产生随机数：3	[MsgId: MMSG-17999]
Action.c(9): 计数器:i=2,j=5	[MsgId: MMSG-17999]
Action.c(31): Action3()完成了第6次	[MsgId: MMSG-17999]
Action.c(8): 产生随机数：2	[MsgId: MMSG-17999]
Action.c(9): 计数器:i=2,j=6	[MsgId: MMSG-17999]
Action.c(8): 产生随机数：1	[MsgId: MMSG-17999]
Action.c(9): 计数器:i=2,j=6	[MsgId: MMSG-17999]
Action.c(20): Action1()完成了第4次	[MsgId: MMSG-17999]
Action.c(8): 产生随机数：1	[MsgId: MMSG-17999]
Action.c(9): 计数器:i=4,j=8	[MsgId: MMSG-17999]
Action.c(20): Action1()完成了第2次	[MsgId: MMSG-17999]
Action.c(8): 产生随机数：2	[MsgId: MMSG-17999]
Action.c(9): 计数器:i=2,j=3	[MsgId: MMSG-17999]
Action.c(8): 产生随机数：3	[MsgId: MMSG-17999]
Action.c(9): 计数器:i=2,j=3	[MsgId: MMSG-17999]
Action.c(31): Action3()完成了第4次	[MsgId: MMSG-17999]
Action.c(8): 产生随机数：3	[MsgId: MMSG-17999]
Action.c(9): 计数器:i=2,j=4	[MsgId: MMSG-17999]
Action.c(31): Action3()完成了第5次	[MsgId: MMSG-17999]
Action.c(8): 产生随机数：3	[MsgId: MMSG-17999]
Action.c(9): 计数器:i=2,j=5	[MsgId: MMSG-17999]
Action.c(31): Action3()完成了第6次	[MsgId: MMSG-17999]
Action.c(8): 产生随机数：2	[MsgId: MMSG-17999]
Action.c(9): 计数器:i=2,j=6	[MsgId: MMSG-17999]
Action.c(20): Action1()完成了第3次	[MsgId: MMSG-17999]
Action.c(8): 产生随机数：2	[MsgId: MMSG-17999]
Action.c(9): 计数器:i=3,j=6	[MsgId: MMSG-17999]
Action.c(31): Action3()完成了第1次	[MsgId: MMSG-17999]
Action.c(8): 产生随机数：3	[MsgId: MMSG-17999]
Action.c(9): 计数器:i=0,j=1	[MsgId: MMSG-17999]
Action.c(31): Action3()完成了第2次	[MsgId: MMSG-17999]
Action.c(8): 产生随机数：2	[MsgId: MMSG-17999]
Action.c(9): 计数器:i=0,j=2	[MsgId: MMSG-17999]
Action.c(8): 产生随机数：3	[MsgId: MMSG-17999]
Action.c(9): 计数器:i=3,j=6	[MsgId: MMSG-17999]
Action.c(31): Action3()完成了第7次	[MsgId: MMSG-17999]
Action.c(8): 产生随机数：2	[MsgId: MMSG-17999]
Action.c(9): 计数器:i=3,j=7	[MsgId: MMSG-17999]
Action.c(8): 产生随机数：1	[MsgId: MMSG-17999]
Action.c(9): 计数器:i=2,j=6	[MsgId: MMSG-17999]
Action.c(8): 产生随机数：2	[MsgId: MMSG-17999]
Action.c(9): 计数器:i=0,j=2	[MsgId: MMSG-17999]
Action.c(8): 产生随机数：3	[MsgId: MMSG-17999]
Action.c(9): 计数器:i=3,j=7	[MsgId: MMSG-17999]
Action.c(31): Action3()完成了第8次	[MsgId: MMSG-17999]
Action.c(8): 产生随机数：1	[MsgId: MMSG-17999]
Action.c(9): 计数器:i=3,j=8	[MsgId: MMSG-17999]
Action.c(8): 产生随机数：3	[MsgId: MMSG-17999]
Action.c(9): 计数器:i=0,j=2	[MsgId: MMSG-17999]
Action.c(31): Action3()完成了第3次	[MsgId: MMSG-17999]
Action.c(8): 产生随机数：2	[MsgId: MMSG-17999]
Action.c(9): 计数器:i=0,j=3	[MsgId: MMSG-17999]
Action.c(8): 产生随机数：1	[MsgId: MMSG-17999]
Action.c(9): 计数器:i=0,j=3	[MsgId: MMSG-17999]
Action.c(20): Action1()完成了第3次	[MsgId: MMSG-17999]
Action.c(8): 产生随机数：2	[MsgId: MMSG-17999]
Action.c(9): 计数器:i=3,j=6	[MsgId: MMSG-17999]
Action.c(8): 产生随机数：3	[MsgId: MMSG-17999]
Action.c(9): 计数器:i=3,j=6	[MsgId: MMSG-17999]
Action.c(20): Action1()完成了第1次	[MsgId: MMSG-17999]
Action.c(8): 产生随机数：1	[MsgId: MMSG-17999]
Action.c(9): 计数器:i=1,j=3	[MsgId: MMSG-17999]
Action.c(31): Action3()完成了第7次	[MsgId: MMSG-17999]
Action.c(8): 产生随机数：2	[MsgId: MMSG-17999]
Action.c(9): 计数器:i=3,j=7	[MsgId: MMSG-17999]
Action.c(8): 产生随机数：3	[MsgId: MMSG-17999]
Action.c(9): 计数器:i=3,j=7	[MsgId: MMSG-17999]
Action.c(31): Action3()完成了第8次	[MsgId: MMSG-17999]
Action.c(8): 产生随机数：1	[MsgId: MMSG-17999]
Action.c(9): 计数器:i=3,j=8	[MsgId: MMSG-17999]
Action.c(20): Action1()完成了第5次	[MsgId: MMSG-17999]
Action.c(8): 产生随机数：1	[MsgId: MMSG-17999]
Action.c(9): 计数器:i=5,j=8	[MsgId: MMSG-17999]
Action.c(20): Action1()完成了第1次	[MsgId: MMSG-17999]
Action.c(8): 产生随机数：1	[MsgId: MMSG-17999]
Action.c(9): 计数器:i=1,j=3	[MsgId: MMSG-17999]
Action.c(20): Action1()完成了第4次	[MsgId: MMSG-17999]
Action.c(8): 产生随机数：1	[MsgId: MMSG-17999]
Action.c(9): 计数器:i=4,j=8	[MsgId: MMSG-17999]
Action.c(20): Action1()完成了第3次	[MsgId: MMSG-17999]
Action.c(8): 产生随机数：2	[MsgId: MMSG-17999]
Action.c(9): 计数器:i=3,j=6	[MsgId: MMSG-17999]
Action.c(8): 产生随机数：3	[MsgId: MMSG-17999]
Action.c(9): 计数器:i=3,j=6	[MsgId: MMSG-17999]
Action.c(31): Action3()完成了第7次	[MsgId: MMSG-17999]
Action.c(8): 产生随机数：2	[MsgId: MMSG-17999]
Action.c(9): 计数器:i=3,j=7	[MsgId: MMSG-17999]
Action.c(8): 产生随机数：3	[MsgId: MMSG-17999]
Action.c(9): 计数器:i=3,j=7	[MsgId: MMSG-17999]
Action.c(20): Action1()完成了第2次	[MsgId: MMSG-17999]
Action.c(8): 产生随机数：2	[MsgId: MMSG-17999]
Action.c(9): 计数器:i=2,j=3	[MsgId: MMSG-17999]
Action.c(31): Action3()完成了第8次	[MsgId: MMSG-17999]
Action.c(8): 产生随机数：1	[MsgId: MMSG-17999]
Action.c(9): 计数器:i=3,j=8	[MsgId: MMSG-17999]
Action.c(8): 产生随机数：3	[MsgId: MMSG-17999]
Action.c(9): 计数器:i=2,j=3	[MsgId: MMSG-17999]
Action.c(20): Action1()完成了第4次	[MsgId: MMSG-17999]
Action.c(8): 产生随机数：1	[MsgId: MMSG-17999]
Action.c(9): 计数器:i=4,j=8	[MsgId: MMSG-17999]
Action.c(31): Action3()完成了第4次	[MsgId: MMSG-17999]
Action.c(8): 产生随机数：3	[MsgId: MMSG-17999]
Action.c(9): 计数器:i=2,j=4	[MsgId: MMSG-17999]
Action.c(31): Action3()完成了第5次	[MsgId: MMSG-17999]
Action.c(8): 产生随机数：3	[MsgId: MMSG-17999]
Action.c(9): 计数器:i=2,j=5	[MsgId: MMSG-17999]
Action.c(31): Action3()完成了第6次	[MsgId: MMSG-17999]
Action.c(8): 产生随机数：2	[MsgId: MMSG-17999]
Action.c(9): 计数器:i=2,j=6	[MsgId: MMSG-17999]
Action.c(8): 产生随机数：1	[MsgId: MMSG-17999]
Action.c(9): 计数器:i=2,j=6	[MsgId: MMSG-17999]
Action.c(20): Action1()完成了第6次	[MsgId: MMSG-17999]
Action.c(8): 产生随机数：1	[MsgId: MMSG-17999]
Action.c(9): 计数器:i=6,j=8	[MsgId: MMSG-17999]
Action.c(20): Action1()完成了第1次	[MsgId: MMSG-17999]
Action.c(8): 产生随机数：1	[MsgId: MMSG-17999]
Action.c(9): 计数器:i=1,j=3	[MsgId: MMSG-17999]
Action.c(20): Action1()完成了第1次	[MsgId: MMSG-17999]
Action.c(8): 产生随机数：1	[MsgId: MMSG-17999]
Action.c(9): 计数器:i=1,j=3	[MsgId: MMSG-17999]
Action.c(20): Action1()完成了第2次	[MsgId: MMSG-17999]
Action.c(8): 产生随机数：2	[MsgId: MMSG-17999]
Action.c(9): 计数器:i=2,j=3	[MsgId: MMSG-17999]
Action.c(8): 产生随机数：3	[MsgId: MMSG-17999]
Action.c(9): 计数器:i=2,j=3	[MsgId: MMSG-17999]
Action.c(20): Action1()完成了第5次	[MsgId: MMSG-17999]
Action.c(8): 产生随机数：1	[MsgId: MMSG-17999]
Action.c(9): 计数器:i=5,j=8	[MsgId: MMSG-17999]
Action.c(31): Action3()完成了第4次	[MsgId: MMSG-17999]
Action.c(8): 产生随机数：3	[MsgId: MMSG-17999]
Action.c(9): 计数器:i=2,j=4	[MsgId: MMSG-17999]
Action.c(31): Action3()完成了第5次	[MsgId: MMSG-17999]
Action.c(8): 产生随机数：3	[MsgId: MMSG-17999]
Action.c(9): 计数器:i=2,j=5	[MsgId: MMSG-17999]
Action.c(31): Action3()完成了第6次	[MsgId: MMSG-17999]
Action.c(8): 产生随机数：2	[MsgId: MMSG-17999]
Action.c(9): 计数器:i=2,j=6	[MsgId: MMSG-17999]
Action.c(8): 产生随机数：1	[MsgId: MMSG-17999]
Action.c(9): 计数器:i=2,j=6	[MsgId: MMSG-17999]
Action.c(20): Action1()完成了第4次	[MsgId: MMSG-17999]
Action.c(8): 产生随机数：1	[MsgId: MMSG-17999]
Action.c(9): 计数器:i=4,j=8	[MsgId: MMSG-17999]
Action.c(20): Action1()完成了第5次	[MsgId: MMSG-17999]
Action.c(8): 产生随机数：1	[MsgId: MMSG-17999]
Action.c(9): 计数器:i=5,j=8	[MsgId: MMSG-17999]
Action.c(20): Action1()完成了第2次	[MsgId: MMSG-17999]
Action.c(8): 产生随机数：2	[MsgId: MMSG-17999]
Action.c(9): 计数器:i=2,j=3	[MsgId: MMSG-17999]
Action.c(20): Action1()完成了第7次	[MsgId: MMSG-17999]
Action.c(8): 产生随机数：3	[MsgId: MMSG-17999]
Action.c(9): 计数器:i=7,j=8	[MsgId: MMSG-17999]
Action.c(8): 产生随机数：3	[MsgId: MMSG-17999]
Action.c(9): 计数器:i=2,j=3	[MsgId: MMSG-17999]
Action.c(31): Action3()完成了第9次	[MsgId: MMSG-17999]
Action.c(8): 产生随机数：1	[MsgId: MMSG-17999]
Action.c(9): 计数器:i=7,j=9	[MsgId: MMSG-17999]
Action.c(31): Action3()完成了第4次	[MsgId: MMSG-17999]
Action.c(8): 产生随机数：3	[MsgId: MMSG-17999]
Action.c(9): 计数器:i=2,j=4	[MsgId: MMSG-17999]
Action.c(31): Action3()完成了第5次	[MsgId: MMSG-17999]
Action.c(8): 产生随机数：3	[MsgId: MMSG-17999]
Action.c(9): 计数器:i=2,j=5	[MsgId: MMSG-17999]
Action.c(20): Action1()完成了第2次	[MsgId: MMSG-17999]
Action.c(8): 产生随机数：2	[MsgId: MMSG-17999]
Action.c(9): 计数器:i=2,j=3	[MsgId: MMSG-17999]
Action.c(31): Action3()完成了第6次	[MsgId: MMSG-17999]
Action.c(8): 产生随机数：2	[MsgId: MMSG-17999]
Action.c(9): 计数器:i=2,j=6	[MsgId: MMSG-17999]
Action.c(8): 产生随机数：1	[MsgId: MMSG-17999]
Action.c(9): 计数器:i=2,j=6	[MsgId: MMSG-17999]
Action.c(20): Action1()完成了第6次	[MsgId: MMSG-17999]
Action.c(8): 产生随机数：1	[MsgId: MMSG-17999]
Action.c(9): 计数器:i=6,j=8	[MsgId: MMSG-17999]
Action.c(8): 产生随机数：3	[MsgId: MMSG-17999]
Action.c(9): 计数器:i=2,j=3	[MsgId: MMSG-17999]
Action.c(31): Action3()完成了第4次	[MsgId: MMSG-17999]
Action.c(8): 产生随机数：3	[MsgId: MMSG-17999]
Action.c(9): 计数器:i=2,j=4	[MsgId: MMSG-17999]
Action.c(31): Action3()完成了第5次	[MsgId: MMSG-17999]
Action.c(8): 产生随机数：3	[MsgId: MMSG-17999]
Action.c(9): 计数器:i=2,j=5	[MsgId: MMSG-17999]
Action.c(20): Action1()完成了第3次	[MsgId: MMSG-17999]
Action.c(8): 产生随机数：2	[MsgId: MMSG-17999]
Action.c(9): 计数器:i=3,j=6	[MsgId: MMSG-17999]
Action.c(31): Action3()完成了第6次	[MsgId: MMSG-17999]
Action.c(8): 产生随机数：2	[MsgId: MMSG-17999]
Action.c(9): 计数器:i=2,j=6	[MsgId: MMSG-17999]
Action.c(8): 产生随机数：1	[MsgId: MMSG-17999]
Action.c(9): 计数器:i=2,j=6	[MsgId: MMSG-17999]
Action.c(8): 产生随机数：3	[MsgId: MMSG-17999]
Action.c(9): 计数器:i=3,j=6	[MsgId: MMSG-17999]
Action.c(31): Action3()完成了第7次	[MsgId: MMSG-17999]
Action.c(8): 产生随机数：2	[MsgId: MMSG-17999]
Action.c(9): 计数器:i=3,j=7	[MsgId: MMSG-17999]
Action.c(20): Action1()完成了第6次	[MsgId: MMSG-17999]
Action.c(8): 产生随机数：1	[MsgId: MMSG-17999]
Action.c(9): 计数器:i=6,j=8	[MsgId: MMSG-17999]
Action.c(20): Action1()完成了第3次	[MsgId: MMSG-17999]
Action.c(8): 产生随机数：2	[MsgId: MMSG-17999]
Action.c(9): 计数器:i=3,j=6	[MsgId: MMSG-17999]
Action.c(8): 产生随机数：3	[MsgId: MMSG-17999]
Action.c(9): 计数器:i=3,j=7	[MsgId: MMSG-17999]
Action.c(31): Action3()完成了第8次	[MsgId: MMSG-17999]
Action.c(8): 产生随机数：1	[MsgId: MMSG-17999]
Action.c(9): 计数器:i=3,j=8	[MsgId: MMSG-17999]
Action.c(8): 产生随机数：3	[MsgId: MMSG-17999]
Action.c(9): 计数器:i=3,j=6	[MsgId: MMSG-17999]
Action.c(31): Action3()完成了第7次	[MsgId: MMSG-17999]
Action.c(8): 产生随机数：2	[MsgId: MMSG-17999]
Action.c(9): 计数器:i=3,j=7	[MsgId: MMSG-17999]
Action.c(8): 产生随机数：3	[MsgId: MMSG-17999]
Action.c(9): 计数器:i=3,j=7	[MsgId: MMSG-17999]
Action.c(31): Action3()完成了第8次	[MsgId: MMSG-17999]
Action.c(8): 产生随机数：1	[MsgId: MMSG-17999]
Action.c(9): 计数器:i=3,j=8	[MsgId: MMSG-17999]
Action.c(20): Action1()完成了第5次	[MsgId: MMSG-17999]
Action.c(8): 产生随机数：1	[MsgId: MMSG-17999]
Action.c(9): 计数器:i=5,j=8	[MsgId: MMSG-17999]
Action.c(8): 产生随机数：3	[MsgId: MMSG-17999]
Action.c(9): 计数器:i=3,j=7	[MsgId: MMSG-17999]
Action.c(31): Action3()完成了第8次	[MsgId: MMSG-17999]
Action.c(8): 产生随机数：1	[MsgId: MMSG-17999]
Action.c(9): 计数器:i=3,j=8	[MsgId: MMSG-17999]
Action.c(20): Action1()完成了第8次	[MsgId: MMSG-17999]
Action.c(8): 产生随机数：2	[MsgId: MMSG-17999]
Action.c(9): 计数器:i=8,j=9	[MsgId: MMSG-17999]
Action.c(8): 产生随机数：2	[MsgId: MMSG-17999]
Action.c(9): 计数器:i=8,j=9	[MsgId: MMSG-17999]
Action.c(8): 产生随机数：1	[MsgId: MMSG-17999]
Action.c(9): 计数器:i=8,j=9	[MsgId: MMSG-17999]
Action.c(20): Action1()完成了第7次	[MsgId: MMSG-17999]
Action.c(8): 产生随机数：3	[MsgId: MMSG-17999]
Action.c(9): 计数器:i=7,j=8	[MsgId: MMSG-17999]
Action.c(31): Action3()完成了第9次	[MsgId: MMSG-17999]
Action.c(8): 产生随机数：1	[MsgId: MMSG-17999]
Action.c(9): 计数器:i=7,j=9	[MsgId: MMSG-17999]
Action.c(20): Action1()完成了第3次	[MsgId: MMSG-17999]
Action.c(8): 产生随机数：2	[MsgId: MMSG-17999]
Action.c(9): 计数器:i=3,j=6	[MsgId: MMSG-17999]
Action.c(8): 产生随机数：3	[MsgId: MMSG-17999]
Action.c(9): 计数器:i=3,j=6	[MsgId: MMSG-17999]
Action.c(31): Action3()完成了第7次	[MsgId: MMSG-17999]
Action.c(8): 产生随机数：2	[MsgId: MMSG-17999]
Action.c(9): 计数器:i=3,j=7	[MsgId: MMSG-17999]
Action.c(8): 产生随机数：3	[MsgId: MMSG-17999]
Action.c(9): 计数器:i=3,j=7	[MsgId: MMSG-17999]
Action.c(20): Action1()完成了第7次	[MsgId: MMSG-17999]
Action.c(8): 产生随机数：3	[MsgId: MMSG-17999]
Action.c(9): 计数器:i=7,j=8	[MsgId: MMSG-17999]
Action.c(31): Action3()完成了第8次	[MsgId: MMSG-17999]
Action.c(8): 产生随机数：1	[MsgId: MMSG-17999]
Action.c(9): 计数器:i=3,j=8	[MsgId: MMSG-17999]
Action.c(31): Action3()完成了第9次	[MsgId: MMSG-17999]
Action.c(8): 产生随机数：1	[MsgId: MMSG-17999]
Action.c(9): 计数器:i=7,j=9	[MsgId: MMSG-17999]
Action.c(20): Action1()完成了第3次	[MsgId: MMSG-17999]
Action.c(8): 产生随机数：2	[MsgId: MMSG-17999]
Action.c(9): 计数器:i=3,j=6	[MsgId: MMSG-17999]
Action.c(8): 产生随机数：3	[MsgId: MMSG-17999]
Action.c(9): 计数器:i=3,j=6	[MsgId: MMSG-17999]
Action.c(20): Action1()完成了第4次	[MsgId: MMSG-17999]
Action.c(8): 产生随机数：1	[MsgId: MMSG-17999]
Action.c(9): 计数器:i=4,j=8	[MsgId: MMSG-17999]
Action.c(31): Action3()完成了第7次	[MsgId: MMSG-17999]
Action.c(8): 产生随机数：2	[MsgId: MMSG-17999]
Action.c(9): 计数器:i=3,j=7	[MsgId: MMSG-17999]
Action.c(20): Action1()完成了第4次	[MsgId: MMSG-17999]
Action.c(8): 产生随机数：1	[MsgId: MMSG-17999]
Action.c(9): 计数器:i=4,j=8	[MsgId: MMSG-17999]
Action.c(8): 产生随机数：3	[MsgId: MMSG-17999]
Action.c(9): 计数器:i=3,j=7	[MsgId: MMSG-17999]
Action.c(31): Action3()完成了第8次	[MsgId: MMSG-17999]
Action.c(8): 产生随机数：1	[MsgId: MMSG-17999]
Action.c(9): 计数器:i=3,j=8	[MsgId: MMSG-17999]
Action.c(20): Action1()完成了第4次	[MsgId: MMSG-17999]
Action.c(8): 产生随机数：1	[MsgId: MMSG-17999]
Action.c(9): 计数器:i=4,j=8	[MsgId: MMSG-17999]
Action.c(20): Action1()完成了第6次	[MsgId: MMSG-17999]
Action.c(8): 产生随机数：1	[MsgId: MMSG-17999]
Action.c(9): 计数器:i=6,j=8	[MsgId: MMSG-17999]
Action.c(20): Action1()完成了第8次	[MsgId: MMSG-17999]
Action.c(8): 产生随机数：2	[MsgId: MMSG-17999]
Action.c(9): 计数器:i=8,j=9	[MsgId: MMSG-17999]
Action.c(8): 产生随机数：2	[MsgId: MMSG-17999]
Action.c(9): 计数器:i=8,j=9	[MsgId: MMSG-17999]
Action.c(8): 产生随机数：1	[MsgId: MMSG-17999]
Action.c(9): 计数器:i=8,j=9	[MsgId: MMSG-17999]
Action.c(20): Action1()完成了第9次	[MsgId: MMSG-17999]
Action.c(8): 产生随机数：3	[MsgId: MMSG-17999]
Action.c(9): 计数器:i=9,j=9	[MsgId: MMSG-17999]
Action.c(31): Action3()完成了第10次	[MsgId: MMSG-17999]
Action.c(8): 产生随机数：3	[MsgId: MMSG-17999]
Action.c(9): 计数器:i=9,j=10	[MsgId: MMSG-17999]
Action.c(8): 产生随机数：3	[MsgId: MMSG-17999]
Action.c(9): 计数器:i=9,j=10	[MsgId: MMSG-17999]
Action.c(8): 产生随机数：3	[MsgId: MMSG-17999]
Action.c(9): 计数器:i=9,j=10	[MsgId: MMSG-17999]
Action.c(8): 产生随机数：1	[MsgId: MMSG-17999]
Action.c(9): 计数器:i=9,j=10	[MsgId: MMSG-17999]
Action.c(20): Action1()完成了第8次	[MsgId: MMSG-17999]
Action.c(8): 产生随机数：2	[MsgId: MMSG-17999]
Action.c(9): 计数器:i=8,j=9	[MsgId: MMSG-17999]
Action.c(8): 产生随机数：2	[MsgId: MMSG-17999]
Action.c(9): 计数器:i=8,j=9	[MsgId: MMSG-17999]
Action.c(20): Action1()完成了第5次	[MsgId: MMSG-17999]
Action.c(8): 产生随机数：1	[MsgId: MMSG-17999]
Action.c(9): 计数器:i=5,j=8	[MsgId: MMSG-17999]
Action.c(20): Action1()完成了第4次	[MsgId: MMSG-17999]
Action.c(8): 产生随机数：1	[MsgId: MMSG-17999]
Action.c(9): 计数器:i=4,j=8	[MsgId: MMSG-17999]
Action.c(20): Action1()完成了第5次	[MsgId: MMSG-17999]
Action.c(8): 产生随机数：1	[MsgId: MMSG-17999]
Action.c(9): 计数器:i=5,j=8	[MsgId: MMSG-17999]
Action.c(8): 产生随机数：1	[MsgId: MMSG-17999]
Action.c(9): 计数器:i=8,j=9	[MsgId: MMSG-17999]
Action.c(20): Action1()完成了第4次	[MsgId: MMSG-17999]
Action.c(8): 产生随机数：1	[MsgId: MMSG-17999]
Action.c(9): 计数器:i=4,j=8	[MsgId: MMSG-17999]
Action.c(20): Action1()完成了第7次	[MsgId: MMSG-17999]
Action.c(8): 产生随机数：3	[MsgId: MMSG-17999]
Action.c(9): 计数器:i=7,j=8	[MsgId: MMSG-17999]
Action.c(31): Action3()完成了第9次	[MsgId: MMSG-17999]
Action.c(8): 产生随机数：1	[MsgId: MMSG-17999]
Action.c(9): 计数器:i=7,j=9	[MsgId: MMSG-17999]
Action.c(20): Action1()完成了第9次	[MsgId: MMSG-17999]
Action.c(8): 产生随机数：3	[MsgId: MMSG-17999]
Action.c(9): 计数器:i=9,j=9	[MsgId: MMSG-17999]
Action.c(31): Action3()完成了第10次	[MsgId: MMSG-17999]
Action.c(8): 产生随机数：3	[MsgId: MMSG-17999]
Action.c(9): 计数器:i=9,j=10	[MsgId: MMSG-17999]
Action.c(8): 产生随机数：3	[MsgId: MMSG-17999]
Action.c(9): 计数器:i=9,j=10	[MsgId: MMSG-17999]
Action.c(8): 产生随机数：3	[MsgId: MMSG-17999]
Action.c(9): 计数器:i=9,j=10	[MsgId: MMSG-17999]
Action.c(8): 产生随机数：1	[MsgId: MMSG-17999]
Action.c(9): 计数器:i=9,j=10	[MsgId: MMSG-17999]
Action.c(20): Action1()完成了第5次	[MsgId: MMSG-17999]
Action.c(8): 产生随机数：1	[MsgId: MMSG-17999]
Action.c(9): 计数器:i=5,j=8	[MsgId: MMSG-17999]
Action.c(20): Action1()完成了第5次	[MsgId: MMSG-17999]
Action.c(8): 产生随机数：1	[MsgId: MMSG-17999]
Action.c(9): 计数器:i=5,j=8	[MsgId: MMSG-17999]
Action.c(20): Action1()完成了第6次	[MsgId: MMSG-17999]
Action.c(8): 产生随机数：1	[MsgId: MMSG-17999]
Action.c(9): 计数器:i=6,j=8	[MsgId: MMSG-17999]
Action.c(20): Action1()完成了第9次	[MsgId: MMSG-17999]
Action.c(8): 产生随机数：3	[MsgId: MMSG-17999]
Action.c(9): 计数器:i=9,j=9	[MsgId: MMSG-17999]
Action.c(31): Action3()完成了第10次	[MsgId: MMSG-17999]
Action.c(8): 产生随机数：3	[MsgId: MMSG-17999]
Action.c(9): 计数器:i=9,j=10	[MsgId: MMSG-17999]
Action.c(8): 产生随机数：3	[MsgId: MMSG-17999]
Action.c(9): 计数器:i=9,j=10	[MsgId: MMSG-17999]
Action.c(8): 产生随机数：3	[MsgId: MMSG-17999]
Action.c(9): 计数器:i=9,j=10	[MsgId: MMSG-17999]
Action.c(8): 产生随机数：1	[MsgId: MMSG-17999]
Action.c(9): 计数器:i=9,j=10	[MsgId: MMSG-17999]
Action.c(20): Action1()完成了第10次	[MsgId: MMSG-17999]
Action.c(8): 产生随机数：3	[MsgId: MMSG-17999]
Action.c(9): 计数器:i=10,j=10	[MsgId: MMSG-17999]
Action.c(20): Action1()完成了第5次	[MsgId: MMSG-17999]
Action.c(8): 产生随机数：1	[MsgId: MMSG-17999]
Action.c(9): 计数器:i=5,j=8	[MsgId: MMSG-17999]
Action.c(20): Action1()完成了第6次	[MsgId: MMSG-17999]
Action.c(8): 产生随机数：1	[MsgId: MMSG-17999]
Action.c(9): 计数器:i=6,j=8	[MsgId: MMSG-17999]
Action.c(20): Action1()完成了第8次	[MsgId: MMSG-17999]
Action.c(8): 产生随机数：2	[MsgId: MMSG-17999]
Action.c(9): 计数器:i=8,j=9	[MsgId: MMSG-17999]
Action.c(8): 产生随机数：2	[MsgId: MMSG-17999]
Action.c(9): 计数器:i=8,j=9	[MsgId: MMSG-17999]
Action.c(8): 产生随机数：1	[MsgId: MMSG-17999]
Action.c(9): 计数器:i=8,j=9	[MsgId: MMSG-17999]
Action.c(20): Action1()完成了第10次	[MsgId: MMSG-17999]
Action.c(8): 产生随机数：3	[MsgId: MMSG-17999]
Action.c(9): 计数器:i=10,j=10	[MsgId: MMSG-17999]
Action.c(20): Action1()完成了第6次	[MsgId: MMSG-17999]
Action.c(8): 产生随机数：1	[MsgId: MMSG-17999]
Action.c(9): 计数器:i=6,j=8	[MsgId: MMSG-17999]
Action.c(20): Action1()完成了第6次	[MsgId: MMSG-17999]
Action.c(8): 产生随机数：1	[MsgId: MMSG-17999]
Action.c(9): 计数器:i=6,j=8	[MsgId: MMSG-17999]
Action.c(20): Action1()完成了第7次	[MsgId: MMSG-17999]
Action.c(8): 产生随机数：3	[MsgId: MMSG-17999]
Action.c(9): 计数器:i=7,j=8	[MsgId: MMSG-17999]
Action.c(20): Action1()完成了第6次	[MsgId: MMSG-17999]
Action.c(8): 产生随机数：1	[MsgId: MMSG-17999]
Action.c(9): 计数器:i=6,j=8	[MsgId: MMSG-17999]
Action.c(31): Action3()完成了第9次	[MsgId: MMSG-17999]
Action.c(8): 产生随机数：1	[MsgId: MMSG-17999]
Action.c(9): 计数器:i=7,j=9	[MsgId: MMSG-17999]
Action.c(20): Action1()完成了第7次	[MsgId: MMSG-17999]
Action.c(8): 产生随机数：3	[MsgId: MMSG-17999]
Action.c(9): 计数器:i=7,j=8	[MsgId: MMSG-17999]
Action.c(31): Action3()完成了第9次	[MsgId: MMSG-17999]
Action.c(8): 产生随机数：1	[MsgId: MMSG-17999]
Action.c(9): 计数器:i=7,j=9	[MsgId: MMSG-17999]
Action.c(20): Action1()完成了第10次	[MsgId: MMSG-17999]
Action.c(8): 产生随机数：3	[MsgId: MMSG-17999]
Action.c(9): 计数器:i=10,j=10	[MsgId: MMSG-17999]
Action.c(20): Action1()完成了第9次	[MsgId: MMSG-17999]
Action.c(8): 产生随机数：3	[MsgId: MMSG-17999]
Action.c(9): 计数器:i=9,j=9	[MsgId: MMSG-17999]
Action.c(31): Action3()完成了第10次	[MsgId: MMSG-17999]
Action.c(8): 产生随机数：3	[MsgId: MMSG-17999]
Action.c(9): 计数器:i=9,j=10	[MsgId: MMSG-17999]
Action.c(8): 产生随机数：3	[MsgId: MMSG-17999]
Action.c(9): 计数器:i=9,j=10	[MsgId: MMSG-17999]
Action.c(8): 产生随机数：3	[MsgId: MMSG-17999]
Action.c(9): 计数器:i=9,j=10	[MsgId: MMSG-17999]
Action.c(8): 产生随机数：1	[MsgId: MMSG-17999]
Action.c(9): 计数器:i=9,j=10	[MsgId: MMSG-17999]
Action.c(20): Action1()完成了第7次	[MsgId: MMSG-17999]
Action.c(8): 产生随机数：3	[MsgId: MMSG-17999]
Action.c(9): 计数器:i=7,j=8	[MsgId: MMSG-17999]
Action.c(31): Action3()完成了第9次	[MsgId: MMSG-17999]
Action.c(8): 产生随机数：1	[MsgId: MMSG-17999]
Action.c(9): 计数器:i=7,j=9	[MsgId: MMSG-17999]
Action.c(20): Action1()完成了第7次	[MsgId: MMSG-17999]
Action.c(8): 产生随机数：3	[MsgId: MMSG-17999]
Action.c(9): 计数器:i=7,j=8	[MsgId: MMSG-17999]
Action.c(20): Action1()完成了第8次	[MsgId: MMSG-17999]
Action.c(8): 产生随机数：2	[MsgId: MMSG-17999]
Action.c(9): 计数器:i=8,j=9	[MsgId: MMSG-17999]
Action.c(31): Action3()完成了第9次	[MsgId: MMSG-17999]
Action.c(8): 产生随机数：1	[MsgId: MMSG-17999]
Action.c(9): 计数器:i=7,j=9	[MsgId: MMSG-17999]
Action.c(20): Action1()完成了第7次	[MsgId: MMSG-17999]
Action.c(8): 产生随机数：3	[MsgId: MMSG-17999]
Action.c(9): 计数器:i=7,j=8	[MsgId: MMSG-17999]
Action.c(31): Action3()完成了第9次	[MsgId: MMSG-17999]
Action.c(8): 产生随机数：1	[MsgId: MMSG-17999]
Action.c(9): 计数器:i=7,j=9	[MsgId: MMSG-17999]
Action.c(8): 产生随机数：2	[MsgId: MMSG-17999]
Action.c(9): 计数器:i=8,j=9	[MsgId: MMSG-17999]
Action.c(8): 产生随机数：1	[MsgId: MMSG-17999]
Action.c(9): 计数器:i=8,j=9	[MsgId: MMSG-17999]
Action.c(20): Action1()完成了第8次	[MsgId: MMSG-17999]
Action.c(8): 产生随机数：2	[MsgId: MMSG-17999]
Action.c(9): 计数器:i=8,j=9	[MsgId: MMSG-17999]
Action.c(8): 产生随机数：2	[MsgId: MMSG-17999]
Action.c(9): 计数器:i=8,j=9	[MsgId: MMSG-17999]
Action.c(8): 产生随机数：1	[MsgId: MMSG-17999]
Action.c(9): 计数器:i=8,j=9	[MsgId: MMSG-17999]
Action.c(20): Action1()完成了第10次	[MsgId: MMSG-17999]
Action.c(8): 产生随机数：3	[MsgId: MMSG-17999]
Action.c(9): 计数器:i=10,j=10	[MsgId: MMSG-17999]
Action.c(20): Action1()完成了第8次	[MsgId: MMSG-17999]
Action.c(8): 产生随机数：2	[MsgId: MMSG-17999]
Action.c(9): 计数器:i=8,j=9	[MsgId: MMSG-17999]
Action1.c(4): Error -26601: Decompression function (wgzMemDecompressBuffer) failed, return code=-5 (Z_BUF_ERROR), inSize=0, inUse=0, outUse=0  	[MsgId: MERR-26601]
Action.c(8): 产生随机数：2	[MsgId: MMSG-17999]
Action.c(9): 计数器:i=8,j=9	[MsgId: MMSG-17999]
Action.c(8): 产生随机数：1	[MsgId: MMSG-17999]
Action.c(9): 计数器:i=8,j=9	[MsgId: MMSG-17999]
Action.c(20): Action1()完成了第8次	[MsgId: MMSG-17999]
Action.c(8): 产生随机数：2	[MsgId: MMSG-17999]
Action.c(9): 计数器:i=8,j=9	[MsgId: MMSG-17999]
Action.c(8): 产生随机数：2	[MsgId: MMSG-17999]
Action.c(9): 计数器:i=8,j=9	[MsgId: MMSG-17999]
Action.c(8): 产生随机数：1	[MsgId: MMSG-17999]
Action.c(9): 计数器:i=8,j=9	[MsgId: MMSG-17999]
Action.c(20): Action1()完成了第9次	[MsgId: MMSG-17999]
Action.c(8): 产生随机数：3	[MsgId: MMSG-17999]
Action.c(9): 计数器:i=9,j=9	[MsgId: MMSG-17999]
Action.c(31): Action3()完成了第10次	[MsgId: MMSG-17999]
Action.c(8): 产生随机数：3	[MsgId: MMSG-17999]
Action.c(9): 计数器:i=9,j=10	[MsgId: MMSG-17999]
Action.c(8): 产生随机数：3	[MsgId: MMSG-17999]
Action.c(9): 计数器:i=9,j=10	[MsgId: MMSG-17999]
Action.c(8): 产生随机数：3	[MsgId: MMSG-17999]
Action.c(9): 计数器:i=9,j=10	[MsgId: MMSG-17999]
Action.c(8): 产生随机数：1	[MsgId: MMSG-17999]
Action.c(9): 计数器:i=9,j=10	[MsgId: MMSG-17999]
Action.c(20): Action1()完成了第9次	[MsgId: MMSG-17999]
Action.c(8): 产生随机数：3	[MsgId: MMSG-17999]
Action.c(9): 计数器:i=9,j=9	[MsgId: MMSG-17999]
Action.c(31): Action3()完成了第10次	[MsgId: MMSG-17999]
Action.c(8): 产生随机数：3	[MsgId: MMSG-17999]
Action.c(9): 计数器:i=9,j=10	[MsgId: MMSG-17999]
Action.c(8): 产生随机数：3	[MsgId: MMSG-17999]
Action.c(9): 计数器:i=9,j=10	[MsgId: MMSG-17999]
Action.c(8): 产生随机数：3	[MsgId: MMSG-17999]
Action.c(9): 计数器:i=9,j=10	[MsgId: MMSG-17999]
Action.c(8): 产生随机数：1	[MsgId: MMSG-17999]
Action.c(9): 计数器:i=9,j=10	[MsgId: MMSG-17999]
Action.c(20): Action1()完成了第9次	[MsgId: MMSG-17999]
Action.c(8): 产生随机数：3	[MsgId: MMSG-17999]
Action.c(9): 计数器:i=9,j=9	[MsgId: MMSG-17999]
Action.c(31): Action3()完成了第10次	[MsgId: MMSG-17999]
Action.c(8): 产生随机数：3	[MsgId: MMSG-17999]
Action.c(9): 计数器:i=9,j=10	[MsgId: MMSG-17999]
Action.c(8): 产生随机数：3	[MsgId: MMSG-17999]
Action.c(9): 计数器:i=9,j=10	[MsgId: MMSG-17999]
Action.c(8): 产生随机数：3	[MsgId: MMSG-17999]
Action.c(9): 计数器:i=9,j=10	[MsgId: MMSG-17999]
Action.c(8): 产生随机数：1	[MsgId: MMSG-17999]
Action.c(9): 计数器:i=9,j=10	[MsgId: MMSG-17999]
Action.c(20): Action1()完成了第9次	[MsgId: MMSG-17999]
Action.c(8): 产生随机数：3	[MsgId: MMSG-17999]
Action.c(9): 计数器:i=9,j=9	[MsgId: MMSG-17999]
Action.c(31): Action3()完成了第10次	[MsgId: MMSG-17999]
Action.c(8): 产生随机数：3	[MsgId: MMSG-17999]
Action.c(9): 计数器:i=9,j=10	[MsgId: MMSG-17999]
Action.c(8): 产生随机数：3	[MsgId: MMSG-17999]
Action.c(9): 计数器:i=9,j=10	[MsgId: MMSG-17999]
Action.c(8): 产生随机数：3	[MsgId: MMSG-17999]
Action.c(9): 计数器:i=9,j=10	[MsgId: MMSG-17999]
Action.c(8): 产生随机数：1	[MsgId: MMSG-17999]
Action.c(9): 计数器:i=9,j=10	[MsgId: MMSG-17999]
Action.c(20): Action1()完成了第10次	[MsgId: MMSG-17999]
Action.c(8): 产生随机数：3	[MsgId: MMSG-17999]
Action.c(9): 计数器:i=10,j=10	[MsgId: MMSG-17999]
Action.c(20): Action1()完成了第10次	[MsgId: MMSG-17999]
Action.c(8): 产生随机数：3	[MsgId: MMSG-17999]
Action.c(9): 计数器:i=10,j=10	[MsgId: MMSG-17999]
Action1.c(4): Error -27496: Internal Error - _eStat (7) != LRW_ITEM_STAT_ENUM_UNHANDLED for HandledTask at 05949AA0  	[MsgId: MERR-27496]
Action1.c(4): Error -27496: Internal Error - _eStat (5) != LRW_ITEM_STAT_ENUM_UNHANDLED for HandledTask at 05F2A5F8  	[MsgId: MERR-27496]
Action1.c(4): Error -27496: Internal Error - _eStat (5) != LRW_ITEM_STAT_ENUM_UNHANDLED for HandledTask at 06953670  	[MsgId: MERR-27496]
Action1.c(4): Error -27496: Internal Error - _eStat (7) != LRW_ITEM_STAT_ENUM_UNHANDLED for HandledTask at 053E48F0  	[MsgId: MERR-27496]
Error -27496: Internal Error - InternetCloseHandle failed for item at 060D8828, Windows error code=6. Assuming the item can be deleted, but error(s) may occur in fvLrwNetWinInetCallback  	[MsgId: MERR-27496]
Action1.c(4): Error -27496: Internal Error - _eStat (5) != LRW_ITEM_STAT_ENUM_UNHANDLED for HandledTask at 05F0FD20  	[MsgId: MERR-27496]
Action1.c(4): Error -27492: "HttpSendRequest" failed, Windows error code=12017 and retry limit (0) exceeded for URL="https://www.hao123.com"  	[MsgId: MERR-27492]
Action1.c(4): Error -27492: "HttpSendRequest" failed, Windows error code=12017 and retry limit (0) exceeded for URL="https://www.hao123.com"  	[MsgId: MERR-27492]
Action1.c(4): Error -27489: InternetReadFile failed. Windows error code=6. URL="https://www.hao123.com"  	[MsgId: MERR-27489]
Action1.c(4): Error -27492: "HttpSendRequest" failed, Windows error code=12017 and retry limit (0) exceeded for URL="https://www.hao123.com"  	[MsgId: MERR-27492]
Action1.c(4): Error -27492: "HttpSendRequest" failed, Windows error code=12017 and retry limit (0) exceeded for URL="https://www.hao123.com"  	[MsgId: MERR-27492]
Error -27496: Internal Error - InternetCloseHandle failed for item at 05F2A5F8, Windows error code=6. Assuming the item can be deleted, but error(s) may occur in fvLrwNetWinInetCallback  	[MsgId: MERR-27496]
Error -27496: Internal Error - InternetCloseHandle failed for item at 06953670, Windows error code=6. Assuming the item can be deleted, but error(s) may occur in fvLrwNetWinInetCallback  	[MsgId: MERR-27496]
Error -27496: Internal Error - InternetCloseHandle failed for item at 05949AA0, Windows error code=6. Assuming the item can be deleted, but error(s) may occur in fvLrwNetWinInetCallback  	[MsgId: MERR-27496]
Error -27496: Internal Error - InternetCloseHandle failed for item at 05F0FD20, Windows error code=6. Assuming the item can be deleted, but error(s) may occur in fvLrwNetWinInetCallback  	[MsgId: MERR-27496]
Error -27496: Internal Error - InternetCloseHandle failed for item at 053E48F0, Windows error code=6. Assuming the item can be deleted, but error(s) may occur in fvLrwNetWinInetCallback  	[MsgId: MERR-27496]
Error -27496: Internal Error - LrwNetHandledItem at 05F0FD20 not marked as deleteable (0)  	[MsgId: MERR-27496]
Error -27496: Internal Error - LrwNetHandledItem at 053E48F0 not marked as deleteable (0)  	[MsgId: MERR-27496]
