Action.c(8): 产生随机数：3	[MsgId: MMSG-17999]
Action.c(8): 产生随机数：3	[MsgId: MMSG-17999]
Action.c(8): 产生随机数：3	[MsgId: MMSG-17999]
Action.c(8): 产生随机数：3	[MsgId: MMSG-17999]
Action.c(8): 产生随机数：3	[MsgId: MMSG-17999]
Action.c(8): 产生随机数：3	[MsgId: MMSG-17999]
Action.c(8): 产生随机数：3	[MsgId: MMSG-17999]
Action.c(8): 产生随机数：3	[MsgId: MMSG-17999]
Action.c(9): 计数器:i=0,j=0	[MsgId: MMSG-17999]
Action.c(9): 计数器:i=0,j=0	[MsgId: MMSG-17999]
Action.c(9): 计数器:i=0,j=0	[MsgId: MMSG-17999]
Action.c(9): 计数器:i=0,j=0	[MsgId: MMSG-17999]
Action.c(8): 产生随机数：3	[MsgId: MMSG-17999]
Action.c(8): 产生随机数：3	[MsgId: MMSG-17999]
Action.c(9): 计数器:i=0,j=0	[MsgId: MMSG-17999]
Action.c(9): 计数器:i=0,j=0	[MsgId: MMSG-17999]
Action.c(9): 计数器:i=0,j=0	[MsgId: MMSG-17999]
Action.c(9): 计数器:i=0,j=0	[MsgId: MMSG-17999]
Action.c(9): 计数器:i=0,j=0	[MsgId: MMSG-17999]
Action.c(9): 计数器:i=0,j=0	[MsgId: MMSG-17999]
Action3.c(3): Error -27492: "HttpSendRequest" failed, Windows error code=12007 (server name not resolved) and retry limit (0) exceeded for URL="https://www.sina.com.cn"  	[MsgId: MERR-27492]
Action.c(8): 产生随机数：3	[MsgId: MMSG-17999]
Action.c(9): 计数器:i=0,j=0	[MsgId: MMSG-17999]
Action3.c(3): Error -27496: Internal Error - _eStat (5) != LRW_ITEM_STAT_ENUM_UNHANDLED for HandledTask at 03F6B3D0  	[MsgId: MERR-27496]
Action3.c(3): Error -27496: Internal Error - _eStat (5) != LRW_ITEM_STAT_ENUM_UNHANDLED for HandledTask at 0464B398  	[MsgId: MERR-27496]
Action3.c(3): Error -27496: Internal Error - _eStat (5) != LRW_ITEM_STAT_ENUM_UNHANDLED for HandledTask at 037FB3B8  	[MsgId: MERR-27496]
Action3.c(3): Error -27496: Internal Error - _eStat (5) != LRW_ITEM_STAT_ENUM_UNHANDLED for HandledTask at 04EA9EA8  	[MsgId: MERR-27496]
Action3.c(3): Error -27496: Internal Error - _eStat (5) != LRW_ITEM_STAT_ENUM_UNHANDLED for HandledTask at 046A91D8  	[MsgId: MERR-27496]
Action3.c(3): Error -27496: Internal Error - _eStat (5) != LRW_ITEM_STAT_ENUM_UNHANDLED for HandledTask at 0422B3D0  	[MsgId: MERR-27496]
Action3.c(3): Error -27496: Internal Error - _eStat (5) != LRW_ITEM_STAT_ENUM_UNHANDLED for HandledTask at 050691E0  	[MsgId: MERR-27496]
Action3.c(3): Error -27496: Internal Error - _eStat (5) != LRW_ITEM_STAT_ENUM_UNHANDLED for HandledTask at 043C91D8  	[MsgId: MERR-27496]
Action3.c(3): Error -27496: Internal Error - _eStat (5) != LRW_ITEM_STAT_ENUM_UNHANDLED for HandledTask at 04C39200  	[MsgId: MERR-27496]
Action3.c(3): Error -27496: Internal Error - _eStat (5) != LRW_ITEM_STAT_ENUM_UNHANDLED for HandledTask at 038CA500  	[MsgId: MERR-27496]
Action3.c(3): Error -27492: "HttpSendRequest" failed, Windows error code=12007 (server name not resolved) and retry limit (0) exceeded for URL="https://www.sina.com.cn"  	[MsgId: MERR-27492]
Error -27496: Internal Error - InternetCloseHandle failed for item at 04EA9EA8, Windows error code=6. Assuming the item can be deleted, but error(s) may occur in fvLrwNetWinInetCallback  	[MsgId: MERR-27496]
Action3.c(3): Error -27492: "HttpSendRequest" failed, Windows error code=12007 (server name not resolved) and retry limit (0) exceeded for URL="https://www.sina.com.cn"  	[MsgId: MERR-27492]
Error -27496: Internal Error - InternetCloseHandle failed for item at 04C39200, Windows error code=6. Assuming the item can be deleted, but error(s) may occur in fvLrwNetWinInetCallback  	[MsgId: MERR-27496]
Action3.c(3): Error -27492: "HttpSendRequest" failed, Windows error code=12007 (server name not resolved) and retry limit (0) exceeded for URL="https://www.sina.com.cn"  	[MsgId: MERR-27492]
Error -27496: Internal Error - InternetCloseHandle failed for item at 0422B3D0, Windows error code=6. Assuming the item can be deleted, but error(s) may occur in fvLrwNetWinInetCallback  	[MsgId: MERR-27496]
Action3.c(3): Error -27492: "HttpSendRequest" failed, Windows error code=12007 (server name not resolved) and retry limit (0) exceeded for URL="https://www.sina.com.cn"  	[MsgId: MERR-27492]
Error -27496: Internal Error - InternetCloseHandle failed for item at 03F6B3D0, Windows error code=6. Assuming the item can be deleted, but error(s) may occur in fvLrwNetWinInetCallback  	[MsgId: MERR-27496]
Action3.c(3): Error -27492: "HttpSendRequest" failed, Windows error code=12007 (server name not resolved) and retry limit (0) exceeded for URL="https://www.sina.com.cn"  	[MsgId: MERR-27492]
Error -27496: Internal Error - InternetCloseHandle failed for item at 038CA500, Windows error code=6. Assuming the item can be deleted, but error(s) may occur in fvLrwNetWinInetCallback  	[MsgId: MERR-27496]
