Action.c(8): 产生随机数：3	[MsgId: MMSG-17999]
Action.c(8): 产生随机数：3	[MsgId: MMSG-17999]
Action.c(8): 产生随机数：3	[MsgId: MMSG-17999]
Action.c(8): 产生随机数：3	[MsgId: MMSG-17999]
Action.c(8): 产生随机数：3	[MsgId: MMSG-17999]
Action.c(9): 计数器:i=0,j=0	[MsgId: MMSG-17999]
Action.c(9): 计数器:i=0,j=0	[MsgId: MMSG-17999]
Action.c(9): 计数器:i=0,j=0	[MsgId: MMSG-17999]
Action.c(9): 计数器:i=0,j=0	[MsgId: MMSG-17999]
Action.c(9): 计数器:i=0,j=0	[MsgId: MMSG-17999]
Action.c(8): 产生随机数：3	[MsgId: MMSG-17999]
Action.c(8): 产生随机数：3	[MsgId: MMSG-17999]
Action.c(8): 产生随机数：3	[MsgId: MMSG-17999]
Action.c(8): 产生随机数：3	[MsgId: MMSG-17999]
Action.c(8): 产生随机数：3	[MsgId: MMSG-17999]
Action.c(9): 计数器:i=0,j=0	[MsgId: MMSG-17999]
Action.c(9): 计数器:i=0,j=0	[MsgId: MMSG-17999]
Action.c(9): 计数器:i=0,j=0	[MsgId: MMSG-17999]
Action.c(9): 计数器:i=0,j=0	[MsgId: MMSG-17999]
Action.c(9): 计数器:i=0,j=0	[MsgId: MMSG-17999]
Action.c(8): 产生随机数：3	[MsgId: MMSG-17999]
Action.c(8): 产生随机数：3	[MsgId: MMSG-17999]
Action.c(8): 产生随机数：3	[MsgId: MMSG-17999]
Action.c(8): 产生随机数：3	[MsgId: MMSG-17999]
Action.c(8): 产生随机数：3	[MsgId: MMSG-17999]
Action.c(9): 计数器:i=0,j=0	[MsgId: MMSG-17999]
Action.c(9): 计数器:i=0,j=0	[MsgId: MMSG-17999]
Action.c(9): 计数器:i=0,j=0	[MsgId: MMSG-17999]
Action.c(9): 计数器:i=0,j=0	[MsgId: MMSG-17999]
Action.c(9): 计数器:i=0,j=0	[MsgId: MMSG-17999]
Action.c(8): 产生随机数：3	[MsgId: MMSG-17999]
Action.c(8): 产生随机数：3	[MsgId: MMSG-17999]
Action.c(8): 产生随机数：3	[MsgId: MMSG-17999]
Action.c(8): 产生随机数：3	[MsgId: MMSG-17999]
Action.c(8): 产生随机数：3	[MsgId: MMSG-17999]
Action.c(9): 计数器:i=0,j=0	[MsgId: MMSG-17999]
Action.c(9): 计数器:i=0,j=0	[MsgId: MMSG-17999]
Action.c(9): 计数器:i=0,j=0	[MsgId: MMSG-17999]
Action.c(9): 计数器:i=0,j=0	[MsgId: MMSG-17999]
Action.c(9): 计数器:i=0,j=0	[MsgId: MMSG-17999]
Action.c(31): Action3()完成了第1次	[MsgId: MMSG-17999]
Action.c(8): 产生随机数：3	[MsgId: MMSG-17999]
Action.c(9): 计数器:i=0,j=1	[MsgId: MMSG-17999]
Action.c(31): Action3()完成了第2次	[MsgId: MMSG-17999]
Action.c(8): 产生随机数：2	[MsgId: MMSG-17999]
Action.c(9): 计数器:i=0,j=2	[MsgId: MMSG-17999]
Action.c(8): 产生随机数：2	[MsgId: MMSG-17999]
Action.c(9): 计数器:i=0,j=2	[MsgId: MMSG-17999]
Action.c(8): 产生随机数：3	[MsgId: MMSG-17999]
Action.c(9): 计数器:i=0,j=2	[MsgId: MMSG-17999]
Action.c(31): Action3()完成了第3次	[MsgId: MMSG-17999]
Action.c(8): 产生随机数：2	[MsgId: MMSG-17999]
Action.c(9): 计数器:i=0,j=3	[MsgId: MMSG-17999]
Action.c(8): 产生随机数：1	[MsgId: MMSG-17999]
Action.c(9): 计数器:i=0,j=3	[MsgId: MMSG-17999]
Action.c(31): Action3()完成了第1次	[MsgId: MMSG-17999]
Action.c(8): 产生随机数：3	[MsgId: MMSG-17999]
Action.c(9): 计数器:i=0,j=1	[MsgId: MMSG-17999]
Action.c(31): Action3()完成了第2次	[MsgId: MMSG-17999]
Action.c(8): 产生随机数：2	[MsgId: MMSG-17999]
Action.c(9): 计数器:i=0,j=2	[MsgId: MMSG-17999]
Action.c(8): 产生随机数：2	[MsgId: MMSG-17999]
Action.c(9): 计数器:i=0,j=2	[MsgId: MMSG-17999]
Action.c(8): 产生随机数：3	[MsgId: MMSG-17999]
Action.c(9): 计数器:i=0,j=2	[MsgId: MMSG-17999]
Action.c(31): Action3()完成了第3次	[MsgId: MMSG-17999]
Action.c(8): 产生随机数：2	[MsgId: MMSG-17999]
Action.c(9): 计数器:i=0,j=3	[MsgId: MMSG-17999]
Action.c(31): Action3()完成了第1次	[MsgId: MMSG-17999]
Action.c(8): 产生随机数：3	[MsgId: MMSG-17999]
Action.c(9): 计数器:i=0,j=1	[MsgId: MMSG-17999]
Action.c(31): Action3()完成了第2次	[MsgId: MMSG-17999]
Action.c(8): 产生随机数：2	[MsgId: MMSG-17999]
Action.c(9): 计数器:i=0,j=2	[MsgId: MMSG-17999]
Action.c(31): Action3()完成了第1次	[MsgId: MMSG-17999]
Action.c(8): 产生随机数：3	[MsgId: MMSG-17999]
Action.c(9): 计数器:i=0,j=1	[MsgId: MMSG-17999]
Action.c(31): Action3()完成了第2次	[MsgId: MMSG-17999]
Action.c(8): 产生随机数：2	[MsgId: MMSG-17999]
Action.c(9): 计数器:i=0,j=2	[MsgId: MMSG-17999]
Action.c(8): 产生随机数：2	[MsgId: MMSG-17999]
Action.c(9): 计数器:i=0,j=2	[MsgId: MMSG-17999]
Action.c(8): 产生随机数：2	[MsgId: MMSG-17999]
Action.c(9): 计数器:i=0,j=2	[MsgId: MMSG-17999]
Action.c(8): 产生随机数：3	[MsgId: MMSG-17999]
Action.c(9): 计数器:i=0,j=2	[MsgId: MMSG-17999]
Action.c(31): Action3()完成了第3次	[MsgId: MMSG-17999]
Action.c(8): 产生随机数：2	[MsgId: MMSG-17999]
Action.c(9): 计数器:i=0,j=3	[MsgId: MMSG-17999]
Action.c(8): 产生随机数：3	[MsgId: MMSG-17999]
Action.c(9): 计数器:i=0,j=2	[MsgId: MMSG-17999]
Action.c(31): Action3()完成了第3次	[MsgId: MMSG-17999]
Action.c(8): 产生随机数：2	[MsgId: MMSG-17999]
Action.c(9): 计数器:i=0,j=3	[MsgId: MMSG-17999]
Action.c(8): 产生随机数：1	[MsgId: MMSG-17999]
Action.c(9): 计数器:i=0,j=3	[MsgId: MMSG-17999]
Action.c(31): Action3()完成了第1次	[MsgId: MMSG-17999]
Action.c(8): 产生随机数：3	[MsgId: MMSG-17999]
Action.c(9): 计数器:i=0,j=1	[MsgId: MMSG-17999]
Action.c(31): Action3()完成了第2次	[MsgId: MMSG-17999]
Action.c(8): 产生随机数：2	[MsgId: MMSG-17999]
Action.c(9): 计数器:i=0,j=2	[MsgId: MMSG-17999]
Action.c(31): Action3()完成了第1次	[MsgId: MMSG-17999]
Action.c(8): 产生随机数：3	[MsgId: MMSG-17999]
Action.c(9): 计数器:i=0,j=1	[MsgId: MMSG-17999]
Action.c(31): Action3()完成了第2次	[MsgId: MMSG-17999]
Action.c(8): 产生随机数：2	[MsgId: MMSG-17999]
Action.c(9): 计数器:i=0,j=2	[MsgId: MMSG-17999]
Action.c(8): 产生随机数：2	[MsgId: MMSG-17999]
Action.c(9): 计数器:i=0,j=2	[MsgId: MMSG-17999]
Action.c(8): 产生随机数：2	[MsgId: MMSG-17999]
Action.c(9): 计数器:i=0,j=2	[MsgId: MMSG-17999]
Action.c(8): 产生随机数：3	[MsgId: MMSG-17999]
Action.c(9): 计数器:i=0,j=2	[MsgId: MMSG-17999]
Action.c(31): Action3()完成了第3次	[MsgId: MMSG-17999]
Action.c(8): 产生随机数：2	[MsgId: MMSG-17999]
Action.c(9): 计数器:i=0,j=3	[MsgId: MMSG-17999]
Action.c(8): 产生随机数：3	[MsgId: MMSG-17999]
Action.c(9): 计数器:i=0,j=2	[MsgId: MMSG-17999]
Action.c(8): 产生随机数：1	[MsgId: MMSG-17999]
Action.c(9): 计数器:i=0,j=3	[MsgId: MMSG-17999]
Action.c(31): Action3()完成了第3次	[MsgId: MMSG-17999]
Action.c(8): 产生随机数：2	[MsgId: MMSG-17999]
Action.c(9): 计数器:i=0,j=3	[MsgId: MMSG-17999]
Action.c(8): 产生随机数：1	[MsgId: MMSG-17999]
Action.c(9): 计数器:i=0,j=3	[MsgId: MMSG-17999]
Action.c(8): 产生随机数：1	[MsgId: MMSG-17999]
Action.c(9): 计数器:i=0,j=3	[MsgId: MMSG-17999]
Action.c(31): Action3()完成了第1次	[MsgId: MMSG-17999]
Action.c(8): 产生随机数：3	[MsgId: MMSG-17999]
Action.c(9): 计数器:i=0,j=1	[MsgId: MMSG-17999]
Action.c(31): Action3()完成了第2次	[MsgId: MMSG-17999]
Action.c(8): 产生随机数：2	[MsgId: MMSG-17999]
Action.c(9): 计数器:i=0,j=2	[MsgId: MMSG-17999]
Action.c(8): 产生随机数：2	[MsgId: MMSG-17999]
Action.c(9): 计数器:i=0,j=2	[MsgId: MMSG-17999]
Action.c(31): Action3()完成了第1次	[MsgId: MMSG-17999]
Action.c(8): 产生随机数：3	[MsgId: MMSG-17999]
Action.c(9): 计数器:i=0,j=1	[MsgId: MMSG-17999]
Action.c(31): Action3()完成了第2次	[MsgId: MMSG-17999]
Action.c(8): 产生随机数：2	[MsgId: MMSG-17999]
Action.c(9): 计数器:i=0,j=2	[MsgId: MMSG-17999]
Action.c(31): Action3()完成了第1次	[MsgId: MMSG-17999]
Action.c(8): 产生随机数：3	[MsgId: MMSG-17999]
Action.c(9): 计数器:i=0,j=1	[MsgId: MMSG-17999]
Action.c(31): Action3()完成了第2次	[MsgId: MMSG-17999]
Action.c(8): 产生随机数：2	[MsgId: MMSG-17999]
Action.c(9): 计数器:i=0,j=2	[MsgId: MMSG-17999]
Action.c(8): 产生随机数：2	[MsgId: MMSG-17999]
Action.c(9): 计数器:i=0,j=2	[MsgId: MMSG-17999]
Action.c(8): 产生随机数：2	[MsgId: MMSG-17999]
Action.c(9): 计数器:i=0,j=2	[MsgId: MMSG-17999]
Action.c(20): Action1()完成了第1次	[MsgId: MMSG-17999]
Action.c(8): 产生随机数：1	[MsgId: MMSG-17999]
Action.c(9): 计数器:i=1,j=3	[MsgId: MMSG-17999]
Action.c(8): 产生随机数：3	[MsgId: MMSG-17999]
Action.c(9): 计数器:i=0,j=2	[MsgId: MMSG-17999]
Action.c(31): Action3()完成了第3次	[MsgId: MMSG-17999]
Action.c(8): 产生随机数：2	[MsgId: MMSG-17999]
Action.c(9): 计数器:i=0,j=3	[MsgId: MMSG-17999]
Action.c(8): 产生随机数：1	[MsgId: MMSG-17999]
Action.c(9): 计数器:i=0,j=3	[MsgId: MMSG-17999]
Action.c(8): 产生随机数：3	[MsgId: MMSG-17999]
Action.c(9): 计数器:i=0,j=2	[MsgId: MMSG-17999]
Action.c(31): Action3()完成了第3次	[MsgId: MMSG-17999]
Action.c(8): 产生随机数：2	[MsgId: MMSG-17999]
Action.c(9): 计数器:i=0,j=3	[MsgId: MMSG-17999]
Action.c(8): 产生随机数：1	[MsgId: MMSG-17999]
Action.c(9): 计数器:i=0,j=3	[MsgId: MMSG-17999]
Action.c(31): Action3()完成了第1次	[MsgId: MMSG-17999]
Action.c(8): 产生随机数：3	[MsgId: MMSG-17999]
Action.c(9): 计数器:i=0,j=1	[MsgId: MMSG-17999]
Action.c(31): Action3()完成了第2次	[MsgId: MMSG-17999]
Action.c(8): 产生随机数：2	[MsgId: MMSG-17999]
Action.c(9): 计数器:i=0,j=2	[MsgId: MMSG-17999]
Action.c(8): 产生随机数：2	[MsgId: MMSG-17999]
Action.c(9): 计数器:i=0,j=2	[MsgId: MMSG-17999]
Action.c(8): 产生随机数：3	[MsgId: MMSG-17999]
Action.c(9): 计数器:i=0,j=2	[MsgId: MMSG-17999]
Action.c(31): Action3()完成了第3次	[MsgId: MMSG-17999]
Action.c(8): 产生随机数：2	[MsgId: MMSG-17999]
Action.c(9): 计数器:i=0,j=3	[MsgId: MMSG-17999]
Action.c(8): 产生随机数：1	[MsgId: MMSG-17999]
Action.c(9): 计数器:i=0,j=3	[MsgId: MMSG-17999]
Action.c(31): Action3()完成了第1次	[MsgId: MMSG-17999]
Action.c(8): 产生随机数：3	[MsgId: MMSG-17999]
Action.c(9): 计数器:i=0,j=1	[MsgId: MMSG-17999]
Action.c(31): Action3()完成了第2次	[MsgId: MMSG-17999]
Action.c(8): 产生随机数：2	[MsgId: MMSG-17999]
Action.c(9): 计数器:i=0,j=2	[MsgId: MMSG-17999]
Action.c(31): Action3()完成了第1次	[MsgId: MMSG-17999]
Action.c(8): 产生随机数：3	[MsgId: MMSG-17999]
Action.c(9): 计数器:i=0,j=1	[MsgId: MMSG-17999]
Action.c(31): Action3()完成了第2次	[MsgId: MMSG-17999]
Action.c(8): 产生随机数：2	[MsgId: MMSG-17999]
Action.c(9): 计数器:i=0,j=2	[MsgId: MMSG-17999]
Action.c(8): 产生随机数：1	[MsgId: MMSG-17999]
Action.c(9): 计数器:i=0,j=3	[MsgId: MMSG-17999]
Action.c(8): 产生随机数：2	[MsgId: MMSG-17999]
Action.c(9): 计数器:i=0,j=2	[MsgId: MMSG-17999]
Action.c(8): 产生随机数：2	[MsgId: MMSG-17999]
Action.c(9): 计数器:i=0,j=2	[MsgId: MMSG-17999]
Action.c(20): Action1()完成了第1次	[MsgId: MMSG-17999]
Action.c(8): 产生随机数：1	[MsgId: MMSG-17999]
Action.c(9): 计数器:i=1,j=3	[MsgId: MMSG-17999]
Action.c(8): 产生随机数：3	[MsgId: MMSG-17999]
Action.c(9): 计数器:i=0,j=2	[MsgId: MMSG-17999]
Action.c(31): Action3()完成了第3次	[MsgId: MMSG-17999]
Action.c(8): 产生随机数：2	[MsgId: MMSG-17999]
Action.c(9): 计数器:i=0,j=3	[MsgId: MMSG-17999]
Action.c(8): 产生随机数：3	[MsgId: MMSG-17999]
Action.c(9): 计数器:i=0,j=2	[MsgId: MMSG-17999]
Action.c(31): Action3()完成了第3次	[MsgId: MMSG-17999]
Action.c(8): 产生随机数：2	[MsgId: MMSG-17999]
Action.c(9): 计数器:i=0,j=3	[MsgId: MMSG-17999]
Action.c(8): 产生随机数：1	[MsgId: MMSG-17999]
Action.c(9): 计数器:i=0,j=3	[MsgId: MMSG-17999]
Action.c(8): 产生随机数：1	[MsgId: MMSG-17999]
Action.c(9): 计数器:i=0,j=3	[MsgId: MMSG-17999]
Action.c(20): Action1()完成了第1次	[MsgId: MMSG-17999]
Action.c(8): 产生随机数：1	[MsgId: MMSG-17999]
Action.c(9): 计数器:i=1,j=3	[MsgId: MMSG-17999]
Action.c(31): Action3()完成了第1次	[MsgId: MMSG-17999]
Action.c(8): 产生随机数：3	[MsgId: MMSG-17999]
Action.c(9): 计数器:i=0,j=1	[MsgId: MMSG-17999]
Action.c(31): Action3()完成了第2次	[MsgId: MMSG-17999]
Action.c(8): 产生随机数：2	[MsgId: MMSG-17999]
Action.c(9): 计数器:i=0,j=2	[MsgId: MMSG-17999]
Action.c(8): 产生随机数：2	[MsgId: MMSG-17999]
Action.c(9): 计数器:i=0,j=2	[MsgId: MMSG-17999]
Action.c(8): 产生随机数：3	[MsgId: MMSG-17999]
Action.c(9): 计数器:i=0,j=2	[MsgId: MMSG-17999]
Action.c(31): Action3()完成了第3次	[MsgId: MMSG-17999]
Action.c(8): 产生随机数：2	[MsgId: MMSG-17999]
Action.c(9): 计数器:i=0,j=3	[MsgId: MMSG-17999]
Action.c(20): Action1()完成了第1次	[MsgId: MMSG-17999]
Action.c(8): 产生随机数：1	[MsgId: MMSG-17999]
Action.c(9): 计数器:i=1,j=3	[MsgId: MMSG-17999]
Action.c(8): 产生随机数：1	[MsgId: MMSG-17999]
Action.c(9): 计数器:i=0,j=3	[MsgId: MMSG-17999]
Action.c(20): Action1()完成了第2次	[MsgId: MMSG-17999]
Action.c(8): 产生随机数：2	[MsgId: MMSG-17999]
Action.c(9): 计数器:i=2,j=3	[MsgId: MMSG-17999]
Action.c(8): 产生随机数：3	[MsgId: MMSG-17999]
Action.c(9): 计数器:i=2,j=3	[MsgId: MMSG-17999]
Action.c(31): Action3()完成了第4次	[MsgId: MMSG-17999]
Action.c(8): 产生随机数：3	[MsgId: MMSG-17999]
Action.c(9): 计数器:i=2,j=4	[MsgId: MMSG-17999]
Action.c(31): Action3()完成了第5次	[MsgId: MMSG-17999]
Action.c(8): 产生随机数：3	[MsgId: MMSG-17999]
Action.c(9): 计数器:i=2,j=5	[MsgId: MMSG-17999]
Action.c(31): Action3()完成了第6次	[MsgId: MMSG-17999]
Action.c(8): 产生随机数：2	[MsgId: MMSG-17999]
Action.c(9): 计数器:i=2,j=6	[MsgId: MMSG-17999]
Action.c(20): Action1()完成了第1次	[MsgId: MMSG-17999]
Action.c(8): 产生随机数：1	[MsgId: MMSG-17999]
Action.c(9): 计数器:i=1,j=3	[MsgId: MMSG-17999]
Action.c(8): 产生随机数：1	[MsgId: MMSG-17999]
Action.c(9): 计数器:i=2,j=6	[MsgId: MMSG-17999]
Action.c(31): Action3()完成了第1次	[MsgId: MMSG-17999]
Action.c(8): 产生随机数：3	[MsgId: MMSG-17999]
Action.c(9): 计数器:i=0,j=1	[MsgId: MMSG-17999]
Action.c(31): Action3()完成了第2次	[MsgId: MMSG-17999]
Action.c(8): 产生随机数：2	[MsgId: MMSG-17999]
Action.c(9): 计数器:i=0,j=2	[MsgId: MMSG-17999]
Action.c(31): Action3()完成了第1次	[MsgId: MMSG-17999]
Action.c(8): 产生随机数：3	[MsgId: MMSG-17999]
Action.c(9): 计数器:i=0,j=1	[MsgId: MMSG-17999]
Action.c(8): 产生随机数：3	[MsgId: MMSG-17999]
Action.c(9): 计数器:i=0,j=2	[MsgId: MMSG-17999]
Action.c(31): Action3()完成了第2次	[MsgId: MMSG-17999]
Action.c(8): 产生随机数：2	[MsgId: MMSG-17999]
Action.c(9): 计数器:i=0,j=2	[MsgId: MMSG-17999]
Action.c(31): Action3()完成了第3次	[MsgId: MMSG-17999]
Action.c(8): 产生随机数：2	[MsgId: MMSG-17999]
Action.c(9): 计数器:i=0,j=3	[MsgId: MMSG-17999]
Action.c(8): 产生随机数：2	[MsgId: MMSG-17999]
Action.c(9): 计数器:i=0,j=2	[MsgId: MMSG-17999]
Action.c(8): 产生随机数：1	[MsgId: MMSG-17999]
Action.c(9): 计数器:i=0,j=3	[MsgId: MMSG-17999]
Action1.c(4): Error -27496: Internal Error - _eStat (7) != LRW_ITEM_STAT_ENUM_UNHANDLED for HandledTask at 0A462530  	[MsgId: MERR-27496]
Error -27496: Internal Error - InternetCloseHandle failed for item at 0A3B3A20, Windows error code=6. Assuming the item can be deleted, but error(s) may occur in fvLrwNetWinInetCallback  	[MsgId: MERR-27496]
Error -27496: Internal Error - InternetCloseHandle failed for item at 08CF10A8, Windows error code=6. Assuming the item can be deleted, but error(s) may occur in fvLrwNetWinInetCallback  	[MsgId: MERR-27496]
Error -27496: Internal Error - InternetCloseHandle failed for item at 0BDE6278, Windows error code=6. Assuming the item can be deleted, but error(s) may occur in fvLrwNetWinInetCallback  	[MsgId: MERR-27496]
Action1.c(4): Error -27496: Internal Error - _eStat (5) != LRW_ITEM_STAT_ENUM_UNHANDLED for HandledTask at 0610FB60  	[MsgId: MERR-27496]
Error -27496: Internal Error - InternetCloseHandle failed for item at 0572FEC8, Windows error code=6. Assuming the item can be deleted, but error(s) may occur in fvLrwNetWinInetCallback  	[MsgId: MERR-27496]
Action2.c(4): Error -27496: Internal Error - _eStat (5) != LRW_ITEM_STAT_ENUM_UNHANDLED for HandledTask at 0BCE5420  	[MsgId: MERR-27496]
Error -27496: Internal Error - InternetCloseHandle failed for item at 0431F700, Windows error code=6. Assuming the item can be deleted, but error(s) may occur in fvLrwNetWinInetCallback  	[MsgId: MERR-27496]
Action1.c(4): Error -27496: Internal Error - _eStat (7) != LRW_ITEM_STAT_ENUM_UNHANDLED for HandledTask at 08E7A360  	[MsgId: MERR-27496]
Error -27496: Internal Error - InternetCloseHandle failed for item at 0BBE5B38, Windows error code=6. Assuming the item can be deleted, but error(s) may occur in fvLrwNetWinInetCallback  	[MsgId: MERR-27496]
Action1.c(4): Error -27496: Internal Error - _eStat (7) != LRW_ITEM_STAT_ENUM_UNHANDLED for HandledTask at 08F68898  	[MsgId: MERR-27496]
Action1.c(4): Error -27496: Internal Error - _eStat (5) != LRW_ITEM_STAT_ENUM_UNHANDLED for HandledTask at 09CD59E8  	[MsgId: MERR-27496]
Action1.c(4): Error -27496: Internal Error - _eStat (7) != LRW_ITEM_STAT_ENUM_UNHANDLED for HandledTask at 0B795F10  	[MsgId: MERR-27496]
Action2.c(4): Error -27496: Internal Error - _eStat (5) != LRW_ITEM_STAT_ENUM_UNHANDLED for HandledTask at 0A0F3F70  	[MsgId: MERR-27496]
Error -27496: Internal Error - InternetCloseHandle failed for item at 0BBE5270, Windows error code=6. Assuming the item can be deleted, but error(s) may occur in fvLrwNetWinInetCallback  	[MsgId: MERR-27496]
Error -27496: Internal Error - InternetCloseHandle failed for item at 0BD02F00, Windows error code=6. Assuming the item can be deleted, but error(s) may occur in fvLrwNetWinInetCallback  	[MsgId: MERR-27496]
Action1.c(4): Error -27496: Internal Error - _eStat (7) != LRW_ITEM_STAT_ENUM_UNHANDLED for HandledTask at 0A47D680  	[MsgId: MERR-27496]
Error -27496: Internal Error - InternetCloseHandle failed for item at 0A1F27E8, Windows error code=6. Assuming the item can be deleted, but error(s) may occur in fvLrwNetWinInetCallback  	[MsgId: MERR-27496]
Error -27496: Internal Error - InternetCloseHandle failed for item at 0B102F10, Windows error code=6. Assuming the item can be deleted, but error(s) may occur in fvLrwNetWinInetCallback  	[MsgId: MERR-27496]
Error -27496: Internal Error - InternetCloseHandle failed for item at 0A2C0CC8, Windows error code=6. Assuming the item can be deleted, but error(s) may occur in fvLrwNetWinInetCallback  	[MsgId: MERR-27496]
Action1.c(4): Error -27492: "HttpSendRequest" failed, Windows error code=12017 and retry limit (0) exceeded for URL="https://www.hao123.com"  	[MsgId: MERR-27492]
Error -27496: Internal Error - InternetCloseHandle failed for item at 0B4D3D88, Windows error code=6. Assuming the item can be deleted, but error(s) may occur in fvLrwNetWinInetCallback  	[MsgId: MERR-27496]
Error -27496: Internal Error - InternetCloseHandle failed for item at 0A462530, Windows error code=6. Assuming the item can be deleted, but error(s) may occur in fvLrwNetWinInetCallback  	[MsgId: MERR-27496]
Error -27496: Internal Error - InternetCloseHandle failed for item at 0BCE9B90, Windows error code=6. Assuming the item can be deleted, but error(s) may occur in fvLrwNetWinInetCallback  	[MsgId: MERR-27496]
Error -27496: Internal Error - LrwNetHandledItem at 0B4D3D88 not marked as deleteable (0)  	[MsgId: MERR-27496]
Error -27496: Internal Error - LrwNetHandledItem at 0A462530 not marked as deleteable (0)  	[MsgId: MERR-27496]
Error -27496: Internal Error - LrwNetHandledItem at 0BDE6278 not marked as deleteable (0)  	[MsgId: MERR-27496]
Action1.c(4): Error -27492: "HttpSendRequest" failed, Windows error code=12017 and retry limit (0) exceeded for URL="https://www.hao123.com"  	[MsgId: MERR-27492]
Action2.c(4): Error -27492: "HttpSendRequest" failed, Windows error code=12017 and retry limit (0) exceeded for URL="https://www.baidu.com"  	[MsgId: MERR-27492]
Error -27496: Internal Error - InternetCloseHandle failed for item at 09D6CCB8, Windows error code=6. Assuming the item can be deleted, but error(s) may occur in fvLrwNetWinInetCallback  	[MsgId: MERR-27496]
Error -27496: Internal Error - InternetCloseHandle failed for item at 0BCE5420, Windows error code=6. Assuming the item can be deleted, but error(s) may occur in fvLrwNetWinInetCallback  	[MsgId: MERR-27496]
Error: Exception was raised when calling per-thread-terminate function in extension lrwreplaymain.dll: System Exceptions: EXCEPTION_ACCESS_VIOLATION	[MsgId: MERR-10489]
Action1.c(4): Error -27489: InternetReadFile failed. Windows error code=6. URL="https://www.hao123.com"  	[MsgId: MERR-27489]
Error -27496: Internal Error - InternetCloseHandle failed for item at 06B51E18, Windows error code=6. Assuming the item can be deleted, but error(s) may occur in fvLrwNetWinInetCallback  	[MsgId: MERR-27496]
Error -27496: Internal Error - InternetCloseHandle failed for item at 0610FB60, Windows error code=6. Assuming the item can be deleted, but error(s) may occur in fvLrwNetWinInetCallback  	[MsgId: MERR-27496]
Error -27496: Internal Error - InternetCloseHandle failed for item at 08E7A360, Windows error code=6. Assuming the item can be deleted, but error(s) may occur in fvLrwNetWinInetCallback  	[MsgId: MERR-27496]
Warning: Vuser failed to terminate extension.	[MsgId: MWAR-10697]
Error: Exception was raised when calling per-thread-terminate function in extension lrwreplaymain.dll: System Exceptions: EXCEPTION_ACCESS_VIOLATION	[MsgId: MERR-10489]
Action1.c(4): Error -27492: "HttpSendRequest" failed, Windows error code=12017 and retry limit (0) exceeded for URL="https://www.hao123.com"  	[MsgId: MERR-27492]
Action1.c(4): Error -27489: InternetReadFile failed. Windows error code=6. URL="https://www.hao123.com"  	[MsgId: MERR-27489]
Error -27496: Internal Error - InternetCloseHandle failed for item at 08E435D0, Windows error code=6. Assuming the item can be deleted, but error(s) may occur in fvLrwNetWinInetCallback  	[MsgId: MERR-27496]
Action2.c(4): Error -27492: "HttpSendRequest" failed, Windows error code=12017 and retry limit (0) exceeded for URL="https://www.baidu.com"  	[MsgId: MERR-27492]
Error -27496: Internal Error - LrwNetHandledItem at 0B102F10 not marked as deleteable (0)  	[MsgId: MERR-27496]
Error -27496: Internal Error - InternetCloseHandle failed for item at 08F68898, Windows error code=6. Assuming the item can be deleted, but error(s) may occur in fvLrwNetWinInetCallback  	[MsgId: MERR-27496]
Error -27496: Internal Error - InternetCloseHandle failed for item at 09CD59E8, Windows error code=6. Assuming the item can be deleted, but error(s) may occur in fvLrwNetWinInetCallback  	[MsgId: MERR-27496]
Error -27496: Internal Error - InternetCloseHandle failed for item at 0A3FB1F0, Windows error code=6. Assuming the item can be deleted, but error(s) may occur in fvLrwNetWinInetCallback  	[MsgId: MERR-27496]
Error -27496: Internal Error - InternetCloseHandle failed for item at 051B1DB0, Windows error code=6. Assuming the item can be deleted, but error(s) may occur in fvLrwNetWinInetCallback  	[MsgId: MERR-27496]
Warning: Vuser failed to terminate extension.	[MsgId: MWAR-10697]
Action1.c(4): Error -27489: InternetReadFile failed. Windows error code=6. URL="https://www.hao123.com"  	[MsgId: MERR-27489]
Error -27496: Internal Error - InternetCloseHandle failed for item at 0BE3A3B0, Windows error code=6. Assuming the item can be deleted, but error(s) may occur in fvLrwNetWinInetCallback  	[MsgId: MERR-27496]
Error -27496: Internal Error - InternetCloseHandle failed for item at 0A0F3F70, Windows error code=6. Assuming the item can be deleted, but error(s) may occur in fvLrwNetWinInetCallback  	[MsgId: MERR-27496]
Error -27496: Internal Error - LrwNetHandledItem at 0A0F3F70 not marked as deleteable (0)  	[MsgId: MERR-27496]
Error -27496: Internal Error - InternetCloseHandle failed for item at 0B795F10, Windows error code=6. Assuming the item can be deleted, but error(s) may occur in fvLrwNetWinInetCallback  	[MsgId: MERR-27496]
