Virtual User Script started at : 2019-01-18 15:04:02	[MsgId: MMSG-15967]
Starting action vuser_init.	[MsgId: MMSG-15919]
Web Turbo Replay of LoadRunner 11.0.0 for Windows 7; build 8859 (Aug 18 2010 20:14:31)  	[MsgId: MMSG-27143]
Run Mode: HTML  	[MsgId: MMSG-26000]
Run-Time Settings file: "C:\Users\Administrator\AppData\Local\Temp\lr5tmpdirmL2.438\lrcfgUk6.439\cfgpao.473"  	[MsgId: MMSG-27141]
Ending action vuser_init.	[MsgId: MMSG-15918]
Running Vuser...	[MsgId: MMSG-15964]
Starting iteration 1.	[MsgId: MMSG-15968]
Starting action Action.	[MsgId: MMSG-15919]
Action.c(5): Registering web_reg_save_param_ex was successful  	[MsgId: MMSG-26390]
Action.c(14): Registering web_reg_save_param_ex was successful  	[MsgId: MMSG-26390]
Action.c(23): Registering web_reg_save_param_ex was successful  	[MsgId: MMSG-26390]
Action.c(31): Registering web_reg_save_param_ex was successful  	[MsgId: MMSG-26390]
Action.c(39): web_custom_request("owner") was successful, 81019 body bytes, 738 header bytes, 85 chunking overhead bytes  	[MsgId: MMSG-26385]
Action.c(48): web_convert_param was successful  	[MsgId: MMSG-26392]
Action.c(50): Notify: Transaction "分享商品" started.	[MsgId: MMSG-16999]
Action.c(52): Notify: Transaction "一键分享" started.	[MsgId: MMSG-16999]
Action.c(54): web_custom_request("hold_theme") was successful, 151 body bytes, 494 header bytes  	[MsgId: MMSG-26386]
Action.c(60): Notify: Transaction "一键分享" ended with "Pass" status (Duration: 0.0218).	[MsgId: MMSG-16873]
Action.c(63): Notify: Transaction "获取商品属性" started.	[MsgId: MMSG-16999]
Action.c(65): web_custom_request("get_markcode") was successful, 171 body bytes, 494 header bytes  	[MsgId: MMSG-26386]
Action.c(72): web_custom_request("get_markcode") was successful, 171 body bytes, 494 header bytes  	[MsgId: MMSG-26386]
Action.c(79): web_custom_request("get_all_tag") was successful, 39 body bytes, 493 header bytes  	[MsgId: MMSG-26386]
Action.c(86): Notify: Transaction "获取商品属性" ended with "Pass" status (Duration: 0.0373).	[MsgId: MMSG-16873]
Action.c(88): Notify: Transaction "获取用户是否vip" started.	[MsgId: MMSG-16999]
Action.c(90): web_custom_request("get_vip_object") was successful, 133 body bytes, 494 header bytes  	[MsgId: MMSG-26386]
Action.c(97): Notify: Transaction "获取用户是否vip" ended with "Pass" status (Duration: 0.0152).	[MsgId: MMSG-16873]
Action.c(100): Notify: Transaction "保存商品" started.	[MsgId: MMSG-16999]
Action.c(102): web_custom_request("save_theme") was successful, 39 body bytes, 303 header bytes  	[MsgId: MMSG-26386]
Action.c(110): Notify: Transaction "保存商品" ended with "Pass" status (Duration: 0.0105).	[MsgId: MMSG-16873]
Action.c(112): Notify: Transaction "分享商品" ended with "Pass" status (Duration: 0.0855).	[MsgId: MMSG-16873]
Ending action Action.	[MsgId: MMSG-15918]
Ending iteration 1.	[MsgId: MMSG-15965]
Starting iteration 2.	[MsgId: MMSG-15968]
Starting action Action.	[MsgId: MMSG-15919]
Action.c(5): Registering web_reg_save_param_ex was successful  	[MsgId: MMSG-26390]
Action.c(14): Registering web_reg_save_param_ex was successful  	[MsgId: MMSG-26390]
Action.c(23): Registering web_reg_save_param_ex was successful  	[MsgId: MMSG-26390]
Action.c(31): Registering web_reg_save_param_ex was successful  	[MsgId: MMSG-26390]
Action.c(39): Warning -26377: No match found for the requested parameter "imges". Check whether the requested boundaries exist in the response data. Also, if the data you want to save exceeds 256 bytes, use web_set_max_html_param_len to increase the parameter size  	[MsgId: MWAR-26377]
Action.c(39): web_custom_request("owner") highest severity level was "warning", 149091 body bytes, 738 header bytes, 156 chunking overhead bytes  	[MsgId: MMSG-26387]
Action.c(48): web_convert_param was successful  	[MsgId: MMSG-26392]
Action.c(50): Notify: Transaction "分享商品" started.	[MsgId: MMSG-16999]
Action.c(52): Notify: Transaction "一键分享" started.	[MsgId: MMSG-16999]
Action.c(54): web_custom_request("hold_theme") was successful, 151 body bytes, 494 header bytes  	[MsgId: MMSG-26386]
Action.c(60): Notify: Transaction "一键分享" ended with "Pass" status (Duration: 0.0229).	[MsgId: MMSG-16873]
Action.c(63): Notify: Transaction "获取商品属性" started.	[MsgId: MMSG-16999]
Action.c(65): web_custom_request("get_markcode") was successful, 171 body bytes, 494 header bytes  	[MsgId: MMSG-26386]
Action.c(72): web_custom_request("get_markcode") was successful, 171 body bytes, 494 header bytes  	[MsgId: MMSG-26386]
Action.c(79): web_custom_request("get_all_tag") was successful, 39 body bytes, 493 header bytes  	[MsgId: MMSG-26386]
Action.c(86): Notify: Transaction "获取商品属性" ended with "Pass" status (Duration: 0.0347).	[MsgId: MMSG-16873]
Action.c(88): Notify: Transaction "获取用户是否vip" started.	[MsgId: MMSG-16999]
Action.c(90): web_custom_request("get_vip_object") was successful, 133 body bytes, 494 header bytes  	[MsgId: MMSG-26386]
Action.c(97): Notify: Transaction "获取用户是否vip" ended with "Pass" status (Duration: 0.0161).	[MsgId: MMSG-16873]
Action.c(100): Notify: Transaction "保存商品" started.	[MsgId: MMSG-16999]
Action.c(102): web_custom_request("save_theme") was successful, 39 body bytes, 303 header bytes  	[MsgId: MMSG-26386]
Action.c(110): Notify: Transaction "保存商品" ended with "Pass" status (Duration: 0.0083).	[MsgId: MMSG-16873]
Action.c(112): Notify: Transaction "分享商品" ended with "Pass" status (Duration: 0.0827).	[MsgId: MMSG-16873]
Ending action Action.	[MsgId: MMSG-15918]
Ending iteration 2.	[MsgId: MMSG-15965]
Starting iteration 3.	[MsgId: MMSG-15968]
Starting action Action.	[MsgId: MMSG-15919]
Action.c(5): Registering web_reg_save_param_ex was successful  	[MsgId: MMSG-26390]
Action.c(14): Registering web_reg_save_param_ex was successful  	[MsgId: MMSG-26390]
Action.c(23): Registering web_reg_save_param_ex was successful  	[MsgId: MMSG-26390]
Action.c(31): Registering web_reg_save_param_ex was successful  	[MsgId: MMSG-26390]
Action.c(39): web_custom_request("owner") was successful, 72805 body bytes, 738 header bytes, 77 chunking overhead bytes  	[MsgId: MMSG-26385]
Action.c(48): web_convert_param was successful  	[MsgId: MMSG-26392]
Action.c(50): Notify: Transaction "分享商品" started.	[MsgId: MMSG-16999]
Action.c(52): Notify: Transaction "一键分享" started.	[MsgId: MMSG-16999]
Action.c(54): web_custom_request("hold_theme") was successful, 151 body bytes, 494 header bytes  	[MsgId: MMSG-26386]
Action.c(60): Notify: Transaction "一键分享" ended with "Pass" status (Duration: 0.0257).	[MsgId: MMSG-16873]
Action.c(63): Notify: Transaction "获取商品属性" started.	[MsgId: MMSG-16999]
Action.c(65): web_custom_request("get_markcode") was successful, 171 body bytes, 494 header bytes  	[MsgId: MMSG-26386]
Action.c(72): web_custom_request("get_markcode") was successful, 171 body bytes, 494 header bytes  	[MsgId: MMSG-26386]
Action.c(79): web_custom_request("get_all_tag") was successful, 39 body bytes, 493 header bytes  	[MsgId: MMSG-26386]
Action.c(86): Notify: Transaction "获取商品属性" ended with "Pass" status (Duration: 0.0341).	[MsgId: MMSG-16873]
Action.c(88): Notify: Transaction "获取用户是否vip" started.	[MsgId: MMSG-16999]
Action.c(90): web_custom_request("get_vip_object") was successful, 133 body bytes, 494 header bytes  	[MsgId: MMSG-26386]
Action.c(97): Notify: Transaction "获取用户是否vip" ended with "Pass" status (Duration: 0.0290).	[MsgId: MMSG-16873]
Action.c(100): Notify: Transaction "保存商品" started.	[MsgId: MMSG-16999]
Action.c(102): web_custom_request("save_theme") was successful, 39 body bytes, 303 header bytes  	[MsgId: MMSG-26386]
Action.c(110): Notify: Transaction "保存商品" ended with "Pass" status (Duration: 0.0133).	[MsgId: MMSG-16873]
Action.c(112): Notify: Transaction "分享商品" ended with "Pass" status (Duration: 0.1024).	[MsgId: MMSG-16873]
Ending action Action.	[MsgId: MMSG-15918]
Ending iteration 3.	[MsgId: MMSG-15965]
Starting iteration 4.	[MsgId: MMSG-15968]
Starting action Action.	[MsgId: MMSG-15919]
Action.c(5): Registering web_reg_save_param_ex was successful  	[MsgId: MMSG-26390]
Action.c(14): Registering web_reg_save_param_ex was successful  	[MsgId: MMSG-26390]
Action.c(23): Registering web_reg_save_param_ex was successful  	[MsgId: MMSG-26390]
Action.c(31): Registering web_reg_save_param_ex was successful  	[MsgId: MMSG-26390]
Action.c(39): web_custom_request("owner") was successful, 68822 body bytes, 738 header bytes, 76 chunking overhead bytes  	[MsgId: MMSG-26385]
Action.c(48): web_convert_param was successful  	[MsgId: MMSG-26392]
Action.c(50): Notify: Transaction "分享商品" started.	[MsgId: MMSG-16999]
Action.c(52): Notify: Transaction "一键分享" started.	[MsgId: MMSG-16999]
Action.c(54): web_custom_request("hold_theme") was successful, 151 body bytes, 494 header bytes  	[MsgId: MMSG-26386]
Action.c(60): Notify: Transaction "一键分享" ended with "Pass" status (Duration: 0.0241).	[MsgId: MMSG-16873]
Action.c(63): Notify: Transaction "获取商品属性" started.	[MsgId: MMSG-16999]
Action.c(65): web_custom_request("get_markcode") was successful, 171 body bytes, 494 header bytes  	[MsgId: MMSG-26386]
Action.c(72): web_custom_request("get_markcode") was successful, 171 body bytes, 494 header bytes  	[MsgId: MMSG-26386]
Action.c(79): web_custom_request("get_all_tag") was successful, 39 body bytes, 493 header bytes  	[MsgId: MMSG-26386]
Action.c(86): Notify: Transaction "获取商品属性" ended with "Pass" status (Duration: 0.0552).	[MsgId: MMSG-16873]
Action.c(88): Notify: Transaction "获取用户是否vip" started.	[MsgId: MMSG-16999]
Action.c(90): web_custom_request("get_vip_object") was successful, 133 body bytes, 494 header bytes  	[MsgId: MMSG-26386]
Action.c(97): Notify: Transaction "获取用户是否vip" ended with "Pass" status (Duration: 0.0301).	[MsgId: MMSG-16873]
Action.c(100): Notify: Transaction "保存商品" started.	[MsgId: MMSG-16999]
Action.c(102): web_custom_request("save_theme") was successful, 39 body bytes, 303 header bytes  	[MsgId: MMSG-26386]
Action.c(110): Notify: Transaction "保存商品" ended with "Pass" status (Duration: 0.0110).	[MsgId: MMSG-16873]
Action.c(112): Notify: Transaction "分享商品" ended with "Pass" status (Duration: 0.1210).	[MsgId: MMSG-16873]
Ending action Action.	[MsgId: MMSG-15918]
Ending iteration 4.	[MsgId: MMSG-15965]
Starting iteration 5.	[MsgId: MMSG-15968]
Starting action Action.	[MsgId: MMSG-15919]
Action.c(5): Registering web_reg_save_param_ex was successful  	[MsgId: MMSG-26390]
Action.c(14): Registering web_reg_save_param_ex was successful  	[MsgId: MMSG-26390]
Action.c(23): Registering web_reg_save_param_ex was successful  	[MsgId: MMSG-26390]
Action.c(31): Registering web_reg_save_param_ex was successful  	[MsgId: MMSG-26390]
Action.c(39): web_custom_request("owner") was successful, 134045 body bytes, 834 header bytes, 140 chunking overhead bytes  	[MsgId: MMSG-26385]
Action.c(48): web_convert_param was successful  	[MsgId: MMSG-26392]
Action.c(50): Notify: Transaction "分享商品" started.	[MsgId: MMSG-16999]
Action.c(52): Notify: Transaction "一键分享" started.	[MsgId: MMSG-16999]
Action.c(54): web_custom_request("hold_theme") was successful, 199 body bytes, 494 header bytes  	[MsgId: MMSG-26386]
Action.c(60): Notify: Transaction "一键分享" ended with "Pass" status (Duration: 0.0217).	[MsgId: MMSG-16873]
Action.c(63): Notify: Transaction "获取商品属性" started.	[MsgId: MMSG-16999]
Action.c(65): web_custom_request("get_markcode") was successful, 219 body bytes, 494 header bytes  	[MsgId: MMSG-26386]
Action.c(72): web_custom_request("get_markcode") was successful, 219 body bytes, 494 header bytes  	[MsgId: MMSG-26386]
Action.c(79): web_custom_request("get_all_tag") was successful, 39 body bytes, 493 header bytes  	[MsgId: MMSG-26386]
Action.c(86): Notify: Transaction "获取商品属性" ended with "Pass" status (Duration: 0.2619).	[MsgId: MMSG-16873]
Action.c(88): Notify: Transaction "获取用户是否vip" started.	[MsgId: MMSG-16999]
Action.c(90): web_custom_request("get_vip_object") was successful, 181 body bytes, 494 header bytes  	[MsgId: MMSG-26386]
Action.c(97): Notify: Transaction "获取用户是否vip" ended with "Pass" status (Duration: 0.0151).	[MsgId: MMSG-16873]
Action.c(100): Notify: Transaction "保存商品" started.	[MsgId: MMSG-16999]
Action.c(102): web_custom_request("save_theme") was successful, 39 body bytes, 303 header bytes  	[MsgId: MMSG-26386]
Action.c(110): Notify: Transaction "保存商品" ended with "Pass" status (Duration: 0.0092).	[MsgId: MMSG-16873]
Action.c(112): Notify: Transaction "分享商品" ended with "Pass" status (Duration: 0.3087).	[MsgId: MMSG-16873]
Ending action Action.	[MsgId: MMSG-15918]
Ending iteration 5.	[MsgId: MMSG-15965]
Starting iteration 6.	[MsgId: MMSG-15968]
Starting action Action.	[MsgId: MMSG-15919]
Action.c(5): Registering web_reg_save_param_ex was successful  	[MsgId: MMSG-26390]
Action.c(14): Registering web_reg_save_param_ex was successful  	[MsgId: MMSG-26390]
Action.c(23): Registering web_reg_save_param_ex was successful  	[MsgId: MMSG-26390]
Action.c(31): Registering web_reg_save_param_ex was successful  	[MsgId: MMSG-26390]
Action.c(39): web_custom_request("owner") was successful, 149186 body bytes, 738 header bytes, 156 chunking overhead bytes  	[MsgId: MMSG-26385]
Action.c(48): web_convert_param was successful  	[MsgId: MMSG-26392]
Action.c(50): Notify: Transaction "分享商品" started.	[MsgId: MMSG-16999]
Action.c(52): Notify: Transaction "一键分享" started.	[MsgId: MMSG-16999]
Action.c(54): web_custom_request("hold_theme") was successful, 151 body bytes, 494 header bytes  	[MsgId: MMSG-26386]
Action.c(60): Notify: Transaction "一键分享" ended with "Pass" status (Duration: 0.0228).	[MsgId: MMSG-16873]
Action.c(63): Notify: Transaction "获取商品属性" started.	[MsgId: MMSG-16999]
Action.c(65): web_custom_request("get_markcode") was successful, 171 body bytes, 494 header bytes  	[MsgId: MMSG-26386]
Action.c(72): web_custom_request("get_markcode") was successful, 171 body bytes, 494 header bytes  	[MsgId: MMSG-26386]
Action.c(79): web_custom_request("get_all_tag") was successful, 39 body bytes, 493 header bytes  	[MsgId: MMSG-26386]
Action.c(86): Notify: Transaction "获取商品属性" ended with "Pass" status (Duration: 0.0505).	[MsgId: MMSG-16873]
Action.c(88): Notify: Transaction "获取用户是否vip" started.	[MsgId: MMSG-16999]
Action.c(90): web_custom_request("get_vip_object") was successful, 133 body bytes, 494 header bytes  	[MsgId: MMSG-26386]
Action.c(97): Notify: Transaction "获取用户是否vip" ended with "Pass" status (Duration: 0.0169).	[MsgId: MMSG-16873]
Action.c(100): Notify: Transaction "保存商品" started.	[MsgId: MMSG-16999]
Action.c(102): web_custom_request("save_theme") was successful, 39 body bytes, 303 header bytes  	[MsgId: MMSG-26386]
Action.c(110): Notify: Transaction "保存商品" ended with "Pass" status (Duration: 0.0092).	[MsgId: MMSG-16873]
Action.c(112): Notify: Transaction "分享商品" ended with "Pass" status (Duration: 0.0996).	[MsgId: MMSG-16873]
Ending action Action.	[MsgId: MMSG-15918]
Ending iteration 6.	[MsgId: MMSG-15965]
Starting iteration 7.	[MsgId: MMSG-15968]
Starting action Action.	[MsgId: MMSG-15919]
Action.c(5): Registering web_reg_save_param_ex was successful  	[MsgId: MMSG-26390]
Action.c(14): Registering web_reg_save_param_ex was successful  	[MsgId: MMSG-26390]
Action.c(23): Registering web_reg_save_param_ex was successful  	[MsgId: MMSG-26390]
Action.c(31): Registering web_reg_save_param_ex was successful  	[MsgId: MMSG-26390]
Action.c(39): web_custom_request("owner") was successful, 128883 body bytes, 738 header bytes, 133 chunking overhead bytes  	[MsgId: MMSG-26385]
Action.c(48): web_convert_param was successful  	[MsgId: MMSG-26392]
Action.c(50): Notify: Transaction "分享商品" started.	[MsgId: MMSG-16999]
Action.c(52): Notify: Transaction "一键分享" started.	[MsgId: MMSG-16999]
Action.c(54): web_custom_request("hold_theme") was successful, 151 body bytes, 494 header bytes  	[MsgId: MMSG-26386]
Action.c(60): Notify: Transaction "一键分享" ended with "Pass" status (Duration: 0.0231).	[MsgId: MMSG-16873]
Action.c(63): Notify: Transaction "获取商品属性" started.	[MsgId: MMSG-16999]
Action.c(65): web_custom_request("get_markcode") was successful, 171 body bytes, 494 header bytes  	[MsgId: MMSG-26386]
Action.c(72): web_custom_request("get_markcode") was successful, 171 body bytes, 494 header bytes  	[MsgId: MMSG-26386]
Action.c(79): web_custom_request("get_all_tag") was successful, 39 body bytes, 493 header bytes  	[MsgId: MMSG-26386]
Action.c(86): Notify: Transaction "获取商品属性" ended with "Pass" status (Duration: 0.2787).	[MsgId: MMSG-16873]
Action.c(88): Notify: Transaction "获取用户是否vip" started.	[MsgId: MMSG-16999]
Action.c(90): web_custom_request("get_vip_object") was successful, 133 body bytes, 494 header bytes  	[MsgId: MMSG-26386]
Action.c(97): Notify: Transaction "获取用户是否vip" ended with "Pass" status (Duration: 0.0178).	[MsgId: MMSG-16873]
Action.c(100): Notify: Transaction "保存商品" started.	[MsgId: MMSG-16999]
Action.c(102): web_custom_request("save_theme") was successful, 39 body bytes, 303 header bytes  	[MsgId: MMSG-26386]
Action.c(110): Notify: Transaction "保存商品" ended with "Pass" status (Duration: 0.0103).	[MsgId: MMSG-16873]
Action.c(112): Notify: Transaction "分享商品" ended with "Pass" status (Duration: 0.3306).	[MsgId: MMSG-16873]
Ending action Action.	[MsgId: MMSG-15918]
Ending iteration 7.	[MsgId: MMSG-15965]
Starting iteration 8.	[MsgId: MMSG-15968]
Starting action Action.	[MsgId: MMSG-15919]
Action.c(5): Registering web_reg_save_param_ex was successful  	[MsgId: MMSG-26390]
Action.c(14): Registering web_reg_save_param_ex was successful  	[MsgId: MMSG-26390]
Action.c(23): Registering web_reg_save_param_ex was successful  	[MsgId: MMSG-26390]
Action.c(31): Registering web_reg_save_param_ex was successful  	[MsgId: MMSG-26390]
Action.c(39): web_custom_request("owner") was successful, 85992 body bytes, 738 header bytes, 92 chunking overhead bytes  	[MsgId: MMSG-26385]
Action.c(48): web_convert_param was successful  	[MsgId: MMSG-26392]
Action.c(50): Notify: Transaction "分享商品" started.	[MsgId: MMSG-16999]
Action.c(52): Notify: Transaction "一键分享" started.	[MsgId: MMSG-16999]
Action.c(54): web_custom_request("hold_theme") was successful, 151 body bytes, 494 header bytes  	[MsgId: MMSG-26386]
Action.c(60): Notify: Transaction "一键分享" ended with "Pass" status (Duration: 0.0240).	[MsgId: MMSG-16873]
Action.c(63): Notify: Transaction "获取商品属性" started.	[MsgId: MMSG-16999]
Action.c(65): web_custom_request("get_markcode") was successful, 171 body bytes, 494 header bytes  	[MsgId: MMSG-26386]
Action.c(72): web_custom_request("get_markcode") was successful, 171 body bytes, 494 header bytes  	[MsgId: MMSG-26386]
Action.c(79): web_custom_request("get_all_tag") was successful, 39 body bytes, 493 header bytes  	[MsgId: MMSG-26386]
Action.c(86): Notify: Transaction "获取商品属性" ended with "Pass" status (Duration: 0.0379).	[MsgId: MMSG-16873]
Action.c(88): Notify: Transaction "获取用户是否vip" started.	[MsgId: MMSG-16999]
Action.c(90): web_custom_request("get_vip_object") was successful, 133 body bytes, 494 header bytes  	[MsgId: MMSG-26386]
Action.c(97): Notify: Transaction "获取用户是否vip" ended with "Pass" status (Duration: 0.0172).	[MsgId: MMSG-16873]
Action.c(100): Notify: Transaction "保存商品" started.	[MsgId: MMSG-16999]
Action.c(102): web_custom_request("save_theme") was successful, 39 body bytes, 303 header bytes  	[MsgId: MMSG-26386]
Action.c(110): Notify: Transaction "保存商品" ended with "Pass" status (Duration: 0.0100).	[MsgId: MMSG-16873]
Action.c(112): Notify: Transaction "分享商品" ended with "Pass" status (Duration: 0.0899).	[MsgId: MMSG-16873]
Ending action Action.	[MsgId: MMSG-15918]
Ending iteration 8.	[MsgId: MMSG-15965]
Starting iteration 9.	[MsgId: MMSG-15968]
Starting action Action.	[MsgId: MMSG-15919]
Action.c(5): Registering web_reg_save_param_ex was successful  	[MsgId: MMSG-26390]
Action.c(14): Registering web_reg_save_param_ex was successful  	[MsgId: MMSG-26390]
Action.c(23): Registering web_reg_save_param_ex was successful  	[MsgId: MMSG-26390]
Action.c(31): Registering web_reg_save_param_ex was successful  	[MsgId: MMSG-26390]
Action.c(39): web_custom_request("owner") was successful, 113215 body bytes, 738 header bytes, 117 chunking overhead bytes  	[MsgId: MMSG-26385]
Action.c(48): web_convert_param was successful  	[MsgId: MMSG-26392]
Action.c(50): Notify: Transaction "分享商品" started.	[MsgId: MMSG-16999]
Action.c(52): Notify: Transaction "一键分享" started.	[MsgId: MMSG-16999]
Action.c(54): web_custom_request("hold_theme") was successful, 151 body bytes, 494 header bytes  	[MsgId: MMSG-26386]
Action.c(60): Notify: Transaction "一键分享" ended with "Pass" status (Duration: 0.0342).	[MsgId: MMSG-16873]
Action.c(63): Notify: Transaction "获取商品属性" started.	[MsgId: MMSG-16999]
Action.c(65): web_custom_request("get_markcode") was successful, 171 body bytes, 494 header bytes  	[MsgId: MMSG-26386]
Action.c(72): web_custom_request("get_markcode") was successful, 171 body bytes, 494 header bytes  	[MsgId: MMSG-26386]
Action.c(79): web_custom_request("get_all_tag") was successful, 39 body bytes, 493 header bytes  	[MsgId: MMSG-26386]
Action.c(86): Notify: Transaction "获取商品属性" ended with "Pass" status (Duration: 0.3887).	[MsgId: MMSG-16873]
Action.c(88): Notify: Transaction "获取用户是否vip" started.	[MsgId: MMSG-16999]
Action.c(90): web_custom_request("get_vip_object") was successful, 133 body bytes, 494 header bytes  	[MsgId: MMSG-26386]
Action.c(97): Notify: Transaction "获取用户是否vip" ended with "Pass" status (Duration: 0.0180).	[MsgId: MMSG-16873]
Action.c(100): Notify: Transaction "保存商品" started.	[MsgId: MMSG-16999]
Action.c(102): web_custom_request("save_theme") was successful, 39 body bytes, 303 header bytes  	[MsgId: MMSG-26386]
Action.c(110): Notify: Transaction "保存商品" ended with "Pass" status (Duration: 0.0091).	[MsgId: MMSG-16873]
Action.c(112): Notify: Transaction "分享商品" ended with "Pass" status (Duration: 0.4505).	[MsgId: MMSG-16873]
Ending action Action.	[MsgId: MMSG-15918]
Ending iteration 9.	[MsgId: MMSG-15965]
Starting iteration 10.	[MsgId: MMSG-15968]
Starting action Action.	[MsgId: MMSG-15919]
Action.c(5): Registering web_reg_save_param_ex was successful  	[MsgId: MMSG-26390]
Action.c(14): Registering web_reg_save_param_ex was successful  	[MsgId: MMSG-26390]
Action.c(23): Registering web_reg_save_param_ex was successful  	[MsgId: MMSG-26390]
Action.c(31): Registering web_reg_save_param_ex was successful  	[MsgId: MMSG-26390]
Action.c(39): web_custom_request("owner") was successful, 117493 body bytes, 738 header bytes, 124 chunking overhead bytes  	[MsgId: MMSG-26385]
Action.c(48): web_convert_param was successful  	[MsgId: MMSG-26392]
Action.c(50): Notify: Transaction "分享商品" started.	[MsgId: MMSG-16999]
Action.c(52): Notify: Transaction "一键分享" started.	[MsgId: MMSG-16999]
Action.c(54): web_custom_request("hold_theme") was successful, 151 body bytes, 494 header bytes  	[MsgId: MMSG-26386]
Action.c(60): Notify: Transaction "一键分享" ended with "Pass" status (Duration: 0.0249).	[MsgId: MMSG-16873]
Action.c(63): Notify: Transaction "获取商品属性" started.	[MsgId: MMSG-16999]
Action.c(65): web_custom_request("get_markcode") was successful, 171 body bytes, 494 header bytes  	[MsgId: MMSG-26386]
Action.c(72): web_custom_request("get_markcode") was successful, 171 body bytes, 494 header bytes  	[MsgId: MMSG-26386]
Action.c(79): web_custom_request("get_all_tag") was successful, 39 body bytes, 493 header bytes  	[MsgId: MMSG-26386]
Action.c(86): Notify: Transaction "获取商品属性" ended with "Pass" status (Duration: 0.0353).	[MsgId: MMSG-16873]
Action.c(88): Notify: Transaction "获取用户是否vip" started.	[MsgId: MMSG-16999]
Action.c(90): web_custom_request("get_vip_object") was successful, 133 body bytes, 494 header bytes  	[MsgId: MMSG-26386]
Action.c(97): Notify: Transaction "获取用户是否vip" ended with "Pass" status (Duration: 0.0164).	[MsgId: MMSG-16873]
Action.c(100): Notify: Transaction "保存商品" started.	[MsgId: MMSG-16999]
Action.c(102): web_custom_request("save_theme") was successful, 39 body bytes, 303 header bytes  	[MsgId: MMSG-26386]
Action.c(110): Notify: Transaction "保存商品" ended with "Pass" status (Duration: 0.0093).	[MsgId: MMSG-16873]
Action.c(112): Notify: Transaction "分享商品" ended with "Pass" status (Duration: 0.0866).	[MsgId: MMSG-16873]
Ending action Action.	[MsgId: MMSG-15918]
Ending iteration 10.	[MsgId: MMSG-15965]
Starting iteration 11.	[MsgId: MMSG-15968]
Starting action Action.	[MsgId: MMSG-15919]
Action.c(5): Registering web_reg_save_param_ex was successful  	[MsgId: MMSG-26390]
Action.c(14): Registering web_reg_save_param_ex was successful  	[MsgId: MMSG-26390]
Action.c(23): Registering web_reg_save_param_ex was successful  	[MsgId: MMSG-26390]
Action.c(31): Registering web_reg_save_param_ex was successful  	[MsgId: MMSG-26390]
Action.c(39): web_custom_request("owner") was successful, 84468 body bytes, 738 header bytes, 92 chunking overhead bytes  	[MsgId: MMSG-26385]
Action.c(48): web_convert_param was successful  	[MsgId: MMSG-26392]
Action.c(50): Notify: Transaction "分享商品" started.	[MsgId: MMSG-16999]
Action.c(52): Notify: Transaction "一键分享" started.	[MsgId: MMSG-16999]
Action.c(54): web_custom_request("hold_theme") was successful, 151 body bytes, 494 header bytes  	[MsgId: MMSG-26386]
Action.c(60): Notify: Transaction "一键分享" ended with "Pass" status (Duration: 0.0246).	[MsgId: MMSG-16873]
Action.c(63): Notify: Transaction "获取商品属性" started.	[MsgId: MMSG-16999]
Action.c(65): web_custom_request("get_markcode") was successful, 171 body bytes, 494 header bytes  	[MsgId: MMSG-26386]
Action.c(72): web_custom_request("get_markcode") was successful, 171 body bytes, 494 header bytes  	[MsgId: MMSG-26386]
Action.c(79): web_custom_request("get_all_tag") was successful, 39 body bytes, 493 header bytes  	[MsgId: MMSG-26386]
Action.c(86): Notify: Transaction "获取商品属性" ended with "Pass" status (Duration: 1.0675).	[MsgId: MMSG-16873]
Action.c(88): Notify: Transaction "获取用户是否vip" started.	[MsgId: MMSG-16999]
Action.c(90): web_custom_request("get_vip_object") was successful, 133 body bytes, 494 header bytes  	[MsgId: MMSG-26386]
Action.c(97): Notify: Transaction "获取用户是否vip" ended with "Pass" status (Duration: 0.0166).	[MsgId: MMSG-16873]
Action.c(100): Notify: Transaction "保存商品" started.	[MsgId: MMSG-16999]
Action.c(102): web_custom_request("save_theme") was successful, 39 body bytes, 303 header bytes  	[MsgId: MMSG-26386]
Action.c(110): Notify: Transaction "保存商品" ended with "Pass" status (Duration: 0.0100).	[MsgId: MMSG-16873]
Action.c(112): Notify: Transaction "分享商品" ended with "Pass" status (Duration: 1.1195).	[MsgId: MMSG-16873]
Ending action Action.	[MsgId: MMSG-15918]
Ending iteration 11.	[MsgId: MMSG-15965]
Starting iteration 12.	[MsgId: MMSG-15968]
Starting action Action.	[MsgId: MMSG-15919]
Action.c(5): Registering web_reg_save_param_ex was successful  	[MsgId: MMSG-26390]
Action.c(14): Registering web_reg_save_param_ex was successful  	[MsgId: MMSG-26390]
Action.c(23): Registering web_reg_save_param_ex was successful  	[MsgId: MMSG-26390]
Action.c(31): Registering web_reg_save_param_ex was successful  	[MsgId: MMSG-26390]
Action.c(39): web_custom_request("owner") was successful, 148446 body bytes, 738 header bytes, 156 chunking overhead bytes  	[MsgId: MMSG-26385]
Action.c(48): web_convert_param was successful  	[MsgId: MMSG-26392]
Action.c(50): Notify: Transaction "分享商品" started.	[MsgId: MMSG-16999]
Action.c(52): Notify: Transaction "一键分享" started.	[MsgId: MMSG-16999]
Action.c(54): web_custom_request("hold_theme") was successful, 151 body bytes, 494 header bytes  	[MsgId: MMSG-26386]
Action.c(60): Notify: Transaction "一键分享" ended with "Pass" status (Duration: 0.0236).	[MsgId: MMSG-16873]
Action.c(63): Notify: Transaction "获取商品属性" started.	[MsgId: MMSG-16999]
Action.c(65): web_custom_request("get_markcode") was successful, 171 body bytes, 494 header bytes  	[MsgId: MMSG-26386]
Action.c(72): web_custom_request("get_markcode") was successful, 171 body bytes, 494 header bytes  	[MsgId: MMSG-26386]
Action.c(79): web_custom_request("get_all_tag") was successful, 39 body bytes, 493 header bytes  	[MsgId: MMSG-26386]
Action.c(86): Notify: Transaction "获取商品属性" ended with "Pass" status (Duration: 0.0577).	[MsgId: MMSG-16873]
Action.c(88): Notify: Transaction "获取用户是否vip" started.	[MsgId: MMSG-16999]
Action.c(90): web_custom_request("get_vip_object") was successful, 133 body bytes, 494 header bytes  	[MsgId: MMSG-26386]
Action.c(97): Notify: Transaction "获取用户是否vip" ended with "Pass" status (Duration: 0.0268).	[MsgId: MMSG-16873]
Action.c(100): Notify: Transaction "保存商品" started.	[MsgId: MMSG-16999]
Action.c(102): web_custom_request("save_theme") was successful, 39 body bytes, 303 header bytes  	[MsgId: MMSG-26386]
Action.c(110): Notify: Transaction "保存商品" ended with "Pass" status (Duration: 0.0128).	[MsgId: MMSG-16873]
Action.c(112): Notify: Transaction "分享商品" ended with "Pass" status (Duration: 0.1216).	[MsgId: MMSG-16873]
Ending action Action.	[MsgId: MMSG-15918]
Ending iteration 12.	[MsgId: MMSG-15965]
Starting iteration 13.	[MsgId: MMSG-15968]
Starting action Action.	[MsgId: MMSG-15919]
Action.c(5): Registering web_reg_save_param_ex was successful  	[MsgId: MMSG-26390]
Action.c(14): Registering web_reg_save_param_ex was successful  	[MsgId: MMSG-26390]
Action.c(23): Registering web_reg_save_param_ex was successful  	[MsgId: MMSG-26390]
Action.c(31): Registering web_reg_save_param_ex was successful  	[MsgId: MMSG-26390]
Action.c(39): web_custom_request("owner") was successful, 154601 body bytes, 738 header bytes, 157 chunking overhead bytes  	[MsgId: MMSG-26385]
Action.c(48): web_convert_param was successful  	[MsgId: MMSG-26392]
Action.c(50): Notify: Transaction "分享商品" started.	[MsgId: MMSG-16999]
Action.c(52): Notify: Transaction "一键分享" started.	[MsgId: MMSG-16999]
Action.c(54): web_custom_request("hold_theme") was successful, 151 body bytes, 494 header bytes  	[MsgId: MMSG-26386]
Action.c(60): Notify: Transaction "一键分享" ended with "Pass" status (Duration: 0.0261).	[MsgId: MMSG-16873]
Action.c(63): Notify: Transaction "获取商品属性" started.	[MsgId: MMSG-16999]
Action.c(65): web_custom_request("get_markcode") was successful, 171 body bytes, 494 header bytes  	[MsgId: MMSG-26386]
Action.c(72): web_custom_request("get_markcode") was successful, 171 body bytes, 494 header bytes  	[MsgId: MMSG-26386]
Action.c(79): web_custom_request("get_all_tag") was successful, 39 body bytes, 493 header bytes  	[MsgId: MMSG-26386]
Action.c(86): Notify: Transaction "获取商品属性" ended with "Pass" status (Duration: 0.0527).	[MsgId: MMSG-16873]
Action.c(88): Notify: Transaction "获取用户是否vip" started.	[MsgId: MMSG-16999]
Action.c(90): web_custom_request("get_vip_object") was successful, 133 body bytes, 494 header bytes  	[MsgId: MMSG-26386]
Action.c(97): Notify: Transaction "获取用户是否vip" ended with "Pass" status (Duration: 0.0238).	[MsgId: MMSG-16873]
Action.c(100): Notify: Transaction "保存商品" started.	[MsgId: MMSG-16999]
Action.c(102): web_custom_request("save_theme") was successful, 39 body bytes, 303 header bytes  	[MsgId: MMSG-26386]
Action.c(110): Notify: Transaction "保存商品" ended with "Pass" status (Duration: 0.0113).	[MsgId: MMSG-16873]
Action.c(112): Notify: Transaction "分享商品" ended with "Pass" status (Duration: 0.1147).	[MsgId: MMSG-16873]
Ending action Action.	[MsgId: MMSG-15918]
Ending iteration 13.	[MsgId: MMSG-15965]
Starting iteration 14.	[MsgId: MMSG-15968]
Starting action Action.	[MsgId: MMSG-15919]
Action.c(5): Registering web_reg_save_param_ex was successful  	[MsgId: MMSG-26390]
Action.c(14): Registering web_reg_save_param_ex was successful  	[MsgId: MMSG-26390]
Action.c(23): Registering web_reg_save_param_ex was successful  	[MsgId: MMSG-26390]
Action.c(31): Registering web_reg_save_param_ex was successful  	[MsgId: MMSG-26390]
Action.c(39): web_custom_request("owner") was successful, 155782 body bytes, 738 header bytes, 163 chunking overhead bytes  	[MsgId: MMSG-26385]
Action.c(48): web_convert_param was successful  	[MsgId: MMSG-26392]
Action.c(50): Notify: Transaction "分享商品" started.	[MsgId: MMSG-16999]
Action.c(52): Notify: Transaction "一键分享" started.	[MsgId: MMSG-16999]
Action.c(54): web_custom_request("hold_theme") was successful, 151 body bytes, 494 header bytes  	[MsgId: MMSG-26386]
Action.c(60): Notify: Transaction "一键分享" ended with "Pass" status (Duration: 0.2765).	[MsgId: MMSG-16873]
Action.c(63): Notify: Transaction "获取商品属性" started.	[MsgId: MMSG-16999]
Action.c(65): web_custom_request("get_markcode") was successful, 171 body bytes, 494 header bytes  	[MsgId: MMSG-26386]
Action.c(72): web_custom_request("get_markcode") was successful, 171 body bytes, 494 header bytes  	[MsgId: MMSG-26386]
Action.c(79): web_custom_request("get_all_tag") was successful, 39 body bytes, 493 header bytes  	[MsgId: MMSG-26386]
Action.c(86): Notify: Transaction "获取商品属性" ended with "Pass" status (Duration: 0.3741).	[MsgId: MMSG-16873]
Action.c(88): Notify: Transaction "获取用户是否vip" started.	[MsgId: MMSG-16999]
Action.c(90): web_custom_request("get_vip_object") was successful, 133 body bytes, 494 header bytes  	[MsgId: MMSG-26386]
Action.c(97): Notify: Transaction "获取用户是否vip" ended with "Pass" status (Duration: 0.0228).	[MsgId: MMSG-16873]
Action.c(100): Notify: Transaction "保存商品" started.	[MsgId: MMSG-16999]
Action.c(102): web_custom_request("save_theme") was successful, 39 body bytes, 303 header bytes  	[MsgId: MMSG-26386]
Action.c(110): Notify: Transaction "保存商品" ended with "Pass" status (Duration: 0.0099).	[MsgId: MMSG-16873]
Action.c(112): Notify: Transaction "分享商品" ended with "Pass" status (Duration: 0.6841).	[MsgId: MMSG-16873]
Ending action Action.	[MsgId: MMSG-15918]
Ending iteration 14.	[MsgId: MMSG-15965]
Starting iteration 15.	[MsgId: MMSG-15968]
Starting action Action.	[MsgId: MMSG-15919]
Action.c(5): Registering web_reg_save_param_ex was successful  	[MsgId: MMSG-26390]
Action.c(14): Registering web_reg_save_param_ex was successful  	[MsgId: MMSG-26390]
Action.c(23): Registering web_reg_save_param_ex was successful  	[MsgId: MMSG-26390]
Action.c(31): Registering web_reg_save_param_ex was successful  	[MsgId: MMSG-26390]
Action.c(39): web_custom_request("owner") was successful, 166398 body bytes, 738 header bytes, 172 chunking overhead bytes  	[MsgId: MMSG-26385]
Action.c(48): web_convert_param was successful  	[MsgId: MMSG-26392]
Action.c(50): Notify: Transaction "分享商品" started.	[MsgId: MMSG-16999]
Action.c(52): Notify: Transaction "一键分享" started.	[MsgId: MMSG-16999]
Action.c(54): web_custom_request("hold_theme") was successful, 151 body bytes, 494 header bytes  	[MsgId: MMSG-26386]
Action.c(60): Notify: Transaction "一键分享" ended with "Pass" status (Duration: 0.0244).	[MsgId: MMSG-16873]
Action.c(63): Notify: Transaction "获取商品属性" started.	[MsgId: MMSG-16999]
Action.c(65): web_custom_request("get_markcode") was successful, 171 body bytes, 494 header bytes  	[MsgId: MMSG-26386]
Action.c(72): web_custom_request("get_markcode") was successful, 171 body bytes, 494 header bytes  	[MsgId: MMSG-26386]
Action.c(79): web_custom_request("get_all_tag") was successful, 39 body bytes, 493 header bytes  	[MsgId: MMSG-26386]
Action.c(86): Notify: Transaction "获取商品属性" ended with "Pass" status (Duration: 0.0397).	[MsgId: MMSG-16873]
Action.c(88): Notify: Transaction "获取用户是否vip" started.	[MsgId: MMSG-16999]
Action.c(90): web_custom_request("get_vip_object") was successful, 133 body bytes, 494 header bytes  	[MsgId: MMSG-26386]
Action.c(97): Notify: Transaction "获取用户是否vip" ended with "Pass" status (Duration: 0.0180).	[MsgId: MMSG-16873]
Action.c(100): Notify: Transaction "保存商品" started.	[MsgId: MMSG-16999]
Action.c(102): web_custom_request("save_theme") was successful, 39 body bytes, 303 header bytes  	[MsgId: MMSG-26386]
Action.c(110): Notify: Transaction "保存商品" ended with "Pass" status (Duration: 0.0111).	[MsgId: MMSG-16873]
Action.c(112): Notify: Transaction "分享商品" ended with "Pass" status (Duration: 0.0939).	[MsgId: MMSG-16873]
Ending action Action.	[MsgId: MMSG-15918]
Ending iteration 15.	[MsgId: MMSG-15965]
Starting iteration 16.	[MsgId: MMSG-15968]
Starting action Action.	[MsgId: MMSG-15919]
Action.c(5): Registering web_reg_save_param_ex was successful  	[MsgId: MMSG-26390]
Action.c(14): Registering web_reg_save_param_ex was successful  	[MsgId: MMSG-26390]
Action.c(23): Registering web_reg_save_param_ex was successful  	[MsgId: MMSG-26390]
Action.c(31): Registering web_reg_save_param_ex was successful  	[MsgId: MMSG-26390]
Action.c(39): web_custom_request("owner") was successful, 154709 body bytes, 738 header bytes, 157 chunking overhead bytes  	[MsgId: MMSG-26385]
Action.c(48): web_convert_param was successful  	[MsgId: MMSG-26392]
Action.c(50): Notify: Transaction "分享商品" started.	[MsgId: MMSG-16999]
Action.c(52): Notify: Transaction "一键分享" started.	[MsgId: MMSG-16999]
Action.c(54): web_custom_request("hold_theme") was successful, 151 body bytes, 494 header bytes  	[MsgId: MMSG-26386]
Action.c(60): Notify: Transaction "一键分享" ended with "Pass" status (Duration: 0.0223).	[MsgId: MMSG-16873]
Action.c(63): Notify: Transaction "获取商品属性" started.	[MsgId: MMSG-16999]
Action.c(65): web_custom_request("get_markcode") was successful, 171 body bytes, 494 header bytes  	[MsgId: MMSG-26386]
Action.c(72): web_custom_request("get_markcode") was successful, 171 body bytes, 494 header bytes  	[MsgId: MMSG-26386]
Action.c(79): web_custom_request("get_all_tag") was successful, 39 body bytes, 493 header bytes  	[MsgId: MMSG-26386]
Action.c(86): Notify: Transaction "获取商品属性" ended with "Pass" status (Duration: 0.0336).	[MsgId: MMSG-16873]
Action.c(88): Notify: Transaction "获取用户是否vip" started.	[MsgId: MMSG-16999]
Action.c(90): web_custom_request("get_vip_object") was successful, 133 body bytes, 494 header bytes  	[MsgId: MMSG-26386]
Action.c(97): Notify: Transaction "获取用户是否vip" ended with "Pass" status (Duration: 0.0149).	[MsgId: MMSG-16873]
Action.c(100): Notify: Transaction "保存商品" started.	[MsgId: MMSG-16999]
Action.c(102): web_custom_request("save_theme") was successful, 39 body bytes, 303 header bytes  	[MsgId: MMSG-26386]
Action.c(110): Notify: Transaction "保存商品" ended with "Pass" status (Duration: 0.0088).	[MsgId: MMSG-16873]
Action.c(112): Notify: Transaction "分享商品" ended with "Pass" status (Duration: 0.0803).	[MsgId: MMSG-16873]
Ending action Action.	[MsgId: MMSG-15918]
Ending iteration 16.	[MsgId: MMSG-15965]
Starting iteration 17.	[MsgId: MMSG-15968]
Starting action Action.	[MsgId: MMSG-15919]
Action.c(5): Registering web_reg_save_param_ex was successful  	[MsgId: MMSG-26390]
Action.c(14): Registering web_reg_save_param_ex was successful  	[MsgId: MMSG-26390]
Action.c(23): Registering web_reg_save_param_ex was successful  	[MsgId: MMSG-26390]
Action.c(31): Registering web_reg_save_param_ex was successful  	[MsgId: MMSG-26390]
Action.c(39): web_custom_request("owner") was successful, 156886 body bytes, 738 header bytes, 164 chunking overhead bytes  	[MsgId: MMSG-26385]
Action.c(48): web_convert_param was successful  	[MsgId: MMSG-26392]
Action.c(50): Notify: Transaction "分享商品" started.	[MsgId: MMSG-16999]
Action.c(52): Notify: Transaction "一键分享" started.	[MsgId: MMSG-16999]
Action.c(54): web_custom_request("hold_theme") was successful, 151 body bytes, 494 header bytes  	[MsgId: MMSG-26386]
Action.c(60): Notify: Transaction "一键分享" ended with "Pass" status (Duration: 0.0247).	[MsgId: MMSG-16873]
Action.c(63): Notify: Transaction "获取商品属性" started.	[MsgId: MMSG-16999]
Action.c(65): web_custom_request("get_markcode") was successful, 171 body bytes, 494 header bytes  	[MsgId: MMSG-26386]
Action.c(72): web_custom_request("get_markcode") was successful, 171 body bytes, 494 header bytes  	[MsgId: MMSG-26386]
Action.c(79): web_custom_request("get_all_tag") was successful, 39 body bytes, 493 header bytes  	[MsgId: MMSG-26386]
Action.c(86): Notify: Transaction "获取商品属性" ended with "Pass" status (Duration: 0.0563).	[MsgId: MMSG-16873]
Action.c(88): Notify: Transaction "获取用户是否vip" started.	[MsgId: MMSG-16999]
Action.c(90): web_custom_request("get_vip_object") was successful, 133 body bytes, 494 header bytes  	[MsgId: MMSG-26386]
Action.c(97): Notify: Transaction "获取用户是否vip" ended with "Pass" status (Duration: 0.0216).	[MsgId: MMSG-16873]
Action.c(100): Notify: Transaction "保存商品" started.	[MsgId: MMSG-16999]
Action.c(102): web_custom_request("save_theme") was successful, 39 body bytes, 303 header bytes  	[MsgId: MMSG-26386]
Action.c(110): Notify: Transaction "保存商品" ended with "Pass" status (Duration: 0.0098).	[MsgId: MMSG-16873]
Action.c(112): Notify: Transaction "分享商品" ended with "Pass" status (Duration: 0.1131).	[MsgId: MMSG-16873]
Ending action Action.	[MsgId: MMSG-15918]
Ending iteration 17.	[MsgId: MMSG-15965]
Starting iteration 18.	[MsgId: MMSG-15968]
Starting action Action.	[MsgId: MMSG-15919]
Action.c(5): Registering web_reg_save_param_ex was successful  	[MsgId: MMSG-26390]
Action.c(14): Registering web_reg_save_param_ex was successful  	[MsgId: MMSG-26390]
Action.c(23): Registering web_reg_save_param_ex was successful  	[MsgId: MMSG-26390]
Action.c(31): Registering web_reg_save_param_ex was successful  	[MsgId: MMSG-26390]
Action.c(39): web_custom_request("owner") was successful, 136183 body bytes, 738 header bytes, 141 chunking overhead bytes  	[MsgId: MMSG-26385]
Action.c(48): web_convert_param was successful  	[MsgId: MMSG-26392]
Action.c(50): Notify: Transaction "分享商品" started.	[MsgId: MMSG-16999]
Action.c(52): Notify: Transaction "一键分享" started.	[MsgId: MMSG-16999]
Action.c(54): web_custom_request("hold_theme") was successful, 151 body bytes, 494 header bytes  	[MsgId: MMSG-26386]
Action.c(60): Notify: Transaction "一键分享" ended with "Pass" status (Duration: 0.0224).	[MsgId: MMSG-16873]
Action.c(63): Notify: Transaction "获取商品属性" started.	[MsgId: MMSG-16999]
Action.c(65): web_custom_request("get_markcode") was successful, 171 body bytes, 494 header bytes  	[MsgId: MMSG-26386]
Action.c(72): web_custom_request("get_markcode") was successful, 171 body bytes, 494 header bytes  	[MsgId: MMSG-26386]
Action.c(79): web_custom_request("get_all_tag") was successful, 39 body bytes, 493 header bytes  	[MsgId: MMSG-26386]
Action.c(86): Notify: Transaction "获取商品属性" ended with "Pass" status (Duration: 0.0353).	[MsgId: MMSG-16873]
Action.c(88): Notify: Transaction "获取用户是否vip" started.	[MsgId: MMSG-16999]
Action.c(90): web_custom_request("get_vip_object") was successful, 133 body bytes, 494 header bytes  	[MsgId: MMSG-26386]
Action.c(97): Notify: Transaction "获取用户是否vip" ended with "Pass" status (Duration: 0.0163).	[MsgId: MMSG-16873]
Action.c(100): Notify: Transaction "保存商品" started.	[MsgId: MMSG-16999]
Action.c(102): web_custom_request("save_theme") was successful, 39 body bytes, 303 header bytes  	[MsgId: MMSG-26386]
Action.c(110): Notify: Transaction "保存商品" ended with "Pass" status (Duration: 0.0089).	[MsgId: MMSG-16873]
Action.c(112): Notify: Transaction "分享商品" ended with "Pass" status (Duration: 0.0836).	[MsgId: MMSG-16873]
Ending action Action.	[MsgId: MMSG-15918]
Ending iteration 18.	[MsgId: MMSG-15965]
Starting iteration 19.	[MsgId: MMSG-15968]
Starting action Action.	[MsgId: MMSG-15919]
Action.c(5): Registering web_reg_save_param_ex was successful  	[MsgId: MMSG-26390]
Action.c(14): Registering web_reg_save_param_ex was successful  	[MsgId: MMSG-26390]
Action.c(23): Registering web_reg_save_param_ex was successful  	[MsgId: MMSG-26390]
Action.c(31): Registering web_reg_save_param_ex was successful  	[MsgId: MMSG-26390]
Action.c(39): web_custom_request("owner") was successful, 82663 body bytes, 738 header bytes, 92 chunking overhead bytes  	[MsgId: MMSG-26385]
Action.c(48): web_convert_param was successful  	[MsgId: MMSG-26392]
Action.c(50): Notify: Transaction "分享商品" started.	[MsgId: MMSG-16999]
Action.c(52): Notify: Transaction "一键分享" started.	[MsgId: MMSG-16999]
Action.c(54): web_custom_request("hold_theme") was successful, 151 body bytes, 494 header bytes  	[MsgId: MMSG-26386]
Action.c(60): Notify: Transaction "一键分享" ended with "Pass" status (Duration: 0.0233).	[MsgId: MMSG-16873]
Action.c(63): Notify: Transaction "获取商品属性" started.	[MsgId: MMSG-16999]
Action.c(65): web_custom_request("get_markcode") was successful, 171 body bytes, 494 header bytes  	[MsgId: MMSG-26386]
Action.c(72): web_custom_request("get_markcode") was successful, 171 body bytes, 494 header bytes  	[MsgId: MMSG-26386]
Action.c(79): web_custom_request("get_all_tag") was successful, 39 body bytes, 493 header bytes  	[MsgId: MMSG-26386]
Action.c(86): Notify: Transaction "获取商品属性" ended with "Pass" status (Duration: 0.0352).	[MsgId: MMSG-16873]
Action.c(88): Notify: Transaction "获取用户是否vip" started.	[MsgId: MMSG-16999]
Action.c(90): web_custom_request("get_vip_object") was successful, 133 body bytes, 494 header bytes  	[MsgId: MMSG-26386]
Action.c(97): Notify: Transaction "获取用户是否vip" ended with "Pass" status (Duration: 0.0163).	[MsgId: MMSG-16873]
Action.c(100): Notify: Transaction "保存商品" started.	[MsgId: MMSG-16999]
Action.c(102): web_custom_request("save_theme") was successful, 39 body bytes, 303 header bytes  	[MsgId: MMSG-26386]
Action.c(110): Notify: Transaction "保存商品" ended with "Pass" status (Duration: 0.0093).	[MsgId: MMSG-16873]
Action.c(112): Notify: Transaction "分享商品" ended with "Pass" status (Duration: 0.0849).	[MsgId: MMSG-16873]
Ending action Action.	[MsgId: MMSG-15918]
Ending iteration 19.	[MsgId: MMSG-15965]
Starting iteration 20.	[MsgId: MMSG-15968]
Starting action Action.	[MsgId: MMSG-15919]
Action.c(5): Registering web_reg_save_param_ex was successful  	[MsgId: MMSG-26390]
Action.c(14): Registering web_reg_save_param_ex was successful  	[MsgId: MMSG-26390]
Action.c(23): Registering web_reg_save_param_ex was successful  	[MsgId: MMSG-26390]
Action.c(31): Registering web_reg_save_param_ex was successful  	[MsgId: MMSG-26390]
Action.c(39): Warning -26377: No match found for the requested parameter "imges". Check whether the requested boundaries exist in the response data. Also, if the data you want to save exceeds 256 bytes, use web_set_max_html_param_len to increase the parameter size  	[MsgId: MWAR-26377]
Action.c(39): web_custom_request("owner") highest severity level was "warning", 111932 body bytes, 738 header bytes, 117 chunking overhead bytes  	[MsgId: MMSG-26387]
Action.c(48): web_convert_param was successful  	[MsgId: MMSG-26392]
Action.c(50): Notify: Transaction "分享商品" started.	[MsgId: MMSG-16999]
Action.c(52): Notify: Transaction "一键分享" started.	[MsgId: MMSG-16999]
Action.c(54): web_custom_request("hold_theme") was successful, 151 body bytes, 494 header bytes  	[MsgId: MMSG-26386]
Action.c(60): Notify: Transaction "一键分享" ended with "Pass" status (Duration: 0.0503).	[MsgId: MMSG-16873]
Action.c(63): Notify: Transaction "获取商品属性" started.	[MsgId: MMSG-16999]
Action.c(65): web_custom_request("get_markcode") was successful, 171 body bytes, 494 header bytes  	[MsgId: MMSG-26386]
Action.c(72): web_custom_request("get_markcode") was successful, 171 body bytes, 494 header bytes  	[MsgId: MMSG-26386]
Action.c(79): web_custom_request("get_all_tag") was successful, 39 body bytes, 493 header bytes  	[MsgId: MMSG-26386]
Action.c(86): Notify: Transaction "获取商品属性" ended with "Pass" status (Duration: 0.0446).	[MsgId: MMSG-16873]
Action.c(88): Notify: Transaction "获取用户是否vip" started.	[MsgId: MMSG-16999]
Action.c(90): web_custom_request("get_vip_object") was successful, 133 body bytes, 494 header bytes  	[MsgId: MMSG-26386]
Action.c(97): Notify: Transaction "获取用户是否vip" ended with "Pass" status (Duration: 0.2452).	[MsgId: MMSG-16873]
Action.c(100): Notify: Transaction "保存商品" started.	[MsgId: MMSG-16999]
Action.c(102): web_custom_request("save_theme") was successful, 39 body bytes, 303 header bytes  	[MsgId: MMSG-26386]
Action.c(110): Notify: Transaction "保存商品" ended with "Pass" status (Duration: 0.0101).	[MsgId: MMSG-16873]
Action.c(112): Notify: Transaction "分享商品" ended with "Pass" status (Duration: 0.3509).	[MsgId: MMSG-16873]
Ending action Action.	[MsgId: MMSG-15918]
Ending iteration 20.	[MsgId: MMSG-15965]
Starting iteration 21.	[MsgId: MMSG-15968]
Starting action Action.	[MsgId: MMSG-15919]
Action.c(5): Registering web_reg_save_param_ex was successful  	[MsgId: MMSG-26390]
Action.c(14): Registering web_reg_save_param_ex was successful  	[MsgId: MMSG-26390]
Action.c(23): Registering web_reg_save_param_ex was successful  	[MsgId: MMSG-26390]
Action.c(31): Registering web_reg_save_param_ex was successful  	[MsgId: MMSG-26390]
Action.c(39): web_custom_request("owner") was successful, 93989 body bytes, 738 header bytes, 100 chunking overhead bytes  	[MsgId: MMSG-26385]
Action.c(48): web_convert_param was successful  	[MsgId: MMSG-26392]
Action.c(50): Notify: Transaction "分享商品" started.	[MsgId: MMSG-16999]
Action.c(52): Notify: Transaction "一键分享" started.	[MsgId: MMSG-16999]
Action.c(54): web_custom_request("hold_theme") was successful, 151 body bytes, 494 header bytes  	[MsgId: MMSG-26386]
Action.c(60): Notify: Transaction "一键分享" ended with "Pass" status (Duration: 0.5099).	[MsgId: MMSG-16873]
Action.c(63): Notify: Transaction "获取商品属性" started.	[MsgId: MMSG-16999]
Action.c(65): web_custom_request("get_markcode") was successful, 171 body bytes, 494 header bytes  	[MsgId: MMSG-26386]
Action.c(72): web_custom_request("get_markcode") was successful, 171 body bytes, 494 header bytes  	[MsgId: MMSG-26386]
Action.c(79): web_custom_request("get_all_tag") was successful, 39 body bytes, 493 header bytes  	[MsgId: MMSG-26386]
Action.c(86): Notify: Transaction "获取商品属性" ended with "Pass" status (Duration: 0.8357).	[MsgId: MMSG-16873]
Action.c(88): Notify: Transaction "获取用户是否vip" started.	[MsgId: MMSG-16999]
Action.c(90): web_custom_request("get_vip_object") was successful, 133 body bytes, 494 header bytes  	[MsgId: MMSG-26386]
Action.c(97): Notify: Transaction "获取用户是否vip" ended with "Pass" status (Duration: 0.0160).	[MsgId: MMSG-16873]
Action.c(100): Notify: Transaction "保存商品" started.	[MsgId: MMSG-16999]
Action.c(102): web_custom_request("save_theme") was successful, 39 body bytes, 303 header bytes  	[MsgId: MMSG-26386]
Action.c(110): Notify: Transaction "保存商品" ended with "Pass" status (Duration: 0.0094).	[MsgId: MMSG-16873]
Action.c(112): Notify: Transaction "分享商品" ended with "Pass" status (Duration: 1.3717).	[MsgId: MMSG-16873]
Ending action Action.	[MsgId: MMSG-15918]
Ending iteration 21.	[MsgId: MMSG-15965]
Starting iteration 22.	[MsgId: MMSG-15968]
Starting action Action.	[MsgId: MMSG-15919]
Action.c(5): Registering web_reg_save_param_ex was successful  	[MsgId: MMSG-26390]
Action.c(14): Registering web_reg_save_param_ex was successful  	[MsgId: MMSG-26390]
Action.c(23): Registering web_reg_save_param_ex was successful  	[MsgId: MMSG-26390]
Action.c(31): Registering web_reg_save_param_ex was successful  	[MsgId: MMSG-26390]
Action.c(39): web_custom_request("owner") was successful, 89703 body bytes, 738 header bytes, 93 chunking overhead bytes  	[MsgId: MMSG-26385]
Action.c(48): web_convert_param was successful  	[MsgId: MMSG-26392]
Action.c(50): Notify: Transaction "分享商品" started.	[MsgId: MMSG-16999]
Action.c(52): Notify: Transaction "一键分享" started.	[MsgId: MMSG-16999]
Action.c(54): web_custom_request("hold_theme") was successful, 151 body bytes, 494 header bytes  	[MsgId: MMSG-26386]
Action.c(60): Notify: Transaction "一键分享" ended with "Pass" status (Duration: 0.0317).	[MsgId: MMSG-16873]
Action.c(63): Notify: Transaction "获取商品属性" started.	[MsgId: MMSG-16999]
Action.c(65): web_custom_request("get_markcode") was successful, 171 body bytes, 494 header bytes  	[MsgId: MMSG-26386]
Action.c(72): web_custom_request("get_markcode") was successful, 171 body bytes, 494 header bytes  	[MsgId: MMSG-26386]
Action.c(79): web_custom_request("get_all_tag") was successful, 39 body bytes, 493 header bytes  	[MsgId: MMSG-26386]
Action.c(86): Notify: Transaction "获取商品属性" ended with "Pass" status (Duration: 0.7966).	[MsgId: MMSG-16873]
Action.c(88): Notify: Transaction "获取用户是否vip" started.	[MsgId: MMSG-16999]
Action.c(90): web_custom_request("get_vip_object") was successful, 133 body bytes, 494 header bytes  	[MsgId: MMSG-26386]
Action.c(97): Notify: Transaction "获取用户是否vip" ended with "Pass" status (Duration: 0.0175).	[MsgId: MMSG-16873]
Action.c(100): Notify: Transaction "保存商品" started.	[MsgId: MMSG-16999]
Action.c(102): web_custom_request("save_theme") was successful, 39 body bytes, 303 header bytes  	[MsgId: MMSG-26386]
Action.c(110): Notify: Transaction "保存商品" ended with "Pass" status (Duration: 0.0102).	[MsgId: MMSG-16873]
Action.c(112): Notify: Transaction "分享商品" ended with "Pass" status (Duration: 0.8568).	[MsgId: MMSG-16873]
Ending action Action.	[MsgId: MMSG-15918]
Ending iteration 22.	[MsgId: MMSG-15965]
Starting iteration 23.	[MsgId: MMSG-15968]
Starting action Action.	[MsgId: MMSG-15919]
Action.c(5): Registering web_reg_save_param_ex was successful  	[MsgId: MMSG-26390]
Action.c(14): Registering web_reg_save_param_ex was successful  	[MsgId: MMSG-26390]
Action.c(23): Registering web_reg_save_param_ex was successful  	[MsgId: MMSG-26390]
Action.c(31): Registering web_reg_save_param_ex was successful  	[MsgId: MMSG-26390]
Action.c(39): web_custom_request("owner") was successful, 82719 body bytes, 738 header bytes, 92 chunking overhead bytes  	[MsgId: MMSG-26385]
Action.c(48): web_convert_param was successful  	[MsgId: MMSG-26392]
Action.c(50): Notify: Transaction "分享商品" started.	[MsgId: MMSG-16999]
Action.c(52): Notify: Transaction "一键分享" started.	[MsgId: MMSG-16999]
Action.c(54): web_custom_request("hold_theme") was successful, 151 body bytes, 494 header bytes  	[MsgId: MMSG-26386]
Action.c(60): Notify: Transaction "一键分享" ended with "Pass" status (Duration: 0.0219).	[MsgId: MMSG-16873]
Action.c(63): Notify: Transaction "获取商品属性" started.	[MsgId: MMSG-16999]
Action.c(65): web_custom_request("get_markcode") was successful, 171 body bytes, 494 header bytes  	[MsgId: MMSG-26386]
Action.c(72): web_custom_request("get_markcode") was successful, 171 body bytes, 494 header bytes  	[MsgId: MMSG-26386]
Action.c(79): web_custom_request("get_all_tag") was successful, 39 body bytes, 493 header bytes  	[MsgId: MMSG-26386]
Action.c(86): Notify: Transaction "获取商品属性" ended with "Pass" status (Duration: 0.8473).	[MsgId: MMSG-16873]
Action.c(88): Notify: Transaction "获取用户是否vip" started.	[MsgId: MMSG-16999]
Action.c(90): web_custom_request("get_vip_object") was successful, 133 body bytes, 494 header bytes  	[MsgId: MMSG-26386]
Action.c(97): Notify: Transaction "获取用户是否vip" ended with "Pass" status (Duration: 0.0156).	[MsgId: MMSG-16873]
Action.c(100): Notify: Transaction "保存商品" started.	[MsgId: MMSG-16999]
Action.c(102): web_custom_request("save_theme") was successful, 39 body bytes, 303 header bytes  	[MsgId: MMSG-26386]
Action.c(110): Notify: Transaction "保存商品" ended with "Pass" status (Duration: 0.0090).	[MsgId: MMSG-16873]
Action.c(112): Notify: Transaction "分享商品" ended with "Pass" status (Duration: 0.8941).	[MsgId: MMSG-16873]
Ending action Action.	[MsgId: MMSG-15918]
Ending iteration 23.	[MsgId: MMSG-15965]
Starting iteration 24.	[MsgId: MMSG-15968]
Starting action Action.	[MsgId: MMSG-15919]
Action.c(5): Registering web_reg_save_param_ex was successful  	[MsgId: MMSG-26390]
Action.c(14): Registering web_reg_save_param_ex was successful  	[MsgId: MMSG-26390]
Action.c(23): Registering web_reg_save_param_ex was successful  	[MsgId: MMSG-26390]
Action.c(31): Registering web_reg_save_param_ex was successful  	[MsgId: MMSG-26390]
Abort was called from an action.	[MsgId: MMSG-10447]
Ending Vuser...	[MsgId: MMSG-15966]
Starting action vuser_end.	[MsgId: MMSG-15919]
Ending action vuser_end.	[MsgId: MMSG-15918]
Vuser Terminated.	[MsgId: MMSG-15963]
