Virtual User Script started at : 2019-01-18 15:04:02	[MsgId: MMSG-15967]
Starting action vuser_init.	[MsgId: MMSG-15919]
Web Turbo Replay of LoadRunner 11.0.0 for Windows 7; build 8859 (Aug 18 2010 20:14:31)  	[MsgId: MMSG-27143]
Run Mode: HTML  	[MsgId: MMSG-26000]
Run-Time Settings file: "C:\Users\Administrator\AppData\Local\Temp\lr5tmpdirmL2.438\lrcfgUk6.439\cfgpao.473"  	[MsgId: MMSG-27141]
Ending action vuser_init.	[MsgId: MMSG-15918]
Running Vuser...	[MsgId: MMSG-15964]
Starting iteration 1.	[MsgId: MMSG-15968]
Starting action Action.	[MsgId: MMSG-15919]
Action.c(5): Registering web_reg_save_param_ex was successful  	[MsgId: MMSG-26390]
Action.c(14): Registering web_reg_save_param_ex was successful  	[MsgId: MMSG-26390]
Action.c(23): Registering web_reg_save_param_ex was successful  	[MsgId: MMSG-26390]
Action.c(31): Registering web_reg_save_param_ex was successful  	[MsgId: MMSG-26390]
Action.c(39): web_custom_request("owner") was successful, 32832 body bytes, 738 header bytes, 38 chunking overhead bytes  	[MsgId: MMSG-26385]
Action.c(48): web_convert_param was successful  	[MsgId: MMSG-26392]
Action.c(50): Notify: Transaction "分享商品" started.	[MsgId: MMSG-16999]
Action.c(52): Notify: Transaction "一键分享" started.	[MsgId: MMSG-16999]
Action.c(54): web_custom_request("hold_theme") was successful, 151 body bytes, 494 header bytes  	[MsgId: MMSG-26386]
Action.c(60): Notify: Transaction "一键分享" ended with "Pass" status (Duration: 0.0277).	[MsgId: MMSG-16873]
Action.c(63): Notify: Transaction "获取商品属性" started.	[MsgId: MMSG-16999]
Action.c(65): web_custom_request("get_markcode") was successful, 171 body bytes, 494 header bytes  	[MsgId: MMSG-26386]
Action.c(72): web_custom_request("get_markcode") was successful, 171 body bytes, 494 header bytes  	[MsgId: MMSG-26386]
Action.c(79): web_custom_request("get_all_tag") was successful, 39 body bytes, 493 header bytes  	[MsgId: MMSG-26386]
Action.c(86): Notify: Transaction "获取商品属性" ended with "Pass" status (Duration: 0.0344).	[MsgId: MMSG-16873]
Action.c(88): Notify: Transaction "获取用户是否vip" started.	[MsgId: MMSG-16999]
Action.c(90): web_custom_request("get_vip_object") was successful, 133 body bytes, 494 header bytes  	[MsgId: MMSG-26386]
Action.c(97): Notify: Transaction "获取用户是否vip" ended with "Pass" status (Duration: 0.0135).	[MsgId: MMSG-16873]
Action.c(100): Notify: Transaction "保存商品" started.	[MsgId: MMSG-16999]
Action.c(102): web_custom_request("save_theme") was successful, 39 body bytes, 303 header bytes  	[MsgId: MMSG-26386]
Action.c(110): Notify: Transaction "保存商品" ended with "Pass" status (Duration: 0.2264).	[MsgId: MMSG-16873]
Action.c(112): Notify: Transaction "分享商品" ended with "Pass" status (Duration: 0.3028).	[MsgId: MMSG-16873]
Ending action Action.	[MsgId: MMSG-15918]
Ending iteration 1.	[MsgId: MMSG-15965]
Starting iteration 2.	[MsgId: MMSG-15968]
Starting action Action.	[MsgId: MMSG-15919]
Action.c(5): Registering web_reg_save_param_ex was successful  	[MsgId: MMSG-26390]
Action.c(14): Registering web_reg_save_param_ex was successful  	[MsgId: MMSG-26390]
Action.c(23): Registering web_reg_save_param_ex was successful  	[MsgId: MMSG-26390]
Action.c(31): Registering web_reg_save_param_ex was successful  	[MsgId: MMSG-26390]
Action.c(39): Warning -26377: No match found for the requested parameter "imges". Check whether the requested boundaries exist in the response data. Also, if the data you want to save exceeds 256 bytes, use web_set_max_html_param_len to increase the parameter size  	[MsgId: MWAR-26377]
Action.c(39): web_custom_request("owner") highest severity level was "warning", 149091 body bytes, 738 header bytes, 156 chunking overhead bytes  	[MsgId: MMSG-26387]
Action.c(48): web_convert_param was successful  	[MsgId: MMSG-26392]
Action.c(50): Notify: Transaction "分享商品" started.	[MsgId: MMSG-16999]
Action.c(52): Notify: Transaction "一键分享" started.	[MsgId: MMSG-16999]
Action.c(54): web_custom_request("hold_theme") was successful, 151 body bytes, 494 header bytes  	[MsgId: MMSG-26386]
Action.c(60): Notify: Transaction "一键分享" ended with "Pass" status (Duration: 0.1053).	[MsgId: MMSG-16873]
Action.c(63): Notify: Transaction "获取商品属性" started.	[MsgId: MMSG-16999]
Action.c(65): web_custom_request("get_markcode") was successful, 171 body bytes, 494 header bytes  	[MsgId: MMSG-26386]
Action.c(72): web_custom_request("get_markcode") was successful, 171 body bytes, 494 header bytes  	[MsgId: MMSG-26386]
Action.c(79): web_custom_request("get_all_tag") was successful, 39 body bytes, 493 header bytes  	[MsgId: MMSG-26386]
Action.c(86): Notify: Transaction "获取商品属性" ended with "Pass" status (Duration: 0.0512).	[MsgId: MMSG-16873]
Action.c(88): Notify: Transaction "获取用户是否vip" started.	[MsgId: MMSG-16999]
Action.c(90): web_custom_request("get_vip_object") was successful, 133 body bytes, 494 header bytes  	[MsgId: MMSG-26386]
Action.c(97): Notify: Transaction "获取用户是否vip" ended with "Pass" status (Duration: 0.0188).	[MsgId: MMSG-16873]
Action.c(100): Notify: Transaction "保存商品" started.	[MsgId: MMSG-16999]
Action.c(102): web_custom_request("save_theme") was successful, 39 body bytes, 303 header bytes  	[MsgId: MMSG-26386]
Action.c(110): Notify: Transaction "保存商品" ended with "Pass" status (Duration: 0.0094).	[MsgId: MMSG-16873]
Action.c(112): Notify: Transaction "分享商品" ended with "Pass" status (Duration: 0.1854).	[MsgId: MMSG-16873]
Ending action Action.	[MsgId: MMSG-15918]
Ending iteration 2.	[MsgId: MMSG-15965]
Starting iteration 3.	[MsgId: MMSG-15968]
Starting action Action.	[MsgId: MMSG-15919]
Action.c(5): Registering web_reg_save_param_ex was successful  	[MsgId: MMSG-26390]
Action.c(14): Registering web_reg_save_param_ex was successful  	[MsgId: MMSG-26390]
Action.c(23): Registering web_reg_save_param_ex was successful  	[MsgId: MMSG-26390]
Action.c(31): Registering web_reg_save_param_ex was successful  	[MsgId: MMSG-26390]
Action.c(39): Error -26697: Missing CR/LF after body/trailer ("Transfer-Encoding: chunked") for "http://118.126.89.154:58080/service/album/get_album_themes_list.jsp?act=owner&search_value=&search_img=&start_date=&end_date=&page_index=1&token=748F8D065434DE009FA518E3A3B3D1915FF3625C9E325959474A9F2B2D6A819B3D08E8DCCEE7FAB9"  	[MsgId: MERR-26697]
Action.c(39): web_custom_request("owner") highest severity level was "ERROR", 32768 body bytes, 738 header bytes, 30 chunking overhead bytes  	[MsgId: MMSG-26387]
Ending action Action.	[MsgId: MMSG-15918]
Ending iteration 3.	[MsgId: MMSG-15965]
Starting iteration 4.	[MsgId: MMSG-15968]
Starting action Action.	[MsgId: MMSG-15919]
Action.c(5): Registering web_reg_save_param_ex was successful  	[MsgId: MMSG-26390]
Action.c(14): Registering web_reg_save_param_ex was successful  	[MsgId: MMSG-26390]
Action.c(23): Registering web_reg_save_param_ex was successful  	[MsgId: MMSG-26390]
Action.c(31): Registering web_reg_save_param_ex was successful  	[MsgId: MMSG-26390]
Action.c(39): web_custom_request("owner") was successful, 68822 body bytes, 738 header bytes, 76 chunking overhead bytes  	[MsgId: MMSG-26385]
Action.c(48): web_convert_param was successful  	[MsgId: MMSG-26392]
Action.c(50): Notify: Transaction "分享商品" started.	[MsgId: MMSG-16999]
Action.c(52): Notify: Transaction "一键分享" started.	[MsgId: MMSG-16999]
Action.c(54): web_custom_request("hold_theme") was successful, 151 body bytes, 494 header bytes  	[MsgId: MMSG-26386]
Action.c(60): Notify: Transaction "一键分享" ended with "Pass" status (Duration: 0.0249).	[MsgId: MMSG-16873]
Action.c(63): Notify: Transaction "获取商品属性" started.	[MsgId: MMSG-16999]
Action.c(65): web_custom_request("get_markcode") was successful, 171 body bytes, 494 header bytes  	[MsgId: MMSG-26386]
Action.c(72): web_custom_request("get_markcode") was successful, 171 body bytes, 494 header bytes  	[MsgId: MMSG-26386]
Action.c(79): web_custom_request("get_all_tag") was successful, 39 body bytes, 493 header bytes  	[MsgId: MMSG-26386]
Action.c(86): Notify: Transaction "获取商品属性" ended with "Pass" status (Duration: 0.0374).	[MsgId: MMSG-16873]
Action.c(88): Notify: Transaction "获取用户是否vip" started.	[MsgId: MMSG-16999]
Action.c(90): web_custom_request("get_vip_object") was successful, 133 body bytes, 494 header bytes  	[MsgId: MMSG-26386]
Action.c(97): Notify: Transaction "获取用户是否vip" ended with "Pass" status (Duration: 0.0171).	[MsgId: MMSG-16873]
Action.c(100): Notify: Transaction "保存商品" started.	[MsgId: MMSG-16999]
Action.c(102): web_custom_request("save_theme") was successful, 39 body bytes, 303 header bytes  	[MsgId: MMSG-26386]
Action.c(110): Notify: Transaction "保存商品" ended with "Pass" status (Duration: 0.0098).	[MsgId: MMSG-16873]
Action.c(112): Notify: Transaction "分享商品" ended with "Pass" status (Duration: 0.0900).	[MsgId: MMSG-16873]
Ending action Action.	[MsgId: MMSG-15918]
Ending iteration 4.	[MsgId: MMSG-15965]
Starting iteration 5.	[MsgId: MMSG-15968]
Starting action Action.	[MsgId: MMSG-15919]
Action.c(5): Registering web_reg_save_param_ex was successful  	[MsgId: MMSG-26390]
Action.c(14): Registering web_reg_save_param_ex was successful  	[MsgId: MMSG-26390]
Action.c(23): Registering web_reg_save_param_ex was successful  	[MsgId: MMSG-26390]
Action.c(31): Registering web_reg_save_param_ex was successful  	[MsgId: MMSG-26390]
Action.c(39): web_custom_request("owner") was successful, 134045 body bytes, 834 header bytes, 140 chunking overhead bytes  	[MsgId: MMSG-26385]
Action.c(48): web_convert_param was successful  	[MsgId: MMSG-26392]
Action.c(50): Notify: Transaction "分享商品" started.	[MsgId: MMSG-16999]
Action.c(52): Notify: Transaction "一键分享" started.	[MsgId: MMSG-16999]
Action.c(54): web_custom_request("hold_theme") was successful, 199 body bytes, 494 header bytes  	[MsgId: MMSG-26386]
Action.c(60): Notify: Transaction "一键分享" ended with "Pass" status (Duration: 0.0209).	[MsgId: MMSG-16873]
Action.c(63): Notify: Transaction "获取商品属性" started.	[MsgId: MMSG-16999]
Action.c(65): web_custom_request("get_markcode") was successful, 219 body bytes, 494 header bytes  	[MsgId: MMSG-26386]
Action.c(72): web_custom_request("get_markcode") was successful, 219 body bytes, 494 header bytes  	[MsgId: MMSG-26386]
Action.c(79): web_custom_request("get_all_tag") was successful, 39 body bytes, 493 header bytes  	[MsgId: MMSG-26386]
Action.c(86): Notify: Transaction "获取商品属性" ended with "Pass" status (Duration: 0.0339).	[MsgId: MMSG-16873]
Action.c(88): Notify: Transaction "获取用户是否vip" started.	[MsgId: MMSG-16999]
Action.c(90): web_custom_request("get_vip_object") was successful, 181 body bytes, 494 header bytes  	[MsgId: MMSG-26386]
Action.c(97): Notify: Transaction "获取用户是否vip" ended with "Pass" status (Duration: 0.0139).	[MsgId: MMSG-16873]
Action.c(100): Notify: Transaction "保存商品" started.	[MsgId: MMSG-16999]
Action.c(102): web_custom_request("save_theme") was successful, 39 body bytes, 303 header bytes  	[MsgId: MMSG-26386]
Action.c(110): Notify: Transaction "保存商品" ended with "Pass" status (Duration: 0.0091).	[MsgId: MMSG-16873]
Action.c(112): Notify: Transaction "分享商品" ended with "Pass" status (Duration: 0.0786).	[MsgId: MMSG-16873]
Ending action Action.	[MsgId: MMSG-15918]
Ending iteration 5.	[MsgId: MMSG-15965]
Starting iteration 6.	[MsgId: MMSG-15968]
Starting action Action.	[MsgId: MMSG-15919]
Action.c(5): Registering web_reg_save_param_ex was successful  	[MsgId: MMSG-26390]
Action.c(14): Registering web_reg_save_param_ex was successful  	[MsgId: MMSG-26390]
Action.c(23): Registering web_reg_save_param_ex was successful  	[MsgId: MMSG-26390]
Action.c(31): Registering web_reg_save_param_ex was successful  	[MsgId: MMSG-26390]
Action.c(39): web_custom_request("owner") was successful, 149186 body bytes, 738 header bytes, 156 chunking overhead bytes  	[MsgId: MMSG-26385]
Action.c(48): web_convert_param was successful  	[MsgId: MMSG-26392]
Action.c(50): Notify: Transaction "分享商品" started.	[MsgId: MMSG-16999]
Action.c(52): Notify: Transaction "一键分享" started.	[MsgId: MMSG-16999]
Action.c(54): web_custom_request("hold_theme") was successful, 151 body bytes, 494 header bytes  	[MsgId: MMSG-26386]
Action.c(60): Notify: Transaction "一键分享" ended with "Pass" status (Duration: 0.0248).	[MsgId: MMSG-16873]
Action.c(63): Notify: Transaction "获取商品属性" started.	[MsgId: MMSG-16999]
Action.c(65): web_custom_request("get_markcode") was successful, 171 body bytes, 494 header bytes  	[MsgId: MMSG-26386]
Action.c(72): web_custom_request("get_markcode") was successful, 171 body bytes, 494 header bytes  	[MsgId: MMSG-26386]
Action.c(79): web_custom_request("get_all_tag") was successful, 39 body bytes, 493 header bytes  	[MsgId: MMSG-26386]
Action.c(86): Notify: Transaction "获取商品属性" ended with "Pass" status (Duration: 0.2863).	[MsgId: MMSG-16873]
Action.c(88): Notify: Transaction "获取用户是否vip" started.	[MsgId: MMSG-16999]
Action.c(90): web_custom_request("get_vip_object") was successful, 133 body bytes, 494 header bytes  	[MsgId: MMSG-26386]
Action.c(97): Notify: Transaction "获取用户是否vip" ended with "Pass" status (Duration: 0.0169).	[MsgId: MMSG-16873]
Action.c(100): Notify: Transaction "保存商品" started.	[MsgId: MMSG-16999]
Action.c(102): web_custom_request("save_theme") was successful, 39 body bytes, 303 header bytes  	[MsgId: MMSG-26386]
Action.c(110): Notify: Transaction "保存商品" ended with "Pass" status (Duration: 0.0094).	[MsgId: MMSG-16873]
Action.c(112): Notify: Transaction "分享商品" ended with "Pass" status (Duration: 0.3379).	[MsgId: MMSG-16873]
Ending action Action.	[MsgId: MMSG-15918]
Ending iteration 6.	[MsgId: MMSG-15965]
Starting iteration 7.	[MsgId: MMSG-15968]
Starting action Action.	[MsgId: MMSG-15919]
Action.c(5): Registering web_reg_save_param_ex was successful  	[MsgId: MMSG-26390]
Action.c(14): Registering web_reg_save_param_ex was successful  	[MsgId: MMSG-26390]
Action.c(23): Registering web_reg_save_param_ex was successful  	[MsgId: MMSG-26390]
Action.c(31): Registering web_reg_save_param_ex was successful  	[MsgId: MMSG-26390]
Action.c(39): web_custom_request("owner") was successful, 128883 body bytes, 738 header bytes, 133 chunking overhead bytes  	[MsgId: MMSG-26385]
Action.c(48): web_convert_param was successful  	[MsgId: MMSG-26392]
Action.c(50): Notify: Transaction "分享商品" started.	[MsgId: MMSG-16999]
Action.c(52): Notify: Transaction "一键分享" started.	[MsgId: MMSG-16999]
Action.c(54): web_custom_request("hold_theme") was successful, 151 body bytes, 494 header bytes  	[MsgId: MMSG-26386]
Action.c(60): Notify: Transaction "一键分享" ended with "Pass" status (Duration: 0.0227).	[MsgId: MMSG-16873]
Action.c(63): Notify: Transaction "获取商品属性" started.	[MsgId: MMSG-16999]
Action.c(65): web_custom_request("get_markcode") was successful, 171 body bytes, 494 header bytes  	[MsgId: MMSG-26386]
Action.c(72): web_custom_request("get_markcode") was successful, 171 body bytes, 494 header bytes  	[MsgId: MMSG-26386]
Action.c(79): web_custom_request("get_all_tag") was successful, 39 body bytes, 493 header bytes  	[MsgId: MMSG-26386]
Action.c(86): Notify: Transaction "获取商品属性" ended with "Pass" status (Duration: 0.0495).	[MsgId: MMSG-16873]
Action.c(88): Notify: Transaction "获取用户是否vip" started.	[MsgId: MMSG-16999]
Action.c(90): web_custom_request("get_vip_object") was successful, 133 body bytes, 494 header bytes  	[MsgId: MMSG-26386]
Action.c(97): Notify: Transaction "获取用户是否vip" ended with "Pass" status (Duration: 0.0200).	[MsgId: MMSG-16873]
Action.c(100): Notify: Transaction "保存商品" started.	[MsgId: MMSG-16999]
Action.c(102): web_custom_request("save_theme") was successful, 39 body bytes, 303 header bytes  	[MsgId: MMSG-26386]
Action.c(110): Notify: Transaction "保存商品" ended with "Pass" status (Duration: 0.0095).	[MsgId: MMSG-16873]
Action.c(112): Notify: Transaction "分享商品" ended with "Pass" status (Duration: 0.1024).	[MsgId: MMSG-16873]
Ending action Action.	[MsgId: MMSG-15918]
Ending iteration 7.	[MsgId: MMSG-15965]
Starting iteration 8.	[MsgId: MMSG-15968]
Starting action Action.	[MsgId: MMSG-15919]
Action.c(5): Registering web_reg_save_param_ex was successful  	[MsgId: MMSG-26390]
Action.c(14): Registering web_reg_save_param_ex was successful  	[MsgId: MMSG-26390]
Action.c(23): Registering web_reg_save_param_ex was successful  	[MsgId: MMSG-26390]
Action.c(31): Registering web_reg_save_param_ex was successful  	[MsgId: MMSG-26390]
Action.c(39): Error -26697: Missing CR/LF after body/trailer ("Transfer-Encoding: chunked") for "http://118.126.89.154:58080/service/album/get_album_themes_list.jsp?act=owner&search_value=&search_img=&start_date=&end_date=&page_index=1&token=5A1D9D6EFF4AA212CD4888D2272625BACEFFAA41E53C1B70569CC59C727467A0F4C009B995878F6E"  	[MsgId: MERR-26697]
Action.c(39): web_custom_request("owner") highest severity level was "ERROR", 32768 body bytes, 738 header bytes, 30 chunking overhead bytes  	[MsgId: MMSG-26387]
Ending action Action.	[MsgId: MMSG-15918]
Ending iteration 8.	[MsgId: MMSG-15965]
Starting iteration 9.	[MsgId: MMSG-15968]
Starting action Action.	[MsgId: MMSG-15919]
Action.c(5): Registering web_reg_save_param_ex was successful  	[MsgId: MMSG-26390]
Action.c(14): Registering web_reg_save_param_ex was successful  	[MsgId: MMSG-26390]
Action.c(23): Registering web_reg_save_param_ex was successful  	[MsgId: MMSG-26390]
Action.c(31): Registering web_reg_save_param_ex was successful  	[MsgId: MMSG-26390]
Action.c(39): web_custom_request("owner") was successful, 113236 body bytes, 738 header bytes, 117 chunking overhead bytes  	[MsgId: MMSG-26385]
Action.c(48): web_convert_param was successful  	[MsgId: MMSG-26392]
Action.c(50): Notify: Transaction "分享商品" started.	[MsgId: MMSG-16999]
Action.c(52): Notify: Transaction "一键分享" started.	[MsgId: MMSG-16999]
Action.c(54): web_custom_request("hold_theme") was successful, 151 body bytes, 494 header bytes  	[MsgId: MMSG-26386]
Action.c(60): Notify: Transaction "一键分享" ended with "Pass" status (Duration: 0.0232).	[MsgId: MMSG-16873]
Action.c(63): Notify: Transaction "获取商品属性" started.	[MsgId: MMSG-16999]
Action.c(65): web_custom_request("get_markcode") was successful, 171 body bytes, 494 header bytes  	[MsgId: MMSG-26386]
Action.c(72): web_custom_request("get_markcode") was successful, 171 body bytes, 494 header bytes  	[MsgId: MMSG-26386]
Action.c(79): web_custom_request("get_all_tag") was successful, 39 body bytes, 493 header bytes  	[MsgId: MMSG-26386]
Action.c(86): Notify: Transaction "获取商品属性" ended with "Pass" status (Duration: 0.0375).	[MsgId: MMSG-16873]
Action.c(88): Notify: Transaction "获取用户是否vip" started.	[MsgId: MMSG-16999]
Action.c(90): web_custom_request("get_vip_object") was successful, 133 body bytes, 494 header bytes  	[MsgId: MMSG-26386]
Action.c(97): Notify: Transaction "获取用户是否vip" ended with "Pass" status (Duration: 0.0173).	[MsgId: MMSG-16873]
Action.c(100): Notify: Transaction "保存商品" started.	[MsgId: MMSG-16999]
Action.c(102): web_custom_request("save_theme") was successful, 39 body bytes, 303 header bytes  	[MsgId: MMSG-26386]
Action.c(110): Notify: Transaction "保存商品" ended with "Pass" status (Duration: 0.0102).	[MsgId: MMSG-16873]
Action.c(112): Notify: Transaction "分享商品" ended with "Pass" status (Duration: 0.0890).	[MsgId: MMSG-16873]
Ending action Action.	[MsgId: MMSG-15918]
Ending iteration 9.	[MsgId: MMSG-15965]
Starting iteration 10.	[MsgId: MMSG-15968]
Starting action Action.	[MsgId: MMSG-15919]
Action.c(5): Registering web_reg_save_param_ex was successful  	[MsgId: MMSG-26390]
Action.c(14): Registering web_reg_save_param_ex was successful  	[MsgId: MMSG-26390]
Action.c(23): Registering web_reg_save_param_ex was successful  	[MsgId: MMSG-26390]
Action.c(31): Registering web_reg_save_param_ex was successful  	[MsgId: MMSG-26390]
Action.c(39): web_custom_request("owner") was successful, 117493 body bytes, 738 header bytes, 124 chunking overhead bytes  	[MsgId: MMSG-26385]
Action.c(48): web_convert_param was successful  	[MsgId: MMSG-26392]
Action.c(50): Notify: Transaction "分享商品" started.	[MsgId: MMSG-16999]
Action.c(52): Notify: Transaction "一键分享" started.	[MsgId: MMSG-16999]
Action.c(54): web_custom_request("hold_theme") was successful, 151 body bytes, 494 header bytes  	[MsgId: MMSG-26386]
Action.c(60): Notify: Transaction "一键分享" ended with "Pass" status (Duration: 0.0231).	[MsgId: MMSG-16873]
Action.c(63): Notify: Transaction "获取商品属性" started.	[MsgId: MMSG-16999]
Action.c(65): web_custom_request("get_markcode") was successful, 171 body bytes, 494 header bytes  	[MsgId: MMSG-26386]
Action.c(72): web_custom_request("get_markcode") was successful, 171 body bytes, 494 header bytes  	[MsgId: MMSG-26386]
Action.c(79): web_custom_request("get_all_tag") was successful, 39 body bytes, 493 header bytes  	[MsgId: MMSG-26386]
Action.c(86): Notify: Transaction "获取商品属性" ended with "Pass" status (Duration: 0.0522).	[MsgId: MMSG-16873]
Action.c(88): Notify: Transaction "获取用户是否vip" started.	[MsgId: MMSG-16999]
Action.c(90): web_custom_request("get_vip_object") was successful, 133 body bytes, 494 header bytes  	[MsgId: MMSG-26386]
Action.c(97): Notify: Transaction "获取用户是否vip" ended with "Pass" status (Duration: 0.0337).	[MsgId: MMSG-16873]
Action.c(100): Notify: Transaction "保存商品" started.	[MsgId: MMSG-16999]
Action.c(102): web_custom_request("save_theme") was successful, 39 body bytes, 303 header bytes  	[MsgId: MMSG-26386]
Action.c(110): Notify: Transaction "保存商品" ended with "Pass" status (Duration: 0.0141).	[MsgId: MMSG-16873]
Action.c(112): Notify: Transaction "分享商品" ended with "Pass" status (Duration: 0.1238).	[MsgId: MMSG-16873]
Ending action Action.	[MsgId: MMSG-15918]
Ending iteration 10.	[MsgId: MMSG-15965]
Starting iteration 11.	[MsgId: MMSG-15968]
Starting action Action.	[MsgId: MMSG-15919]
Action.c(5): Registering web_reg_save_param_ex was successful  	[MsgId: MMSG-26390]
Action.c(14): Registering web_reg_save_param_ex was successful  	[MsgId: MMSG-26390]
Action.c(23): Registering web_reg_save_param_ex was successful  	[MsgId: MMSG-26390]
Action.c(31): Registering web_reg_save_param_ex was successful  	[MsgId: MMSG-26390]
Action.c(39): web_custom_request("owner") was successful, 84489 body bytes, 738 header bytes, 92 chunking overhead bytes  	[MsgId: MMSG-26385]
Action.c(48): web_convert_param was successful  	[MsgId: MMSG-26392]
Action.c(50): Notify: Transaction "分享商品" started.	[MsgId: MMSG-16999]
Action.c(52): Notify: Transaction "一键分享" started.	[MsgId: MMSG-16999]
Action.c(54): web_custom_request("hold_theme") was successful, 151 body bytes, 494 header bytes  	[MsgId: MMSG-26386]
Action.c(60): Notify: Transaction "一键分享" ended with "Pass" status (Duration: 0.0226).	[MsgId: MMSG-16873]
Action.c(63): Notify: Transaction "获取商品属性" started.	[MsgId: MMSG-16999]
Action.c(65): web_custom_request("get_markcode") was successful, 171 body bytes, 494 header bytes  	[MsgId: MMSG-26386]
Action.c(72): web_custom_request("get_markcode") was successful, 171 body bytes, 494 header bytes  	[MsgId: MMSG-26386]
Action.c(79): web_custom_request("get_all_tag") was successful, 39 body bytes, 493 header bytes  	[MsgId: MMSG-26386]
Action.c(86): Notify: Transaction "获取商品属性" ended with "Pass" status (Duration: 0.0391).	[MsgId: MMSG-16873]
Action.c(88): Notify: Transaction "获取用户是否vip" started.	[MsgId: MMSG-16999]
Action.c(90): web_custom_request("get_vip_object") was successful, 133 body bytes, 494 header bytes  	[MsgId: MMSG-26386]
Action.c(97): Notify: Transaction "获取用户是否vip" ended with "Pass" status (Duration: 0.0207).	[MsgId: MMSG-16873]
Action.c(100): Notify: Transaction "保存商品" started.	[MsgId: MMSG-16999]
Action.c(102): web_custom_request("save_theme") was successful, 39 body bytes, 303 header bytes  	[MsgId: MMSG-26386]
Action.c(110): Notify: Transaction "保存商品" ended with "Pass" status (Duration: 0.0101).	[MsgId: MMSG-16873]
Action.c(112): Notify: Transaction "分享商品" ended with "Pass" status (Duration: 0.0932).	[MsgId: MMSG-16873]
Ending action Action.	[MsgId: MMSG-15918]
Ending iteration 11.	[MsgId: MMSG-15965]
Starting iteration 12.	[MsgId: MMSG-15968]
Starting action Action.	[MsgId: MMSG-15919]
Action.c(5): Registering web_reg_save_param_ex was successful  	[MsgId: MMSG-26390]
Action.c(14): Registering web_reg_save_param_ex was successful  	[MsgId: MMSG-26390]
Action.c(23): Registering web_reg_save_param_ex was successful  	[MsgId: MMSG-26390]
Action.c(31): Registering web_reg_save_param_ex was successful  	[MsgId: MMSG-26390]
Action.c(39): web_custom_request("owner") was successful, 148467 body bytes, 738 header bytes, 156 chunking overhead bytes  	[MsgId: MMSG-26385]
Action.c(48): web_convert_param was successful  	[MsgId: MMSG-26392]
Action.c(50): Notify: Transaction "分享商品" started.	[MsgId: MMSG-16999]
Action.c(52): Notify: Transaction "一键分享" started.	[MsgId: MMSG-16999]
Action.c(54): web_custom_request("hold_theme") was successful, 151 body bytes, 494 header bytes  	[MsgId: MMSG-26386]
Action.c(60): Notify: Transaction "一键分享" ended with "Pass" status (Duration: 0.0224).	[MsgId: MMSG-16873]
Action.c(63): Notify: Transaction "获取商品属性" started.	[MsgId: MMSG-16999]
Action.c(65): web_custom_request("get_markcode") was successful, 171 body bytes, 494 header bytes  	[MsgId: MMSG-26386]
Action.c(72): web_custom_request("get_markcode") was successful, 171 body bytes, 494 header bytes  	[MsgId: MMSG-26386]
Action.c(79): web_custom_request("get_all_tag") was successful, 39 body bytes, 493 header bytes  	[MsgId: MMSG-26386]
Action.c(86): Notify: Transaction "获取商品属性" ended with "Pass" status (Duration: 0.0346).	[MsgId: MMSG-16873]
Action.c(88): Notify: Transaction "获取用户是否vip" started.	[MsgId: MMSG-16999]
Action.c(90): web_custom_request("get_vip_object") was successful, 133 body bytes, 494 header bytes  	[MsgId: MMSG-26386]
Action.c(97): Notify: Transaction "获取用户是否vip" ended with "Pass" status (Duration: 0.0160).	[MsgId: MMSG-16873]
Action.c(100): Notify: Transaction "保存商品" started.	[MsgId: MMSG-16999]
Action.c(102): web_custom_request("save_theme") was successful, 39 body bytes, 303 header bytes  	[MsgId: MMSG-26386]
Action.c(110): Notify: Transaction "保存商品" ended with "Pass" status (Duration: 0.0092).	[MsgId: MMSG-16873]
Action.c(112): Notify: Transaction "分享商品" ended with "Pass" status (Duration: 0.0829).	[MsgId: MMSG-16873]
Ending action Action.	[MsgId: MMSG-15918]
Ending iteration 12.	[MsgId: MMSG-15965]
Starting iteration 13.	[MsgId: MMSG-15968]
Starting action Action.	[MsgId: MMSG-15919]
Action.c(5): Registering web_reg_save_param_ex was successful  	[MsgId: MMSG-26390]
Action.c(14): Registering web_reg_save_param_ex was successful  	[MsgId: MMSG-26390]
Action.c(23): Registering web_reg_save_param_ex was successful  	[MsgId: MMSG-26390]
Action.c(31): Registering web_reg_save_param_ex was successful  	[MsgId: MMSG-26390]
Abort was called from an action.	[MsgId: MMSG-10447]
Ending Vuser...	[MsgId: MMSG-15966]
Starting action vuser_end.	[MsgId: MMSG-15919]
Ending action vuser_end.	[MsgId: MMSG-15918]
Vuser Terminated.	[MsgId: MMSG-15963]
