Virtual User Script started at : 2019-01-18 15:04:01	[MsgId: MMSG-15967]
Starting action vuser_init.	[MsgId: MMSG-15919]
Web Turbo Replay of LoadRunner 11.0.0 for Windows 7; build 8859 (Aug 18 2010 20:14:31)  	[MsgId: MMSG-27143]
Run Mode: HTML  	[MsgId: MMSG-26000]
Run-Time Settings file: "C:\Users\Administrator\AppData\Local\Temp\lr5tmpdirmL2.438\lrcfgUk6.439\cfgpao.473"  	[MsgId: MMSG-27141]
Ending action vuser_init.	[MsgId: MMSG-15918]
Running Vuser...	[MsgId: MMSG-15964]
Starting iteration 1.	[MsgId: MMSG-15968]
Starting action Action.	[MsgId: MMSG-15919]
Action.c(5): Registering web_reg_save_param_ex was successful  	[MsgId: MMSG-26390]
Action.c(14): Registering web_reg_save_param_ex was successful  	[MsgId: MMSG-26390]
Action.c(23): Registering web_reg_save_param_ex was successful  	[MsgId: MMSG-26390]
Action.c(31): Registering web_reg_save_param_ex was successful  	[MsgId: MMSG-26390]
Action.c(39): web_custom_request("owner") was successful, 81019 body bytes, 738 header bytes, 85 chunking overhead bytes  	[MsgId: MMSG-26385]
Action.c(48): web_convert_param was successful  	[MsgId: MMSG-26392]
Action.c(50): Notify: Transaction "分享商品" started.	[MsgId: MMSG-16999]
Action.c(52): Notify: Transaction "一键分享" started.	[MsgId: MMSG-16999]
Action.c(54): web_custom_request("hold_theme") was successful, 151 body bytes, 494 header bytes  	[MsgId: MMSG-26386]
Action.c(60): Notify: Transaction "一键分享" ended with "Pass" status (Duration: 0.0248).	[MsgId: MMSG-16873]
Action.c(63): Notify: Transaction "获取商品属性" started.	[MsgId: MMSG-16999]
Action.c(65): web_custom_request("get_markcode") was successful, 171 body bytes, 494 header bytes  	[MsgId: MMSG-26386]
Action.c(72): web_custom_request("get_markcode") was successful, 171 body bytes, 494 header bytes  	[MsgId: MMSG-26386]
Action.c(79): web_custom_request("get_all_tag") was successful, 39 body bytes, 493 header bytes  	[MsgId: MMSG-26386]
Action.c(86): Notify: Transaction "获取商品属性" ended with "Pass" status (Duration: 0.0379).	[MsgId: MMSG-16873]
Action.c(88): Notify: Transaction "获取用户是否vip" started.	[MsgId: MMSG-16999]
Action.c(90): web_custom_request("get_vip_object") was successful, 133 body bytes, 494 header bytes  	[MsgId: MMSG-26386]
Action.c(97): Notify: Transaction "获取用户是否vip" ended with "Pass" status (Duration: 0.0169).	[MsgId: MMSG-16873]
Action.c(100): Notify: Transaction "保存商品" started.	[MsgId: MMSG-16999]
Action.c(102): web_custom_request("save_theme") was successful, 39 body bytes, 303 header bytes  	[MsgId: MMSG-26386]
Action.c(110): Notify: Transaction "保存商品" ended with "Pass" status (Duration: 0.0104).	[MsgId: MMSG-16873]
Action.c(112): Notify: Transaction "分享商品" ended with "Pass" status (Duration: 0.0907).	[MsgId: MMSG-16873]
Ending action Action.	[MsgId: MMSG-15918]
Ending iteration 1.	[MsgId: MMSG-15965]
Starting iteration 2.	[MsgId: MMSG-15968]
Starting action Action.	[MsgId: MMSG-15919]
Action.c(5): Registering web_reg_save_param_ex was successful  	[MsgId: MMSG-26390]
Action.c(14): Registering web_reg_save_param_ex was successful  	[MsgId: MMSG-26390]
Action.c(23): Registering web_reg_save_param_ex was successful  	[MsgId: MMSG-26390]
Action.c(31): Registering web_reg_save_param_ex was successful  	[MsgId: MMSG-26390]
Action.c(39): Warning -26377: No match found for the requested parameter "imges". Check whether the requested boundaries exist in the response data. Also, if the data you want to save exceeds 256 bytes, use web_set_max_html_param_len to increase the parameter size  	[MsgId: MWAR-26377]
Action.c(39): web_custom_request("owner") highest severity level was "warning", 149091 body bytes, 738 header bytes, 156 chunking overhead bytes  	[MsgId: MMSG-26387]
Action.c(48): web_convert_param was successful  	[MsgId: MMSG-26392]
Action.c(50): Notify: Transaction "分享商品" started.	[MsgId: MMSG-16999]
Action.c(52): Notify: Transaction "一键分享" started.	[MsgId: MMSG-16999]
Action.c(54): web_custom_request("hold_theme") was successful, 151 body bytes, 494 header bytes  	[MsgId: MMSG-26386]
Action.c(60): Notify: Transaction "一键分享" ended with "Pass" status (Duration: 0.0244).	[MsgId: MMSG-16873]
Action.c(63): Notify: Transaction "获取商品属性" started.	[MsgId: MMSG-16999]
Action.c(65): web_custom_request("get_markcode") was successful, 171 body bytes, 494 header bytes  	[MsgId: MMSG-26386]
Action.c(72): web_custom_request("get_markcode") was successful, 171 body bytes, 494 header bytes  	[MsgId: MMSG-26386]
Action.c(79): web_custom_request("get_all_tag") was successful, 39 body bytes, 493 header bytes  	[MsgId: MMSG-26386]
Action.c(86): Notify: Transaction "获取商品属性" ended with "Pass" status (Duration: 0.0621).	[MsgId: MMSG-16873]
Action.c(88): Notify: Transaction "获取用户是否vip" started.	[MsgId: MMSG-16999]
Action.c(90): web_custom_request("get_vip_object") was successful, 133 body bytes, 494 header bytes  	[MsgId: MMSG-26386]
Action.c(97): Notify: Transaction "获取用户是否vip" ended with "Pass" status (Duration: 0.0195).	[MsgId: MMSG-16873]
Action.c(100): Notify: Transaction "保存商品" started.	[MsgId: MMSG-16999]
Action.c(102): web_custom_request("save_theme") was successful, 39 body bytes, 303 header bytes  	[MsgId: MMSG-26386]
Action.c(110): Notify: Transaction "保存商品" ended with "Pass" status (Duration: 0.0091).	[MsgId: MMSG-16873]
Action.c(112): Notify: Transaction "分享商品" ended with "Pass" status (Duration: 0.1158).	[MsgId: MMSG-16873]
Ending action Action.	[MsgId: MMSG-15918]
Ending iteration 2.	[MsgId: MMSG-15965]
Starting iteration 3.	[MsgId: MMSG-15968]
Starting action Action.	[MsgId: MMSG-15919]
Action.c(5): Registering web_reg_save_param_ex was successful  	[MsgId: MMSG-26390]
Action.c(14): Registering web_reg_save_param_ex was successful  	[MsgId: MMSG-26390]
Action.c(23): Registering web_reg_save_param_ex was successful  	[MsgId: MMSG-26390]
Action.c(31): Registering web_reg_save_param_ex was successful  	[MsgId: MMSG-26390]
Action.c(39): web_custom_request("owner") was successful, 65284 body bytes, 738 header bytes, 62 chunking overhead bytes  	[MsgId: MMSG-26385]
Action.c(48): web_convert_param was successful  	[MsgId: MMSG-26392]
Action.c(50): Notify: Transaction "分享商品" started.	[MsgId: MMSG-16999]
Action.c(52): Notify: Transaction "一键分享" started.	[MsgId: MMSG-16999]
Action.c(54): web_custom_request("hold_theme") was successful, 151 body bytes, 494 header bytes  	[MsgId: MMSG-26386]
Action.c(60): Notify: Transaction "一键分享" ended with "Pass" status (Duration: 0.0337).	[MsgId: MMSG-16873]
Action.c(63): Notify: Transaction "获取商品属性" started.	[MsgId: MMSG-16999]
Action.c(65): web_custom_request("get_markcode") was successful, 171 body bytes, 494 header bytes  	[MsgId: MMSG-26386]
Action.c(72): web_custom_request("get_markcode") was successful, 171 body bytes, 494 header bytes  	[MsgId: MMSG-26386]
Action.c(79): web_custom_request("get_all_tag") was successful, 39 body bytes, 493 header bytes  	[MsgId: MMSG-26386]
Action.c(86): Notify: Transaction "获取商品属性" ended with "Pass" status (Duration: 0.0426).	[MsgId: MMSG-16873]
Action.c(88): Notify: Transaction "获取用户是否vip" started.	[MsgId: MMSG-16999]
Action.c(90): web_custom_request("get_vip_object") was successful, 133 body bytes, 494 header bytes  	[MsgId: MMSG-26386]
Action.c(97): Notify: Transaction "获取用户是否vip" ended with "Pass" status (Duration: 0.0399).	[MsgId: MMSG-16873]
Action.c(100): Notify: Transaction "保存商品" started.	[MsgId: MMSG-16999]
Action.c(102): web_custom_request("save_theme") was successful, 39 body bytes, 303 header bytes  	[MsgId: MMSG-26386]
Action.c(110): Notify: Transaction "保存商品" ended with "Pass" status (Duration: 0.0104).	[MsgId: MMSG-16873]
Action.c(112): Notify: Transaction "分享商品" ended with "Pass" status (Duration: 0.1273).	[MsgId: MMSG-16873]
Ending action Action.	[MsgId: MMSG-15918]
Ending iteration 3.	[MsgId: MMSG-15965]
Starting iteration 4.	[MsgId: MMSG-15968]
Starting action Action.	[MsgId: MMSG-15919]
Action.c(5): Registering web_reg_save_param_ex was successful  	[MsgId: MMSG-26390]
Action.c(14): Registering web_reg_save_param_ex was successful  	[MsgId: MMSG-26390]
Action.c(23): Registering web_reg_save_param_ex was successful  	[MsgId: MMSG-26390]
Action.c(31): Registering web_reg_save_param_ex was successful  	[MsgId: MMSG-26390]
Action.c(39): web_custom_request("owner") was successful, 68822 body bytes, 738 header bytes, 76 chunking overhead bytes  	[MsgId: MMSG-26385]
Action.c(48): web_convert_param was successful  	[MsgId: MMSG-26392]
Action.c(50): Notify: Transaction "分享商品" started.	[MsgId: MMSG-16999]
Action.c(52): Notify: Transaction "一键分享" started.	[MsgId: MMSG-16999]
Action.c(54): web_custom_request("hold_theme") was successful, 151 body bytes, 494 header bytes  	[MsgId: MMSG-26386]
Action.c(60): Notify: Transaction "一键分享" ended with "Pass" status (Duration: 0.0224).	[MsgId: MMSG-16873]
Action.c(63): Notify: Transaction "获取商品属性" started.	[MsgId: MMSG-16999]
Action.c(65): web_custom_request("get_markcode") was successful, 171 body bytes, 494 header bytes  	[MsgId: MMSG-26386]
Action.c(72): web_custom_request("get_markcode") was successful, 171 body bytes, 494 header bytes  	[MsgId: MMSG-26386]
Action.c(79): web_custom_request("get_all_tag") was successful, 39 body bytes, 493 header bytes  	[MsgId: MMSG-26386]
Action.c(86): Notify: Transaction "获取商品属性" ended with "Pass" status (Duration: 0.0352).	[MsgId: MMSG-16873]
Action.c(88): Notify: Transaction "获取用户是否vip" started.	[MsgId: MMSG-16999]
Action.c(90): web_custom_request("get_vip_object") was successful, 133 body bytes, 494 header bytes  	[MsgId: MMSG-26386]
Action.c(97): Notify: Transaction "获取用户是否vip" ended with "Pass" status (Duration: 0.0167).	[MsgId: MMSG-16873]
Action.c(100): Notify: Transaction "保存商品" started.	[MsgId: MMSG-16999]
Action.c(102): web_custom_request("save_theme") was successful, 39 body bytes, 303 header bytes  	[MsgId: MMSG-26386]
Action.c(110): Notify: Transaction "保存商品" ended with "Pass" status (Duration: 0.0093).	[MsgId: MMSG-16873]
Action.c(112): Notify: Transaction "分享商品" ended with "Pass" status (Duration: 0.0844).	[MsgId: MMSG-16873]
Ending action Action.	[MsgId: MMSG-15918]
Ending iteration 4.	[MsgId: MMSG-15965]
Starting iteration 5.	[MsgId: MMSG-15968]
Starting action Action.	[MsgId: MMSG-15919]
Action.c(5): Registering web_reg_save_param_ex was successful  	[MsgId: MMSG-26390]
Action.c(14): Registering web_reg_save_param_ex was successful  	[MsgId: MMSG-26390]
Action.c(23): Registering web_reg_save_param_ex was successful  	[MsgId: MMSG-26390]
Action.c(31): Registering web_reg_save_param_ex was successful  	[MsgId: MMSG-26390]
Action.c(39): web_custom_request("owner") was successful, 134045 body bytes, 834 header bytes, 140 chunking overhead bytes  	[MsgId: MMSG-26385]
Action.c(48): web_convert_param was successful  	[MsgId: MMSG-26392]
Action.c(50): Notify: Transaction "分享商品" started.	[MsgId: MMSG-16999]
Action.c(52): Notify: Transaction "一键分享" started.	[MsgId: MMSG-16999]
Action.c(54): web_custom_request("hold_theme") was successful, 199 body bytes, 494 header bytes  	[MsgId: MMSG-26386]
Action.c(60): Notify: Transaction "一键分享" ended with "Pass" status (Duration: 0.0218).	[MsgId: MMSG-16873]
Action.c(63): Notify: Transaction "获取商品属性" started.	[MsgId: MMSG-16999]
Action.c(65): web_custom_request("get_markcode") was successful, 219 body bytes, 494 header bytes  	[MsgId: MMSG-26386]
Action.c(72): web_custom_request("get_markcode") was successful, 219 body bytes, 494 header bytes  	[MsgId: MMSG-26386]
Action.c(79): web_custom_request("get_all_tag") was successful, 39 body bytes, 493 header bytes  	[MsgId: MMSG-26386]
Action.c(86): Notify: Transaction "获取商品属性" ended with "Pass" status (Duration: 0.0461).	[MsgId: MMSG-16873]
Action.c(88): Notify: Transaction "获取用户是否vip" started.	[MsgId: MMSG-16999]
Action.c(90): web_custom_request("get_vip_object") was successful, 181 body bytes, 494 header bytes  	[MsgId: MMSG-26386]
Action.c(97): Notify: Transaction "获取用户是否vip" ended with "Pass" status (Duration: 0.0230).	[MsgId: MMSG-16873]
Action.c(100): Notify: Transaction "保存商品" started.	[MsgId: MMSG-16999]
Action.c(102): web_custom_request("save_theme") was successful, 39 body bytes, 303 header bytes  	[MsgId: MMSG-26386]
Action.c(110): Notify: Transaction "保存商品" ended with "Pass" status (Duration: 0.0144).	[MsgId: MMSG-16873]
Action.c(112): Notify: Transaction "分享商品" ended with "Pass" status (Duration: 0.1057).	[MsgId: MMSG-16873]
Ending action Action.	[MsgId: MMSG-15918]
Ending iteration 5.	[MsgId: MMSG-15965]
Starting iteration 6.	[MsgId: MMSG-15968]
Starting action Action.	[MsgId: MMSG-15919]
Action.c(5): Registering web_reg_save_param_ex was successful  	[MsgId: MMSG-26390]
Action.c(14): Registering web_reg_save_param_ex was successful  	[MsgId: MMSG-26390]
Action.c(23): Registering web_reg_save_param_ex was successful  	[MsgId: MMSG-26390]
Action.c(31): Registering web_reg_save_param_ex was successful  	[MsgId: MMSG-26390]
Action.c(39): web_custom_request("owner") was successful, 149186 body bytes, 738 header bytes, 156 chunking overhead bytes  	[MsgId: MMSG-26385]
Action.c(48): web_convert_param was successful  	[MsgId: MMSG-26392]
Action.c(50): Notify: Transaction "分享商品" started.	[MsgId: MMSG-16999]
Action.c(52): Notify: Transaction "一键分享" started.	[MsgId: MMSG-16999]
Action.c(54): web_custom_request("hold_theme") was successful, 151 body bytes, 494 header bytes  	[MsgId: MMSG-26386]
Action.c(60): Notify: Transaction "一键分享" ended with "Pass" status (Duration: 0.0236).	[MsgId: MMSG-16873]
Action.c(63): Notify: Transaction "获取商品属性" started.	[MsgId: MMSG-16999]
Action.c(65): web_custom_request("get_markcode") was successful, 171 body bytes, 494 header bytes  	[MsgId: MMSG-26386]
Action.c(72): web_custom_request("get_markcode") was successful, 171 body bytes, 494 header bytes  	[MsgId: MMSG-26386]
Action.c(79): web_custom_request("get_all_tag") was successful, 39 body bytes, 493 header bytes  	[MsgId: MMSG-26386]
Action.c(86): Notify: Transaction "获取商品属性" ended with "Pass" status (Duration: 0.0521).	[MsgId: MMSG-16873]
Action.c(88): Notify: Transaction "获取用户是否vip" started.	[MsgId: MMSG-16999]
Action.c(90): web_custom_request("get_vip_object") was successful, 133 body bytes, 494 header bytes  	[MsgId: MMSG-26386]
Action.c(97): Notify: Transaction "获取用户是否vip" ended with "Pass" status (Duration: 0.0169).	[MsgId: MMSG-16873]
Action.c(100): Notify: Transaction "保存商品" started.	[MsgId: MMSG-16999]
Action.c(102): web_custom_request("save_theme") was successful, 39 body bytes, 303 header bytes  	[MsgId: MMSG-26386]
Action.c(110): Notify: Transaction "保存商品" ended with "Pass" status (Duration: 0.0100).	[MsgId: MMSG-16873]
Action.c(112): Notify: Transaction "分享商品" ended with "Pass" status (Duration: 0.1033).	[MsgId: MMSG-16873]
Ending action Action.	[MsgId: MMSG-15918]
Ending iteration 6.	[MsgId: MMSG-15965]
Starting iteration 7.	[MsgId: MMSG-15968]
Starting action Action.	[MsgId: MMSG-15919]
Action.c(5): Registering web_reg_save_param_ex was successful  	[MsgId: MMSG-26390]
Action.c(14): Registering web_reg_save_param_ex was successful  	[MsgId: MMSG-26390]
Action.c(23): Registering web_reg_save_param_ex was successful  	[MsgId: MMSG-26390]
Action.c(31): Registering web_reg_save_param_ex was successful  	[MsgId: MMSG-26390]
Action.c(39): Error -26697: Missing CR/LF after body/trailer ("Transfer-Encoding: chunked") for "http://118.126.89.154:58080/service/album/get_album_themes_list.jsp?act=owner&search_value=&search_img=&start_date=&end_date=&page_index=1&token=439E184A90D7FFC102F4B2BF5CB91641D83B436CBAE3D24EF2F545FAB4768AD931F7A8E57D769254"  	[MsgId: MERR-26697]
Action.c(39): web_custom_request("owner") highest severity level was "ERROR", 65536 body bytes, 738 header bytes, 62 chunking overhead bytes  	[MsgId: MMSG-26387]
Ending action Action.	[MsgId: MMSG-15918]
Ending iteration 7.	[MsgId: MMSG-15965]
Starting iteration 8.	[MsgId: MMSG-15968]
Starting action Action.	[MsgId: MMSG-15919]
Action.c(5): Registering web_reg_save_param_ex was successful  	[MsgId: MMSG-26390]
Action.c(14): Registering web_reg_save_param_ex was successful  	[MsgId: MMSG-26390]
Action.c(23): Registering web_reg_save_param_ex was successful  	[MsgId: MMSG-26390]
Action.c(31): Registering web_reg_save_param_ex was successful  	[MsgId: MMSG-26390]
Action.c(39): web_custom_request("owner") was successful, 85992 body bytes, 738 header bytes, 92 chunking overhead bytes  	[MsgId: MMSG-26385]
Action.c(48): web_convert_param was successful  	[MsgId: MMSG-26392]
Action.c(50): Notify: Transaction "分享商品" started.	[MsgId: MMSG-16999]
Action.c(52): Notify: Transaction "一键分享" started.	[MsgId: MMSG-16999]
Action.c(54): web_custom_request("hold_theme") was successful, 151 body bytes, 494 header bytes  	[MsgId: MMSG-26386]
Action.c(60): Notify: Transaction "一键分享" ended with "Pass" status (Duration: 0.0339).	[MsgId: MMSG-16873]
Action.c(63): Notify: Transaction "获取商品属性" started.	[MsgId: MMSG-16999]
Action.c(65): web_custom_request("get_markcode") was successful, 171 body bytes, 494 header bytes  	[MsgId: MMSG-26386]
Action.c(72): web_custom_request("get_markcode") was successful, 171 body bytes, 494 header bytes  	[MsgId: MMSG-26386]
Action.c(79): web_custom_request("get_all_tag") was successful, 39 body bytes, 493 header bytes  	[MsgId: MMSG-26386]
Action.c(86): Notify: Transaction "获取商品属性" ended with "Pass" status (Duration: 0.0388).	[MsgId: MMSG-16873]
Action.c(88): Notify: Transaction "获取用户是否vip" started.	[MsgId: MMSG-16999]
Action.c(90): web_custom_request("get_vip_object") was successful, 133 body bytes, 494 header bytes  	[MsgId: MMSG-26386]
Action.c(97): Notify: Transaction "获取用户是否vip" ended with "Pass" status (Duration: 0.0163).	[MsgId: MMSG-16873]
Action.c(100): Notify: Transaction "保存商品" started.	[MsgId: MMSG-16999]
Action.c(102): web_custom_request("save_theme") was successful, 39 body bytes, 303 header bytes  	[MsgId: MMSG-26386]
Action.c(110): Notify: Transaction "保存商品" ended with "Pass" status (Duration: 0.0123).	[MsgId: MMSG-16873]
Action.c(112): Notify: Transaction "分享商品" ended with "Pass" status (Duration: 0.1020).	[MsgId: MMSG-16873]
Ending action Action.	[MsgId: MMSG-15918]
Ending iteration 8.	[MsgId: MMSG-15965]
Starting iteration 9.	[MsgId: MMSG-15968]
Starting action Action.	[MsgId: MMSG-15919]
Action.c(5): Registering web_reg_save_param_ex was successful  	[MsgId: MMSG-26390]
Action.c(14): Registering web_reg_save_param_ex was successful  	[MsgId: MMSG-26390]
Action.c(23): Registering web_reg_save_param_ex was successful  	[MsgId: MMSG-26390]
Action.c(31): Registering web_reg_save_param_ex was successful  	[MsgId: MMSG-26390]
Action.c(39): web_custom_request("owner") was successful, 113236 body bytes, 738 header bytes, 117 chunking overhead bytes  	[MsgId: MMSG-26385]
Action.c(48): web_convert_param was successful  	[MsgId: MMSG-26392]
Action.c(50): Notify: Transaction "分享商品" started.	[MsgId: MMSG-16999]
Action.c(52): Notify: Transaction "一键分享" started.	[MsgId: MMSG-16999]
Action.c(54): web_custom_request("hold_theme") was successful, 151 body bytes, 494 header bytes  	[MsgId: MMSG-26386]
Action.c(60): Notify: Transaction "一键分享" ended with "Pass" status (Duration: 0.0236).	[MsgId: MMSG-16873]
Action.c(63): Notify: Transaction "获取商品属性" started.	[MsgId: MMSG-16999]
Action.c(65): web_custom_request("get_markcode") was successful, 171 body bytes, 494 header bytes  	[MsgId: MMSG-26386]
Action.c(72): web_custom_request("get_markcode") was successful, 171 body bytes, 494 header bytes  	[MsgId: MMSG-26386]
Action.c(79): web_custom_request("get_all_tag") was successful, 39 body bytes, 493 header bytes  	[MsgId: MMSG-26386]
Action.c(86): Notify: Transaction "获取商品属性" ended with "Pass" status (Duration: 0.0388).	[MsgId: MMSG-16873]
Action.c(88): Notify: Transaction "获取用户是否vip" started.	[MsgId: MMSG-16999]
Action.c(90): web_custom_request("get_vip_object") was successful, 133 body bytes, 494 header bytes  	[MsgId: MMSG-26386]
Action.c(97): Notify: Transaction "获取用户是否vip" ended with "Pass" status (Duration: 0.0171).	[MsgId: MMSG-16873]
Action.c(100): Notify: Transaction "保存商品" started.	[MsgId: MMSG-16999]
Action.c(102): web_custom_request("save_theme") was successful, 39 body bytes, 303 header bytes  	[MsgId: MMSG-26386]
Action.c(110): Notify: Transaction "保存商品" ended with "Pass" status (Duration: 0.0100).	[MsgId: MMSG-16873]
Action.c(112): Notify: Transaction "分享商品" ended with "Pass" status (Duration: 0.0903).	[MsgId: MMSG-16873]
Ending action Action.	[MsgId: MMSG-15918]
Ending iteration 9.	[MsgId: MMSG-15965]
Starting iteration 10.	[MsgId: MMSG-15968]
Starting action Action.	[MsgId: MMSG-15919]
Action.c(5): Registering web_reg_save_param_ex was successful  	[MsgId: MMSG-26390]
Action.c(14): Registering web_reg_save_param_ex was successful  	[MsgId: MMSG-26390]
Action.c(23): Registering web_reg_save_param_ex was successful  	[MsgId: MMSG-26390]
Action.c(31): Registering web_reg_save_param_ex was successful  	[MsgId: MMSG-26390]
Action.c(39): web_custom_request("owner") was successful, 117493 body bytes, 738 header bytes, 124 chunking overhead bytes  	[MsgId: MMSG-26385]
Action.c(48): web_convert_param was successful  	[MsgId: MMSG-26392]
Action.c(50): Notify: Transaction "分享商品" started.	[MsgId: MMSG-16999]
Action.c(52): Notify: Transaction "一键分享" started.	[MsgId: MMSG-16999]
Action.c(54): web_custom_request("hold_theme") was successful, 151 body bytes, 494 header bytes  	[MsgId: MMSG-26386]
Action.c(60): Notify: Transaction "一键分享" ended with "Pass" status (Duration: 0.0235).	[MsgId: MMSG-16873]
Action.c(63): Notify: Transaction "获取商品属性" started.	[MsgId: MMSG-16999]
Action.c(65): web_custom_request("get_markcode") was successful, 171 body bytes, 494 header bytes  	[MsgId: MMSG-26386]
Action.c(72): web_custom_request("get_markcode") was successful, 171 body bytes, 494 header bytes  	[MsgId: MMSG-26386]
Action.c(79): web_custom_request("get_all_tag") was successful, 39 body bytes, 493 header bytes  	[MsgId: MMSG-26386]
Action.c(86): Notify: Transaction "获取商品属性" ended with "Pass" status (Duration: 0.0359).	[MsgId: MMSG-16873]
Action.c(88): Notify: Transaction "获取用户是否vip" started.	[MsgId: MMSG-16999]
Action.c(90): web_custom_request("get_vip_object") was successful, 133 body bytes, 494 header bytes  	[MsgId: MMSG-26386]
Action.c(97): Notify: Transaction "获取用户是否vip" ended with "Pass" status (Duration: 0.0167).	[MsgId: MMSG-16873]
Action.c(100): Notify: Transaction "保存商品" started.	[MsgId: MMSG-16999]
Action.c(102): web_custom_request("save_theme") was successful, 39 body bytes, 303 header bytes  	[MsgId: MMSG-26386]
Action.c(110): Notify: Transaction "保存商品" ended with "Pass" status (Duration: 0.0096).	[MsgId: MMSG-16873]
Action.c(112): Notify: Transaction "分享商品" ended with "Pass" status (Duration: 0.0861).	[MsgId: MMSG-16873]
Ending action Action.	[MsgId: MMSG-15918]
Ending iteration 10.	[MsgId: MMSG-15965]
Starting iteration 11.	[MsgId: MMSG-15968]
Starting action Action.	[MsgId: MMSG-15919]
Action.c(5): Registering web_reg_save_param_ex was successful  	[MsgId: MMSG-26390]
Action.c(14): Registering web_reg_save_param_ex was successful  	[MsgId: MMSG-26390]
Action.c(23): Registering web_reg_save_param_ex was successful  	[MsgId: MMSG-26390]
Action.c(31): Registering web_reg_save_param_ex was successful  	[MsgId: MMSG-26390]
Action.c(39): web_custom_request("owner") was successful, 84489 body bytes, 738 header bytes, 92 chunking overhead bytes  	[MsgId: MMSG-26385]
Action.c(48): web_convert_param was successful  	[MsgId: MMSG-26392]
Action.c(50): Notify: Transaction "分享商品" started.	[MsgId: MMSG-16999]
Action.c(52): Notify: Transaction "一键分享" started.	[MsgId: MMSG-16999]
Action.c(54): web_custom_request("hold_theme") was successful, 151 body bytes, 494 header bytes  	[MsgId: MMSG-26386]
Action.c(60): Notify: Transaction "一键分享" ended with "Pass" status (Duration: 0.0423).	[MsgId: MMSG-16873]
Action.c(63): Notify: Transaction "获取商品属性" started.	[MsgId: MMSG-16999]
Action.c(65): web_custom_request("get_markcode") was successful, 171 body bytes, 494 header bytes  	[MsgId: MMSG-26386]
Action.c(72): web_custom_request("get_markcode") was successful, 171 body bytes, 494 header bytes  	[MsgId: MMSG-26386]
Action.c(79): web_custom_request("get_all_tag") was successful, 39 body bytes, 493 header bytes  	[MsgId: MMSG-26386]
Action.c(86): Notify: Transaction "获取商品属性" ended with "Pass" status (Duration: 0.0410).	[MsgId: MMSG-16873]
Action.c(88): Notify: Transaction "获取用户是否vip" started.	[MsgId: MMSG-16999]
Action.c(90): web_custom_request("get_vip_object") was successful, 133 body bytes, 494 header bytes  	[MsgId: MMSG-26386]
Action.c(97): Notify: Transaction "获取用户是否vip" ended with "Pass" status (Duration: 0.0187).	[MsgId: MMSG-16873]
Action.c(100): Notify: Transaction "保存商品" started.	[MsgId: MMSG-16999]
Action.c(102): web_custom_request("save_theme") was successful, 39 body bytes, 303 header bytes  	[MsgId: MMSG-26386]
Action.c(110): Notify: Transaction "保存商品" ended with "Pass" status (Duration: 0.0103).	[MsgId: MMSG-16873]
Action.c(112): Notify: Transaction "分享商品" ended with "Pass" status (Duration: 0.1131).	[MsgId: MMSG-16873]
Ending action Action.	[MsgId: MMSG-15918]
Ending iteration 11.	[MsgId: MMSG-15965]
Starting iteration 12.	[MsgId: MMSG-15968]
Starting action Action.	[MsgId: MMSG-15919]
Action.c(5): Registering web_reg_save_param_ex was successful  	[MsgId: MMSG-26390]
Action.c(14): Registering web_reg_save_param_ex was successful  	[MsgId: MMSG-26390]
Action.c(23): Registering web_reg_save_param_ex was successful  	[MsgId: MMSG-26390]
Action.c(31): Registering web_reg_save_param_ex was successful  	[MsgId: MMSG-26390]
Action.c(39): web_custom_request("owner") was successful, 148467 body bytes, 738 header bytes, 156 chunking overhead bytes  	[MsgId: MMSG-26385]
Action.c(48): web_convert_param was successful  	[MsgId: MMSG-26392]
Action.c(50): Notify: Transaction "分享商品" started.	[MsgId: MMSG-16999]
Action.c(52): Notify: Transaction "一键分享" started.	[MsgId: MMSG-16999]
Action.c(54): web_custom_request("hold_theme") was successful, 151 body bytes, 494 header bytes  	[MsgId: MMSG-26386]
Action.c(60): Notify: Transaction "一键分享" ended with "Pass" status (Duration: 0.0329).	[MsgId: MMSG-16873]
Action.c(63): Notify: Transaction "获取商品属性" started.	[MsgId: MMSG-16999]
Action.c(65): web_custom_request("get_markcode") was successful, 171 body bytes, 494 header bytes  	[MsgId: MMSG-26386]
Action.c(72): web_custom_request("get_markcode") was successful, 171 body bytes, 494 header bytes  	[MsgId: MMSG-26386]
Action.c(79): web_custom_request("get_all_tag") was successful, 39 body bytes, 493 header bytes  	[MsgId: MMSG-26386]
Action.c(86): Notify: Transaction "获取商品属性" ended with "Pass" status (Duration: 0.0564).	[MsgId: MMSG-16873]
Action.c(88): Notify: Transaction "获取用户是否vip" started.	[MsgId: MMSG-16999]
Action.c(90): web_custom_request("get_vip_object") was successful, 133 body bytes, 494 header bytes  	[MsgId: MMSG-26386]
Action.c(97): Notify: Transaction "获取用户是否vip" ended with "Pass" status (Duration: 0.0199).	[MsgId: MMSG-16873]
Action.c(100): Notify: Transaction "保存商品" started.	[MsgId: MMSG-16999]
Action.c(102): web_custom_request("save_theme") was successful, 39 body bytes, 303 header bytes  	[MsgId: MMSG-26386]
Action.c(110): Notify: Transaction "保存商品" ended with "Pass" status (Duration: 0.0104).	[MsgId: MMSG-16873]
Action.c(112): Notify: Transaction "分享商品" ended with "Pass" status (Duration: 0.1202).	[MsgId: MMSG-16873]
Ending action Action.	[MsgId: MMSG-15918]
Ending iteration 12.	[MsgId: MMSG-15965]
Starting iteration 13.	[MsgId: MMSG-15968]
Starting action Action.	[MsgId: MMSG-15919]
Action.c(5): Registering web_reg_save_param_ex was successful  	[MsgId: MMSG-26390]
Action.c(14): Registering web_reg_save_param_ex was successful  	[MsgId: MMSG-26390]
Action.c(23): Registering web_reg_save_param_ex was successful  	[MsgId: MMSG-26390]
Action.c(31): Registering web_reg_save_param_ex was successful  	[MsgId: MMSG-26390]
Action.c(39): web_custom_request("owner") was successful, 154622 body bytes, 738 header bytes, 157 chunking overhead bytes  	[MsgId: MMSG-26385]
Action.c(48): web_convert_param was successful  	[MsgId: MMSG-26392]
Action.c(50): Notify: Transaction "分享商品" started.	[MsgId: MMSG-16999]
Action.c(52): Notify: Transaction "一键分享" started.	[MsgId: MMSG-16999]
Action.c(54): web_custom_request("hold_theme") was successful, 151 body bytes, 494 header bytes  	[MsgId: MMSG-26386]
Action.c(60): Notify: Transaction "一键分享" ended with "Pass" status (Duration: 0.0242).	[MsgId: MMSG-16873]
Action.c(63): Notify: Transaction "获取商品属性" started.	[MsgId: MMSG-16999]
Action.c(65): web_custom_request("get_markcode") was successful, 171 body bytes, 494 header bytes  	[MsgId: MMSG-26386]
Action.c(72): web_custom_request("get_markcode") was successful, 171 body bytes, 494 header bytes  	[MsgId: MMSG-26386]
Action.c(79): web_custom_request("get_all_tag") was successful, 39 body bytes, 493 header bytes  	[MsgId: MMSG-26386]
Action.c(86): Notify: Transaction "获取商品属性" ended with "Pass" status (Duration: 0.0366).	[MsgId: MMSG-16873]
Action.c(88): Notify: Transaction "获取用户是否vip" started.	[MsgId: MMSG-16999]
Action.c(90): web_custom_request("get_vip_object") was successful, 133 body bytes, 494 header bytes  	[MsgId: MMSG-26386]
Action.c(97): Notify: Transaction "获取用户是否vip" ended with "Pass" status (Duration: 0.0221).	[MsgId: MMSG-16873]
Action.c(100): Notify: Transaction "保存商品" started.	[MsgId: MMSG-16999]
Action.c(102): web_custom_request("save_theme") was successful, 39 body bytes, 303 header bytes  	[MsgId: MMSG-26386]
Action.c(110): Notify: Transaction "保存商品" ended with "Pass" status (Duration: 0.0091).	[MsgId: MMSG-16873]
Action.c(112): Notify: Transaction "分享商品" ended with "Pass" status (Duration: 0.0923).	[MsgId: MMSG-16873]
Ending action Action.	[MsgId: MMSG-15918]
Ending iteration 13.	[MsgId: MMSG-15965]
Starting iteration 14.	[MsgId: MMSG-15968]
Starting action Action.	[MsgId: MMSG-15919]
Action.c(5): Registering web_reg_save_param_ex was successful  	[MsgId: MMSG-26390]
Action.c(14): Registering web_reg_save_param_ex was successful  	[MsgId: MMSG-26390]
Action.c(23): Registering web_reg_save_param_ex was successful  	[MsgId: MMSG-26390]
Action.c(31): Registering web_reg_save_param_ex was successful  	[MsgId: MMSG-26390]
Action.c(39): web_custom_request("owner") was successful, 155803 body bytes, 738 header bytes, 163 chunking overhead bytes  	[MsgId: MMSG-26385]
Action.c(48): web_convert_param was successful  	[MsgId: MMSG-26392]
Action.c(50): Notify: Transaction "分享商品" started.	[MsgId: MMSG-16999]
Action.c(52): Notify: Transaction "一键分享" started.	[MsgId: MMSG-16999]
Action.c(54): web_custom_request("hold_theme") was successful, 151 body bytes, 494 header bytes  	[MsgId: MMSG-26386]
Action.c(60): Notify: Transaction "一键分享" ended with "Pass" status (Duration: 0.0236).	[MsgId: MMSG-16873]
Action.c(63): Notify: Transaction "获取商品属性" started.	[MsgId: MMSG-16999]
Action.c(65): web_custom_request("get_markcode") was successful, 171 body bytes, 494 header bytes  	[MsgId: MMSG-26386]
Action.c(72): web_custom_request("get_markcode") was successful, 171 body bytes, 494 header bytes  	[MsgId: MMSG-26386]
Action.c(79): web_custom_request("get_all_tag") was successful, 39 body bytes, 493 header bytes  	[MsgId: MMSG-26386]
Action.c(86): Notify: Transaction "获取商品属性" ended with "Pass" status (Duration: 0.0533).	[MsgId: MMSG-16873]
Action.c(88): Notify: Transaction "获取用户是否vip" started.	[MsgId: MMSG-16999]
Action.c(90): web_custom_request("get_vip_object") was successful, 133 body bytes, 494 header bytes  	[MsgId: MMSG-26386]
Action.c(97): Notify: Transaction "获取用户是否vip" ended with "Pass" status (Duration: 0.0158).	[MsgId: MMSG-16873]
Action.c(100): Notify: Transaction "保存商品" started.	[MsgId: MMSG-16999]
Action.c(102): web_custom_request("save_theme") was successful, 39 body bytes, 303 header bytes  	[MsgId: MMSG-26386]
Action.c(110): Notify: Transaction "保存商品" ended with "Pass" status (Duration: 0.0124).	[MsgId: MMSG-16873]
Action.c(112): Notify: Transaction "分享商品" ended with "Pass" status (Duration: 0.1058).	[MsgId: MMSG-16873]
Ending action Action.	[MsgId: MMSG-15918]
Ending iteration 14.	[MsgId: MMSG-15965]
Starting iteration 15.	[MsgId: MMSG-15968]
Starting action Action.	[MsgId: MMSG-15919]
Action.c(5): Registering web_reg_save_param_ex was successful  	[MsgId: MMSG-26390]
Action.c(14): Registering web_reg_save_param_ex was successful  	[MsgId: MMSG-26390]
Action.c(23): Registering web_reg_save_param_ex was successful  	[MsgId: MMSG-26390]
Action.c(31): Registering web_reg_save_param_ex was successful  	[MsgId: MMSG-26390]
Abort was called from an action.	[MsgId: MMSG-10447]
Ending Vuser...	[MsgId: MMSG-15966]
Starting action vuser_end.	[MsgId: MMSG-15919]
Ending action vuser_end.	[MsgId: MMSG-15918]
Vuser Terminated.	[MsgId: MMSG-15963]
