Virtual User Script started at : 2019-01-18 15:04:02	[MsgId: MMSG-15967]
Starting action vuser_init.	[MsgId: MMSG-15919]
Web Turbo Replay of LoadRunner 11.0.0 for Windows 7; build 8859 (Aug 18 2010 20:14:31)  	[MsgId: MMSG-27143]
Run Mode: HTML  	[MsgId: MMSG-26000]
Run-Time Settings file: "C:\Users\Administrator\AppData\Local\Temp\lr5tmpdirmL2.438\lrcfgUk6.439\cfgpao.473"  	[MsgId: MMSG-27141]
Ending action vuser_init.	[MsgId: MMSG-15918]
Running Vuser...	[MsgId: MMSG-15964]
Starting iteration 1.	[MsgId: MMSG-15968]
Starting action Action.	[MsgId: MMSG-15919]
Action.c(5): Registering web_reg_save_param_ex was successful  	[MsgId: MMSG-26390]
Action.c(14): Registering web_reg_save_param_ex was successful  	[MsgId: MMSG-26390]
Action.c(23): Registering web_reg_save_param_ex was successful  	[MsgId: MMSG-26390]
Action.c(31): Registering web_reg_save_param_ex was successful  	[MsgId: MMSG-26390]
Action.c(39): web_custom_request("owner") was successful, 70924 body bytes, 738 header bytes, 70 chunking overhead bytes  	[MsgId: MMSG-26385]
Action.c(48): web_convert_param was successful  	[MsgId: MMSG-26392]
Action.c(50): Notify: Transaction "分享商品" started.	[MsgId: MMSG-16999]
Action.c(52): Notify: Transaction "一键分享" started.	[MsgId: MMSG-16999]
Action.c(54): web_custom_request("hold_theme") was successful, 151 body bytes, 494 header bytes  	[MsgId: MMSG-26386]
Action.c(60): Notify: Transaction "一键分享" ended with "Pass" status (Duration: 0.2392).	[MsgId: MMSG-16873]
Action.c(63): Notify: Transaction "获取商品属性" started.	[MsgId: MMSG-16999]
Action.c(65): web_custom_request("get_markcode") was successful, 171 body bytes, 494 header bytes  	[MsgId: MMSG-26386]
Action.c(72): web_custom_request("get_markcode") was successful, 171 body bytes, 494 header bytes  	[MsgId: MMSG-26386]
Action.c(79): web_custom_request("get_all_tag") was successful, 39 body bytes, 493 header bytes  	[MsgId: MMSG-26386]
Action.c(86): Notify: Transaction "获取商品属性" ended with "Pass" status (Duration: 0.0388).	[MsgId: MMSG-16873]
Action.c(88): Notify: Transaction "获取用户是否vip" started.	[MsgId: MMSG-16999]
Action.c(90): web_custom_request("get_vip_object") was successful, 133 body bytes, 494 header bytes  	[MsgId: MMSG-26386]
Action.c(97): Notify: Transaction "获取用户是否vip" ended with "Pass" status (Duration: 0.0156).	[MsgId: MMSG-16873]
Action.c(100): Notify: Transaction "保存商品" started.	[MsgId: MMSG-16999]
Action.c(102): web_custom_request("save_theme") was successful, 39 body bytes, 303 header bytes  	[MsgId: MMSG-26386]
Action.c(110): Notify: Transaction "保存商品" ended with "Pass" status (Duration: 0.0101).	[MsgId: MMSG-16873]
Action.c(112): Notify: Transaction "分享商品" ended with "Pass" status (Duration: 0.3044).	[MsgId: MMSG-16873]
Ending action Action.	[MsgId: MMSG-15918]
Ending iteration 1.	[MsgId: MMSG-15965]
Starting iteration 2.	[MsgId: MMSG-15968]
Starting action Action.	[MsgId: MMSG-15919]
Action.c(5): Registering web_reg_save_param_ex was successful  	[MsgId: MMSG-26390]
Action.c(14): Registering web_reg_save_param_ex was successful  	[MsgId: MMSG-26390]
Action.c(23): Registering web_reg_save_param_ex was successful  	[MsgId: MMSG-26390]
Action.c(31): Registering web_reg_save_param_ex was successful  	[MsgId: MMSG-26390]
Action.c(39): Error -26697: Missing CR/LF after body/trailer ("Transfer-Encoding: chunked") for "http://118.126.89.154:58080/service/album/get_album_themes_list.jsp?act=owner&search_value=&search_img=&start_date=&end_date=&page_index=1&token=4F3D00B52FC8E01A1F6412605FF6FDE707B60438B35E6E6F0A690EC4CEE93B5F45F35F318C51A353"  	[MsgId: MERR-26697]
Action.c(39): Warning -26377: No match found for the requested parameter "imges". Check whether the requested boundaries exist in the response data. Also, if the data you want to save exceeds 256 bytes, use web_set_max_html_param_len to increase the parameter size  	[MsgId: MWAR-26377]
Action.c(39): web_custom_request("owner") highest severity level was "ERROR", 65536 body bytes, 738 header bytes, 62 chunking overhead bytes  	[MsgId: MMSG-26387]
Ending action Action.	[MsgId: MMSG-15918]
Ending iteration 2.	[MsgId: MMSG-15965]
Starting iteration 3.	[MsgId: MMSG-15968]
Starting action Action.	[MsgId: MMSG-15919]
Action.c(5): Registering web_reg_save_param_ex was successful  	[MsgId: MMSG-26390]
Action.c(14): Registering web_reg_save_param_ex was successful  	[MsgId: MMSG-26390]
Action.c(23): Registering web_reg_save_param_ex was successful  	[MsgId: MMSG-26390]
Action.c(31): Registering web_reg_save_param_ex was successful  	[MsgId: MMSG-26390]
Action.c(39): web_custom_request("owner") was successful, 72805 body bytes, 738 header bytes, 77 chunking overhead bytes  	[MsgId: MMSG-26385]
Action.c(48): web_convert_param was successful  	[MsgId: MMSG-26392]
Action.c(50): Notify: Transaction "分享商品" started.	[MsgId: MMSG-16999]
Action.c(52): Notify: Transaction "一键分享" started.	[MsgId: MMSG-16999]
Action.c(54): web_custom_request("hold_theme") was successful, 151 body bytes, 494 header bytes  	[MsgId: MMSG-26386]
Action.c(60): Notify: Transaction "一键分享" ended with "Pass" status (Duration: 0.0240).	[MsgId: MMSG-16873]
Action.c(63): Notify: Transaction "获取商品属性" started.	[MsgId: MMSG-16999]
Action.c(65): web_custom_request("get_markcode") was successful, 171 body bytes, 494 header bytes  	[MsgId: MMSG-26386]
Action.c(72): web_custom_request("get_markcode") was successful, 171 body bytes, 494 header bytes  	[MsgId: MMSG-26386]
Action.c(79): web_custom_request("get_all_tag") was successful, 39 body bytes, 493 header bytes  	[MsgId: MMSG-26386]
Action.c(86): Notify: Transaction "获取商品属性" ended with "Pass" status (Duration: 0.0334).	[MsgId: MMSG-16873]
Action.c(88): Notify: Transaction "获取用户是否vip" started.	[MsgId: MMSG-16999]
Action.c(90): web_custom_request("get_vip_object") was successful, 133 body bytes, 494 header bytes  	[MsgId: MMSG-26386]
Action.c(97): Notify: Transaction "获取用户是否vip" ended with "Pass" status (Duration: 0.0159).	[MsgId: MMSG-16873]
Action.c(100): Notify: Transaction "保存商品" started.	[MsgId: MMSG-16999]
Action.c(102): web_custom_request("save_theme") was successful, 39 body bytes, 303 header bytes  	[MsgId: MMSG-26386]
Action.c(110): Notify: Transaction "保存商品" ended with "Pass" status (Duration: 0.0090).	[MsgId: MMSG-16873]
Action.c(112): Notify: Transaction "分享商品" ended with "Pass" status (Duration: 0.0831).	[MsgId: MMSG-16873]
Ending action Action.	[MsgId: MMSG-15918]
Ending iteration 3.	[MsgId: MMSG-15965]
Starting iteration 4.	[MsgId: MMSG-15968]
Starting action Action.	[MsgId: MMSG-15919]
Action.c(5): Registering web_reg_save_param_ex was successful  	[MsgId: MMSG-26390]
Action.c(14): Registering web_reg_save_param_ex was successful  	[MsgId: MMSG-26390]
Action.c(23): Registering web_reg_save_param_ex was successful  	[MsgId: MMSG-26390]
Action.c(31): Registering web_reg_save_param_ex was successful  	[MsgId: MMSG-26390]
Action.c(39): web_custom_request("owner") was successful, 68822 body bytes, 738 header bytes, 76 chunking overhead bytes  	[MsgId: MMSG-26385]
Action.c(48): web_convert_param was successful  	[MsgId: MMSG-26392]
Action.c(50): Notify: Transaction "分享商品" started.	[MsgId: MMSG-16999]
Action.c(52): Notify: Transaction "一键分享" started.	[MsgId: MMSG-16999]
Action.c(54): web_custom_request("hold_theme") was successful, 151 body bytes, 494 header bytes  	[MsgId: MMSG-26386]
Action.c(60): Notify: Transaction "一键分享" ended with "Pass" status (Duration: 0.0236).	[MsgId: MMSG-16873]
Action.c(63): Notify: Transaction "获取商品属性" started.	[MsgId: MMSG-16999]
Action.c(65): web_custom_request("get_markcode") was successful, 171 body bytes, 494 header bytes  	[MsgId: MMSG-26386]
Action.c(72): web_custom_request("get_markcode") was successful, 171 body bytes, 494 header bytes  	[MsgId: MMSG-26386]
Action.c(79): web_custom_request("get_all_tag") was successful, 39 body bytes, 493 header bytes  	[MsgId: MMSG-26386]
Action.c(86): Notify: Transaction "获取商品属性" ended with "Pass" status (Duration: 0.0386).	[MsgId: MMSG-16873]
Action.c(88): Notify: Transaction "获取用户是否vip" started.	[MsgId: MMSG-16999]
Action.c(90): web_custom_request("get_vip_object") was successful, 133 body bytes, 494 header bytes  	[MsgId: MMSG-26386]
Action.c(97): Notify: Transaction "获取用户是否vip" ended with "Pass" status (Duration: 0.0185).	[MsgId: MMSG-16873]
Action.c(100): Notify: Transaction "保存商品" started.	[MsgId: MMSG-16999]
Action.c(102): web_custom_request("save_theme") was successful, 39 body bytes, 303 header bytes  	[MsgId: MMSG-26386]
Action.c(110): Notify: Transaction "保存商品" ended with "Pass" status (Duration: 0.0094).	[MsgId: MMSG-16873]
Action.c(112): Notify: Transaction "分享商品" ended with "Pass" status (Duration: 0.0909).	[MsgId: MMSG-16873]
Ending action Action.	[MsgId: MMSG-15918]
Ending iteration 4.	[MsgId: MMSG-15965]
Starting iteration 5.	[MsgId: MMSG-15968]
Starting action Action.	[MsgId: MMSG-15919]
Action.c(5): Registering web_reg_save_param_ex was successful  	[MsgId: MMSG-26390]
Action.c(14): Registering web_reg_save_param_ex was successful  	[MsgId: MMSG-26390]
Action.c(23): Registering web_reg_save_param_ex was successful  	[MsgId: MMSG-26390]
Action.c(31): Registering web_reg_save_param_ex was successful  	[MsgId: MMSG-26390]
Action.c(39): web_custom_request("owner") was successful, 134045 body bytes, 834 header bytes, 140 chunking overhead bytes  	[MsgId: MMSG-26385]
Action.c(48): web_convert_param was successful  	[MsgId: MMSG-26392]
Action.c(50): Notify: Transaction "分享商品" started.	[MsgId: MMSG-16999]
Action.c(52): Notify: Transaction "一键分享" started.	[MsgId: MMSG-16999]
Action.c(54): web_custom_request("hold_theme") was successful, 199 body bytes, 494 header bytes  	[MsgId: MMSG-26386]
Action.c(60): Notify: Transaction "一键分享" ended with "Pass" status (Duration: 0.0281).	[MsgId: MMSG-16873]
Action.c(63): Notify: Transaction "获取商品属性" started.	[MsgId: MMSG-16999]
Action.c(65): web_custom_request("get_markcode") was successful, 219 body bytes, 494 header bytes  	[MsgId: MMSG-26386]
Action.c(72): web_custom_request("get_markcode") was successful, 219 body bytes, 494 header bytes  	[MsgId: MMSG-26386]
Action.c(79): web_custom_request("get_all_tag") was successful, 39 body bytes, 493 header bytes  	[MsgId: MMSG-26386]
Action.c(86): Notify: Transaction "获取商品属性" ended with "Pass" status (Duration: 0.0445).	[MsgId: MMSG-16873]
Action.c(88): Notify: Transaction "获取用户是否vip" started.	[MsgId: MMSG-16999]
Action.c(90): web_custom_request("get_vip_object") was successful, 181 body bytes, 494 header bytes  	[MsgId: MMSG-26386]
Action.c(97): Notify: Transaction "获取用户是否vip" ended with "Pass" status (Duration: 0.0263).	[MsgId: MMSG-16873]
Action.c(100): Notify: Transaction "保存商品" started.	[MsgId: MMSG-16999]
Action.c(102): web_custom_request("save_theme") was successful, 39 body bytes, 303 header bytes  	[MsgId: MMSG-26386]
Action.c(110): Notify: Transaction "保存商品" ended with "Pass" status (Duration: 0.0129).	[MsgId: MMSG-16873]
Action.c(112): Notify: Transaction "分享商品" ended with "Pass" status (Duration: 0.1123).	[MsgId: MMSG-16873]
Ending action Action.	[MsgId: MMSG-15918]
Ending iteration 5.	[MsgId: MMSG-15965]
Starting iteration 6.	[MsgId: MMSG-15968]
Starting action Action.	[MsgId: MMSG-15919]
Action.c(5): Registering web_reg_save_param_ex was successful  	[MsgId: MMSG-26390]
Action.c(14): Registering web_reg_save_param_ex was successful  	[MsgId: MMSG-26390]
Action.c(23): Registering web_reg_save_param_ex was successful  	[MsgId: MMSG-26390]
Action.c(31): Registering web_reg_save_param_ex was successful  	[MsgId: MMSG-26390]
Action.c(39): Error -26697: Missing CR/LF after body/trailer ("Transfer-Encoding: chunked") for "http://118.126.89.154:58080/service/album/get_album_themes_list.jsp?act=owner&search_value=&search_img=&start_date=&end_date=&page_index=1&token=2118FD9B32FF7EEC6B3ABD0550E3E039A7678A73CA4C1BC2F67452EC4DFD501BF8F786BCDFB55CA8"  	[MsgId: MERR-26697]
Action.c(39): web_custom_request("owner") highest severity level was "ERROR", 40959 body bytes, 738 header bytes, 38 chunking overhead bytes  	[MsgId: MMSG-26387]
Ending action Action.	[MsgId: MMSG-15918]
Ending iteration 6.	[MsgId: MMSG-15965]
Starting iteration 7.	[MsgId: MMSG-15968]
Starting action Action.	[MsgId: MMSG-15919]
Action.c(5): Registering web_reg_save_param_ex was successful  	[MsgId: MMSG-26390]
Action.c(14): Registering web_reg_save_param_ex was successful  	[MsgId: MMSG-26390]
Action.c(23): Registering web_reg_save_param_ex was successful  	[MsgId: MMSG-26390]
Action.c(31): Registering web_reg_save_param_ex was successful  	[MsgId: MMSG-26390]
Action.c(39): web_custom_request("owner") was successful, 128883 body bytes, 738 header bytes, 133 chunking overhead bytes  	[MsgId: MMSG-26385]
Action.c(48): web_convert_param was successful  	[MsgId: MMSG-26392]
Action.c(50): Notify: Transaction "分享商品" started.	[MsgId: MMSG-16999]
Action.c(52): Notify: Transaction "一键分享" started.	[MsgId: MMSG-16999]
Action.c(54): web_custom_request("hold_theme") was successful, 151 body bytes, 494 header bytes  	[MsgId: MMSG-26386]
Action.c(60): Notify: Transaction "一键分享" ended with "Pass" status (Duration: 0.0259).	[MsgId: MMSG-16873]
Action.c(63): Notify: Transaction "获取商品属性" started.	[MsgId: MMSG-16999]
Action.c(65): web_custom_request("get_markcode") was successful, 171 body bytes, 494 header bytes  	[MsgId: MMSG-26386]
Action.c(72): web_custom_request("get_markcode") was successful, 171 body bytes, 494 header bytes  	[MsgId: MMSG-26386]
Action.c(79): web_custom_request("get_all_tag") was successful, 39 body bytes, 493 header bytes  	[MsgId: MMSG-26386]
Action.c(86): Notify: Transaction "获取商品属性" ended with "Pass" status (Duration: 0.0350).	[MsgId: MMSG-16873]
Action.c(88): Notify: Transaction "获取用户是否vip" started.	[MsgId: MMSG-16999]
Action.c(90): web_custom_request("get_vip_object") was successful, 133 body bytes, 494 header bytes  	[MsgId: MMSG-26386]
Action.c(97): Notify: Transaction "获取用户是否vip" ended with "Pass" status (Duration: 0.0161).	[MsgId: MMSG-16873]
Action.c(100): Notify: Transaction "保存商品" started.	[MsgId: MMSG-16999]
Action.c(102): web_custom_request("save_theme") was successful, 39 body bytes, 303 header bytes  	[MsgId: MMSG-26386]
Action.c(110): Notify: Transaction "保存商品" ended with "Pass" status (Duration: 0.0095).	[MsgId: MMSG-16873]
Action.c(112): Notify: Transaction "分享商品" ended with "Pass" status (Duration: 0.0872).	[MsgId: MMSG-16873]
Ending action Action.	[MsgId: MMSG-15918]
Ending iteration 7.	[MsgId: MMSG-15965]
Starting iteration 8.	[MsgId: MMSG-15968]
Starting action Action.	[MsgId: MMSG-15919]
Action.c(5): Registering web_reg_save_param_ex was successful  	[MsgId: MMSG-26390]
Action.c(14): Registering web_reg_save_param_ex was successful  	[MsgId: MMSG-26390]
Action.c(23): Registering web_reg_save_param_ex was successful  	[MsgId: MMSG-26390]
Action.c(31): Registering web_reg_save_param_ex was successful  	[MsgId: MMSG-26390]
Action.c(39): web_custom_request("owner") was successful, 85992 body bytes, 738 header bytes, 92 chunking overhead bytes  	[MsgId: MMSG-26385]
Action.c(48): web_convert_param was successful  	[MsgId: MMSG-26392]
Action.c(50): Notify: Transaction "分享商品" started.	[MsgId: MMSG-16999]
Action.c(52): Notify: Transaction "一键分享" started.	[MsgId: MMSG-16999]
Action.c(54): web_custom_request("hold_theme") was successful, 151 body bytes, 494 header bytes  	[MsgId: MMSG-26386]
Action.c(60): Notify: Transaction "一键分享" ended with "Pass" status (Duration: 0.0252).	[MsgId: MMSG-16873]
Action.c(63): Notify: Transaction "获取商品属性" started.	[MsgId: MMSG-16999]
Action.c(65): web_custom_request("get_markcode") was successful, 171 body bytes, 494 header bytes  	[MsgId: MMSG-26386]
Action.c(72): web_custom_request("get_markcode") was successful, 171 body bytes, 494 header bytes  	[MsgId: MMSG-26386]
Action.c(79): web_custom_request("get_all_tag") was successful, 39 body bytes, 493 header bytes  	[MsgId: MMSG-26386]
Action.c(86): Notify: Transaction "获取商品属性" ended with "Pass" status (Duration: 0.0375).	[MsgId: MMSG-16873]
Action.c(88): Notify: Transaction "获取用户是否vip" started.	[MsgId: MMSG-16999]
Action.c(90): web_custom_request("get_vip_object") was successful, 133 body bytes, 494 header bytes  	[MsgId: MMSG-26386]
Action.c(97): Notify: Transaction "获取用户是否vip" ended with "Pass" status (Duration: 0.0169).	[MsgId: MMSG-16873]
Action.c(100): Notify: Transaction "保存商品" started.	[MsgId: MMSG-16999]
Action.c(102): web_custom_request("save_theme") was successful, 39 body bytes, 303 header bytes  	[MsgId: MMSG-26386]
Action.c(110): Notify: Transaction "保存商品" ended with "Pass" status (Duration: 0.0102).	[MsgId: MMSG-16873]
Action.c(112): Notify: Transaction "分享商品" ended with "Pass" status (Duration: 0.0906).	[MsgId: MMSG-16873]
Ending action Action.	[MsgId: MMSG-15918]
Ending iteration 8.	[MsgId: MMSG-15965]
Starting iteration 9.	[MsgId: MMSG-15968]
Starting action Action.	[MsgId: MMSG-15919]
Action.c(5): Registering web_reg_save_param_ex was successful  	[MsgId: MMSG-26390]
Action.c(14): Registering web_reg_save_param_ex was successful  	[MsgId: MMSG-26390]
Action.c(23): Registering web_reg_save_param_ex was successful  	[MsgId: MMSG-26390]
Action.c(31): Registering web_reg_save_param_ex was successful  	[MsgId: MMSG-26390]
Action.c(39): web_custom_request("owner") was successful, 113236 body bytes, 738 header bytes, 117 chunking overhead bytes  	[MsgId: MMSG-26385]
Action.c(48): web_convert_param was successful  	[MsgId: MMSG-26392]
Action.c(50): Notify: Transaction "分享商品" started.	[MsgId: MMSG-16999]
Action.c(52): Notify: Transaction "一键分享" started.	[MsgId: MMSG-16999]
Action.c(54): web_custom_request("hold_theme") was successful, 151 body bytes, 494 header bytes  	[MsgId: MMSG-26386]
Action.c(60): Notify: Transaction "一键分享" ended with "Pass" status (Duration: 0.0229).	[MsgId: MMSG-16873]
Action.c(63): Notify: Transaction "获取商品属性" started.	[MsgId: MMSG-16999]
Action.c(65): web_custom_request("get_markcode") was successful, 171 body bytes, 494 header bytes  	[MsgId: MMSG-26386]
Action.c(72): web_custom_request("get_markcode") was successful, 171 body bytes, 494 header bytes  	[MsgId: MMSG-26386]
Action.c(79): web_custom_request("get_all_tag") was successful, 39 body bytes, 493 header bytes  	[MsgId: MMSG-26386]
Action.c(86): Notify: Transaction "获取商品属性" ended with "Pass" status (Duration: 0.0334).	[MsgId: MMSG-16873]
Action.c(88): Notify: Transaction "获取用户是否vip" started.	[MsgId: MMSG-16999]
Action.c(90): web_custom_request("get_vip_object") was successful, 133 body bytes, 494 header bytes  	[MsgId: MMSG-26386]
Action.c(97): Notify: Transaction "获取用户是否vip" ended with "Pass" status (Duration: 0.0151).	[MsgId: MMSG-16873]
Action.c(100): Notify: Transaction "保存商品" started.	[MsgId: MMSG-16999]
Action.c(102): web_custom_request("save_theme") was successful, 39 body bytes, 303 header bytes  	[MsgId: MMSG-26386]
Action.c(110): Notify: Transaction "保存商品" ended with "Pass" status (Duration: 0.0086).	[MsgId: MMSG-16873]
Action.c(112): Notify: Transaction "分享商品" ended with "Pass" status (Duration: 0.0806).	[MsgId: MMSG-16873]
Ending action Action.	[MsgId: MMSG-15918]
Ending iteration 9.	[MsgId: MMSG-15965]
Starting iteration 10.	[MsgId: MMSG-15968]
Starting action Action.	[MsgId: MMSG-15919]
Action.c(5): Registering web_reg_save_param_ex was successful  	[MsgId: MMSG-26390]
Action.c(14): Registering web_reg_save_param_ex was successful  	[MsgId: MMSG-26390]
Action.c(23): Registering web_reg_save_param_ex was successful  	[MsgId: MMSG-26390]
Action.c(31): Registering web_reg_save_param_ex was successful  	[MsgId: MMSG-26390]
Abort was called from an action.	[MsgId: MMSG-10447]
Ending Vuser...	[MsgId: MMSG-15966]
Starting action vuser_end.	[MsgId: MMSG-15919]
Ending action vuser_end.	[MsgId: MMSG-15918]
Vuser Terminated.	[MsgId: MMSG-15963]
