Virtual User Script started at : 2019-01-18 15:04:01	[MsgId: MMSG-15967]
Starting action vuser_init.	[MsgId: MMSG-15919]
Web Turbo Replay of LoadRunner 11.0.0 for Windows 7; build 8859 (Aug 18 2010 20:14:31)  	[MsgId: MMSG-27143]
Run Mode: HTML  	[MsgId: MMSG-26000]
Run-Time Settings file: "C:\Users\Administrator\AppData\Local\Temp\lr5tmpdirmL2.438\lrcfgUk6.439\cfgpao.473"  	[MsgId: MMSG-27141]
Ending action vuser_init.	[MsgId: MMSG-15918]
Running Vuser...	[MsgId: MMSG-15964]
Starting iteration 1.	[MsgId: MMSG-15968]
Starting action Action.	[MsgId: MMSG-15919]
Action.c(5): Registering web_reg_save_param_ex was successful  	[MsgId: MMSG-26390]
Action.c(14): Registering web_reg_save_param_ex was successful  	[MsgId: MMSG-26390]
Action.c(23): Registering web_reg_save_param_ex was successful  	[MsgId: MMSG-26390]
Action.c(31): Registering web_reg_save_param_ex was successful  	[MsgId: MMSG-26390]
Action.c(39): web_custom_request("owner") was successful, 81011 body bytes, 738 header bytes, 85 chunking overhead bytes  	[MsgId: MMSG-26385]
Action.c(48): web_convert_param was successful  	[MsgId: MMSG-26392]
Action.c(50): Notify: Transaction "分享商品" started.	[MsgId: MMSG-16999]
Action.c(52): Notify: Transaction "一键分享" started.	[MsgId: MMSG-16999]
Action.c(54): web_custom_request("hold_theme") was successful, 151 body bytes, 494 header bytes  	[MsgId: MMSG-26386]
Action.c(60): Notify: Transaction "一键分享" ended with "Pass" status (Duration: 0.0233).	[MsgId: MMSG-16873]
Action.c(63): Notify: Transaction "获取商品属性" started.	[MsgId: MMSG-16999]
Action.c(65): web_custom_request("get_markcode") was successful, 171 body bytes, 494 header bytes  	[MsgId: MMSG-26386]
Action.c(72): web_custom_request("get_markcode") was successful, 171 body bytes, 494 header bytes  	[MsgId: MMSG-26386]
Action.c(79): web_custom_request("get_all_tag") was successful, 39 body bytes, 493 header bytes  	[MsgId: MMSG-26386]
Action.c(86): Notify: Transaction "获取商品属性" ended with "Pass" status (Duration: 0.0470).	[MsgId: MMSG-16873]
Action.c(88): Notify: Transaction "获取用户是否vip" started.	[MsgId: MMSG-16999]
Action.c(90): web_custom_request("get_vip_object") was successful, 133 body bytes, 494 header bytes  	[MsgId: MMSG-26386]
Action.c(97): Notify: Transaction "获取用户是否vip" ended with "Pass" status (Duration: 0.0167).	[MsgId: MMSG-16873]
Action.c(100): Notify: Transaction "保存商品" started.	[MsgId: MMSG-16999]
Action.c(102): web_custom_request("save_theme") was successful, 39 body bytes, 303 header bytes  	[MsgId: MMSG-26386]
Action.c(110): Notify: Transaction "保存商品" ended with "Pass" status (Duration: 0.0119).	[MsgId: MMSG-16873]
Action.c(112): Notify: Transaction "分享商品" ended with "Pass" status (Duration: 0.0996).	[MsgId: MMSG-16873]
Ending action Action.	[MsgId: MMSG-15918]
Ending iteration 1.	[MsgId: MMSG-15965]
Starting iteration 2.	[MsgId: MMSG-15968]
Starting action Action.	[MsgId: MMSG-15919]
Action.c(5): Registering web_reg_save_param_ex was successful  	[MsgId: MMSG-26390]
Action.c(14): Registering web_reg_save_param_ex was successful  	[MsgId: MMSG-26390]
Action.c(23): Registering web_reg_save_param_ex was successful  	[MsgId: MMSG-26390]
Action.c(31): Registering web_reg_save_param_ex was successful  	[MsgId: MMSG-26390]
Action.c(39): Warning -26377: No match found for the requested parameter "imges". Check whether the requested boundaries exist in the response data. Also, if the data you want to save exceeds 256 bytes, use web_set_max_html_param_len to increase the parameter size  	[MsgId: MWAR-26377]
Action.c(39): web_custom_request("owner") highest severity level was "warning", 149091 body bytes, 738 header bytes, 156 chunking overhead bytes  	[MsgId: MMSG-26387]
Action.c(48): web_convert_param was successful  	[MsgId: MMSG-26392]
Action.c(50): Notify: Transaction "分享商品" started.	[MsgId: MMSG-16999]
Action.c(52): Notify: Transaction "一键分享" started.	[MsgId: MMSG-16999]
Action.c(54): web_custom_request("hold_theme") was successful, 151 body bytes, 494 header bytes  	[MsgId: MMSG-26386]
Action.c(60): Notify: Transaction "一键分享" ended with "Pass" status (Duration: 0.0515).	[MsgId: MMSG-16873]
Action.c(63): Notify: Transaction "获取商品属性" started.	[MsgId: MMSG-16999]
Action.c(65): web_custom_request("get_markcode") was successful, 171 body bytes, 494 header bytes  	[MsgId: MMSG-26386]
Action.c(72): web_custom_request("get_markcode") was successful, 171 body bytes, 494 header bytes  	[MsgId: MMSG-26386]
Action.c(79): web_custom_request("get_all_tag") was successful, 39 body bytes, 493 header bytes  	[MsgId: MMSG-26386]
Action.c(86): Notify: Transaction "获取商品属性" ended with "Pass" status (Duration: 0.0670).	[MsgId: MMSG-16873]
Action.c(88): Notify: Transaction "获取用户是否vip" started.	[MsgId: MMSG-16999]
Action.c(90): web_custom_request("get_vip_object") was successful, 133 body bytes, 494 header bytes  	[MsgId: MMSG-26386]
Action.c(97): Notify: Transaction "获取用户是否vip" ended with "Pass" status (Duration: 0.0756).	[MsgId: MMSG-16873]
Action.c(100): Notify: Transaction "保存商品" started.	[MsgId: MMSG-16999]
Action.c(102): web_custom_request("save_theme") was successful, 39 body bytes, 303 header bytes  	[MsgId: MMSG-26386]
Action.c(110): Notify: Transaction "保存商品" ended with "Pass" status (Duration: 0.0126).	[MsgId: MMSG-16873]
Action.c(112): Notify: Transaction "分享商品" ended with "Pass" status (Duration: 0.2073).	[MsgId: MMSG-16873]
Ending action Action.	[MsgId: MMSG-15918]
Ending iteration 2.	[MsgId: MMSG-15965]
Starting iteration 3.	[MsgId: MMSG-15968]
Starting action Action.	[MsgId: MMSG-15919]
Action.c(5): Registering web_reg_save_param_ex was successful  	[MsgId: MMSG-26390]
Action.c(14): Registering web_reg_save_param_ex was successful  	[MsgId: MMSG-26390]
Action.c(23): Registering web_reg_save_param_ex was successful  	[MsgId: MMSG-26390]
Action.c(31): Registering web_reg_save_param_ex was successful  	[MsgId: MMSG-26390]
Action.c(39): web_custom_request("owner") was successful, 72805 body bytes, 738 header bytes, 77 chunking overhead bytes  	[MsgId: MMSG-26385]
Action.c(48): web_convert_param was successful  	[MsgId: MMSG-26392]
Action.c(50): Notify: Transaction "分享商品" started.	[MsgId: MMSG-16999]
Action.c(52): Notify: Transaction "一键分享" started.	[MsgId: MMSG-16999]
Action.c(54): web_custom_request("hold_theme") was successful, 151 body bytes, 494 header bytes  	[MsgId: MMSG-26386]
Action.c(60): Notify: Transaction "一键分享" ended with "Pass" status (Duration: 0.2846).	[MsgId: MMSG-16873]
Action.c(63): Notify: Transaction "获取商品属性" started.	[MsgId: MMSG-16999]
Action.c(65): web_custom_request("get_markcode") was successful, 171 body bytes, 494 header bytes  	[MsgId: MMSG-26386]
Action.c(72): web_custom_request("get_markcode") was successful, 171 body bytes, 494 header bytes  	[MsgId: MMSG-26386]
Action.c(79): web_custom_request("get_all_tag") was successful, 39 body bytes, 493 header bytes  	[MsgId: MMSG-26386]
Action.c(86): Notify: Transaction "获取商品属性" ended with "Pass" status (Duration: 0.2748).	[MsgId: MMSG-16873]
Action.c(88): Notify: Transaction "获取用户是否vip" started.	[MsgId: MMSG-16999]
Action.c(90): web_custom_request("get_vip_object") was successful, 133 body bytes, 494 header bytes  	[MsgId: MMSG-26386]
Action.c(97): Notify: Transaction "获取用户是否vip" ended with "Pass" status (Duration: 0.0424).	[MsgId: MMSG-16873]
Action.c(100): Notify: Transaction "保存商品" started.	[MsgId: MMSG-16999]
Action.c(102): web_custom_request("save_theme") was successful, 39 body bytes, 303 header bytes  	[MsgId: MMSG-26386]
Action.c(110): Notify: Transaction "保存商品" ended with "Pass" status (Duration: 0.0130).	[MsgId: MMSG-16873]
Action.c(112): Notify: Transaction "分享商品" ended with "Pass" status (Duration: 0.6155).	[MsgId: MMSG-16873]
Ending action Action.	[MsgId: MMSG-15918]
Ending iteration 3.	[MsgId: MMSG-15965]
Starting iteration 4.	[MsgId: MMSG-15968]
Starting action Action.	[MsgId: MMSG-15919]
Action.c(5): Registering web_reg_save_param_ex was successful  	[MsgId: MMSG-26390]
Action.c(14): Registering web_reg_save_param_ex was successful  	[MsgId: MMSG-26390]
Action.c(23): Registering web_reg_save_param_ex was successful  	[MsgId: MMSG-26390]
Action.c(31): Registering web_reg_save_param_ex was successful  	[MsgId: MMSG-26390]
Action.c(39): web_custom_request("owner") was successful, 68822 body bytes, 738 header bytes, 76 chunking overhead bytes  	[MsgId: MMSG-26385]
Action.c(48): web_convert_param was successful  	[MsgId: MMSG-26392]
Action.c(50): Notify: Transaction "分享商品" started.	[MsgId: MMSG-16999]
Action.c(52): Notify: Transaction "一键分享" started.	[MsgId: MMSG-16999]
Action.c(54): web_custom_request("hold_theme") was successful, 151 body bytes, 494 header bytes  	[MsgId: MMSG-26386]
Action.c(60): Notify: Transaction "一键分享" ended with "Pass" status (Duration: 0.0232).	[MsgId: MMSG-16873]
Action.c(63): Notify: Transaction "获取商品属性" started.	[MsgId: MMSG-16999]
Action.c(65): web_custom_request("get_markcode") was successful, 171 body bytes, 494 header bytes  	[MsgId: MMSG-26386]
Action.c(72): web_custom_request("get_markcode") was successful, 171 body bytes, 494 header bytes  	[MsgId: MMSG-26386]
Action.c(79): web_custom_request("get_all_tag") was successful, 39 body bytes, 493 header bytes  	[MsgId: MMSG-26386]
Action.c(86): Notify: Transaction "获取商品属性" ended with "Pass" status (Duration: 0.0483).	[MsgId: MMSG-16873]
Action.c(88): Notify: Transaction "获取用户是否vip" started.	[MsgId: MMSG-16999]
Action.c(90): web_custom_request("get_vip_object") was successful, 133 body bytes, 494 header bytes  	[MsgId: MMSG-26386]
Action.c(97): Notify: Transaction "获取用户是否vip" ended with "Pass" status (Duration: 0.0155).	[MsgId: MMSG-16873]
Action.c(100): Notify: Transaction "保存商品" started.	[MsgId: MMSG-16999]
Action.c(102): web_custom_request("save_theme") was successful, 39 body bytes, 303 header bytes  	[MsgId: MMSG-26386]
Action.c(110): Notify: Transaction "保存商品" ended with "Pass" status (Duration: 0.0091).	[MsgId: MMSG-16873]
Action.c(112): Notify: Transaction "分享商品" ended with "Pass" status (Duration: 0.0968).	[MsgId: MMSG-16873]
Ending action Action.	[MsgId: MMSG-15918]
Ending iteration 4.	[MsgId: MMSG-15965]
Starting iteration 5.	[MsgId: MMSG-15968]
Starting action Action.	[MsgId: MMSG-15919]
Action.c(5): Registering web_reg_save_param_ex was successful  	[MsgId: MMSG-26390]
Action.c(14): Registering web_reg_save_param_ex was successful  	[MsgId: MMSG-26390]
Action.c(23): Registering web_reg_save_param_ex was successful  	[MsgId: MMSG-26390]
Action.c(31): Registering web_reg_save_param_ex was successful  	[MsgId: MMSG-26390]
Action.c(39): web_custom_request("owner") was successful, 134045 body bytes, 834 header bytes, 140 chunking overhead bytes  	[MsgId: MMSG-26385]
Action.c(48): web_convert_param was successful  	[MsgId: MMSG-26392]
Action.c(50): Notify: Transaction "分享商品" started.	[MsgId: MMSG-16999]
Action.c(52): Notify: Transaction "一键分享" started.	[MsgId: MMSG-16999]
Action.c(54): web_custom_request("hold_theme") was successful, 199 body bytes, 494 header bytes  	[MsgId: MMSG-26386]
Action.c(60): Notify: Transaction "一键分享" ended with "Pass" status (Duration: 0.0211).	[MsgId: MMSG-16873]
Action.c(63): Notify: Transaction "获取商品属性" started.	[MsgId: MMSG-16999]
Action.c(65): web_custom_request("get_markcode") was successful, 219 body bytes, 494 header bytes  	[MsgId: MMSG-26386]
Action.c(72): web_custom_request("get_markcode") was successful, 219 body bytes, 494 header bytes  	[MsgId: MMSG-26386]
Action.c(79): web_custom_request("get_all_tag") was successful, 39 body bytes, 493 header bytes  	[MsgId: MMSG-26386]
Action.c(86): Notify: Transaction "获取商品属性" ended with "Pass" status (Duration: 0.0356).	[MsgId: MMSG-16873]
Action.c(88): Notify: Transaction "获取用户是否vip" started.	[MsgId: MMSG-16999]
Action.c(90): web_custom_request("get_vip_object") was successful, 181 body bytes, 494 header bytes  	[MsgId: MMSG-26386]
Action.c(97): Notify: Transaction "获取用户是否vip" ended with "Pass" status (Duration: 0.0144).	[MsgId: MMSG-16873]
Action.c(100): Notify: Transaction "保存商品" started.	[MsgId: MMSG-16999]
Action.c(102): web_custom_request("save_theme") was successful, 39 body bytes, 303 header bytes  	[MsgId: MMSG-26386]
Action.c(110): Notify: Transaction "保存商品" ended with "Pass" status (Duration: 0.0118).	[MsgId: MMSG-16873]
Action.c(112): Notify: Transaction "分享商品" ended with "Pass" status (Duration: 0.0836).	[MsgId: MMSG-16873]
Ending action Action.	[MsgId: MMSG-15918]
Ending iteration 5.	[MsgId: MMSG-15965]
Starting iteration 6.	[MsgId: MMSG-15968]
Starting action Action.	[MsgId: MMSG-15919]
Action.c(5): Registering web_reg_save_param_ex was successful  	[MsgId: MMSG-26390]
Action.c(14): Registering web_reg_save_param_ex was successful  	[MsgId: MMSG-26390]
Action.c(23): Registering web_reg_save_param_ex was successful  	[MsgId: MMSG-26390]
Action.c(31): Registering web_reg_save_param_ex was successful  	[MsgId: MMSG-26390]
Action.c(39): web_custom_request("owner") was successful, 149186 body bytes, 738 header bytes, 156 chunking overhead bytes  	[MsgId: MMSG-26385]
Action.c(48): web_convert_param was successful  	[MsgId: MMSG-26392]
Action.c(50): Notify: Transaction "分享商品" started.	[MsgId: MMSG-16999]
Action.c(52): Notify: Transaction "一键分享" started.	[MsgId: MMSG-16999]
Action.c(54): web_custom_request("hold_theme") was successful, 151 body bytes, 494 header bytes  	[MsgId: MMSG-26386]
Action.c(60): Notify: Transaction "一键分享" ended with "Pass" status (Duration: 0.0230).	[MsgId: MMSG-16873]
Action.c(63): Notify: Transaction "获取商品属性" started.	[MsgId: MMSG-16999]
Action.c(65): web_custom_request("get_markcode") was successful, 171 body bytes, 494 header bytes  	[MsgId: MMSG-26386]
Action.c(72): web_custom_request("get_markcode") was successful, 171 body bytes, 494 header bytes  	[MsgId: MMSG-26386]
Action.c(79): web_custom_request("get_all_tag") was successful, 39 body bytes, 493 header bytes  	[MsgId: MMSG-26386]
Action.c(86): Notify: Transaction "获取商品属性" ended with "Pass" status (Duration: 0.0353).	[MsgId: MMSG-16873]
Action.c(88): Notify: Transaction "获取用户是否vip" started.	[MsgId: MMSG-16999]
Action.c(90): web_custom_request("get_vip_object") was successful, 133 body bytes, 494 header bytes  	[MsgId: MMSG-26386]
Action.c(97): Notify: Transaction "获取用户是否vip" ended with "Pass" status (Duration: 0.0163).	[MsgId: MMSG-16873]
Action.c(100): Notify: Transaction "保存商品" started.	[MsgId: MMSG-16999]
Action.c(102): web_custom_request("save_theme") was successful, 39 body bytes, 303 header bytes  	[MsgId: MMSG-26386]
Action.c(110): Notify: Transaction "保存商品" ended with "Pass" status (Duration: 0.0095).	[MsgId: MMSG-16873]
Action.c(112): Notify: Transaction "分享商品" ended with "Pass" status (Duration: 0.0848).	[MsgId: MMSG-16873]
Ending action Action.	[MsgId: MMSG-15918]
Ending iteration 6.	[MsgId: MMSG-15965]
Starting iteration 7.	[MsgId: MMSG-15968]
Starting action Action.	[MsgId: MMSG-15919]
Action.c(5): Registering web_reg_save_param_ex was successful  	[MsgId: MMSG-26390]
Action.c(14): Registering web_reg_save_param_ex was successful  	[MsgId: MMSG-26390]
Action.c(23): Registering web_reg_save_param_ex was successful  	[MsgId: MMSG-26390]
Action.c(31): Registering web_reg_save_param_ex was successful  	[MsgId: MMSG-26390]
Action.c(39): web_custom_request("owner") was successful, 128883 body bytes, 738 header bytes, 133 chunking overhead bytes  	[MsgId: MMSG-26385]
Action.c(48): web_convert_param was successful  	[MsgId: MMSG-26392]
Action.c(50): Notify: Transaction "分享商品" started.	[MsgId: MMSG-16999]
Action.c(52): Notify: Transaction "一键分享" started.	[MsgId: MMSG-16999]
Action.c(54): web_custom_request("hold_theme") was successful, 151 body bytes, 494 header bytes  	[MsgId: MMSG-26386]
Action.c(60): Notify: Transaction "一键分享" ended with "Pass" status (Duration: 0.0256).	[MsgId: MMSG-16873]
Action.c(63): Notify: Transaction "获取商品属性" started.	[MsgId: MMSG-16999]
Action.c(65): web_custom_request("get_markcode") was successful, 171 body bytes, 494 header bytes  	[MsgId: MMSG-26386]
Action.c(72): web_custom_request("get_markcode") was successful, 171 body bytes, 494 header bytes  	[MsgId: MMSG-26386]
Action.c(79): web_custom_request("get_all_tag") was successful, 39 body bytes, 493 header bytes  	[MsgId: MMSG-26386]
Action.c(86): Notify: Transaction "获取商品属性" ended with "Pass" status (Duration: 0.0333).	[MsgId: MMSG-16873]
Action.c(88): Notify: Transaction "获取用户是否vip" started.	[MsgId: MMSG-16999]
Action.c(90): web_custom_request("get_vip_object") was successful, 133 body bytes, 494 header bytes  	[MsgId: MMSG-26386]
Action.c(97): Notify: Transaction "获取用户是否vip" ended with "Pass" status (Duration: 0.0152).	[MsgId: MMSG-16873]
Action.c(100): Notify: Transaction "保存商品" started.	[MsgId: MMSG-16999]
Action.c(102): web_custom_request("save_theme") was successful, 39 body bytes, 303 header bytes  	[MsgId: MMSG-26386]
Action.c(110): Notify: Transaction "保存商品" ended with "Pass" status (Duration: 0.0085).	[MsgId: MMSG-16873]
Action.c(112): Notify: Transaction "分享商品" ended with "Pass" status (Duration: 0.0834).	[MsgId: MMSG-16873]
Ending action Action.	[MsgId: MMSG-15918]
Ending iteration 7.	[MsgId: MMSG-15965]
Starting iteration 8.	[MsgId: MMSG-15968]
Starting action Action.	[MsgId: MMSG-15919]
Action.c(5): Registering web_reg_save_param_ex was successful  	[MsgId: MMSG-26390]
Action.c(14): Registering web_reg_save_param_ex was successful  	[MsgId: MMSG-26390]
Action.c(23): Registering web_reg_save_param_ex was successful  	[MsgId: MMSG-26390]
Action.c(31): Registering web_reg_save_param_ex was successful  	[MsgId: MMSG-26390]
Action.c(39): web_custom_request("owner") was successful, 85992 body bytes, 738 header bytes, 92 chunking overhead bytes  	[MsgId: MMSG-26385]
Action.c(48): web_convert_param was successful  	[MsgId: MMSG-26392]
Action.c(50): Notify: Transaction "分享商品" started.	[MsgId: MMSG-16999]
Action.c(52): Notify: Transaction "一键分享" started.	[MsgId: MMSG-16999]
Action.c(54): web_custom_request("hold_theme") was successful, 151 body bytes, 494 header bytes  	[MsgId: MMSG-26386]
Action.c(60): Notify: Transaction "一键分享" ended with "Pass" status (Duration: 0.0231).	[MsgId: MMSG-16873]
Action.c(63): Notify: Transaction "获取商品属性" started.	[MsgId: MMSG-16999]
Action.c(65): web_custom_request("get_markcode") was successful, 171 body bytes, 494 header bytes  	[MsgId: MMSG-26386]
Action.c(72): web_custom_request("get_markcode") was successful, 171 body bytes, 494 header bytes  	[MsgId: MMSG-26386]
Action.c(79): web_custom_request("get_all_tag") was successful, 39 body bytes, 493 header bytes  	[MsgId: MMSG-26386]
Action.c(86): Notify: Transaction "获取商品属性" ended with "Pass" status (Duration: 0.0375).	[MsgId: MMSG-16873]
Action.c(88): Notify: Transaction "获取用户是否vip" started.	[MsgId: MMSG-16999]
Action.c(90): web_custom_request("get_vip_object") was successful, 133 body bytes, 494 header bytes  	[MsgId: MMSG-26386]
Action.c(97): Notify: Transaction "获取用户是否vip" ended with "Pass" status (Duration: 0.0168).	[MsgId: MMSG-16873]
Action.c(100): Notify: Transaction "保存商品" started.	[MsgId: MMSG-16999]
Action.c(102): web_custom_request("save_theme") was successful, 39 body bytes, 303 header bytes  	[MsgId: MMSG-26386]
Action.c(110): Notify: Transaction "保存商品" ended with "Pass" status (Duration: 0.0100).	[MsgId: MMSG-16873]
Action.c(112): Notify: Transaction "分享商品" ended with "Pass" status (Duration: 0.0883).	[MsgId: MMSG-16873]
Ending action Action.	[MsgId: MMSG-15918]
Ending iteration 8.	[MsgId: MMSG-15965]
Starting iteration 9.	[MsgId: MMSG-15968]
Starting action Action.	[MsgId: MMSG-15919]
Action.c(5): Registering web_reg_save_param_ex was successful  	[MsgId: MMSG-26390]
Action.c(14): Registering web_reg_save_param_ex was successful  	[MsgId: MMSG-26390]
Action.c(23): Registering web_reg_save_param_ex was successful  	[MsgId: MMSG-26390]
Action.c(31): Registering web_reg_save_param_ex was successful  	[MsgId: MMSG-26390]
Action.c(39): Error -26697: Missing CR/LF after body/trailer ("Transfer-Encoding: chunked") for "http://118.126.89.154:58080/service/album/get_album_themes_list.jsp?act=owner&search_value=&search_img=&start_date=&end_date=&page_index=1&token=73C22AD54C23A8AD38AD8998B728B616CD3339E3FF148985CE713FC139E88DC73E61F25231416143"  	[MsgId: MERR-26697]
Action.c(39): web_custom_request("owner") highest severity level was "ERROR", 49151 body bytes, 738 header bytes, 46 chunking overhead bytes  	[MsgId: MMSG-26387]
Ending action Action.	[MsgId: MMSG-15918]
Ending iteration 9.	[MsgId: MMSG-15965]
Starting iteration 10.	[MsgId: MMSG-15968]
Starting action Action.	[MsgId: MMSG-15919]
Action.c(5): Registering web_reg_save_param_ex was successful  	[MsgId: MMSG-26390]
Action.c(14): Registering web_reg_save_param_ex was successful  	[MsgId: MMSG-26390]
Action.c(23): Registering web_reg_save_param_ex was successful  	[MsgId: MMSG-26390]
Action.c(31): Registering web_reg_save_param_ex was successful  	[MsgId: MMSG-26390]
Action.c(39): web_custom_request("owner") was successful, 117493 body bytes, 738 header bytes, 124 chunking overhead bytes  	[MsgId: MMSG-26385]
Action.c(48): web_convert_param was successful  	[MsgId: MMSG-26392]
Action.c(50): Notify: Transaction "分享商品" started.	[MsgId: MMSG-16999]
Action.c(52): Notify: Transaction "一键分享" started.	[MsgId: MMSG-16999]
Action.c(54): web_custom_request("hold_theme") was successful, 151 body bytes, 494 header bytes  	[MsgId: MMSG-26386]
Action.c(60): Notify: Transaction "一键分享" ended with "Pass" status (Duration: 0.0227).	[MsgId: MMSG-16873]
Action.c(63): Notify: Transaction "获取商品属性" started.	[MsgId: MMSG-16999]
Action.c(65): web_custom_request("get_markcode") was successful, 171 body bytes, 494 header bytes  	[MsgId: MMSG-26386]
Action.c(72): web_custom_request("get_markcode") was successful, 171 body bytes, 494 header bytes  	[MsgId: MMSG-26386]
Action.c(79): web_custom_request("get_all_tag") was successful, 39 body bytes, 493 header bytes  	[MsgId: MMSG-26386]
Action.c(86): Notify: Transaction "获取商品属性" ended with "Pass" status (Duration: 0.0341).	[MsgId: MMSG-16873]
Action.c(88): Notify: Transaction "获取用户是否vip" started.	[MsgId: MMSG-16999]
Action.c(90): web_custom_request("get_vip_object") was successful, 133 body bytes, 494 header bytes  	[MsgId: MMSG-26386]
Action.c(97): Notify: Transaction "获取用户是否vip" ended with "Pass" status (Duration: 0.0149).	[MsgId: MMSG-16873]
Action.c(100): Notify: Transaction "保存商品" started.	[MsgId: MMSG-16999]
Action.c(102): web_custom_request("save_theme") was successful, 39 body bytes, 303 header bytes  	[MsgId: MMSG-26386]
Action.c(110): Notify: Transaction "保存商品" ended with "Pass" status (Duration: 0.0092).	[MsgId: MMSG-16873]
Action.c(112): Notify: Transaction "分享商品" ended with "Pass" status (Duration: 0.0816).	[MsgId: MMSG-16873]
Ending action Action.	[MsgId: MMSG-15918]
Ending iteration 10.	[MsgId: MMSG-15965]
Starting iteration 11.	[MsgId: MMSG-15968]
Starting action Action.	[MsgId: MMSG-15919]
Action.c(5): Registering web_reg_save_param_ex was successful  	[MsgId: MMSG-26390]
Action.c(14): Registering web_reg_save_param_ex was successful  	[MsgId: MMSG-26390]
Action.c(23): Registering web_reg_save_param_ex was successful  	[MsgId: MMSG-26390]
Action.c(31): Registering web_reg_save_param_ex was successful  	[MsgId: MMSG-26390]
Action.c(39): web_custom_request("owner") was successful, 84489 body bytes, 738 header bytes, 92 chunking overhead bytes  	[MsgId: MMSG-26385]
Action.c(48): web_convert_param was successful  	[MsgId: MMSG-26392]
Action.c(50): Notify: Transaction "分享商品" started.	[MsgId: MMSG-16999]
Action.c(52): Notify: Transaction "一键分享" started.	[MsgId: MMSG-16999]
Action.c(54): web_custom_request("hold_theme") was successful, 151 body bytes, 494 header bytes  	[MsgId: MMSG-26386]
Action.c(60): Notify: Transaction "一键分享" ended with "Pass" status (Duration: 0.0238).	[MsgId: MMSG-16873]
Action.c(63): Notify: Transaction "获取商品属性" started.	[MsgId: MMSG-16999]
Action.c(65): web_custom_request("get_markcode") was successful, 171 body bytes, 494 header bytes  	[MsgId: MMSG-26386]
Action.c(72): web_custom_request("get_markcode") was successful, 171 body bytes, 494 header bytes  	[MsgId: MMSG-26386]
Action.c(79): web_custom_request("get_all_tag") was successful, 39 body bytes, 493 header bytes  	[MsgId: MMSG-26386]
Action.c(86): Notify: Transaction "获取商品属性" ended with "Pass" status (Duration: 0.0532).	[MsgId: MMSG-16873]
Action.c(88): Notify: Transaction "获取用户是否vip" started.	[MsgId: MMSG-16999]
Action.c(90): web_custom_request("get_vip_object") was successful, 133 body bytes, 494 header bytes  	[MsgId: MMSG-26386]
Action.c(97): Notify: Transaction "获取用户是否vip" ended with "Pass" status (Duration: 0.0569).	[MsgId: MMSG-16873]
Action.c(100): Notify: Transaction "保存商品" started.	[MsgId: MMSG-16999]
Action.c(102): web_custom_request("save_theme") was successful, 39 body bytes, 303 header bytes  	[MsgId: MMSG-26386]
Action.c(110): Notify: Transaction "保存商品" ended with "Pass" status (Duration: 0.0145).	[MsgId: MMSG-16873]
Action.c(112): Notify: Transaction "分享商品" ended with "Pass" status (Duration: 0.1490).	[MsgId: MMSG-16873]
Ending action Action.	[MsgId: MMSG-15918]
Ending iteration 11.	[MsgId: MMSG-15965]
Starting iteration 12.	[MsgId: MMSG-15968]
Starting action Action.	[MsgId: MMSG-15919]
Action.c(5): Registering web_reg_save_param_ex was successful  	[MsgId: MMSG-26390]
Action.c(14): Registering web_reg_save_param_ex was successful  	[MsgId: MMSG-26390]
Action.c(23): Registering web_reg_save_param_ex was successful  	[MsgId: MMSG-26390]
Action.c(31): Registering web_reg_save_param_ex was successful  	[MsgId: MMSG-26390]
Action.c(39): web_custom_request("owner") was successful, 148467 body bytes, 738 header bytes, 156 chunking overhead bytes  	[MsgId: MMSG-26385]
Action.c(48): web_convert_param was successful  	[MsgId: MMSG-26392]
Action.c(50): Notify: Transaction "分享商品" started.	[MsgId: MMSG-16999]
Action.c(52): Notify: Transaction "一键分享" started.	[MsgId: MMSG-16999]
Action.c(54): web_custom_request("hold_theme") was successful, 151 body bytes, 494 header bytes  	[MsgId: MMSG-26386]
Action.c(60): Notify: Transaction "一键分享" ended with "Pass" status (Duration: 0.0246).	[MsgId: MMSG-16873]
Action.c(63): Notify: Transaction "获取商品属性" started.	[MsgId: MMSG-16999]
Action.c(65): web_custom_request("get_markcode") was successful, 171 body bytes, 494 header bytes  	[MsgId: MMSG-26386]
Action.c(72): web_custom_request("get_markcode") was successful, 171 body bytes, 494 header bytes  	[MsgId: MMSG-26386]
Action.c(79): web_custom_request("get_all_tag") was successful, 39 body bytes, 493 header bytes  	[MsgId: MMSG-26386]
Action.c(86): Notify: Transaction "获取商品属性" ended with "Pass" status (Duration: 0.0333).	[MsgId: MMSG-16873]
Action.c(88): Notify: Transaction "获取用户是否vip" started.	[MsgId: MMSG-16999]
Action.c(90): web_custom_request("get_vip_object") was successful, 133 body bytes, 494 header bytes  	[MsgId: MMSG-26386]
Action.c(97): Notify: Transaction "获取用户是否vip" ended with "Pass" status (Duration: 0.0163).	[MsgId: MMSG-16873]
Action.c(100): Notify: Transaction "保存商品" started.	[MsgId: MMSG-16999]
Action.c(102): web_custom_request("save_theme") was successful, 39 body bytes, 303 header bytes  	[MsgId: MMSG-26386]
Action.c(110): Notify: Transaction "保存商品" ended with "Pass" status (Duration: 0.0090).	[MsgId: MMSG-16873]
Action.c(112): Notify: Transaction "分享商品" ended with "Pass" status (Duration: 0.0838).	[MsgId: MMSG-16873]
Ending action Action.	[MsgId: MMSG-15918]
Ending iteration 12.	[MsgId: MMSG-15965]
Starting iteration 13.	[MsgId: MMSG-15968]
Starting action Action.	[MsgId: MMSG-15919]
Action.c(5): Registering web_reg_save_param_ex was successful  	[MsgId: MMSG-26390]
Action.c(14): Registering web_reg_save_param_ex was successful  	[MsgId: MMSG-26390]
Action.c(23): Registering web_reg_save_param_ex was successful  	[MsgId: MMSG-26390]
Action.c(31): Registering web_reg_save_param_ex was successful  	[MsgId: MMSG-26390]
Action.c(39): Error -26697: Missing CR/LF after body/trailer ("Transfer-Encoding: chunked") for "http://118.126.89.154:58080/service/album/get_album_themes_list.jsp?act=owner&search_value=&search_img=&start_date=&end_date=&page_index=1&token=F433244D9411873063CA26F7A35C7D8309E8E7A2E86AD8433124C9ED7F704E0447BD629F754CAAFE"  	[MsgId: MERR-26697]
Action.c(39): web_custom_request("owner") highest severity level was "ERROR", 106496 body bytes, 738 header bytes, 102 chunking overhead bytes  	[MsgId: MMSG-26387]
Ending action Action.	[MsgId: MMSG-15918]
Ending iteration 13.	[MsgId: MMSG-15965]
Starting iteration 14.	[MsgId: MMSG-15968]
Starting action Action.	[MsgId: MMSG-15919]
Action.c(5): Registering web_reg_save_param_ex was successful  	[MsgId: MMSG-26390]
Action.c(14): Registering web_reg_save_param_ex was successful  	[MsgId: MMSG-26390]
Action.c(23): Registering web_reg_save_param_ex was successful  	[MsgId: MMSG-26390]
Action.c(31): Registering web_reg_save_param_ex was successful  	[MsgId: MMSG-26390]
Action.c(39): web_custom_request("owner") was successful, 155803 body bytes, 738 header bytes, 163 chunking overhead bytes  	[MsgId: MMSG-26385]
Action.c(48): web_convert_param was successful  	[MsgId: MMSG-26392]
Action.c(50): Notify: Transaction "分享商品" started.	[MsgId: MMSG-16999]
Action.c(52): Notify: Transaction "一键分享" started.	[MsgId: MMSG-16999]
Action.c(54): web_custom_request("hold_theme") was successful, 151 body bytes, 494 header bytes  	[MsgId: MMSG-26386]
Action.c(60): Notify: Transaction "一键分享" ended with "Pass" status (Duration: 0.0246).	[MsgId: MMSG-16873]
Action.c(63): Notify: Transaction "获取商品属性" started.	[MsgId: MMSG-16999]
Action.c(65): web_custom_request("get_markcode") was successful, 171 body bytes, 494 header bytes  	[MsgId: MMSG-26386]
Action.c(72): web_custom_request("get_markcode") was successful, 171 body bytes, 494 header bytes  	[MsgId: MMSG-26386]
Action.c(79): web_custom_request("get_all_tag") was successful, 39 body bytes, 493 header bytes  	[MsgId: MMSG-26386]
Action.c(86): Notify: Transaction "获取商品属性" ended with "Pass" status (Duration: 0.0817).	[MsgId: MMSG-16873]
Action.c(88): Notify: Transaction "获取用户是否vip" started.	[MsgId: MMSG-16999]
Action.c(90): web_custom_request("get_vip_object") was successful, 133 body bytes, 494 header bytes  	[MsgId: MMSG-26386]
Action.c(97): Notify: Transaction "获取用户是否vip" ended with "Pass" status (Duration: 0.0146).	[MsgId: MMSG-16873]
Action.c(100): Notify: Transaction "保存商品" started.	[MsgId: MMSG-16999]
Action.c(102): web_custom_request("save_theme") was successful, 39 body bytes, 303 header bytes  	[MsgId: MMSG-26386]
Action.c(110): Notify: Transaction "保存商品" ended with "Pass" status (Duration: 0.0099).	[MsgId: MMSG-16873]
Action.c(112): Notify: Transaction "分享商品" ended with "Pass" status (Duration: 0.1315).	[MsgId: MMSG-16873]
Ending action Action.	[MsgId: MMSG-15918]
Ending iteration 14.	[MsgId: MMSG-15965]
Starting iteration 15.	[MsgId: MMSG-15968]
Starting action Action.	[MsgId: MMSG-15919]
Action.c(5): Registering web_reg_save_param_ex was successful  	[MsgId: MMSG-26390]
Action.c(14): Registering web_reg_save_param_ex was successful  	[MsgId: MMSG-26390]
Action.c(23): Registering web_reg_save_param_ex was successful  	[MsgId: MMSG-26390]
Action.c(31): Registering web_reg_save_param_ex was successful  	[MsgId: MMSG-26390]
Action.c(39): Error -26697: Missing CR/LF after body/trailer ("Transfer-Encoding: chunked") for "http://118.126.89.154:58080/service/album/get_album_themes_list.jsp?act=owner&search_value=&search_img=&start_date=&end_date=&page_index=1&token=91FBE1A0C4E73A7E200398ED0F1321D28C92FD527F3239BFBF83B7AF9FA95254D95F712C68B10DB5"  	[MsgId: MERR-26697]
Action.c(39): web_custom_request("owner") highest severity level was "ERROR", 122872 body bytes, 738 header bytes, 118 chunking overhead bytes  	[MsgId: MMSG-26387]
Ending action Action.	[MsgId: MMSG-15918]
Ending iteration 15.	[MsgId: MMSG-15965]
Starting iteration 16.	[MsgId: MMSG-15968]
Starting action Action.	[MsgId: MMSG-15919]
Action.c(5): Registering web_reg_save_param_ex was successful  	[MsgId: MMSG-26390]
Action.c(14): Registering web_reg_save_param_ex was successful  	[MsgId: MMSG-26390]
Action.c(23): Registering web_reg_save_param_ex was successful  	[MsgId: MMSG-26390]
Action.c(31): Registering web_reg_save_param_ex was successful  	[MsgId: MMSG-26390]
Abort was called from an action.	[MsgId: MMSG-10447]
Ending Vuser...	[MsgId: MMSG-15966]
Starting action vuser_end.	[MsgId: MMSG-15919]
Ending action vuser_end.	[MsgId: MMSG-15918]
Vuser Terminated.	[MsgId: MMSG-15963]
