Action.c(14):     test(e)&&(i=i.reverse())),this.pushStack(i)}}),ct.extend({filter:function(e,t,n){var r=t[0
Action.c(14):     ];return n&&(e=":not("+e+")"),1===t.length&&1===r.nodeType?ct.find.matchesSelector(r,e)?[r
Action.c(14):     ]:[]:ct.find.matches(e,ct.grep(t,function(e){return 1===e.nodeType\n
Action.c(14):     }))},dir:function(e,n,r){for(var i=[],o=e[n];o&&9!==o.nodeType&&(r===t||1!==o.nodeType||!c
Action.c(14):     t(o).is(r));)1===o.nodeType&&i.push(o),o=o[n];return i},sibling:function(e,t){for(var n=[]
Action.c(14):     ;e;e=e.nextSibling)1===e.nodeType&&e!==t&&n.push(e);return n}});var Ut="abbr|article|aside
Action.c(14):     |audio|bdi|canvas|data|datalist|details|figcaption|figure|footer|header|hgroup|mark|meter|
Action.c(14):     nav|output|progress|section|summary|time|video",Vt=/ jQuery\\d+="(?:null|\\d+)"/g,Yt=RegEx
Action.c(14):     p("<(?:"+Ut+")[\\\\s/>]","i"),Jt=/^\\s+/,Gt=/<(?!area|br|col|embed|hr|img|input|link|meta|
Action.c(14):     param)(([\\w:]+)[^>]*)\\/>/gi,Qt=/<([\\w:]+)/,Kt=/<tbody/i,Zt=/<|&#?\\w+;/,en=/<(?:script|
Action.c(14):     style|link)/i,tn=/^(?:checkbox|radio)$/i,nn=/checked\\s*(?:[^=]|=\\s*.checked.)/i,rn=/^$|\\
Action.c(14):     /(?:java|ecma)script/i,on=/^true\\/(.*)/,an=/^\\s*<!(?:\\[CDATA\\[|--)|(?:\\]\\]|--)>\\s*$
Action.c(14):     /g,sn={option:[1,"<select multiple='multiple'>","</select>"],legend:[1,"<fieldset>","</fie
Action.c(14):     ldset>"],area:[1,"<map>","</map>"],param:[1,"<object>","</object>"],thead:[1,"<table>","</
Action.c(14):     table>"],tr:[2,"<table><tbody>","</tbody></table>"],col:[2,"<table><tbody></tbody><colgrou
Action.c(14):     p>","</colgroup></table>"],td:[3,"<table><tbody><tr>","</tr></tbody></table>"],_default:ct
Action.c(14):     .support.htmlSerialize?[0,"",""]:[1,"X<div>","</div>"]},un=d(G),ln=un.appendChild(G.create
Action.c(14):     Element("div"));\n
Action.c(14):     sn.optgroup=sn.option,sn.tbody=sn.tfoot=sn.colgroup=sn.caption=sn.thead,sn.th=sn.td,ct.fn.
Action.c(14):     extend({text:function(e){return ct.access(this,function(e){return e===t?ct.text(this):this
Action.c(14):     .empty().append((this[0]&&this[0].ownerDocument||G).createTextNode(e))},null,e,arguments.l
Action.c(14):     ength)},append:function(){return this.domManip(arguments,function(e){if(1===this.nodeType|
Action.c(14):     |11===this.nodeType||9===this.nodeType){var t=h(this,e);t.appendChild(e)}})},prepend:funct
Action.c(14):     ion(){return this.domManip(arguments,function(e){if(1===this.nodeType||11===this.nodeType|
Action.c(14):     |9===this.nodeType){var t=h(this,e);\n
Action.c(14):     t.insertBefore(e,t.firstChild)}})},before:function(){return this.domManip(arguments,functi
Action.c(14):     on(e){this.parentNode&&this.parentNode.insertBefore(e,this)})},after:function(){return thi
Action.c(14):     s.domManip(arguments,function(e){this.parentNode&&this.parentNode.insertBefore(e,this.next
Action.c(14):     Sibling)})},remove:function(e,t){for(var n,r=e?ct.filter(e,this):this,i=0;null!=(n=r[i]);i
Action.c(14):     ++)t||1!==n.nodeType||ct.cleanData(x(n)),n.parentNode&&(t&&ct.contains(n.ownerDocument,n)&
Action.c(14):     &y(x(n,"script")),n.parentNode.removeChild(n));return this\n
Action.c(14):     },empty:function(){for(var e,t=0;null!=(e=this[t]);t++){for(1===e.nodeType&&ct.cleanData(x
Action.c(14):     (e,!1));e.firstChild;)e.removeChild(e.firstChild);e.options&&ct.nodeName(e,"select")&&(e.o
Action.c(14):     ptions.length=0)}return this},clone:function(e,t){return e=null==e?!1:e,t=null==t?e:t,this
Action.c(14):     .map(function(){return ct.clone(this,e,t)})},html:function(e){return ct.access(this,functi
Action.c(14):     on(e){var n=this[0]||{},r=0,i=this.length;if(e===t)return 1===n.nodeType?n.innerHTML.repla
Action.c(14):     ce(Vt,""):t;if(!("string"!=typeof e||en.test(e)||!ct.support.htmlSerialize&&Yt.test(e)||!c
Action.c(14):     t.support.leadingWhitespace&&Jt.test(e)||sn[(Qt.exec(e)||["",""])[1].toLowerCase()])){e=e.
Action.c(14):     replace(Gt,"<$1></$2>");\n
Action.c(14):     try{for(;i>r;r++)n=this[r]||{},1===n.nodeType&&(ct.cleanData(x(n,!1)),n.innerHTML=e);n=0}c
Action.c(14):     atch(o){}}n&&this.empty().append(e)},null,e,arguments.length)},replaceWith:function(){var 
Action.c(14):     e=ct.map(this,function(e){return[e.nextSibling,e.parentNode]}),t=0;return this.domManip(ar
Action.c(14):     guments,function(n){var r=e[t++],i=e[t++];i&&(r&&r.parentNode!==i&&(r=this.nextSibling),ct
Action.c(14):     (this).remove(),i.insertBefore(n,r))},!0),t?this:this.remove()},detach:function(e){return 
Action.c(14):     this.remove(e,!0)},domManip:function(e,t,n){e=rt.apply([],e);\n
Action.c(14):     var r,i,o,a,s,u,l=0,c=this.length,f=this,p=c-1,d=e[0],h=ct.isFunction(d);if(h||!(1>=c||"st
Action.c(14):     ring"!=typeof d||ct.support.checkClone)&&nn.test(d))return this.each(function(r){var i=f.e
Action.c(14):     q(r);h&&(e[0]=d.call(this,r,i.html())),i.domManip(e,t,n)});if(c&&(u=ct.buildFragment(e,thi
Action.c(14):     s[0].ownerDocument,!1,!n&&this),r=u.firstChild,1===u.childNodes.length&&(u=r),r)){for(a=ct
Action.c(14):     .map(x(u,"script"),g),o=a.length;c>l;l++)i=u,l!==p&&(i=ct.clone(i,!0,!0),o&&ct.merge(a,x(i
Action.c(14):     ,"script"))),t.call(this[l],i,l);if(o)for(s=a[a.length-1].ownerDocument,ct.map(a,m),l=0;o>
Action.c(14):     l;l++)i=a[l],rn.test(i.type||"")&&!ct._data(i,"globalEval")&&ct.contains(s,i)&&(i.src?ct._
Action.c(14):     evalUrl(i.src):ct.globalEval((i.text||i.textContent||i.innerHTML||"").replace(an,"")));\n
Action.c(14):     u=r=null}return this}}),ct.each({appendTo:"append",prependTo:"prepend",insertBefore:"befor
Action.c(14):     e",insertAfter:"after",replaceAll:"replaceWith"},function(e,t){ct.fn[e]=function(e){for(va
Action.c(14):     r n,r=0,i=[],o=ct(e),a=o.length-1;a>=r;r++)n=r===a?this:this.clone(!0),ct(o[r])[t](n),it.a
Action.c(14):     pply(i,n.get());return this.pushStack(i)}}),ct.extend({clone:function(e,t,n){var r,i,o,a,s
Action.c(14):     ,u=ct.contains(e.ownerDocument,e);if(ct.support.html5Clone||ct.isXMLDoc(e)||!Yt.test("<"+e
Action.c(14):     .nodeName+">")?o=e.cloneNode(!0):(ln.innerHTML=e.outerHTML,ln.removeChild(o=ln.firstChild)
Action.c(14):     ),!(ct.support.noCloneEvent&&ct.support.noCloneChecked||1!==e.nodeType&&11!==e.nodeType||c
Action.c(14):     t.isXMLDoc(e)))for(r=x(o),s=x(e),a=0;null!=(i=s[a]);++a)r[a]&&b(i,r[a]);\n
Action.c(14):     if(t)if(n)for(s=s||x(e),r=r||x(o),a=0;null!=(i=s[a]);a++)v(i,r[a]);else v(e,o);return r=x(
Action.c(14):     o,"script"),r.length>0&&y(r,!u&&x(e,"script")),r=s=i=null,o},buildFragment:function(e,t,n,
Action.c(14):     r){for(var i,o,a,s,u,l,c,f=e.length,p=d(t),h=[],g=0;f>g;g++)if(o=e[g],o||0===o)if("object"
Action.c(14):     ===ct.type(o))ct.merge(h,o.nodeType?[o]:o);else if(Zt.test(o)){for(s=s||p.appendChild(t.cr
Action.c(14):     eateElement("div")),u=(Qt.exec(o)||["",""])[1].toLowerCase(),c=sn[u]||sn._default,s.innerH
Action.c(14):     TML=c[1]+o.replace(Gt,"<$1></$2>")+c[2],i=c[0];i--;)s=s.lastChild;\n
Action.c(14):     if(!ct.support.leadingWhitespace&&Jt.test(o)&&h.push(t.createTextNode(Jt.exec(o)[0])),!ct.
Action.c(14):     support.tbody)for(o="table"!==u||Kt.test(o)?"<table>"!==c[1]||Kt.test(o)?0:s:s.firstChild,
Action.c(14):     i=o&&o.childNodes.length;i--;)ct.nodeName(l=o.childNodes[i],"tbody")&&!l.childNodes.length
Action.c(14):     &&o.removeChild(l);for(ct.merge(h,s.childNodes),s.textContent="";s.firstChild;)s.removeChi
Action.c(14):     ld(s.firstChild);s=p.lastChild}else h.push(t.createTextNode(o));for(s&&p.removeChild(s),ct
Action.c(14):     .support.appendChecked||ct.grep(x(h,"input"),T),g=0;o=h[g++];)if((!r||-1===ct.inArray(o,r)
Action.c(14):     )&&(a=ct.contains(o.ownerDocument,o),s=x(p.appendChild(o),"script"),a&&y(s),n))for(i=0;o=s
Action.c(14):     [i++];)rn.test(o.type||"")&&n.push(o);\n
Action.c(14):     return s=null,p},cleanData:function(e,t){for(var n,r,i,o,a=0,s=ct.expando,u=ct.cache,l=ct.
Action.c(14):     support.deleteExpando,c=ct.event.special;null!=(n=e[a]);a++)if((t||ct.acceptData(n))&&(i=n
Action.c(14):     [s],o=i&&u[i])){if(o.events)for(r in o.events)c[r]?ct.event.remove(n,r):ct.removeEvent(n,r
Action.c(14):     ,o.handle);u[i]&&(delete u[i],l?delete n[s]:typeof n.removeAttribute!==Y?n.removeAttribute
Action.c(14):     (s):n[s]=null,tt.push(i))}},_evalUrl:function(e){return ct.ajax({url:e,type:"GET",dataType
Action.c(14):     :"script",async:!1,global:!1,"throws":!0})}}),ct.fn.extend({wrapAll:function(e){if(ct.isFu
Action.c(14):     nction(e))return this.each(function(t){ct(this).wrapAll(e.call(this,t))\n
Action.c(14):     });if(this[0]){var t=ct(e,this[0].ownerDocument).eq(0).clone(!0);this[0].parentNode&&t.ins
Action.c(14):     ertBefore(this[0]),t.map(function(){for(var e=this;e.firstChild&&1===e.firstChild.nodeType
Action.c(14):     ;)e=e.firstChild;return e}).append(this)}return this},wrapInner:function(e){return this.ea
Action.c(14):     ch(ct.isFunction(e)?function(t){ct(this).wrapInner(e.call(this,t))}:function(){var t=ct(th
Action.c(14):     is),n=t.contents();n.length?n.wrapAll(e):t.append(e)})},wrap:function(e){var t=ct.isFuncti
Action.c(14):     on(e);return this.each(function(n){ct(this).wrapAll(t?e.call(this,n):e)\n
Action.c(14):     })},unwrap:function(){return this.parent().each(function(){ct.nodeName(this,"body")||ct(th
Action.c(14):     is).replaceWith(this.childNodes)}).end()}});var cn,fn,pn,dn=/alpha\\([^)]*\\)/i,hn=/opacit
Action.c(14):     y\\s*=\\s*([^)]*)/,gn=/^(top|right|bottom|left)$/,mn=/^(none|table(?!-c[ea]).+)/,yn=/^marg
Action.c(14):     in/,vn=RegExp("^("+ft+")(.*)$","i"),bn=RegExp("^("+ft+")(?!px)[a-z%]+$","i"),xn=RegExp("^(
Action.c(14):     [+-])=("+ft+")","i"),Tn={BODY:"block"},wn={position:"absolute",visibility:"hidden",display
Action.c(14):     :"block"},Cn={letterSpacing:0,fontWeight:400},Nn=["Top","Right","Bottom","Left"],kn=["Webk
Action.c(14):     it","O","Moz","ms"];\n
Action.c(14):     ct.fn.extend({css:function(e,n){return ct.access(this,function(e,n,r){var i,o,a={},s=0;if(
Action.c(14):     ct.isArray(n)){for(o=fn(e),i=n.length;i>s;s++)a[n[s]]=ct.css(e,n[s],!1,o);return a}return 
Action.c(14):     r!==t?ct.style(e,n,r):ct.css(e,n)},e,n,arguments.length>1)},show:function(){return N(this,
Action.c(14):     !0)},hide:function(){return N(this)},toggle:function(e){return"boolean"==typeof e?e?this.s
Action.c(14):     how():this.hide():this.each(function(){C(this)?ct(this).show():ct(this).hide()})}}),ct.ext
Action.c(14):     end({cssHooks:{opacity:{get:function(e,t){if(t){var n=pn(e,"opacity");\n
Action.c(14):     return""===n?"1":n}}}},cssNumber:{columnCount:!0,fillOpacity:!0,fontWeight:!0,lineHeight:!
Action.c(14):     0,opacity:!0,order:!0,orphans:!0,widows:!0,zIndex:!0,zoom:!0},cssProps:{"float":ct.support
Action.c(14):     .cssFloat?"cssFloat":"styleFloat"},style:function(e,n,r,i){if(e&&3!==e.nodeType&&8!==e.nod
Action.c(14):     eType&&e.style){var o,a,s,u=ct.camelCase(n),l=e.style;if(n=ct.cssProps[u]||(ct.cssProps[u]
Action.c(14):     =w(l,u)),s=ct.cssHooks[n]||ct.cssHooks[u],r===t)return s&&"get"in s&&(o=s.get(e,!1,i))!==t
Action.c(14):     ?o:l[n];if(a=typeof r,"string"===a&&(o=xn.exec(r))&&(r=(o[1]+1)*o[2]+parseFloat(ct.css(e,n
Action.c(14):     )),a="number"),!(null==r||"number"===a&&isNaN(r)||("number"!==a||ct.cssNumber[u]||(r+="px"
Action.c(14):     ),ct.support.clearCloneStyle||""!==r||0!==n.indexOf("background")||(l[n]="inherit"),s&&"se
Action.c(14):     t"in s&&(r=s.set(e,r,i))===t)))try{l[n]=r\n
Action.c(14):     }catch(c){}}},css:function(e,n,r,i){var o,a,s,u=ct.camelCase(n);return n=ct.cssProps[u]||(
Action.c(14):     ct.cssProps[u]=w(e.style,u)),s=ct.cssHooks[n]||ct.cssHooks[u],s&&"get"in s&&(a=s.get(e,!0,
Action.c(14):     r)),a===t&&(a=pn(e,n,i)),"normal"===a&&n in Cn&&(a=Cn[n]),""===r||r?(o=parseFloat(a),r===!
Action.c(14):     0||ct.isNumeric(o)?o||0:a):a}}),e.getComputedStyle?(fn=function(t){return e.getComputedSty
Action.c(14):     le(t,null)},pn=function(e,n,r){var i,o,a,s=r||fn(e),u=s?s.getPropertyValue(n)||s[n]:t,l=e.
Action.c(14):     style;return s&&(""!==u||ct.contains(e.ownerDocument,e)||(u=ct.style(e,n)),bn.test(u)&&yn.
Action.c(14):     test(n)&&(i=l.width,o=l.minWidth,a=l.maxWidth,l.minWidth=l.maxWidth=l.width=u,u=s.width,l.
Action.c(14):     width=i,l.minWidth=o,l.maxWidth=a)),u\n
Action.c(14):     }):G.documentElement.currentStyle&&(fn=function(e){return e.currentStyle},pn=function(e,n,
Action.c(14):     r){var i,o,a,s=r||fn(e),u=s?s[n]:t,l=e.style;return null==u&&l&&l[n]&&(u=l[n]),bn.test(u)&
Action.c(14):     &!gn.test(n)&&(i=l.left,o=e.runtimeStyle,a=o&&o.left,a&&(o.left=e.currentStyle.left),l.lef
Action.c(14):     t="fontSize"===n?"1em":u,u=l.pixelLeft+"px",l.left=i,a&&(o.left=a)),""===u?"auto":u}),ct.e
Action.c(14):     ach(["height","width"],function(e,n){ct.cssHooks[n]={get:function(e,r,i){return r?0===e.of
Action.c(14):     fsetWidth&&mn.test(ct.css(e,"display"))?ct.swap(e,wn,function(){return S(e,n,i)\n
Action.c(14):     }):S(e,n,i):t},set:function(e,t,r){var i=r&&fn(e);return k(e,t,r?E(e,n,r,ct.support.boxSiz
Action.c(14):     ing&&"border-box"===ct.css(e,"boxSizing",!1,i),i):0)}}}),ct.support.opacity||(ct.cssHooks.
Action.c(14):     opacity={get:f
Action.c(14): t=6806ms: 12288-byte DECODED response body for "http://s1.bdstatic.com/r/www/cache/static/jquery/jquery-1.10.2.min_65682a2.js" (RelFrameId=, Internal ID=36)
Action.c(14):     unction(e,t){return hn.test((t&&e.currentStyle?e.currentStyle.filter:e.style.filter)||"")?
Action.c(14):     .01*parseFloat(RegExp.$1)+"":t?"1":""},set:function(e,t){var n=e.style,r=e.currentStyle,i=
Action.c(14):     ct.isNumeric(t)?"alpha(opacity="+100*t+")":"",o=r&&r.filter||n.filter||"";n.zoom=1,(t>=1||
Action.c(14):     ""===t)&&""===ct.trim(o.replace(dn,""))&&n.removeAttribute&&(n.removeAttribute("filter"),"
Action.c(14):     "===t||r&&!r.filter)||(n.filter=dn.test(o)?o.replace(dn,i):o+" "+i)\n
Action.c(14):     }}),ct(function(){ct.support.reliableMarginRight||(ct.cssHooks.marginRight={get:function(e
Action.c(14):     ,n){return n?ct.swap(e,{display:"inline-block"},pn,[e,"marginRight"]):t}}),!ct.support.pix
Action.c(14):     elPosition&&ct.fn.position&&ct.each(["top","left"],function(e,n){ct.cssHooks[n]={get:funct
Action.c(14):     ion(e,r){return r?(r=pn(e,n),bn.test(r)?ct(e).position()[n]+"px":r):t}}})}),ct.expr&&ct.ex
Action.c(14):     pr.filters&&(ct.expr.filters.hidden=function(e){return 0>=e.offsetWidth&&0>=e.offsetHeight
Action.c(14):     ||!ct.support.reliableHiddenOffsets&&"none"===(e.style&&e.style.display||ct.css(e,"display
Action.c(14):     "))\n
Action.c(14):     },ct.expr.filters.visible=function(e){return!ct.expr.filters.hidden(e)}),ct.each({margin:"
Action.c(14):     ",padding:"",border:"Width"},function(e,t){ct.cssHooks[e+t]={expand:function(n){for(var r=
Action.c(14):     0,i={},o="string"==typeof n?n.split(" "):[n];4>r;r++)i[e+Nn[r]+t]=o[r]||o[r-2]||o[0];retur
Action.c(14):     n i}},yn.test(e)||(ct.cssHooks[e+t].set=k)});var En=/%20/g,Sn=/\\[\\]$/,An=/\\r?\\n/g,jn=/
Action.c(14):     ^(?:submit|button|image|reset|file)$/i,Dn=/^(?:input|select|textarea|keygen)/i;ct.fn.exten
Action.c(14):     d({serialize:function(){return ct.param(this.serializeArray())\n
Action.c(14):     },serializeArray:function(){return this.map(function(){var e=ct.prop(this,"elements");retu
Action.c(14):     rn e?ct.makeArray(e):this}).filter(function(){var e=this.type;return this.name&&!ct(this).
Action.c(14):     is(":disabled")&&Dn.test(this.nodeName)&&!jn.test(e)&&(this.checked||!tn.test(e))}).map(fu
Action.c(14):     nction(e,t){var n=ct(this).val();return null==n?null:ct.isArray(n)?ct.map(n,function(e){re
Action.c(14):     turn{name:t.name,value:e.replace(An,"\\r\\n")}}):{name:t.name,value:n.replace(An,"\\r\\n")
Action.c(14):     }}).get()}}),ct.param=function(e,n){var r,i=[],o=function(e,t){t=ct.isFunction(t)?t():null
Action.c(14):     ==t?"":t,i[i.length]=encodeURIComponent(e)+"="+encodeURIComponent(t)\n
Action.c(14):     };if(n===t&&(n=ct.ajaxSettings&&ct.ajaxSettings.traditional),ct.isArray(e)||e.jquery&&!ct.
Action.c(14):     isPlainObject(e))ct.each(e,function(){o(this.name,this.value)});else for(r in e)D(r,e[r],n
Action.c(14):     ,o);return i.join("&").replace(En,"+")},ct.each("blur focus focusin focusout load resize s
Action.c(14):     croll unload click dblclick mousedown mouseup mousemove mouseover mouseout mouseenter mous
Action.c(14):     eleave change select submit keydown keypress keyup error contextmenu".split(" "),function(
Action.c(14):     e,t){ct.fn[t]=function(e,n){return arguments.length>0?this.on(t,null,e,n):this.trigger(t)\n
Action.c(14):     }}),ct.fn.extend({hover:function(e,t){return this.mouseenter(e).mouseleave(t||e)},bind:fun
Action.c(14):     ction(e,t,n){return this.on(e,null,t,n)},unbind:function(e,t){return this.off(e,null,t)},d
Action.c(14):     elegate:function(e,t,n,r){return this.on(t,e,n,r)},undelegate:function(e,t,n){return 1===a
Action.c(14):     rguments.length?this.off(e,"**"):this.off(t,e||"**",n)}});var Ln,Hn,qn=ct.now(),_n=/\\?/,M
Action.c(14):     n=/#.*$/,On=/([?&])_=[^&]*/,Fn=/^(.*?):[ \\t]*([^\\r\\n]*)\\r?$/gm,Bn=/^(?:about|app|app-s
Action.c(14):     torage|.+-extension|file|res|widget):$/,Pn=/^(?:GET|HEAD)$/,Rn=/^\\/\\//,Wn=/^([\\w.+-]+:)
Action.c(14):     (?:\\/\\/([^\\/?#:]*)(?::(\\d+)|)|)/,$n=ct.fn.load,In={},zn={},Xn="*/".concat("*");\n
Action.c(14):     try{Hn=J.href}catch(Un){Hn=G.createElement("a"),Hn.href="",Hn=Hn.href}Ln=Wn.exec(Hn.toLowe
Action.c(14):     rCase())||[],ct.fn.load=function(e,n,r){if("string"!=typeof e&&$n)return $n.apply(this,arg
Action.c(14):     uments);var i,o,a,s=this,u=e.indexOf(" ");return u>=0&&(i=e.slice(u,e.length),e=e.slice(0,
Action.c(14):     u)),ct.isFunction(n)?(r=n,n=t):n&&"object"==typeof n&&(a="POST"),s.length>0&&ct.ajax({url:
Action.c(14):     e,type:a,dataType:"html",data:n}).done(function(e){o=arguments,s.html(i?ct("<div>").append
Action.c(14):     (ct.parseHTML(e)).find(i):e)}).complete(r&&function(e,t){s.each(r,o||[e.responseText,t,e])
Action.c(14):     \n
Action.c(14):     }),this},ct.each(["ajaxStart","ajaxStop","ajaxComplete","ajaxError","ajaxSuccess","ajaxSen
Action.c(14):     d"],function(e,t){ct.fn[t]=function(e){return this.on(t,e)}}),ct.extend({active:0,lastModi
Action.c(14):     fied:{},etag:{},ajaxSettings:{url:Hn,type:"GET",isLocal:Bn.test(Ln[1]),global:!0,processDa
Action.c(14):     ta:!0,async:!0,contentType:"application/x-www-form-urlencoded; charset=UTF-8",accepts:{"*"
Action.c(14):     :Xn,text:"text/plain",html:"text/html",xml:"application/xml, text/xml",json:"application/j
Action.c(14):     son, text/javascript"},contents:{xml:/xml/,html:/html/,json:/json/},responseFields:{xml:"r
Action.c(14):     esponseXML",text:"responseText",json:"responseJSON"},converters:{"* text":String,"text htm
Action.c(14):     l":!0,"text json":ct.parseJSON,"text xml":ct.parseXML},flatOptions:{url:!0,context:!0}},aj
Action.c(14):     axSetup:function(e,t){return t?q(q(e,ct.ajaxSettings),t):q(ct.ajaxSettings,e)\n
Action.c(14):     },ajaxPrefilter:L(In),ajaxTransport:L(zn),ajax:function(e,n){function r(e,n,r,i){var o,f,v
Action.c(14):     ,b,T,C=n;2!==x&&(x=2,u&&clearTimeout(u),c=t,s=i||"",w.readyState=e>0?4:0,o=e>=200&&300>e||
Action.c(14):     304===e,r&&(b=_(p,w,r)),b=M(p,b,w,o),o?(p.ifModified&&(T=w.getResponseHeader("Last-Modifie
Action.c(14):     d"),T&&(ct.lastModified[a]=T),T=w.getResponseHeader("etag"),T&&(ct.etag[a]=T)),204===e||"H
Action.c(14):     EAD"===p.type?C="nocontent":304===e?C="notmodified":(C=b.state,f=b.data,v=b.error,o=!v)):(
Action.c(14):     v=C,(e||!C)&&(C="error",0>e&&(e=0))),w.status=e,w.statusText=(n||C)+"",o?g.resolveWith(d,[
Action.c(14):     f,C,w]):g.rejectWith(d,[w,C,v]),w.statusCode(y),y=t,l&&h.trigger(o?"ajaxSuccess":"ajaxErro
Action.c(14):     r",[w,p,o?f:v]),m.fireWith(d,[w,C]),l&&(h.trigger("ajaxComplete",[w,p]),--ct.active||ct.ev
Action.c(14):     ent.trigger("ajaxStop")))\n
Action.c(14):     }"object"==typeof e&&(n=e,e=t),n=n||{};var i,o,a,s,u,l,c,f,p=ct.ajaxSetup({},n),d=p.contex
Action.c(14):     t||p,h=p.context&&(d.nodeType||d.jquery)?ct(d):ct.event,g=ct.Deferred(),m=ct.Callbacks("on
Action.c(14):     ce memory"),y=p.statusCode||{},v={},b={},x=0,T="canceled",w={readyState:0,getResponseHeade
Action.c(14):     r:function(e){var t;if(2===x){if(!f)for(f={};t=Fn.exec(s);)f[t[1].toLowerCase()]=t[2];t=f[
Action.c(14):     e.toLowerCase()]}return null==t?null:t},getAllResponseHeaders:function(){return 2===x?s:nu
Action.c(14):     ll},setRequestHeader:function(e,t){var n=e.toLowerCase();\n
Action.c(14):     return x||(e=b[n]=b[n]||e,v[e]=t),this},overrideMimeType:function(e){return x||(p.mimeType
Action.c(14):     =e),this},statusCode:function(e){var t;if(e)if(2>x)for(t in e)y[t]=[y[t],e[t]];else w.alwa
Action.c(14):     ys(e[w.status]);return this},abort:function(e){var t=e||T;return c&&c.abort(t),r(0,t),this
Action.c(14):     }};if(g.promise(w).complete=m.add,w.success=w.done,w.error=w.fail,p.url=((e||p.url||Hn)+""
Action.c(14):     ).replace(Mn,"").replace(Rn,Ln[1]+"//"),p.type=n.method||n.type||p.method||p.type,p.dataTy
Action.c(14):     pes=ct.trim(p.dataType||"*").toLowerCase().match(pt)||[""],null==p.crossDomain&&(i=Wn.exec
Action.c(14):     (p.url.toLowerCase()),p.crossDomain=!(!i||i[1]===Ln[1]&&i[2]===Ln[2]&&(i[3]||("http:"===i[
Action.c(14):     1]?"80":"443"))===(Ln[3]||("http:"===Ln[1]?"80":"443")))),p.data&&p.processData&&"string"!
Action.c(14):     =typeof p.data&&(p.data=ct.param(p.data,p.traditional)),H(In,p,n,w),2===x)return w;\n
Action.c(14):     l=p.global,l&&0===ct.active++&&ct.event.trigger("ajaxStart"),p.type=p.type.toUpperCase(),p
Action.c(14):     .hasContent=!Pn.test(p.type),a=p.url,p.hasContent||(p.data&&(a=p.url+=(_n.test(a)?"&":"?")
Action.c(14):     +p.data,delete p.data),p.cache===!1&&(p.url=On.test(a)?a.replace(On,"$1_="+qn++):a+(_n.tes
Action.c(14):     t(a)?"&":"?")+"_="+qn++)),p.ifModified&&(ct.lastModified[a]&&w.setRequestHeader("If-Modifi
Action.c(14):     ed-Since",ct.lastModified[a]),ct.etag[a]&&w.setRequestHeader("If-None-Match",ct.etag[a])),
Action.c(14):     (p.data&&p.hasContent&&p.contentType!==!1||n.contentType)&&w.setRequestHeader("Content-Typ
Action.c(14):     e",p.contentType),w.setRequestHeader("Accept",p.dataTypes[0]&&p.accepts[p.dataTypes[0]]?p.
Action.c(14):     accepts[p.dataTypes[0]]+("*"!==p.dataTypes[0]?", "+Xn+"; q=0.01":""):p.accepts["*"]);\n
Action.c(14):     for(o in p.headers)w.setRequestHeader(o,p.headers[o]);if(p.beforeSend&&(p.beforeSend.call(
Action.c(14):     d,w,p)===!1||2===x))return w.abort();T="abort";for(o in{success:1,error:1,complete:1})w[o]
Action.c(14):     (p[o]);if(c=H(zn,p,n,w)){w.readyState=1,l&&h.trigger("ajaxSend",[w,p]),p.async&&p.timeout>
Action.c(14):     0&&(u=setTimeout(function(){w.abort("timeout")},p.timeout));try{x=1,c.send(v,r)}catch(C){i
Action.c(14):     f(!(2>x))throw C;r(-1,C)}}else r(-1,"No Transport");return w},getJSON:function(e,t,n){retu
Action.c(14):     rn ct.get(e,t,n,"json")},getScript:function(e,n){return ct.get(e,t,n,"script")\n
Action.c(14):     }}),ct.each(["get","post"],function(e,n){ct[n]=function(e,r,i,o){return ct.isFunction(r)&&
Action.c(14):     (o=o||i,i=r,r=t),ct.ajax({url:e,type:n,dataType:o,data:r,success:i})}}),ct.ajaxSetup({acce
Action.c(14):     pts:{script:"text/javascript, application/javascript, application/ecmascript, application/
Action.c(14):     x-ecmascript"},contents:{script:/(?:java|ecma)script/},converters:{"text script":function(
Action.c(14):     e){return ct.globalEval(e),e}}}),ct.ajaxPrefilter("script",function(e){e.cache===t&&(e.cac
Action.c(14):     he=!1),e.crossDomain&&(e.type="GET",e.global=!1)}),ct.ajaxTransport("script",function(e){i
Action.c(14):     f(e.crossDomain){var n,r=G.head||ct("head")[0]||G.documentElement;\n
Action.c(14):     return{send:function(t,i){n=G.createElement("script"),n.async=!0,e.scriptCharset&&(n.chars
Action.c(14):     et=e.scriptCharset),n.src=e.url,n.onload=n.onreadystatechange=function(e,t){(t||!n.readySt
Action.c(14):     ate||/loaded|complete/.test(n.readyState))&&(n.onload=n.onreadystatechange=null,n.parentNo
Action.c(14):     de&&n.parentNode.removeChild(n),n=null,t||i(200,"success"))},r.insertBefore(n,r.firstChild
Action.c(14):     )},abort:function(){n&&n.onload(t,!0)}}}});var Vn=[],Yn=/(=)\\?(?=&|$)|\\?\\?/;ct.ajaxSetu
Action.c(14):     p({jsonp:"callback",jsonpCallback:function(){var e=Vn.pop()||ct.expando+"_"+qn++;\n
Action.c(14):     return this[e]=!0,e}}),ct.ajaxPrefilter("json jsonp",function(n,r,i){var o,a,s,u=n.jsonp!=
Action.c(14):     =!1&&(Yn.test(n.url)?"url":"string"==typeof n.data&&!(n.contentType||"").indexOf("applicat
Action.c(14):     ion/x-www-form-urlencoded")&&Yn.test(n.data)&&"data");return u||"jsonp"===n.dataTypes[0]?(
Action.c(14):     o=n.jsonpCallback=ct.isFunction(n.jsonpCallback)?n.jsonpCallback():n.jsonpCallback,u?n[u]=
Action.c(14):     n[u].replace(Yn,"$1"+o):n.jsonp!==!1&&(n.url+=(_n.test(n.url)?"&":"?")+n.jsonp+"="+o),n.co
Action.c(14):     nverters["script json"]=function(){return s||ct.error(o+" was not called"),s[0]\n
Action.c(14):     },n.dataTypes[0]="json",a=e[o],e[o]=function(){s=arguments},i.always(function(){e[o]=a,n[o
Action.c(14):     ]&&(n.jsonpCallback=r.jsonpCallback,Vn.push(o)),s&&ct.isFunction(a)&&a(s[0]),s=a=t}),"scri
Action.c(14):     pt"):t});var Jn,Gn,Qn=0,Kn=e.ActiveXObject&&function(){var e;for(e in Jn)Jn[e](t,!0)};ct.a
Action.c(14):     jaxSettings.xhr=e.ActiveXObject?function(){return!this.isLocal&&O()||F()}:O,Gn=ct.ajaxSett
Action.c(14):     ings.xhr(),ct.support.cors=!!Gn&&"withCredentials"in Gn,Gn=ct.support.ajax=!!Gn,Gn&&ct.aja
Action.c(14):     xTransport(function(n){if(!n.crossDomain||ct.support.cors){var r;\n
Action.c(14):     return{send:function(i,o){var a,s,u=n.xhr();if(n.username?u.open(n.type,n.url,n.async,n.us
Action.c(14):     ername,n.password):u.open(n.type,n.url,n.async),n.xhrFields)for(s in n.xhrFields)u[s]=n.xh
Action.c(14):     rFields[s];n.mimeType&&u.overrideMimeType&&u.overrideMimeType(n.mimeType),n.crossDomain||i
Action.c(14):     ["X-Requested-With"]||(i["X-Requested-With"]="XMLHttpRequest");try{for(s in i)u.setRequest
Action.c(14):     Header(s,i[s])}catch(l){}u.send(n.hasContent&&n.data||null),r=function(e,i){var s,l,c,f;tr
Action.c(14):     y{if(r&&(i||4===u.readyState))if(r=t,a&&(u.onreadystatechange=ct.noop,Kn&&delete Jn[a]),i)
Action.c(14):     4!==u.readyState&&u.abort();\n
Action.c(14):     else{f={},s=u.status,l=u.getAllResponseHeaders(),"string"==typeof u.responseText&&(f.text=
Action.c(14):     u.responseText);try{c=u.statusText}catch(p){c=""}s||!n.isLocal||n.crossDomain?1223===s&&(s
Action.c(14):     =204):s=f.text?200:404}}catch(d){i||o(-1,d)}f&&o(s,c,f,l)},n.async?4===u.readyState?setTim
Action.c(14):     eout(r):(a=++Qn,Kn&&(Jn||(Jn={},ct(e).unload(Kn)),Jn[a]=r),u.onreadystatechange=r):r()},ab
Action.c(14):     ort:function(){r&&r(t,!0)}}}});var Zn,er,tr=/^(?:toggle|show|hide)$/,nr=RegExp("^(?:([+-])
Action.c(14):     =|)("+ft+")([a-z%]*)$","i"),rr=/queueHooks$/,ir=[$],or={"*":[function(e,t){var n=this.crea
Action.c(14):     teTween(e,t),r=n.cur(),i=nr.exec(t),o=i&&i[3]||(ct.cssNumber[e]?"":"px"),a=(ct.cssNumber[e
Action.c(14):     ]||"px"!==o&&+r)&&nr.exec(ct.css(n.elem,e)),s=1,u=20;\n
Action.c(14):     if(a&&a[3]!==o){o=o||a[3],i=i||[],a=+r||1;do s=s||".5",a/=s,ct.style(n.elem,e,a+o);while(s
Action.c(14):     !==(s=n.cur()/r)&&1!==s&&--u)}return i&&(a=n.start=+a||+r||0,n.unit=o,n.end=i[1]?a+(i[1]+1
Action.c(14):     )*i[2]:+i[2]),n}]};ct.Animation=ct.extend(R,{tweener:function(e,t){ct.isFunction(e)?(t=e,e
Action.c(14):     =["*"]):e=e.split(" ");for(var n,r=0,i=e.length;i>r;r++)n=e[r],or[n]=or[n]||[],or[n].unshi
Action.c(14):     ft(t)},prefilter:function(e,t){t?ir.unshift(e):ir.push(e)}}),ct.Tween=I,I.prototype={const
Action.c(14):     ructor:I,init:function(e,t,n,r,i,o){this.elem=e,this.prop=n,this.easing=i||"swing",this.op
Action.c(14):     tions=t,this.start=this.now=this.cur(),this.end=r,this.unit=o||(ct.cssNumber[n]?"":"px")\n
Action.c(14):     },cur:function(){var e=I.propHooks[this.prop];return e&&e.get?e.get(this):I.propHooks._def
Action.c(14):     ault.get(this)},run:function(e){var t,n=I.propHooks[this.prop];return this.pos=t=this.opti
Action.c(14):     ons.duration?ct.easing[this.easing](e,this.options.duration*e,0,1,this.options.duration):e
Action.c(14):     ,this.now=(this.end-this.start)*t+this.start,this.options.step&&this.optio
Action.c(14): t=6808ms: 5923-byte DECODED response body for "http://s1.bdstatic.com/r/www/cache/static/jquery/jquery-1.10.2.min_65682a2.js" (RelFrameId=, Internal ID=36)
Action.c(14):     ns.step.call(this.elem,this.now,this),n&&n.set?n.set(this):I.propHooks._default.set(this),
Action.c(14):     this}},I.prototype.init.prototype=I.prototype,I.propHooks={_default:{get:function(e){var t
Action.c(14):     ;\n
Action.c(14):     return null==e.elem[e.prop]||e.elem.style&&null!=e.elem.style[e.prop]?(t=ct.css(e.elem,e.p
Action.c(14):     rop,""),t&&"auto"!==t?t:0):e.elem[e.prop]},set:function(e){ct.fx.step[e.prop]?ct.fx.step[e
Action.c(14):     .prop](e):e.elem.style&&(null!=e.elem.style[ct.cssProps[e.prop]]||ct.cssHooks[e.prop])?ct.
Action.c(14):     style(e.elem,e.prop,e.now+e.unit):e.elem[e.prop]=e.now}}},I.propHooks.scrollTop=I.propHook
Action.c(14):     s.scrollLeft={set:function(e){e.elem.nodeType&&e.elem.parentNode&&(e.elem[e.prop]=e.now)}}
Action.c(14):     ,ct.each(["toggle","show","hide"],function(e,t){var n=ct.fn[t];\n
Action.c(14):     ct.fn[t]=function(e,r,i){return null==e||"boolean"==typeof e?n.apply(this,arguments):this.
Action.c(14):     animate(z(t,!0),e,r,i)}}),ct.fn.extend({fadeTo:function(e,t,n,r){return this.filter(C).css
Action.c(14):     ("opacity",0).show().end().animate({opacity:t},e,n,r)},animate:function(e,t,n,r){var i=ct.
Action.c(14):     isEmptyObject(e),o=ct.speed(t,n,r),a=function(){var t=R(this,ct.extend({},e),o);(i||ct._da
Action.c(14):     ta(this,"finish"))&&t.stop(!0)};return a.finish=a,i||o.queue===!1?this.each(a):this.queue(
Action.c(14):     o.queue,a)},stop:function(e,n,r){var i=function(e){var t=e.stop;\n
Action.c(14):     delete e.stop,t(r)};return"string"!=typeof e&&(r=n,n=e,e=t),n&&e!==!1&&this.queue(e||"fx",
Action.c(14):     []),this.each(function(){var t=!0,n=null!=e&&e+"queueHooks",o=ct.timers,a=ct._data(this);i
Action.c(14):     f(n)a[n]&&a[n].stop&&i(a[n]);else for(n in a)a[n]&&a[n].stop&&rr.test(n)&&i(a[n]);for(n=o.
Action.c(14):     length;n--;)o[n].elem!==this||null!=e&&o[n].queue!==e||(o[n].anim.stop(r),t=!1,o.splice(n,
Action.c(14):     1));(t||!r)&&ct.dequeue(this,e)})},finish:function(e){return e!==!1&&(e=e||"fx"),this.each
Action.c(14):     (function(){var t,n=ct._data(this),r=n[e+"queue"],i=n[e+"queueHooks"],o=ct.timers,a=r?r.le
Action.c(14):     ngth:0;\n
Action.c(14):     for(n.finish=!0,ct.queue(this,e,[]),i&&i.stop&&i.stop.call(this,!0),t=o.length;t--;)o[t].e
Action.c(14):     lem===this&&o[t].queue===e&&(o[t].anim.stop(!0),o.splice(t,1));for(t=0;a>t;t++)r[t]&&r[t].
Action.c(14):     finish&&r[t].finish.call(this);delete n.finish})}}),ct.each({slideDown:z("show"),slideUp:z
Action.c(14):     ("hide"),slideToggle:z("toggle"),fadeIn:{opacity:"show"},fadeOut:{opacity:"hide"},fadeTogg
Action.c(14):     le:{opacity:"toggle"}},function(e,t){ct.fn[e]=function(e,n,r){return this.animate(t,e,n,r)
Action.c(14):     }}),ct.speed=function(e,t,n){var r=e&&"object"==typeof e?ct.extend({},e):{complete:n||!n&&
Action.c(14):     t||ct.isFunction(e)&&e,duration:e,easing:n&&t||t&&!ct.isFunction(t)&&t};\n
Action.c(14):     return r.duration=ct.fx.off?0:"number"==typeof r.duration?r.duration:r.duration in ct.fx.s
Action.c(14):     peeds?ct.fx.speeds[r.duration]:ct.fx.speeds._default,(null==r.queue||r.queue===!0)&&(r.que
Action.c(14):     ue="fx"),r.old=r.complete,r.complete=function(){ct.isFunction(r.old)&&r.old.call(this),r.q
Action.c(14):     ueue&&ct.dequeue(this,r.queue)},r},ct.easing={linear:function(e){return e},swing:function(
Action.c(14):     e){return.5-Math.cos(e*Math.PI)/2}},ct.timers=[],ct.fx=I.prototype.init,ct.fx.tick=functio
Action.c(14):     n(){var e,n=ct.timers,r=0;for(Zn=ct.now();n.length>r;r++)e=n[r],e()||n[r]!==e||n.splice(r-
Action.c(14):     -,1);\n
Action.c(14):     n.length||ct.fx.stop(),Zn=t},ct.fx.timer=function(e){e()&&ct.timers.push(e)&&ct.fx.start()
Action.c(14):     },ct.fx.interval=13,ct.fx.start=function(){er||(er=setInterval(ct.fx.tick,ct.fx.interval))
Action.c(14):     },ct.fx.stop=function(){clearInterval(er),er=null},ct.fx.speeds={slow:600,fast:200,_defaul
Action.c(14):     t:400},ct.fx.step={},ct.expr&&ct.expr.filters&&(ct.expr.filters.animated=function(e){retur
Action.c(14):     n ct.grep(ct.timers,function(t){return e===t.elem}).length}),ct.fn.offset=function(e){if(a
Action.c(14):     rguments.length)return e===t?this:this.each(function(t){ct.offset.setOffset(this,e,t)\n
Action.c(14):     });var n,r,i={top:0,left:0},o=this[0],a=o&&o.ownerDocument;return a?(n=a.documentElement,c
Action.c(14):     t.contains(n,o)?(typeof o.getBoundingClientRect!==Y&&(i=o.getBoundingClientRect()),r=X(a),
Action.c(14):     {top:i.top+(r.pageYOffset||n.scrollTop)-(n.clientTop||0),left:i.left+(r.pageXOffset||n.scr
Action.c(14):     ollLeft)-(n.clientLeft||0)}):i):void 0},ct.offset={setOffset:function(e,t,n){var r=ct.css(
Action.c(14):     e,"position");"static"===r&&(e.style.position="relative");var i,o,a=ct(e),s=a.offset(),u=c
Action.c(14):     t.css(e,"top"),l=ct.css(e,"left"),c=("absolute"===r||"fixed"===r)&&ct.inArray("auto",[u,l]
Action.c(14):     )>-1,f={},p={};\n
Action.c(14):     c?(p=a.position(),i=p.top,o=p.left):(i=parseFloat(u)||0,o=parseFloat(l)||0),ct.isFunction(
Action.c(14):     t)&&(t=t.call(e,n,s)),null!=t.top&&(f.top=t.top-s.top+i),null!=t.left&&(f.left=t.left-s.le
Action.c(14):     ft+o),"using"in t?t.using.call(e,f):a.css(f)}},ct.fn.extend({position:function(){if(this[0
Action.c(14):     ]){var e,t,n={top:0,left:0},r=this[0];return"fixed"===ct.css(r,"position")?t=r.getBounding
Action.c(14):     ClientRect():(e=this.offsetParent(),t=this.offset(),ct.nodeName(e[0],"html")||(n=e.offset(
Action.c(14):     )),n.top+=ct.css(e[0],"borderTopWidth",!0),n.left+=ct.css(e[0],"borderLeftWidth",!0)),{top
Action.c(14):     :t.top-n.top-ct.css(r,"marginTop",!0),left:t.left-n.left-ct.css(r,"marginLeft",!0)}\n
Action.c(14):     }},offsetParent:function(){return this.map(function(){for(var e=this.offsetParent||Q;e&&!c
Action.c(14):     t.nodeName(e,"html")&&"static"===ct.css(e,"position");)e=e.offsetParent;return e||Q})}}),c
Action.c(14):     t.each({scrollLeft:"pageXOffset",scrollTop:"pageYOffset"},function(e,n){var r=/Y/.test(n);
Action.c(14):     ct.fn[e]=function(i){return ct.access(this,function(e,i,o){var a=X(e);return o===t?a?n in 
Action.c(14):     a?a[n]:a.document.documentElement[i]:e[i]:(a?a.scrollTo(r?ct(a).scrollLeft():o,r?o:ct(a).s
Action.c(14):     crollTop()):e[i]=o,t)},e,i,arguments.length,null)}}),ct.each({Height:"height",Width:"width
Action.c(14):     "},function(e,n){ct.each({padding:"inner"+e,content:n,"":"outer"+e},function(r,i){ct.fn[i]
Action.c(14):     =function(i,o){var a=arguments.length&&(r||"boolean"!=typeof i),s=r||(i===!0||o===!0?"marg
Action.c(14):     in":"border");\n
Action.c(14):     return ct.access(this,function(n,r,i){var o;return ct.isWindow(n)?n.document.documentEleme
Action.c(14):     nt["client"+e]:9===n.nodeType?(o=n.documentElement,Math.max(n.body["scroll"+e],o["scroll"+
Action.c(14):     e],n.body["offset"+e],o["offset"+e],o["client"+e])):i===t?ct.css(n,r,s):ct.style(n,r,i,s)}
Action.c(14):     ,n,a?i:t,a,null)}})}),ct.fn.size=function(){return this.length},ct.fn.andSelf=ct.fn.addBac
Action.c(14):     k,"object"==typeof module&&module&&"object"==typeof module.exports?module.exports=ct:(e.jQ
Action.c(14):     uery=e.$=ct,"function"==typeof define&&define.amd&&define("jquery",[],function(){return ct
Action.c(14):     \n
Action.c(14):     }))}(window);
Action.c(14): t=6809ms: Request done "http://s1.bdstatic.com/r/www/cache/static/jquery/jquery-1.10.2.min_65682a2.js"  	[MsgId: MMSG-26000]
Action.c(14): t=6811ms: 266-byte response headers for "http://suggestion.baidu.com/su?wd=%E8%99%AB%E5%B8%88%20&p=3&cb=window.bdsug.sug&sid=1440_2031_1945_1788&t=1362056247969" (RelFrameId=, Internal ID=31)
Action.c(14):     HTTP/1.1 200 OK\r\n
Action.c(14):     Date: Mon, 24 Dec 2018 06:58:38 GMT\r\n
Action.c(14):     Server: suggestion.baidu.zbb.df\r\n
Action.c(14):     Content-Length: 120\r\n
Action.c(14):     Content-Type: text/javascript; charset=gbk\r\n
Action.c(14):     Cache-Control: private\r\n
Action.c(14):     Expires: Mon, 24 Dec 2018 07:58:38 GMT\r\n
Action.c(14):     Content-Encoding: gzip\r\n
Action.c(14):     Connection: Keep-Alive\r\n
Action.c(14):     \r\n
Action.c(14): t=6811ms: 120-byte ENCODED response body received for "http://suggestion.baidu.com/su?wd=%E8%99%AB%E5%B8%88%20&p=3&cb=window.bdsug.sug&sid=1440_2031_1945_1788&t=1362056247969" (RelFrameId=, Internal ID=31)
Action.c(14): t=6811ms: 140-byte DECODED response body for "http://suggestion.baidu.com/su?wd=%E8%99%AB%E5%B8%88%20&p=3&cb=window.bdsug.sug&sid=1440_2031_1945_1788&t=1362056247969" (RelFrameId=, Internal ID=31)
Action.c(14):     window.bdsug.sug({q:"虫师 ",p:false,s:["虫师","虫师博客","虫师 漫画","虫师 selenium","虫师
Action.c(14):      豆瓣","虫师 robot","虫师 测试","虫师的好朋友"]});
Action.c(14): t=6811ms: Request done "http://suggestion.baidu.com/su?wd=%E8%99%AB%E5%B8%88%20&p=3&cb=window.bdsug.sug&sid=1440_2031_1945_1788&t=1362056247969"  	[MsgId: MMSG-26000]
Action.c(14): t=6811ms: Already connected [5] to suggestion.baidu.com:80  	[MsgId: MMSG-26000]
Action.c(14): t=6811ms: 503-byte request headers for "http://suggestion.baidu.com/su?wd=%E8%99%AB%E5%B8%88%20%E5%8D%9A%E5%AE%A2%E5%9B%AD&p=3&cb=window.bdsug.sug&sid=1440_2031_1945_1788&t=1362056251016" (RelFrameId=, Internal ID=32)
Action.c(14):     GET /su?wd=%E8%99%AB%E5%B8%88%20%E5%8D%9A%E5%AE%A2%E5%9B%AD&p=3&cb=window.bdsug.sug&sid=14
Action.c(14):     40_2031_1945_1788&t=1362056251016 HTTP/1.1\r\n
Action.c(14):     Referer: http://www.baidu.com/\r\n
Action.c(14):     User-Agent: Mozilla/4.0 (compatible; MSIE 6.0; Windows NT)\r\n
Action.c(14):     Accept-Encoding: gzip, deflate\r\n
Action.c(14):     Accept: */*\r\n
Action.c(14):     Connection: Keep-Alive\r\n
Action.c(14):     Host: suggestion.baidu.com\r\n
Action.c(14):     Cookie: BAIDUID=58CF335125C1D50AC219A8ACC27337B4:FG=1; BIDUPSID=58CF335125C1D50AC219A8ACC2
Action.c(14):     7337B4; PSTM=1545634717; delPer=0; H_PS_PSSID=1431_27209_21080_28132_27751_28139_22075\r\n
Action.c(14):     \r\n
Action.c(14): t=7075ms: 299-byte response headers for "http://www.baidu.com/favicon.ico" (RelFrameId=, Internal ID=28)
Action.c(14):     HTTP/1.1 200 OK\r\n
Action.c(14):     Accept-Ranges: bytes\r\n
Action.c(14):     Connection: Keep-Alive\r\n
Action.c(14):     Content-Encoding: gzip\r\n
Action.c(14):     Content-Length: 984\r\n
Action.c(14):     Content-Type: image/x-icon\r\n
Action.c(14):     Date: Mon, 24 Dec 2018 06:58:38 GMT\r\n
Action.c(14):     Etag: "423e-55c8139094a40"\r\n
Action.c(14):     Last-Modified: Fri, 27 Oct 2017 06:16:01 GMT\r\n
Action.c(14):     Server: Apache\r\n
Action.c(14):     Vary: Accept-Encoding,User-Agent\r\n
Action.c(14):     \r\n
Action.c(14): t=7075ms: 984-byte ENCODED response body received for "http://www.baidu.com/favicon.ico" (RelFrameId=, Internal ID=28)
Action.c(14): t=7076ms: 12288-byte DECODED response body for "http://www.baidu.com/favicon.ico" (RelFrameId=, Internal ID=28)
Action.c(14): t=7076ms: 4670-byte DECODED response body for "http://www.baidu.com/favicon.ico" (RelFrameId=, Internal ID=28)
Action.c(14): t=7076ms: Request done "http://www.baidu.com/favicon.ico"  	[MsgId: MMSG-26000]
Action.c(14): t=7097ms: 311-byte response headers for "http://www.baidu.com/img/baidu_jgylogo3.gif" (RelFrameId=, Internal ID=35)
Action.c(14):     HTTP/1.1 200 OK\r\n
Action.c(14):     Accept-Ranges: bytes\r\n
Action.c(14):     Cache-Control: max-age=315360000\r\n
Action.c(14):     Connection: Keep-Alive\r\n
Action.c(14):     Content-Length: 705\r\n
Action.c(14):     Content-Type: image/gif\r\n
Action.c(14):     Date: Mon, 24 Dec 2018 06:58:38 GMT\r\n
Action.c(14):     Etag: "2c1-4a6473f6030c0"\r\n
Action.c(14):     Expires: Thu, 21 Dec 2028 06:58:38 GMT\r\n
Action.c(14):     Last-Modified: Wed, 22 Jun 2011 06:40:43 GMT\r\n
Action.c(14):     Server: Apache\r\n
Action.c(14):     \r\n
Action.c(14): t=7097ms: 705-byte response body for "http://www.baidu.com/img/baidu_jgylogo3.gif" (RelFrameId=, Internal ID=35)
Action.c(14): t=7097ms: Request done "http://www.baidu.com/img/baidu_jgylogo3.gif"  	[MsgId: MMSG-26000]
Action.c(14): t=7128ms: 241-byte response headers for "http://suggestion.baidu.com/su?wd=%E8%99%AB%E5%B8%88%20%E5%8D%9A%E5%AE%A2%E5%9B%AD&p=3&cb=window.bdsug.sug&sid=1440_2031_1945_1788&t=1362056251016" (RelFrameId=, Internal ID=32)
Action.c(14):     HTTP/1.1 200 OK\r\n
Action.c(14):     Date: Mon, 24 Dec 2018 06:58:38 GMT\r\n
Action.c(14):     Server: suggestion.baidu.zbb.df\r\n
Action.c(14):     Content-Length: 49\r\n
Action.c(14):     Content-Type: text/javascript; charset=gbk\r\n
Action.c(14):     Cache-Control: private\r\n
Action.c(14):     Expires: Mon, 24 Dec 2018 07:58:38 GMT\r\n
Action.c(14):     Connection: Keep-Alive\r\n
Action.c(14):     \r\n
Action.c(14): t=7128ms: 49-byte response body for "http://suggestion.baidu.com/su?wd=%E8%99%AB%E5%B8%88%20%E5%8D%9A%E5%AE%A2%E5%9B%AD&p=3&cb=window.bdsug.sug&sid=1440_2031_1945_1788&t=1362056251016" (RelFrameId=, Internal ID=32)
Action.c(14):     window.bdsug.sug({q:"虫师 博客园",p:false,s:[]});
Action.c(14): t=7128ms: Request done "http://suggestion.baidu.com/su?wd=%E8%99%AB%E5%B8%88%20%E5%8D%9A%E5%AE%A2%E5%9B%AD&p=3&cb=window.bdsug.sug&sid=1440_2031_1945_1788&t=1362056251016"  	[MsgId: MMSG-26000]
Action.c(14): t=9735ms: Connected socket [4] from 172.16.1.100:1595 to 14.215.177.44:80 in 3009 ms  	[MsgId: MMSG-26000]
Action.c(14): t=9736ms: 461-byte request headers for "http://suggestion.baidu.com/su?wd=&cb=window.bdsug.sugPreRequest&sid=1440_2031_1945_1788&t=1362056239875" (RelFrameId=, Internal ID=29)
Action.c(14):     GET /su?wd=&cb=window.bdsug.sugPreRequest&sid=1440_2031_1945_1788&t=1362056239875 HTTP/1.1
Action.c(14):     \r\n
Action.c(14):     Referer: http://www.baidu.com/\r\n
Action.c(14):     User-Agent: Mozilla/4.0 (compatible; MSIE 6.0; Windows NT)\r\n
Action.c(14):     Accept-Encoding: gzip, deflate\r\n
Action.c(14):     Accept: */*\r\n
Action.c(14):     Connection: Keep-Alive\r\n
Action.c(14):     Host: suggestion.baidu.com\r\n
Action.c(14):     Cookie: BAIDUID=58CF335125C1D50AC219A8ACC27337B4:FG=1; BIDUPSID=58CF335125C1D50AC219A8ACC2
Action.c(14):     7337B4; PSTM=1545634717; delPer=0; H_PS_PSSID=1431_27209_21080_28132_27751_28139_22075\r\n
Action.c(14):     \r\n
Action.c(14): t=9745ms: 201-byte response headers for "http://suggestion.baidu.com/su?wd=&cb=window.bdsug.sugPreRequest&sid=1440_2031_1945_1788&t=1362056239875" (RelFrameId=, Internal ID=29)
Action.c(14):     HTTP/1.1 200 OK\r\n
Action.c(14):     Date: Mon, 24 Dec 2018 06:58:40 GMT\r\n
Action.c(14):     Server: suggestion.baidu.zbb.df\r\n
Action.c(14):     Content-Length: 86\r\n
Action.c(14):     Content-Type: text/javascript; charset=gbk\r\n
Action.c(14):     Cache-Control: private\r\n
Action.c(14):     Connection: Keep-Alive\r\n
Action.c(14):     \r\n
Action.c(14): t=9746ms: 86-byte response body for "http://suggestion.baidu.com/su?wd=&cb=window.bdsug.sugPreRequest&sid=1440_2031_1945_1788&t=1362056239875" (RelFrameId=, Internal ID=29)
Action.c(14):     window.bdsug.sugPreRequest({"q":"","p":false,"bs":"","csor":"0","status":770,"s":[]});
Action.c(14): t=9746ms: Request done "http://suggestion.baidu.com/su?wd=&cb=window.bdsug.sugPreRequest&sid=1440_2031_1945_1788&t=1362056239875"  	[MsgId: MMSG-26000]
Action.c(14): web_url("www.baidu.com") was successful, 94987 body bytes, 4401 header bytes, 35 chunking overhead bytes  	[MsgId: MMSG-26385]
Action.c(31): Notify: Transaction "百度首页" ended with "Pass" status (Duration: 3.0786).	[MsgId: MMSG-16873]
Ending action Action.	[MsgId: MMSG-15918]
Action was aborted.	[MsgId: MMSG-10694]
Ending Vuser...	[MsgId: MMSG-15966]
Starting action vuser_end.	[MsgId: MMSG-15919]
Ending action vuser_end.	[MsgId: MMSG-15918]
Vuser Terminated.	[MsgId: MMSG-15963]
t=9747ms: Closed connection [0] to www.baidu.com:80 after completing 4 requests  	[MsgId: MMSG-26000]
t=9747ms: Closed connection [1] to s1.bdstatic.com:80 after completing 1 request  	[MsgId: MMSG-26000]
t=9748ms: Closed connection [2] to s1.bdstatic.com:80 after completing 2 requests  	[MsgId: MMSG-26000]
t=9748ms: Closed connection [3] to www.baidu.com:80 after completing 1 request  	[MsgId: MMSG-26000]
t=9748ms: Closed connection [4] to suggestion.baidu.com:80 after completing 1 request  	[MsgId: MMSG-26000]
t=9748ms: Closed connection [5] to suggestion.baidu.com:80 after completing 3 requests  	[MsgId: MMSG-26000]
HTML-Mode memory management statistics: Reusable=3, NonReusable=0, CsMemBlockSize=4096, checks disabled  	[MsgId: MMSG-26000]
Vuser 0 (thread 3964), ended OK."	[MsgId: MMSG-10695]
