Virtual User Script started at : 2019-01-22 12:29:23	[MsgId: MMSG-15967]
Starting action vuser_init.	[MsgId: MMSG-15919]
Web Turbo Replay of LoadRunner 11.0.0 for Windows 7; build 8859 (Aug 18 2010 20:14:31)  	[MsgId: MMSG-27143]
Run Mode: HTML  	[MsgId: MMSG-26000]
Run-Time Settings file: "C:\Users\Administrator\AppData\Local\Temp\lr5tmpdirR7Q.250\lrcfgBoc.251\cfgTDt.255"  	[MsgId: MMSG-27141]
Ending action vuser_init.	[MsgId: MMSG-15918]
Running Vuser...	[MsgId: MMSG-15964]
Starting iteration 1.	[MsgId: MMSG-15968]
Starting action Action.	[MsgId: MMSG-15919]
Action.c(7): Registering web_reg_save_param_ex was successful  	[MsgId: MMSG-26390]
Action.c(15): Notify: Transaction "进入相册动态" started.	[MsgId: MMSG-16999]
Action.c(17): web_add_header("Accept-Encoding") was successful  	[MsgId: MMSG-26392]
Action.c(20): Notify: Parameter Substitution: parameter "requestUrl" =  "http://118.126.89.154:58080"	[MsgId: MMSG-13992]
Action.c(20): Notify: Parameter Substitution: parameter "userToken" =  "MzJFN0I0MTMxNkVFNjRDRTRFMkREREM5ODVBNjhEMjAzODZFMDRGM0IxMDM2QTkyQTlDMjRBRUFERTcyOUZCMkRERDU4QkM2MjI4RDZDQzlGNjNGNTc0OUEzQ0UxNzY0"	[MsgId: MMSG-13992]
Action.c(20): Notify: Saving Parameter "shop_id = A201812080953300270014587".	[MsgId: MMSG-13798]
Action.c(20): web_custom_request("owner") was successful, 77675 body bytes, 1024 header bytes, 84 chunking overhead bytes  	[MsgId: MMSG-26385]
Action.c(27): Notify: Transaction "进入相册动态" ended with "Pass" status (Duration: 2.9578 Wasted Time: 0.0005).	[MsgId: MMSG-16871]
Action.c(72): Notify: Transaction "发布新增商品" started.	[MsgId: MMSG-16999]
Action.c(74): Notify: Parameter Substitution: parameter "requestUrl" =  "http://118.126.89.154:58080"	[MsgId: MMSG-13992]
Action.c(74): Notify: Parameter Substitution: parameter "randomNum" =  "978941912"	[MsgId: MMSG-13992]
Action.c(74): Notify: Parameter Substitution: parameter "randomNum" =  "895294935"	[MsgId: MMSG-13992]
Action.c(74): Notify: Parameter Substitution: parameter "userToken" =  "MzJFN0I0MTMxNkVFNjRDRTRFMkREREM5ODVBNjhEMjAzODZFMDRGM0IxMDM2QTkyQTlDMjRBRUFERTcyOUZCMkRERDU4QkM2MjI4RDZDQzlGNjNGNTc0OUEzQ0UxNzY0"	[MsgId: MMSG-13992]
Action.c(74): web_custom_request("save_theme") was successful, 543 body bytes, 494 header bytes  	[MsgId: MMSG-26386]
Action.c(80): Notify: Transaction "发布新增商品" ended with "Pass" status (Duration: 0.3155).	[MsgId: MMSG-16873]
Action.c(82): Notify: Transaction "返回个人相册" started.	[MsgId: MMSG-16999]
Action.c(84): Notify: Parameter Substitution: parameter "requestUrl" =  "http://118.126.89.154:58080"	[MsgId: MMSG-13992]
Action.c(84): Notify: Parameter Substitution: parameter "shop_id" =  "A201812080953300270014587"	[MsgId: MMSG-13992]
Action.c(84): Notify: Parameter Substitution: parameter "userToken" =  "MzJFN0I0MTMxNkVFNjRDRTRFMkREREM5ODVBNjhEMjAzODZFMDRGM0IxMDM2QTkyQTlDMjRBRUFERTcyOUZCMkRERDU4QkM2MjI4RDZDQzlGNjNGNTc0OUEzQ0UxNzY0"	[MsgId: MMSG-13992]
Action.c(84): web_custom_request("get_tags_except_2") was successful, 285 body bytes, 304 header bytes  	[MsgId: MMSG-26386]
Action.c(92): Notify: Parameter Substitution: parameter "requestUrl" =  "http://118.126.89.154:58080"	[MsgId: MMSG-13992]
Action.c(92): Notify: Parameter Substitution: parameter "shop_id" =  "A201812080953300270014587"	[MsgId: MMSG-13992]
Action.c(92): Notify: Parameter Substitution: parameter "userToken" =  "MzJFN0I0MTMxNkVFNjRDRTRFMkREREM5ODVBNjhEMjAzODZFMDRGM0IxMDM2QTkyQTlDMjRBRUFERTcyOUZCMkRERDU4QkM2MjI4RDZDQzlGNjNGNTc0OUEzQ0UxNzY0"	[MsgId: MMSG-13992]
Action.c(92): web_custom_request("single_album_1") was successful, 78123 body bytes, 501 header bytes, 85 chunking overhead bytes  	[MsgId: MMSG-26385]
Action.c(103): Notify: Transaction "返回个人相册" ended with "Pass" status (Duration: 4.3973 Wasted Time: 4.2650).	[MsgId: MMSG-16871]
Ending action Action.	[MsgId: MMSG-15918]
Ending iteration 1.	[MsgId: MMSG-15965]
Starting iteration 2.	[MsgId: MMSG-15968]
Notify: Next row for parameter userToken = 2 [table  = userToken].	[MsgId: MMSG-13876]
Notify: Getting new value for parameter 'userToken': table = 'userToken.dat' column = '0' row = '2'.	[MsgId: MMSG-13877]
Starting action Action.	[MsgId: MMSG-15919]
Action.c(7): Registering web_reg_save_param_ex was successful  	[MsgId: MMSG-26390]
Action.c(15): Notify: Transaction "进入相册动态" started.	[MsgId: MMSG-16999]
Action.c(17): web_add_header("Accept-Encoding") was successful  	[MsgId: MMSG-26392]
Action.c(20): Notify: Parameter Substitution: parameter "requestUrl" =  "http://118.126.89.154:58080"	[MsgId: MMSG-13992]
Action.c(20): Notify: Parameter Substitution: parameter "userToken" =  "EE6240DB5D53EEFBD18DCB43801D7E447AA51D2BF51158EF7630C103FD4803E66D2E84DD669910B1"	[MsgId: MMSG-13992]
Action.c(20): Notify: Saving Parameter "shop_id = A2017030621031438040".	[MsgId: MMSG-13798]
Action.c(20): web_custom_request("owner") was successful, 76545 body bytes, 928 header bytes, 84 chunking overhead bytes  	[MsgId: MMSG-26385]
Action.c(27): Notify: Transaction "进入相册动态" ended with "Pass" status (Duration: 52.6739 Wasted Time: 0.0007).	[MsgId: MMSG-16871]
Action.c(72): Notify: Transaction "发布新增商品" started.	[MsgId: MMSG-16999]
Action.c(74): Notify: Parameter Substitution: parameter "requestUrl" =  "http://118.126.89.154:58080"	[MsgId: MMSG-13992]
Action.c(74): Notify: Parameter Substitution: parameter "randomNum" =  "794837363"	[MsgId: MMSG-13992]
Action.c(74): Notify: Parameter Substitution: parameter "randomNum" =  "809775159"	[MsgId: MMSG-13992]
Action.c(74): Notify: Parameter Substitution: parameter "userToken" =  "EE6240DB5D53EEFBD18DCB43801D7E447AA51D2BF51158EF7630C103FD4803E66D2E84DD669910B1"	[MsgId: MMSG-13992]
Action.c(74): web_custom_request("save_theme") was successful, 480 body bytes, 494 header bytes  	[MsgId: MMSG-26386]
Action.c(80): Notify: Transaction "发布新增商品" ended with "Pass" status (Duration: 0.2763).	[MsgId: MMSG-16873]
Action.c(82): Notify: Transaction "返回个人相册" started.	[MsgId: MMSG-16999]
Action.c(84): Notify: Parameter Substitution: parameter "requestUrl" =  "http://118.126.89.154:58080"	[MsgId: MMSG-13992]
Action.c(84): Notify: Parameter Substitution: parameter "shop_id" =  "A2017030621031438040"	[MsgId: MMSG-13992]
Action.c(84): Notify: Parameter Substitution: parameter "userToken" =  "EE6240DB5D53EEFBD18DCB43801D7E447AA51D2BF51158EF7630C103FD4803E66D2E84DD669910B1"	[MsgId: MMSG-13992]
Action.c(84): web_custom_request("get_tags_except_2") was successful, 237 body bytes, 304 header bytes  	[MsgId: MMSG-26386]
Action.c(92): Notify: Parameter Substitution: parameter "requestUrl" =  "http://118.126.89.154:58080"	[MsgId: MMSG-13992]
Action.c(92): Notify: Parameter Substitution: parameter "shop_id" =  "A2017030621031438040"	[MsgId: MMSG-13992]
Action.c(92): Notify: Parameter Substitution: parameter "userToken" =  "EE6240DB5D53EEFBD18DCB43801D7E447AA51D2BF51158EF7630C103FD4803E66D2E84DD669910B1"	[MsgId: MMSG-13992]
Action.c(92): web_custom_request("single_album_1") was successful, 77025 body bytes, 501 header bytes, 84 chunking overhead bytes  	[MsgId: MMSG-26385]
Action.c(103): Notify: Transaction "返回个人相册" ended with "Pass" status (Duration: 22.0879 Wasted Time: 21.9560).	[MsgId: MMSG-16871]
Ending action Action.	[MsgId: MMSG-15918]
Ending iteration 2.	[MsgId: MMSG-15965]
Starting iteration 3.	[MsgId: MMSG-15968]
Notify: Next row for parameter userToken = 3 [table  = userToken].	[MsgId: MMSG-13876]
Notify: Getting new value for parameter 'userToken': table = 'userToken.dat' column = '0' row = '3'.	[MsgId: MMSG-13877]
Starting action Action.	[MsgId: MMSG-15919]
Action.c(7): Registering web_reg_save_param_ex was successful  	[MsgId: MMSG-26390]
Action.c(15): Notify: Transaction "进入相册动态" started.	[MsgId: MMSG-16999]
Action.c(17): web_add_header("Accept-Encoding") was successful  	[MsgId: MMSG-26392]
Action.c(20): Notify: Parameter Substitution: parameter "requestUrl" =  "http://118.126.89.154:58080"	[MsgId: MMSG-13992]
Action.c(20): Notify: Parameter Substitution: parameter "userToken" =  "4F3D00B52FC8E01A1F6412605FF6FDE707B60438B35E6E6F0A690EC4CEE93B5F45F35F318C51A353"	[MsgId: MMSG-13992]
Action.c(20): Notify: Transaction "进入相册动态" ended with "Stop" status (Duration: 446.8952).	[MsgId: MMSG-16873]
Abort was called from an action.	[MsgId: MMSG-10447]
Ending Vuser...	[MsgId: MMSG-15966]
Starting action vuser_end.	[MsgId: MMSG-15919]
Ending action vuser_end.	[MsgId: MMSG-15918]
Vuser Terminated.	[MsgId: MMSG-15963]
