Virtual User Script started at : 2019-01-22 12:29:23	[MsgId: MMSG-15967]
Starting action vuser_init.	[MsgId: MMSG-15919]
Web Turbo Replay of LoadRunner 11.0.0 for Windows 7; build 8859 (Aug 18 2010 20:14:31)  	[MsgId: MMSG-27143]
Run Mode: HTML  	[MsgId: MMSG-26000]
Run-Time Settings file: "C:\Users\Administrator\AppData\Local\Temp\lr5tmpdirR7Q.250\lrcfgBoc.251\cfgTDt.255"  	[MsgId: MMSG-27141]
Ending action vuser_init.	[MsgId: MMSG-15918]
Running Vuser...	[MsgId: MMSG-15964]
Starting iteration 1.	[MsgId: MMSG-15968]
Starting action Action.	[MsgId: MMSG-15919]
Action.c(7): Registering web_reg_save_param_ex was successful  	[MsgId: MMSG-26390]
Action.c(15): Notify: Transaction "进入相册动态" started.	[MsgId: MMSG-16999]
Action.c(17): web_add_header("Accept-Encoding") was successful  	[MsgId: MMSG-26392]
Action.c(20): Notify: Parameter Substitution: parameter "requestUrl" =  "http://118.126.89.154:58080"	[MsgId: MMSG-13992]
Action.c(20): Notify: Parameter Substitution: parameter "userToken" =  "MzJFN0I0MTMxNkVFNjRDRTRFMkREREM5ODVBNjhEMjAzODZFMDRGM0IxMDM2QTkyQTlDMjRBRUFERTcyOUZCMkRERDU4QkM2MjI4RDZDQzlGNjNGNTc0OUEzQ0UxNzY0"	[MsgId: MMSG-13992]
Action.c(20): Notify: Saving Parameter "shop_id = A201812080953300270014587".	[MsgId: MMSG-13798]
Action.c(20): web_custom_request("owner") was successful, 77653 body bytes, 1024 header bytes, 84 chunking overhead bytes  	[MsgId: MMSG-26385]
Action.c(27): Notify: Transaction "进入相册动态" ended with "Pass" status (Duration: 12.8085 Wasted Time: 0.0005).	[MsgId: MMSG-16871]
Action.c(72): Notify: Transaction "发布新增商品" started.	[MsgId: MMSG-16999]
Action.c(74): Notify: Parameter Substitution: parameter "requestUrl" =  "http://118.126.89.154:58080"	[MsgId: MMSG-13992]
Action.c(74): Notify: Parameter Substitution: parameter "randomNum" =  "681638137"	[MsgId: MMSG-13992]
Action.c(74): Notify: Parameter Substitution: parameter "randomNum" =  "805451925"	[MsgId: MMSG-13992]
Action.c(74): Notify: Parameter Substitution: parameter "userToken" =  "MzJFN0I0MTMxNkVFNjRDRTRFMkREREM5ODVBNjhEMjAzODZFMDRGM0IxMDM2QTkyQTlDMjRBRUFERTcyOUZCMkRERDU4QkM2MjI4RDZDQzlGNjNGNTc0OUEzQ0UxNzY0"	[MsgId: MMSG-13992]
Action.c(74): web_custom_request("save_theme") was successful, 543 body bytes, 494 header bytes  	[MsgId: MMSG-26386]
Action.c(80): Notify: Transaction "发布新增商品" ended with "Pass" status (Duration: 0.0560).	[MsgId: MMSG-16873]
Action.c(82): Notify: Transaction "返回个人相册" started.	[MsgId: MMSG-16999]
Action.c(84): Notify: Parameter Substitution: parameter "requestUrl" =  "http://118.126.89.154:58080"	[MsgId: MMSG-13992]
Action.c(84): Notify: Parameter Substitution: parameter "shop_id" =  "A201812080953300270014587"	[MsgId: MMSG-13992]
Action.c(84): Notify: Parameter Substitution: parameter "userToken" =  "MzJFN0I0MTMxNkVFNjRDRTRFMkREREM5ODVBNjhEMjAzODZFMDRGM0IxMDM2QTkyQTlDMjRBRUFERTcyOUZCMkRERDU4QkM2MjI4RDZDQzlGNjNGNTc0OUEzQ0UxNzY0"	[MsgId: MMSG-13992]
Action.c(84): web_custom_request("get_tags_except_2") was successful, 285 body bytes, 304 header bytes  	[MsgId: MMSG-26386]
Action.c(92): Notify: Parameter Substitution: parameter "requestUrl" =  "http://118.126.89.154:58080"	[MsgId: MMSG-13992]
Action.c(92): Notify: Parameter Substitution: parameter "shop_id" =  "A201812080953300270014587"	[MsgId: MMSG-13992]
Action.c(92): Notify: Parameter Substitution: parameter "userToken" =  "MzJFN0I0MTMxNkVFNjRDRTRFMkREREM5ODVBNjhEMjAzODZFMDRGM0IxMDM2QTkyQTlDMjRBRUFERTcyOUZCMkRERDU4QkM2MjI4RDZDQzlGNjNGNTc0OUEzQ0UxNzY0"	[MsgId: MMSG-13992]
Action.c(92): web_custom_request("single_album_1") was successful, 78100 body bytes, 501 header bytes, 85 chunking overhead bytes  	[MsgId: MMSG-26385]
Action.c(103): Notify: Transaction "返回个人相册" ended with "Pass" status (Duration: 1.8592 Wasted Time: 1.7030).	[MsgId: MMSG-16871]
Ending action Action.	[MsgId: MMSG-15918]
Ending iteration 1.	[MsgId: MMSG-15965]
Starting iteration 2.	[MsgId: MMSG-15968]
Notify: Next row for parameter userToken = 2 [table  = userToken].	[MsgId: MMSG-13876]
Notify: Getting new value for parameter 'userToken': table = 'userToken.dat' column = '0' row = '2'.	[MsgId: MMSG-13877]
Starting action Action.	[MsgId: MMSG-15919]
Action.c(7): Registering web_reg_save_param_ex was successful  	[MsgId: MMSG-26390]
Action.c(15): Notify: Transaction "进入相册动态" started.	[MsgId: MMSG-16999]
Action.c(17): web_add_header("Accept-Encoding") was successful  	[MsgId: MMSG-26392]
Action.c(20): Notify: Parameter Substitution: parameter "requestUrl" =  "http://118.126.89.154:58080"	[MsgId: MMSG-13992]
Action.c(20): Notify: Parameter Substitution: parameter "userToken" =  "EE6240DB5D53EEFBD18DCB43801D7E447AA51D2BF51158EF7630C103FD4803E66D2E84DD669910B1"	[MsgId: MMSG-13992]
Action.c(20): Notify: Saving Parameter "shop_id = A2017030621031438040".	[MsgId: MMSG-13798]
Action.c(20): web_custom_request("owner") was successful, 76532 body bytes, 928 header bytes, 84 chunking overhead bytes  	[MsgId: MMSG-26385]
Action.c(27): Notify: Transaction "进入相册动态" ended with "Pass" status (Duration: 2.4583 Wasted Time: 0.0007).	[MsgId: MMSG-16871]
Action.c(72): Notify: Transaction "发布新增商品" started.	[MsgId: MMSG-16999]
Action.c(74): Notify: Parameter Substitution: parameter "requestUrl" =  "http://118.126.89.154:58080"	[MsgId: MMSG-13992]
Action.c(74): Notify: Parameter Substitution: parameter "randomNum" =  "566896903"	[MsgId: MMSG-13992]
Action.c(74): Notify: Parameter Substitution: parameter "randomNum" =  "04882349"	[MsgId: MMSG-13992]
Action.c(74): Notify: Parameter Substitution: parameter "userToken" =  "EE6240DB5D53EEFBD18DCB43801D7E447AA51D2BF51158EF7630C103FD4803E66D2E84DD669910B1"	[MsgId: MMSG-13992]
Action.c(74): web_custom_request("save_theme") was successful, 480 body bytes, 494 header bytes  	[MsgId: MMSG-26386]
Action.c(80): Notify: Transaction "发布新增商品" ended with "Pass" status (Duration: 0.0390).	[MsgId: MMSG-16873]
Action.c(82): Notify: Transaction "返回个人相册" started.	[MsgId: MMSG-16999]
Action.c(84): Notify: Parameter Substitution: parameter "requestUrl" =  "http://118.126.89.154:58080"	[MsgId: MMSG-13992]
Action.c(84): Notify: Parameter Substitution: parameter "shop_id" =  "A2017030621031438040"	[MsgId: MMSG-13992]
Action.c(84): Notify: Parameter Substitution: parameter "userToken" =  "EE6240DB5D53EEFBD18DCB43801D7E447AA51D2BF51158EF7630C103FD4803E66D2E84DD669910B1"	[MsgId: MMSG-13992]
Action.c(84): web_custom_request("get_tags_except_2") was successful, 237 body bytes, 304 header bytes  	[MsgId: MMSG-26386]
Action.c(92): Notify: Parameter Substitution: parameter "requestUrl" =  "http://118.126.89.154:58080"	[MsgId: MMSG-13992]
Action.c(92): Notify: Parameter Substitution: parameter "shop_id" =  "A2017030621031438040"	[MsgId: MMSG-13992]
Action.c(92): Notify: Parameter Substitution: parameter "userToken" =  "EE6240DB5D53EEFBD18DCB43801D7E447AA51D2BF51158EF7630C103FD4803E66D2E84DD669910B1"	[MsgId: MMSG-13992]
Action.c(92): web_custom_request("single_album_1") was successful, 77029 body bytes, 501 header bytes, 84 chunking overhead bytes  	[MsgId: MMSG-26385]
Action.c(103): Notify: Transaction "返回个人相册" ended with "Pass" status (Duration: 7.7691 Wasted Time: 7.6230).	[MsgId: MMSG-16871]
Ending action Action.	[MsgId: MMSG-15918]
Ending iteration 2.	[MsgId: MMSG-15965]
Starting iteration 3.	[MsgId: MMSG-15968]
Notify: Next row for parameter userToken = 3 [table  = userToken].	[MsgId: MMSG-13876]
Notify: Getting new value for parameter 'userToken': table = 'userToken.dat' column = '0' row = '3'.	[MsgId: MMSG-13877]
Starting action Action.	[MsgId: MMSG-15919]
Action.c(7): Registering web_reg_save_param_ex was successful  	[MsgId: MMSG-26390]
Action.c(15): Notify: Transaction "进入相册动态" started.	[MsgId: MMSG-16999]
Action.c(17): web_add_header("Accept-Encoding") was successful  	[MsgId: MMSG-26392]
Action.c(20): Notify: Parameter Substitution: parameter "requestUrl" =  "http://118.126.89.154:58080"	[MsgId: MMSG-13992]
Action.c(20): Notify: Parameter Substitution: parameter "userToken" =  "4F3D00B52FC8E01A1F6412605FF6FDE707B60438B35E6E6F0A690EC4CEE93B5F45F35F318C51A353"	[MsgId: MMSG-13992]
Action.c(20): Notify: Saving Parameter "shop_id = A2017032318150206828".	[MsgId: MMSG-13798]
Action.c(20): web_custom_request("owner") was successful, 76519 body bytes, 928 header bytes, 84 chunking overhead bytes  	[MsgId: MMSG-26385]
Action.c(27): Notify: Transaction "进入相册动态" ended with "Pass" status (Duration: 31.5170 Wasted Time: 0.0007).	[MsgId: MMSG-16871]
Action.c(72): Notify: Transaction "发布新增商品" started.	[MsgId: MMSG-16999]
Action.c(74): Notify: Parameter Substitution: parameter "requestUrl" =  "http://118.126.89.154:58080"	[MsgId: MMSG-13992]
Action.c(74): Notify: Parameter Substitution: parameter "randomNum" =  "680136464"	[MsgId: MMSG-13992]
Action.c(74): Notify: Parameter Substitution: parameter "randomNum" =  "257183527"	[MsgId: MMSG-13992]
Action.c(74): Notify: Parameter Substitution: parameter "userToken" =  "4F3D00B52FC8E01A1F6412605FF6FDE707B60438B35E6E6F0A690EC4CEE93B5F45F35F318C51A353"	[MsgId: MMSG-13992]
Action.c(74): web_custom_request("save_theme") was successful, 480 body bytes, 494 header bytes  	[MsgId: MMSG-26386]
Action.c(80): Notify: Transaction "发布新增商品" ended with "Pass" status (Duration: 0.0479).	[MsgId: MMSG-16873]
Action.c(82): Notify: Transaction "返回个人相册" started.	[MsgId: MMSG-16999]
Action.c(84): Notify: Parameter Substitution: parameter "requestUrl" =  "http://118.126.89.154:58080"	[MsgId: MMSG-13992]
Action.c(84): Notify: Parameter Substitution: parameter "shop_id" =  "A2017032318150206828"	[MsgId: MMSG-13992]
Action.c(84): Notify: Parameter Substitution: parameter "userToken" =  "4F3D00B52FC8E01A1F6412605FF6FDE707B60438B35E6E6F0A690EC4CEE93B5F45F35F318C51A353"	[MsgId: MMSG-13992]
Action.c(84): web_custom_request("get_tags_except_2") was successful, 237 body bytes, 304 header bytes  	[MsgId: MMSG-26386]
Action.c(92): Notify: Parameter Substitution: parameter "requestUrl" =  "http://118.126.89.154:58080"	[MsgId: MMSG-13992]
Action.c(92): Notify: Parameter Substitution: parameter "shop_id" =  "A2017032318150206828"	[MsgId: MMSG-13992]
Action.c(92): Notify: Parameter Substitution: parameter "userToken" =  "4F3D00B52FC8E01A1F6412605FF6FDE707B60438B35E6E6F0A690EC4CEE93B5F45F35F318C51A353"	[MsgId: MMSG-13992]
Action.c(92): web_custom_request("single_album_1") was successful, 76808 body bytes, 501 header bytes, 84 chunking overhead bytes  	[MsgId: MMSG-26385]
Action.c(103): Notify: Transaction "返回个人相册" ended with "Pass" status (Duration: 5.2109 Wasted Time: 5.1810).	[MsgId: MMSG-16871]
Ending action Action.	[MsgId: MMSG-15918]
Ending iteration 3.	[MsgId: MMSG-15965]
Starting iteration 4.	[MsgId: MMSG-15968]
Notify: Next row for parameter userToken = 4 [table  = userToken].	[MsgId: MMSG-13876]
Notify: Getting new value for parameter 'userToken': table = 'userToken.dat' column = '0' row = '4'.	[MsgId: MMSG-13877]
Starting action Action.	[MsgId: MMSG-15919]
Action.c(7): Registering web_reg_save_param_ex was successful  	[MsgId: MMSG-26390]
Action.c(15): Notify: Transaction "进入相册动态" started.	[MsgId: MMSG-16999]
Action.c(17): web_add_header("Accept-Encoding") was successful  	[MsgId: MMSG-26392]
Action.c(20): Notify: Parameter Substitution: parameter "requestUrl" =  "http://118.126.89.154:58080"	[MsgId: MMSG-13992]
Action.c(20): Notify: Parameter Substitution: parameter "userToken" =  "748F8D065434DE009FA518E3A3B3D1915FF3625C9E325959474A9F2B2D6A819B3D08E8DCCEE7FAB9"	[MsgId: MMSG-13992]
Action.c(20): Notify: Saving Parameter "shop_id = A2017041913375407507".	[MsgId: MMSG-13798]
Action.c(20): web_custom_request("owner") was successful, 77921 body bytes, 928 header bytes, 85 chunking overhead bytes  	[MsgId: MMSG-26385]
Action.c(27): Notify: Transaction "进入相册动态" ended with "Pass" status (Duration: 3.1563 Wasted Time: 0.0007).	[MsgId: MMSG-16871]
Action.c(72): Notify: Transaction "发布新增商品" started.	[MsgId: MMSG-16999]
Action.c(74): Notify: Parameter Substitution: parameter "requestUrl" =  "http://118.126.89.154:58080"	[MsgId: MMSG-13992]
Action.c(74): Notify: Parameter Substitution: parameter "randomNum" =  "468062252"	[MsgId: MMSG-13992]
Action.c(74): Notify: Parameter Substitution: parameter "randomNum" =  "585446922"	[MsgId: MMSG-13992]
Action.c(74): Notify: Parameter Substitution: parameter "userToken" =  "748F8D065434DE009FA518E3A3B3D1915FF3625C9E325959474A9F2B2D6A819B3D08E8DCCEE7FAB9"	[MsgId: MMSG-13992]
Action.c(74): web_custom_request("save_theme") was successful, 480 body bytes, 494 header bytes  	[MsgId: MMSG-26386]
Action.c(80): Notify: Transaction "发布新增商品" ended with "Pass" status (Duration: 0.1054).	[MsgId: MMSG-16873]
Action.c(82): Notify: Transaction "返回个人相册" started.	[MsgId: MMSG-16999]
Action.c(84): Notify: Parameter Substitution: parameter "requestUrl" =  "http://118.126.89.154:58080"	[MsgId: MMSG-13992]
Action.c(84): Notify: Parameter Substitution: parameter "shop_id" =  "A2017041913375407507"	[MsgId: MMSG-13992]
Action.c(84): Notify: Parameter Substitution: parameter "userToken" =  "748F8D065434DE009FA518E3A3B3D1915FF3625C9E325959474A9F2B2D6A819B3D08E8DCCEE7FAB9"	[MsgId: MMSG-13992]
Action.c(84): web_custom_request("get_tags_except_2") was successful, 3773 body bytes, 305 header bytes  	[MsgId: MMSG-26386]
Action.c(92): Notify: Parameter Substitution: parameter "requestUrl" =  "http://118.126.89.154:58080"	[MsgId: MMSG-13992]
Action.c(92): Notify: Parameter Substitution: parameter "shop_id" =  "A2017041913375407507"	[MsgId: MMSG-13992]
Action.c(92): Notify: Parameter Substitution: parameter "userToken" =  "748F8D065434DE009FA518E3A3B3D1915FF3625C9E325959474A9F2B2D6A819B3D08E8DCCEE7FAB9"	[MsgId: MMSG-13992]
Action.c(92): web_custom_request("single_album_1") was successful, 78217 body bytes, 501 header bytes, 85 chunking overhead bytes  	[MsgId: MMSG-26385]
Action.c(103): Notify: Transaction "返回个人相册" ended with "Pass" status (Duration: 5.6019 Wasted Time: 5.4260).	[MsgId: MMSG-16871]
Ending action Action.	[MsgId: MMSG-15918]
Ending iteration 4.	[MsgId: MMSG-15965]
Starting iteration 5.	[MsgId: MMSG-15968]
Notify: Next row for parameter userToken = 5 [table  = userToken].	[MsgId: MMSG-13876]
Notify: Getting new value for parameter 'userToken': table = 'userToken.dat' column = '0' row = '5'.	[MsgId: MMSG-13877]
Starting action Action.	[MsgId: MMSG-15919]
Action.c(7): Registering web_reg_save_param_ex was successful  	[MsgId: MMSG-26390]
Action.c(15): Notify: Transaction "进入相册动态" started.	[MsgId: MMSG-16999]
Action.c(17): web_add_header("Accept-Encoding") was successful  	[MsgId: MMSG-26392]
Action.c(20): Notify: Parameter Substitution: parameter "requestUrl" =  "http://118.126.89.154:58080"	[MsgId: MMSG-13992]
Action.c(20): Notify: Parameter Substitution: parameter "userToken" =  "9A8FA7A84BCEA0397BF262C76B888D70D3129EEBC88A401CC447BE8DE1B9FCE58580CB6C798BFD44"	[MsgId: MMSG-13992]
Action.c(20): Notify: Saving Parameter "shop_id = A2017042000211956919".	[MsgId: MMSG-13798]
Action.c(20): web_custom_request("owner") was successful, 73948 body bytes, 928 header bytes, 83 chunking overhead bytes  	[MsgId: MMSG-26385]
Action.c(27): Notify: Transaction "进入相册动态" ended with "Pass" status (Duration: 7.3645 Wasted Time: 0.0005).	[MsgId: MMSG-16871]
Action.c(72): Notify: Transaction "发布新增商品" started.	[MsgId: MMSG-16999]
Action.c(74): Notify: Parameter Substitution: parameter "requestUrl" =  "http://118.126.89.154:58080"	[MsgId: MMSG-13992]
Action.c(74): Notify: Parameter Substitution: parameter "randomNum" =  "24035551"	[MsgId: MMSG-13992]
Action.c(74): Notify: Parameter Substitution: parameter "randomNum" =  "190107732"	[MsgId: MMSG-13992]
Action.c(74): Notify: Parameter Substitution: parameter "userToken" =  "9A8FA7A84BCEA0397BF262C76B888D70D3129EEBC88A401CC447BE8DE1B9FCE58580CB6C798BFD44"	[MsgId: MMSG-13992]
Action.c(74): web_custom_request("save_theme") was successful, 480 body bytes, 494 header bytes  	[MsgId: MMSG-26386]
Action.c(80): Notify: Transaction "发布新增商品" ended with "Pass" status (Duration: 0.4533).	[MsgId: MMSG-16873]
Action.c(82): Notify: Transaction "返回个人相册" started.	[MsgId: MMSG-16999]
Action.c(84): Notify: Parameter Substitution: parameter "requestUrl" =  "http://118.126.89.154:58080"	[MsgId: MMSG-13992]
Action.c(84): Notify: Parameter Substitution: parameter "shop_id" =  "A2017042000211956919"	[MsgId: MMSG-13992]
Action.c(84): Notify: Parameter Substitution: parameter "userToken" =  "9A8FA7A84BCEA0397BF262C76B888D70D3129EEBC88A401CC447BE8DE1B9FCE58580CB6C798BFD44"	[MsgId: MMSG-13992]
Action.c(84): web_custom_request("get_tags_except_2") was successful, 237 body bytes, 304 header bytes  	[MsgId: MMSG-26386]
Action.c(92): Notify: Parameter Substitution: parameter "requestUrl" =  "http://118.126.89.154:58080"	[MsgId: MMSG-13992]
Action.c(92): Notify: Parameter Substitution: parameter "shop_id" =  "A2017042000211956919"	[MsgId: MMSG-13992]
Action.c(92): Notify: Parameter Substitution: parameter "userToken" =  "9A8FA7A84BCEA0397BF262C76B888D70D3129EEBC88A401CC447BE8DE1B9FCE58580CB6C798BFD44"	[MsgId: MMSG-13992]
Action.c(92): web_custom_request("single_album_1") was successful, 74209 body bytes, 501 header bytes, 84 chunking overhead bytes  	[MsgId: MMSG-26385]
Action.c(103): Notify: Transaction "返回个人相册" ended with "Pass" status (Duration: 9.7841 Wasted Time: 9.7530).	[MsgId: MMSG-16871]
Ending action Action.	[MsgId: MMSG-15918]
Ending iteration 5.	[MsgId: MMSG-15965]
Starting iteration 6.	[MsgId: MMSG-15968]
Notify: Next row for parameter userToken = 6 [table  = userToken].	[MsgId: MMSG-13876]
Notify: Getting new value for parameter 'userToken': table = 'userToken.dat' column = '0' row = '6'.	[MsgId: MMSG-13877]
Starting action Action.	[MsgId: MMSG-15919]
Action.c(7): Registering web_reg_save_param_ex was successful  	[MsgId: MMSG-26390]
Action.c(15): Notify: Transaction "进入相册动态" started.	[MsgId: MMSG-16999]
Action.c(17): web_add_header("Accept-Encoding") was successful  	[MsgId: MMSG-26392]
Action.c(20): Notify: Parameter Substitution: parameter "requestUrl" =  "http://118.126.89.154:58080"	[MsgId: MMSG-13992]
Action.c(20): Notify: Parameter Substitution: parameter "userToken" =  "QzE4NTQ4ODA1REVGNDYyQjY4QzFEODYyODE5MEM1Njg5Qzk2RTAzMUQwODgxMkM3NDlEMzFBRDFDRDU0NkNGNkRCNjAzRTY3RkIzOEVFMUY5MjM2N0Q1N0M3MkJCMTVD"	[MsgId: MMSG-13992]
Action.c(20): Error -26697: Missing CR/LF after body/trailer ("Transfer-Encoding: chunked") for "http://118.126.89.154:58080/service/album/get_album_themes_list.jsp?act=owner&shop_id=&search_value=&search_img=&start_date=&end_date=&page_index=1&client_type=ios&token=QzE4NTQ4ODA1REVGNDYyQjY4QzFEODYyODE5MEM1Njg5Qzk2RTAzMUQwODgxMkM3NDlEMzFBRDFDRDU0NkNGNkRCNjAzRTY3RkIzOEVFMUY5MjM2N0Q1N0M3MkJCMTVD&version=2302&"  	[MsgId: MERR-26697]
Action.c(20): Warning -26377: No match found for the requested parameter "shop_id". Check whether the requested boundaries exist in the response data. Also, if the data you want to save exceeds 256 bytes, use web_set_max_html_param_len to increase the parameter size  	[MsgId: MWAR-26377]
Action.c(20): Notify: Saving Parameter "shop_id = ".	[MsgId: MMSG-13798]
Action.c(20): web_custom_request("owner") highest severity level was "ERROR", 65536 body bytes, 1024 header bytes, 62 chunking overhead bytes  	[MsgId: MMSG-26387]
Action.c(20): Notify: Transaction "进入相册动态" ended with "Fail" status (Duration: 44.0888 Wasted Time: 0.0005).	[MsgId: MMSG-16871]
Ending action Action.	[MsgId: MMSG-15918]
Ending iteration 6.	[MsgId: MMSG-15965]
Starting iteration 7.	[MsgId: MMSG-15968]
Notify: Next row for parameter userToken = 7 [table  = userToken].	[MsgId: MMSG-13876]
Notify: Getting new value for parameter 'userToken': table = 'userToken.dat' column = '0' row = '7'.	[MsgId: MMSG-13877]
Starting action Action.	[MsgId: MMSG-15919]
Action.c(7): Registering web_reg_save_param_ex was successful  	[MsgId: MMSG-26390]
Action.c(15): Notify: Transaction "进入相册动态" started.	[MsgId: MMSG-16999]
Action.c(17): web_add_header("Accept-Encoding") was successful  	[MsgId: MMSG-26392]
Action.c(20): Notify: Parameter Substitution: parameter "requestUrl" =  "http://118.126.89.154:58080"	[MsgId: MMSG-13992]
Action.c(20): Notify: Parameter Substitution: parameter "userToken" =  "2118FD9B32FF7EEC6B3ABD0550E3E039A7678A73CA4C1BC2F67452EC4DFD501BF8F786BCDFB55CA8"	[MsgId: MMSG-13992]
Action.c(20): Notify: Saving Parameter "shop_id = A2017042719135541561".	[MsgId: MMSG-13798]
Action.c(20): web_custom_request("owner") was successful, 74860 body bytes, 928 header bytes, 84 chunking overhead bytes  	[MsgId: MMSG-26385]
Action.c(27): Notify: Transaction "进入相册动态" ended with "Pass" status (Duration: 26.6244 Wasted Time: 0.0012).	[MsgId: MMSG-16871]
Action.c(72): Notify: Transaction "发布新增商品" started.	[MsgId: MMSG-16999]
Action.c(74): Notify: Parameter Substitution: parameter "requestUrl" =  "http://118.126.89.154:58080"	[MsgId: MMSG-13992]
Action.c(74): Notify: Parameter Substitution: parameter "randomNum" =  "171430579"	[MsgId: MMSG-13992]
Action.c(74): Notify: Parameter Substitution: parameter "randomNum" =  "685996443"	[MsgId: MMSG-13992]
Action.c(74): Notify: Parameter Substitution: parameter "userToken" =  "2118FD9B32FF7EEC6B3ABD0550E3E039A7678A73CA4C1BC2F67452EC4DFD501BF8F786BCDFB55CA8"	[MsgId: MMSG-13992]
Action.c(74): web_custom_request("save_theme") was successful, 480 body bytes, 494 header bytes  	[MsgId: MMSG-26386]
Action.c(80): Notify: Transaction "发布新增商品" ended with "Pass" status (Duration: 0.0699).	[MsgId: MMSG-16873]
Action.c(82): Notify: Transaction "返回个人相册" started.	[MsgId: MMSG-16999]
Action.c(84): Notify: Parameter Substitution: parameter "requestUrl" =  "http://118.126.89.154:58080"	[MsgId: MMSG-13992]
Action.c(84): Notify: Parameter Substitution: parameter "shop_id" =  "A2017042719135541561"	[MsgId: MMSG-13992]
Action.c(84): Notify: Parameter Substitution: parameter "userToken" =  "2118FD9B32FF7EEC6B3ABD0550E3E039A7678A73CA4C1BC2F67452EC4DFD501BF8F786BCDFB55CA8"	[MsgId: MMSG-13992]
Action.c(84): web_custom_request("get_tags_except_2") was successful, 237 body bytes, 304 header bytes  	[MsgId: MMSG-26386]
Action.c(92): Notify: Parameter Substitution: parameter "requestUrl" =  "http://118.126.89.154:58080"	[MsgId: MMSG-13992]
Action.c(92): Notify: Parameter Substitution: parameter "shop_id" =  "A2017042719135541561"	[MsgId: MMSG-13992]
Action.c(92): Notify: Parameter Substitution: parameter "userToken" =  "2118FD9B32FF7EEC6B3ABD0550E3E039A7678A73CA4C1BC2F67452EC4DFD501BF8F786BCDFB55CA8"	[MsgId: MMSG-13992]
Action.c(92): web_custom_request("single_album_1") was successful, 75223 body bytes, 501 header bytes, 84 chunking overhead bytes  	[MsgId: MMSG-26385]
Action.c(103): Notify: Transaction "返回个人相册" ended with "Pass" status (Duration: 3.3464 Wasted Time: 3.2160).	[MsgId: MMSG-16871]
Ending action Action.	[MsgId: MMSG-15918]
Ending iteration 7.	[MsgId: MMSG-15965]
Starting iteration 8.	[MsgId: MMSG-15968]
Notify: Next row for parameter userToken = 8 [table  = userToken].	[MsgId: MMSG-13876]
Notify: Getting new value for parameter 'userToken': table = 'userToken.dat' column = '0' row = '8'.	[MsgId: MMSG-13877]
Starting action Action.	[MsgId: MMSG-15919]
Action.c(7): Registering web_reg_save_param_ex was successful  	[MsgId: MMSG-26390]
Action.c(15): Notify: Transaction "进入相册动态" started.	[MsgId: MMSG-16999]
Action.c(17): web_add_header("Accept-Encoding") was successful  	[MsgId: MMSG-26392]
Action.c(20): Notify: Parameter Substitution: parameter "requestUrl" =  "http://118.126.89.154:58080"	[MsgId: MMSG-13992]
Action.c(20): Notify: Parameter Substitution: parameter "userToken" =  "439E184A90D7FFC102F4B2BF5CB91641D83B436CBAE3D24EF2F545FAB4768AD931F7A8E57D769254"	[MsgId: MMSG-13992]
Action.c(20): Notify: Saving Parameter "shop_id = A2017042817234306450".	[MsgId: MMSG-13798]
Action.c(20): web_custom_request("owner") was successful, 77387 body bytes, 928 header bytes, 84 chunking overhead bytes  	[MsgId: MMSG-26385]
Action.c(27): Notify: Transaction "进入相册动态" ended with "Pass" status (Duration: 23.4715 Wasted Time: 0.0013).	[MsgId: MMSG-16871]
Action.c(72): Notify: Transaction "发布新增商品" started.	[MsgId: MMSG-16999]
Action.c(74): Notify: Parameter Substitution: parameter "requestUrl" =  "http://118.126.89.154:58080"	[MsgId: MMSG-13992]
Action.c(74): Notify: Parameter Substitution: parameter "randomNum" =  "532473556"	[MsgId: MMSG-13992]
Action.c(74): Notify: Parameter Substitution: parameter "randomNum" =  "862700778"	[MsgId: MMSG-13992]
Action.c(74): Notify: Parameter Substitution: parameter "userToken" =  "439E184A90D7FFC102F4B2BF5CB91641D83B436CBAE3D24EF2F545FAB4768AD931F7A8E57D769254"	[MsgId: MMSG-13992]
Action.c(74): web_custom_request("save_theme") was successful, 480 body bytes, 494 header bytes  	[MsgId: MMSG-26386]
Action.c(80): Notify: Transaction "发布新增商品" ended with "Pass" status (Duration: 20.0496).	[MsgId: MMSG-16873]
Action.c(82): Notify: Transaction "返回个人相册" started.	[MsgId: MMSG-16999]
Action.c(84): Notify: Parameter Substitution: parameter "requestUrl" =  "http://118.126.89.154:58080"	[MsgId: MMSG-13992]
Action.c(84): Notify: Parameter Substitution: parameter "shop_id" =  "A2017042817234306450"	[MsgId: MMSG-13992]
Action.c(84): Notify: Parameter Substitution: parameter "userToken" =  "439E184A90D7FFC102F4B2BF5CB91641D83B436CBAE3D24EF2F545FAB4768AD931F7A8E57D769254"	[MsgId: MMSG-13992]
Action.c(84): web_custom_request("get_tags_except_2") was successful, 237 body bytes, 304 header bytes  	[MsgId: MMSG-26386]
Action.c(92): Notify: Parameter Substitution: parameter "requestUrl" =  "http://118.126.89.154:58080"	[MsgId: MMSG-13992]
Action.c(92): Notify: Parameter Substitution: parameter "shop_id" =  "A2017042817234306450"	[MsgId: MMSG-13992]
Action.c(92): Notify: Parameter Substitution: parameter "userToken" =  "439E184A90D7FFC102F4B2BF5CB91641D83B436CBAE3D24EF2F545FAB4768AD931F7A8E57D769254"	[MsgId: MMSG-13992]
Action.c(92): web_custom_request("single_album_1") was successful, 77681 body bytes, 501 header bytes, 84 chunking overhead bytes  	[MsgId: MMSG-26385]
Action.c(103): Notify: Transaction "返回个人相册" ended with "Pass" status (Duration: 51.1033 Wasted Time: 51.0750).	[MsgId: MMSG-16871]
Ending action Action.	[MsgId: MMSG-15918]
Ending iteration 8.	[MsgId: MMSG-15965]
Starting iteration 9.	[MsgId: MMSG-15968]
Notify: Next row for parameter userToken = 9 [table  = userToken].	[MsgId: MMSG-13876]
Notify: Getting new value for parameter 'userToken': table = 'userToken.dat' column = '0' row = '9'.	[MsgId: MMSG-13877]
Starting action Action.	[MsgId: MMSG-15919]
Action.c(7): Registering web_reg_save_param_ex was successful  	[MsgId: MMSG-26390]
Action.c(15): Notify: Transaction "进入相册动态" started.	[MsgId: MMSG-16999]
Action.c(17): web_add_header("Accept-Encoding") was successful  	[MsgId: MMSG-26392]
Action.c(20): Notify: Parameter Substitution: parameter "requestUrl" =  "http://118.126.89.154:58080"	[MsgId: MMSG-13992]
Action.c(20): Notify: Parameter Substitution: parameter "userToken" =  "5A1D9D6EFF4AA212CD4888D2272625BACEFFAA41E53C1B70569CC59C727467A0F4C009B995878F6E"	[MsgId: MMSG-13992]
Action.c(20): Error -26697: Missing CR/LF after body/trailer ("Transfer-Encoding: chunked") for "http://118.126.89.154:58080/service/album/get_album_themes_list.jsp?act=owner&shop_id=&search_value=&search_img=&start_date=&end_date=&page_index=1&client_type=ios&token=5A1D9D6EFF4AA212CD4888D2272625BACEFFAA41E53C1B70569CC59C727467A0F4C009B995878F6E&version=2302&"  	[MsgId: MERR-26697]
Action.c(20): Warning -26377: No match found for the requested parameter "shop_id". Check whether the requested boundaries exist in the response data. Also, if the data you want to save exceeds 256 bytes, use web_set_max_html_param_len to increase the parameter size  	[MsgId: MWAR-26377]
Action.c(20): Notify: Saving Parameter "shop_id = ".	[MsgId: MMSG-13798]
Action.c(20): web_custom_request("owner") highest severity level was "ERROR", 49152 body bytes, 928 header bytes, 46 chunking overhead bytes  	[MsgId: MMSG-26387]
Action.c(20): Notify: Transaction "进入相册动态" ended with "Fail" status (Duration: 54.2558 Wasted Time: 0.0009).	[MsgId: MMSG-16871]
Ending action Action.	[MsgId: MMSG-15918]
Ending iteration 9.	[MsgId: MMSG-15965]
Starting iteration 10.	[MsgId: MMSG-15968]
Notify: Next row for parameter userToken = 10 [table  = userToken].	[MsgId: MMSG-13876]
Notify: Getting new value for parameter 'userToken': table = 'userToken.dat' column = '0' row = '10'.	[MsgId: MMSG-13877]
Starting action Action.	[MsgId: MMSG-15919]
Action.c(7): Registering web_reg_save_param_ex was successful  	[MsgId: MMSG-26390]
Action.c(15): Notify: Transaction "进入相册动态" started.	[MsgId: MMSG-16999]
Action.c(17): web_add_header("Accept-Encoding") was successful  	[MsgId: MMSG-26392]
Action.c(20): Notify: Parameter Substitution: parameter "requestUrl" =  "http://118.126.89.154:58080"	[MsgId: MMSG-13992]
Action.c(20): Notify: Parameter Substitution: parameter "userToken" =  "73C22AD54C23A8AD38AD8998B728B616CD3339E3FF148985CE713FC139E88DC73E61F25231416143"	[MsgId: MMSG-13992]
Action.c(20): Warning -26377: No match found for the requested parameter "shop_id". Check whether the requested boundaries exist in the response data. Also, if the data you want to save exceeds 256 bytes, use web_set_max_html_param_len to increase the parameter size  	[MsgId: MWAR-26377]
Action.c(20): Notify: Saving Parameter "shop_id = ".	[MsgId: MMSG-13798]
Action.c(20): web_custom_request("owner") highest severity level was "warning", 67910 body bytes, 928 header bytes, 70 chunking overhead bytes  	[MsgId: MMSG-26387]
Action.c(27): Notify: Transaction "进入相册动态" ended with "Pass" status (Duration: 64.6403 Wasted Time: 0.0016).	[MsgId: MMSG-16871]
Action.c(72): Notify: Transaction "发布新增商品" started.	[MsgId: MMSG-16999]
Action.c(74): Notify: Parameter Substitution: parameter "requestUrl" =  "http://118.126.89.154:58080"	[MsgId: MMSG-13992]
Action.c(74): Notify: Parameter Substitution: parameter "randomNum" =  "880648625"	[MsgId: MMSG-13992]
Action.c(74): Notify: Parameter Substitution: parameter "randomNum" =  "482153487"	[MsgId: MMSG-13992]
Action.c(74): Notify: Parameter Substitution: parameter "userToken" =  "73C22AD54C23A8AD38AD8998B728B616CD3339E3FF148985CE713FC139E88DC73E61F25231416143"	[MsgId: MMSG-13992]
Action.c(74): web_custom_request("save_theme") was successful, 491 body bytes, 494 header bytes  	[MsgId: MMSG-26386]
Action.c(80): Notify: Transaction "发布新增商品" ended with "Pass" status (Duration: 0.0278).	[MsgId: MMSG-16873]
Action.c(82): Notify: Transaction "返回个人相册" started.	[MsgId: MMSG-16999]
Action.c(84): Notify: Parameter Substitution: parameter "requestUrl" =  "http://118.126.89.154:58080"	[MsgId: MMSG-13992]
Action.c(84): Notify: Parameter Substitution: parameter "shop_id" =  ""	[MsgId: MMSG-13992]
Action.c(84): Notify: Parameter Substitution: parameter "userToken" =  "73C22AD54C23A8AD38AD8998B728B616CD3339E3FF148985CE713FC139E88DC73E61F25231416143"	[MsgId: MMSG-13992]
Action.c(84): web_custom_request("get_tags_except_2") was successful, 237 body bytes, 304 header bytes  	[MsgId: MMSG-26386]
Action.c(92): Notify: Parameter Substitution: parameter "requestUrl" =  "http://118.126.89.154:58080"	[MsgId: MMSG-13992]
Action.c(92): Notify: Parameter Substitution: parameter "shop_id" =  ""	[MsgId: MMSG-13992]
Action.c(92): Notify: Parameter Substitution: parameter "userToken" =  "73C22AD54C23A8AD38AD8998B728B616CD3339E3FF148985CE713FC139E88DC73E61F25231416143"	[MsgId: MMSG-13992]
Action.c(92): web_custom_request("single_album_1") was successful, 84385 body bytes, 501 header bytes, 92 chunking overhead bytes  	[MsgId: MMSG-26385]
Action.c(103): Notify: Transaction "返回个人相册" ended with "Pass" status (Duration: 12.4277 Wasted Time: 12.3800).	[MsgId: MMSG-16871]
Ending action Action.	[MsgId: MMSG-15918]
Ending iteration 10.	[MsgId: MMSG-15965]
Starting iteration 11.	[MsgId: MMSG-15968]
Notify: Next row for parameter userToken = 11 [table  = userToken].	[MsgId: MMSG-13876]
Notify: Getting new value for parameter 'userToken': table = 'userToken.dat' column = '0' row = '11'.	[MsgId: MMSG-13877]
Starting action Action.	[MsgId: MMSG-15919]
Action.c(7): Registering web_reg_save_param_ex was successful  	[MsgId: MMSG-26390]
Action.c(15): Notify: Transaction "进入相册动态" started.	[MsgId: MMSG-16999]
Action.c(17): web_add_header("Accept-Encoding") was successful  	[MsgId: MMSG-26392]
Action.c(20): Notify: Parameter Substitution: parameter "requestUrl" =  "http://118.126.89.154:58080"	[MsgId: MMSG-13992]
Action.c(20): Notify: Parameter Substitution: parameter "userToken" =  "A1C4333F6CB6512D4108C850BCC45382111BD5DDC113AE82378C8E9AF85FB04E966E156825E2437A"	[MsgId: MMSG-13992]
Action.c(20): Warning -26377: No match found for the requested parameter "shop_id". Check whether the requested boundaries exist in the response data. Also, if the data you want to save exceeds 256 bytes, use web_set_max_html_param_len to increase the parameter size  	[MsgId: MWAR-26377]
Action.c(20): Notify: Saving Parameter "shop_id = ".	[MsgId: MMSG-13798]
Action.c(20): web_custom_request("owner") highest severity level was "warning", 27002 body bytes, 928 header bytes, 30 chunking overhead bytes  	[MsgId: MMSG-26387]
Action.c(27): Notify: Transaction "进入相册动态" ended with "Pass" status (Duration: 50.0940 Wasted Time: 0.0004).	[MsgId: MMSG-16871]
Action.c(72): Notify: Transaction "发布新增商品" started.	[MsgId: MMSG-16999]
Action.c(74): Notify: Parameter Substitution: parameter "requestUrl" =  "http://118.126.89.154:58080"	[MsgId: MMSG-13992]
Action.c(74): Notify: Parameter Substitution: parameter "randomNum" =  "860305755"	[MsgId: MMSG-13992]
Action.c(74): Notify: Parameter Substitution: parameter "randomNum" =  "528082476"	[MsgId: MMSG-13992]
Action.c(74): Notify: Parameter Substitution: parameter "userToken" =  "A1C4333F6CB6512D4108C850BCC45382111BD5DDC113AE82378C8E9AF85FB04E966E156825E2437A"	[MsgId: MMSG-13992]
Action.c(74): web_custom_request("save_theme") was successful, 480 body bytes, 494 header bytes  	[MsgId: MMSG-26386]
Action.c(80): Notify: Transaction "发布新增商品" ended with "Pass" status (Duration: 1.5498).	[MsgId: MMSG-16873]
Action.c(82): Notify: Transaction "返回个人相册" started.	[MsgId: MMSG-16999]
Action.c(84): Notify: Parameter Substitution: parameter "requestUrl" =  "http://118.126.89.154:58080"	[MsgId: MMSG-13992]
Action.c(84): Notify: Parameter Substitution: parameter "shop_id" =  ""	[MsgId: MMSG-13992]
Action.c(84): Notify: Parameter Substitution: parameter "userToken" =  "A1C4333F6CB6512D4108C850BCC45382111BD5DDC113AE82378C8E9AF85FB04E966E156825E2437A"	[MsgId: MMSG-13992]
Action.c(84): web_custom_request("get_tags_except_2") was successful, 297 body bytes, 304 header bytes  	[MsgId: MMSG-26386]
Action.c(92): Notify: Parameter Substitution: parameter "requestUrl" =  "http://118.126.89.154:58080"	[MsgId: MMSG-13992]
Action.c(92): Notify: Parameter Substitution: parameter "shop_id" =  ""	[MsgId: MMSG-13992]
Action.c(92): Notify: Parameter Substitution: parameter "userToken" =  "A1C4333F6CB6512D4108C850BCC45382111BD5DDC113AE82378C8E9AF85FB04E966E156825E2437A"	[MsgId: MMSG-13992]
Action.c(92): web_custom_request("single_album_1") was successful, 73215 body bytes, 501 header bytes, 77 chunking overhead bytes  	[MsgId: MMSG-26385]
Action.c(103): Notify: Transaction "返回个人相册" ended with "Pass" status (Duration: 19.6622 Wasted Time: 19.5240).	[MsgId: MMSG-16871]
Ending action Action.	[MsgId: MMSG-15918]
Ending iteration 11.	[MsgId: MMSG-15965]
Starting iteration 12.	[MsgId: MMSG-15968]
Notify: Next row for parameter userToken = 12 [table  = userToken].	[MsgId: MMSG-13876]
Notify: Getting new value for parameter 'userToken': table = 'userToken.dat' column = '0' row = '12'.	[MsgId: MMSG-13877]
Starting action Action.	[MsgId: MMSG-15919]
Action.c(7): Registering web_reg_save_param_ex was successful  	[MsgId: MMSG-26390]
Action.c(15): Notify: Transaction "进入相册动态" started.	[MsgId: MMSG-16999]
Action.c(17): web_add_header("Accept-Encoding") was successful  	[MsgId: MMSG-26392]
Action.c(20): Notify: Parameter Substitution: parameter "requestUrl" =  "http://118.126.89.154:58080"	[MsgId: MMSG-13992]
Action.c(20): Notify: Parameter Substitution: parameter "userToken" =  "D5D0F6AFC010465690E5355881AC1C24510A77EFA3994CE2ED5ED17F7EC17FE2548C94BE12EDB14D"	[MsgId: MMSG-13992]
Action.c(20): Notify: Saving Parameter "shop_id = A2017051021110745139".	[MsgId: MMSG-13798]
Action.c(20): web_custom_request("owner") was successful, 75704 body bytes, 928 header bytes, 84 chunking overhead bytes  	[MsgId: MMSG-26385]
Action.c(27): Notify: Transaction "进入相册动态" ended with "Pass" status (Duration: 2.5985 Wasted Time: 0.0013).	[MsgId: MMSG-16871]
Action.c(72): Notify: Transaction "发布新增商品" started.	[MsgId: MMSG-16999]
Action.c(74): Notify: Parameter Substitution: parameter "requestUrl" =  "http://118.126.89.154:58080"	[MsgId: MMSG-13992]
Action.c(74): Notify: Parameter Substitution: parameter "randomNum" =  "431869106"	[MsgId: MMSG-13992]
Action.c(74): Notify: Parameter Substitution: parameter "randomNum" =  "123760307"	[MsgId: MMSG-13992]
Action.c(74): Notify: Parameter Substitution: parameter "userToken" =  "D5D0F6AFC010465690E5355881AC1C24510A77EFA3994CE2ED5ED17F7EC17FE2548C94BE12EDB14D"	[MsgId: MMSG-13992]
Action.c(74): web_custom_request("save_theme") was successful, 480 body bytes, 494 header bytes  	[MsgId: MMSG-26386]
Action.c(80): Notify: Transaction "发布新增商品" ended with "Pass" status (Duration: 0.1541).	[MsgId: MMSG-16873]
Action.c(82): Notify: Transaction "返回个人相册" started.	[MsgId: MMSG-16999]
Action.c(84): Notify: Parameter Substitution: parameter "requestUrl" =  "http://118.126.89.154:58080"	[MsgId: MMSG-13992]
Action.c(84): Notify: Parameter Substitution: parameter "shop_id" =  "A2017051021110745139"	[MsgId: MMSG-13992]
Action.c(84): Notify: Parameter Substitution: parameter "userToken" =  "D5D0F6AFC010465690E5355881AC1C24510A77EFA3994CE2ED5ED17F7EC17FE2548C94BE12EDB14D"	[MsgId: MMSG-13992]
Action.c(84): web_custom_request("get_tags_except_2") was successful, 671 body bytes, 304 header bytes  	[MsgId: MMSG-26386]
Action.c(92): Notify: Parameter Substitution: parameter "requestUrl" =  "http://118.126.89.154:58080"	[MsgId: MMSG-13992]
Action.c(92): Notify: Parameter Substitution: parameter "shop_id" =  "A2017051021110745139"	[MsgId: MMSG-13992]
Action.c(92): Notify: Parameter Substitution: parameter "userToken" =  "D5D0F6AFC010465690E5355881AC1C24510A77EFA3994CE2ED5ED17F7EC17FE2548C94BE12EDB14D"	[MsgId: MMSG-13992]
Action.c(92): web_custom_request("single_album_1") was successful, 76791 body bytes, 501 header bytes, 84 chunking overhead bytes  	[MsgId: MMSG-26385]
Action.c(103): Notify: Transaction "返回个人相册" ended with "Pass" status (Duration: 13.2405 Wasted Time: 13.1020).	[MsgId: MMSG-16871]
Ending action Action.	[MsgId: MMSG-15918]
Ending iteration 12.	[MsgId: MMSG-15965]
Starting iteration 13.	[MsgId: MMSG-15968]
Notify: Next row for parameter userToken = 13 [table  = userToken].	[MsgId: MMSG-13876]
Notify: Getting new value for parameter 'userToken': table = 'userToken.dat' column = '0' row = '13'.	[MsgId: MMSG-13877]
Starting action Action.	[MsgId: MMSG-15919]
Action.c(7): Registering web_reg_save_param_ex was successful  	[MsgId: MMSG-26390]
Action.c(15): Notify: Transaction "进入相册动态" started.	[MsgId: MMSG-16999]
Action.c(17): web_add_header("Accept-Encoding") was successful  	[MsgId: MMSG-26392]
Action.c(20): Notify: Parameter Substitution: parameter "requestUrl" =  "http://118.126.89.154:58080"	[MsgId: MMSG-13992]
Action.c(20): Notify: Parameter Substitution: parameter "userToken" =  "A120D6B8FA83A8A1353BDFBC67380F3C35C5C47607B9115D668691BBEFACEC3A4FA0CFDD294AAB90"	[MsgId: MMSG-13992]
Action.c(20): Notify: Transaction "进入相册动态" ended with "Stop" status (Duration: 48.9596).	[MsgId: MMSG-16873]
Abort was called from an action.	[MsgId: MMSG-10447]
Ending Vuser...	[MsgId: MMSG-15966]
Starting action vuser_end.	[MsgId: MMSG-15919]
Ending action vuser_end.	[MsgId: MMSG-15918]
Vuser Terminated.	[MsgId: MMSG-15963]
