Virtual User Script started at : 2019-01-21 17:54:06	[MsgId: MMSG-15967]
Starting action vuser_init.	[MsgId: MMSG-15919]
Web Turbo Replay of LoadRunner 11.0.0 for Windows 7; build 8859 (Aug 18 2010 20:14:31)  	[MsgId: MMSG-27143]
Run Mode: HTML  	[MsgId: MMSG-26000]
Run-Time Settings file: "C:\Users\Administrator\AppData\Local\Temp\lr5tmpdir5gg.190\lrcfgp6h.191\cfgSIV.197"  	[MsgId: MMSG-27141]
Ending action vuser_init.	[MsgId: MMSG-15918]
Running Vuser...	[MsgId: MMSG-15964]
Starting iteration 1.	[MsgId: MMSG-15968]
Starting action Action.	[MsgId: MMSG-15919]
Action.c(7): Registering web_reg_save_param_ex was successful  	[MsgId: MMSG-26390]
Action.c(15): Notify: Transaction "进入相册动态" started.	[MsgId: MMSG-16999]
Action.c(20): web_custom_request("owner") was successful, 77603 body bytes, 1024 header bytes, 84 chunking overhead bytes  	[MsgId: MMSG-26385]
Action.c(28): Notify: Transaction "进入相册动态" ended with "Pass" status (Duration: 17.3984 Wasted Time: 0.0011).	[MsgId: MMSG-16871]
Action.c(73): Notify: Transaction "发布新增商品" started.	[MsgId: MMSG-16999]
Action.c(75): web_custom_request("save_theme") was successful, 543 body bytes, 494 header bytes  	[MsgId: MMSG-26386]
Action.c(81): Notify: Transaction "发布新增商品" ended with "Pass" status (Duration: 0.0578).	[MsgId: MMSG-16873]
Action.c(83): Notify: Transaction "返回个人相册" started.	[MsgId: MMSG-16999]
Action.c(85): web_custom_request("get_tags_except_2") was successful, 285 body bytes, 304 header bytes  	[MsgId: MMSG-26386]
Action.c(93): Error -26697: Missing CR/LF after body/trailer ("Transfer-Encoding: chunked") for "http://118.126.89.154:58080/service/album/get_album_themes_list.jsp?act=single_album&shop_id=A201812080953300270014587&search_value=&search_img=&start_date=&end_date=&tag=&page_index=1&from_id=&client_type=ios&token=MzJFN0I0MTMxNkVFNjRDRTRFMkREREM5ODVBNjhEMjAzODZFMDRGM0IxMDM2QTkyQTlDMjRBRUFERTcyOUZCMkRERDU4QkM2MjI4RDZDQzlGNjNGNTc0OUEzQ0UxNzY0&version=2302"  	[MsgId: MERR-26697]
Action.c(93): web_custom_request("single_album_1") highest severity level was "ERROR", 40960 body bytes, 501 header bytes, 38 chunking overhead bytes  	[MsgId: MMSG-26387]
Action.c(93): Notify: Transaction "返回个人相册" ended with "Fail" status (Duration: 100.8085).	[MsgId: MMSG-16873]
Ending action Action.	[MsgId: MMSG-15918]
Ending iteration 1.	[MsgId: MMSG-15965]
Starting iteration 2.	[MsgId: MMSG-15968]
Starting action Action.	[MsgId: MMSG-15919]
Action.c(7): Registering web_reg_save_param_ex was successful  	[MsgId: MMSG-26390]
Action.c(15): Notify: Transaction "进入相册动态" started.	[MsgId: MMSG-16999]
Action.c(20): web_custom_request("owner") was successful, 76479 body bytes, 928 header bytes, 84 chunking overhead bytes  	[MsgId: MMSG-26385]
Action.c(28): Notify: Transaction "进入相册动态" ended with "Pass" status (Duration: 20.4519 Wasted Time: 0.0011).	[MsgId: MMSG-16871]
Action.c(73): Notify: Transaction "发布新增商品" started.	[MsgId: MMSG-16999]
Action.c(75): web_custom_request("save_theme") was successful, 480 body bytes, 494 header bytes  	[MsgId: MMSG-26386]
Action.c(81): Notify: Transaction "发布新增商品" ended with "Pass" status (Duration: 0.0375).	[MsgId: MMSG-16873]
Action.c(83): Notify: Transaction "返回个人相册" started.	[MsgId: MMSG-16999]
Action.c(85): web_custom_request("get_tags_except_2") was successful, 237 body bytes, 304 header bytes  	[MsgId: MMSG-26386]
Action.c(93): web_custom_request("single_album_1") was successful, 76982 body bytes, 501 header bytes, 84 chunking overhead bytes  	[MsgId: MMSG-26385]
Action.c(104): Notify: Transaction "返回个人相册" ended with "Pass" status (Duration: 104.6428 Wasted Time: 104.5030).	[MsgId: MMSG-16871]
Ending action Action.	[MsgId: MMSG-15918]
Ending iteration 2.	[MsgId: MMSG-15965]
Starting iteration 3.	[MsgId: MMSG-15968]
Starting action Action.	[MsgId: MMSG-15919]
Action.c(7): Registering web_reg_save_param_ex was successful  	[MsgId: MMSG-26390]
Action.c(15): Notify: Transaction "进入相册动态" started.	[MsgId: MMSG-16999]
Action.c(20): web_custom_request("owner") was successful, 76456 body bytes, 928 header bytes, 84 chunking overhead bytes  	[MsgId: MMSG-26385]
Action.c(28): Notify: Transaction "进入相册动态" ended with "Pass" status (Duration: 6.2833 Wasted Time: 0.0011).	[MsgId: MMSG-16871]
Action.c(73): Notify: Transaction "发布新增商品" started.	[MsgId: MMSG-16999]
Action.c(75): web_custom_request("save_theme") was successful, 480 body bytes, 494 header bytes  	[MsgId: MMSG-26386]
Action.c(81): Notify: Transaction "发布新增商品" ended with "Pass" status (Duration: 0.0934).	[MsgId: MMSG-16873]
Action.c(83): Notify: Transaction "返回个人相册" started.	[MsgId: MMSG-16999]
Action.c(85): web_custom_request("get_tags_except_2") was successful, 237 body bytes, 304 header bytes  	[MsgId: MMSG-26386]
Action.c(93): web_custom_request("single_album_1") was successful, 76751 body bytes, 501 header bytes, 84 chunking overhead bytes  	[MsgId: MMSG-26385]
Action.c(104): Notify: Transaction "返回个人相册" ended with "Pass" status (Duration: 19.6889 Wasted Time: 19.6580).	[MsgId: MMSG-16871]
Ending action Action.	[MsgId: MMSG-15918]
Ending iteration 3.	[MsgId: MMSG-15965]
Starting iteration 4.	[MsgId: MMSG-15968]
Starting action Action.	[MsgId: MMSG-15919]
Action.c(7): Registering web_reg_save_param_ex was successful  	[MsgId: MMSG-26390]
Action.c(15): Notify: Transaction "进入相册动态" started.	[MsgId: MMSG-16999]
Action.c(20): web_custom_request("owner") was successful, 77851 body bytes, 928 header bytes, 85 chunking overhead bytes  	[MsgId: MMSG-26385]
Action.c(28): Notify: Transaction "进入相册动态" ended with "Pass" status (Duration: 35.6159 Wasted Time: 0.0012).	[MsgId: MMSG-16871]
Action.c(73): Notify: Transaction "发布新增商品" started.	[MsgId: MMSG-16999]
Action.c(75): web_custom_request("save_theme") was successful, 480 body bytes, 494 header bytes  	[MsgId: MMSG-26386]
Action.c(81): Notify: Transaction "发布新增商品" ended with "Pass" status (Duration: 0.0886).	[MsgId: MMSG-16873]
Action.c(83): Notify: Transaction "返回个人相册" started.	[MsgId: MMSG-16999]
Action.c(85): web_custom_request("get_tags_except_2") was successful, 3773 body bytes, 305 header bytes  	[MsgId: MMSG-26386]
Action.c(93): web_custom_request("single_album_1") was successful, 78159 body bytes, 501 header bytes, 85 chunking overhead bytes  	[MsgId: MMSG-26385]
Action.c(104): Notify: Transaction "返回个人相册" ended with "Pass" status (Duration: 25.9253 Wasted Time: 21.3790).	[MsgId: MMSG-16871]
Ending action Action.	[MsgId: MMSG-15918]
Ending iteration 4.	[MsgId: MMSG-15965]
Starting iteration 5.	[MsgId: MMSG-15968]
Starting action Action.	[MsgId: MMSG-15919]
Action.c(7): Registering web_reg_save_param_ex was successful  	[MsgId: MMSG-26390]
Action.c(15): Notify: Transaction "进入相册动态" started.	[MsgId: MMSG-16999]
Action.c(20): Warning -26377: No match found for the requested parameter "shop_id". Check whether the requested boundaries exist in the response data. Also, if the data you want to save exceeds 256 bytes, use web_set_max_html_param_len to increase the parameter size  	[MsgId: MWAR-26377]
Action.c(20): web_custom_request("owner") highest severity level was "warning", 46754 body bytes, 928 header bytes, 46 chunking overhead bytes  	[MsgId: MMSG-26387]
Action.c(28): Notify: Transaction "进入相册动态" ended with "Pass" status (Duration: 61.7744 Wasted Time: 0.0007).	[MsgId: MMSG-16871]
Action.c(73): Notify: Transaction "发布新增商品" started.	[MsgId: MMSG-16999]
Action.c(75): web_custom_request("save_theme") was successful, 480 body bytes, 494 header bytes  	[MsgId: MMSG-26386]
Action.c(81): Notify: Transaction "发布新增商品" ended with "Pass" status (Duration: 0.0876).	[MsgId: MMSG-16873]
Action.c(83): Notify: Transaction "返回个人相册" started.	[MsgId: MMSG-16999]
Action.c(85): web_custom_request("get_tags_except_2") was successful, 237 body bytes, 304 header bytes  	[MsgId: MMSG-26386]
Action.c(93): web_custom_request("single_album_1") was successful, 74132 body bytes, 501 header bytes, 84 chunking overhead bytes  	[MsgId: MMSG-26385]
Action.c(104): Notify: Transaction "返回个人相册" ended with "Pass" status (Duration: 39.3229 Wasted Time: 39.2910).	[MsgId: MMSG-16871]
Ending action Action.	[MsgId: MMSG-15918]
Ending iteration 5.	[MsgId: MMSG-15965]
Starting iteration 6.	[MsgId: MMSG-15968]
Starting action Action.	[MsgId: MMSG-15919]
Action.c(7): Registering web_reg_save_param_ex was successful  	[MsgId: MMSG-26390]
Action.c(15): Notify: Transaction "进入相册动态" started.	[MsgId: MMSG-16999]
Action.c(20): web_custom_request("owner") was successful, 74870 body bytes, 1024 header bytes, 84 chunking overhead bytes  	[MsgId: MMSG-26385]
Action.c(28): Notify: Transaction "进入相册动态" ended with "Pass" status (Duration: 31.6254 Wasted Time: 0.0011).	[MsgId: MMSG-16871]
Action.c(73): Notify: Transaction "发布新增商品" started.	[MsgId: MMSG-16999]
Action.c(75): web_custom_request("save_theme") was successful, 528 body bytes, 494 header bytes  	[MsgId: MMSG-26386]
Action.c(81): Notify: Transaction "发布新增商品" ended with "Pass" status (Duration: 0.0375).	[MsgId: MMSG-16873]
Action.c(83): Notify: Transaction "返回个人相册" started.	[MsgId: MMSG-16999]
Action.c(85): web_custom_request("get_tags_except_2") was successful, 34851 body bytes, 311 header bytes, 44 chunking overhead bytes  	[MsgId: MMSG-26385]
Action.c(93): web_custom_request("single_album_1") was successful, 75438 body bytes, 501 header bytes, 84 chunking overhead bytes  	[MsgId: MMSG-26385]
Action.c(104): Notify: Transaction "返回个人相册" ended with "Pass" status (Duration: 49.3018 Wasted Time: 40.2780).	[MsgId: MMSG-16871]
Ending action Action.	[MsgId: MMSG-15918]
Ending iteration 6.	[MsgId: MMSG-15965]
Starting iteration 7.	[MsgId: MMSG-15968]
Starting action Action.	[MsgId: MMSG-15919]
Action.c(7): Registering web_reg_save_param_ex was successful  	[MsgId: MMSG-26390]
Action.c(15): Notify: Transaction "进入相册动态" started.	[MsgId: MMSG-16999]
Action.c(20): Notify: Transaction "进入相册动态" ended with "Stop" status (Duration: 77.5048).	[MsgId: MMSG-16873]
Abort was called from an action.	[MsgId: MMSG-10447]
Ending Vuser...	[MsgId: MMSG-15966]
Starting action vuser_end.	[MsgId: MMSG-15919]
Ending action vuser_end.	[MsgId: MMSG-15918]
Vuser Terminated.	[MsgId: MMSG-15963]
