Virtual User Script started at : 2019-01-21 17:53:59	[MsgId: MMSG-15967]
Starting action vuser_init.	[MsgId: MMSG-15919]
Web Turbo Replay of LoadRunner 11.0.0 for Windows 7; build 8859 (Aug 18 2010 20:14:31)  	[MsgId: MMSG-27143]
Run Mode: HTML  	[MsgId: MMSG-26000]
Run-Time Settings file: "C:\Users\Administrator\AppData\Local\Temp\lr5tmpdir5gg.190\lrcfgp6h.191\cfgSIV.197"  	[MsgId: MMSG-27141]
Ending action vuser_init.	[MsgId: MMSG-15918]
Running Vuser...	[MsgId: MMSG-15964]
Starting iteration 1.	[MsgId: MMSG-15968]
Starting action Action.	[MsgId: MMSG-15919]
Action.c(7): Registering web_reg_save_param_ex was successful  	[MsgId: MMSG-26390]
Action.c(15): Notify: Transaction "进入相册动态" started.	[MsgId: MMSG-16999]
Action.c(20): web_custom_request("owner") was successful, 77603 body bytes, 1024 header bytes, 84 chunking overhead bytes  	[MsgId: MMSG-26385]
Action.c(28): Notify: Transaction "进入相册动态" ended with "Pass" status (Duration: 15.7856 Wasted Time: 0.0011).	[MsgId: MMSG-16871]
Action.c(73): Notify: Transaction "发布新增商品" started.	[MsgId: MMSG-16999]
Action.c(75): web_custom_request("save_theme") was successful, 543 body bytes, 494 header bytes  	[MsgId: MMSG-26386]
Action.c(81): Notify: Transaction "发布新增商品" ended with "Pass" status (Duration: 0.2897).	[MsgId: MMSG-16873]
Action.c(83): Notify: Transaction "返回个人相册" started.	[MsgId: MMSG-16999]
Action.c(85): web_custom_request("get_tags_except_2") was successful, 285 body bytes, 304 header bytes  	[MsgId: MMSG-26386]
Action.c(93): web_custom_request("single_album_1") was successful, 78065 body bytes, 501 header bytes, 85 chunking overhead bytes  	[MsgId: MMSG-26385]
Action.c(104): Notify: Transaction "返回个人相册" ended with "Pass" status (Duration: 3.4056 Wasted Time: 2.7280).	[MsgId: MMSG-16871]
Ending action Action.	[MsgId: MMSG-15918]
Ending iteration 1.	[MsgId: MMSG-15965]
Starting iteration 2.	[MsgId: MMSG-15968]
Starting action Action.	[MsgId: MMSG-15919]
Action.c(7): Registering web_reg_save_param_ex was successful  	[MsgId: MMSG-26390]
Action.c(15): Notify: Transaction "进入相册动态" started.	[MsgId: MMSG-16999]
Action.c(20): web_custom_request("owner") was successful, 76468 body bytes, 928 header bytes, 84 chunking overhead bytes  	[MsgId: MMSG-26385]
Action.c(28): Notify: Transaction "进入相册动态" ended with "Pass" status (Duration: 83.6658 Wasted Time: 0.0011).	[MsgId: MMSG-16871]
Action.c(73): Notify: Transaction "发布新增商品" started.	[MsgId: MMSG-16999]
Action.c(75): web_custom_request("save_theme") was successful, 480 body bytes, 494 header bytes  	[MsgId: MMSG-26386]
Action.c(81): Notify: Transaction "发布新增商品" ended with "Pass" status (Duration: 0.0799).	[MsgId: MMSG-16873]
Action.c(83): Notify: Transaction "返回个人相册" started.	[MsgId: MMSG-16999]
Action.c(85): web_custom_request("get_tags_except_2") was successful, 237 body bytes, 304 header bytes  	[MsgId: MMSG-26386]
Action.c(93): web_custom_request("single_album_1") was successful, 76987 body bytes, 501 header bytes, 84 chunking overhead bytes  	[MsgId: MMSG-26385]
Action.c(104): Notify: Transaction "返回个人相册" ended with "Pass" status (Duration: 15.5848 Wasted Time: 15.3910).	[MsgId: MMSG-16871]
Ending action Action.	[MsgId: MMSG-15918]
Ending iteration 2.	[MsgId: MMSG-15965]
Starting iteration 3.	[MsgId: MMSG-15968]
Starting action Action.	[MsgId: MMSG-15919]
Action.c(7): Registering web_reg_save_param_ex was successful  	[MsgId: MMSG-26390]
Action.c(15): Notify: Transaction "进入相册动态" started.	[MsgId: MMSG-16999]
Action.c(20): web_custom_request("owner") was successful, 76468 body bytes, 928 header bytes, 84 chunking overhead bytes  	[MsgId: MMSG-26385]
Action.c(28): Notify: Transaction "进入相册动态" ended with "Pass" status (Duration: 7.4655 Wasted Time: 0.0010).	[MsgId: MMSG-16871]
Action.c(73): Notify: Transaction "发布新增商品" started.	[MsgId: MMSG-16999]
Action.c(75): web_custom_request("save_theme") was successful, 480 body bytes, 494 header bytes  	[MsgId: MMSG-26386]
Action.c(81): Notify: Transaction "发布新增商品" ended with "Pass" status (Duration: 0.0746).	[MsgId: MMSG-16873]
Action.c(83): Notify: Transaction "返回个人相册" started.	[MsgId: MMSG-16999]
Action.c(85): web_custom_request("get_tags_except_2") was successful, 237 body bytes, 304 header bytes  	[MsgId: MMSG-26386]
Action.c(93): web_custom_request("single_album_1") was successful, 76760 body bytes, 501 header bytes, 84 chunking overhead bytes  	[MsgId: MMSG-26385]
Action.c(104): Notify: Transaction "返回个人相册" ended with "Pass" status (Duration: 9.1495 Wasted Time: 9.1190).	[MsgId: MMSG-16871]
Ending action Action.	[MsgId: MMSG-15918]
Ending iteration 3.	[MsgId: MMSG-15965]
Starting iteration 4.	[MsgId: MMSG-15968]
Starting action Action.	[MsgId: MMSG-15919]
Action.c(7): Registering web_reg_save_param_ex was successful  	[MsgId: MMSG-26390]
Action.c(15): Notify: Transaction "进入相册动态" started.	[MsgId: MMSG-16999]
Action.c(20): Error -27728: Step download timeout (999 seconds) has expired  	[MsgId: MERR-27728]
Action.c(20): Aborting pending download of URL="http://118.126.89.154:58080/service/album/get_album_themes_list.jsp?act=owner&shop_id=&search_value=&search_img=&start_date=&end_date=&page_index=1&client_type=ios&token=748F8D065434DE009FA518E3A3B3D1915FF3625C9E325959474A9F2B2D6A819B3D08E8DCCEE7FAB9&version=2302&"  	[MsgId: MMSG-27656]
Action.c(20): Warning -26377: No match found for the requested parameter "shop_id". Check whether the requested boundaries exist in the response data. Also, if the data you want to save exceeds 256 bytes, use web_set_max_html_param_len to increase the parameter size  	[MsgId: MWAR-26377]
Action.c(20): web_custom_request("owner") highest severity level was "ERROR", 52394 body bytes, 928 header bytes, 54 chunking overhead bytes  	[MsgId: MMSG-26387]
Action.c(20): Notify: Transaction "进入相册动态" ended with "Fail" status (Duration: 999.0110 Wasted Time: 0.0009).	[MsgId: MMSG-16871]
Ending action Action.	[MsgId: MMSG-15918]
Ending iteration 4.	[MsgId: MMSG-15965]
Starting iteration 5.	[MsgId: MMSG-15968]
Starting action Action.	[MsgId: MMSG-15919]
Action.c(7): Registering web_reg_save_param_ex was successful  	[MsgId: MMSG-26390]
Action.c(15): Notify: Transaction "进入相册动态" started.	[MsgId: MMSG-16999]
Action.c(20): web_custom_request("owner") was successful, 73871 body bytes, 928 header bytes, 83 chunking overhead bytes  	[MsgId: MMSG-26385]
Action.c(28): Notify: Transaction "进入相册动态" ended with "Pass" status (Duration: 6.3605 Wasted Time: 0.0009).	[MsgId: MMSG-16871]
Action.c(73): Notify: Transaction "发布新增商品" started.	[MsgId: MMSG-16999]
Action.c(75): web_custom_request("save_theme") was successful, 480 body bytes, 494 header bytes  	[MsgId: MMSG-26386]
Action.c(81): Notify: Transaction "发布新增商品" ended with "Pass" status (Duration: 0.6468).	[MsgId: MMSG-16873]
Action.c(83): Notify: Transaction "返回个人相册" started.	[MsgId: MMSG-16999]
Action.c(85): web_custom_request("get_tags_except_2") was successful, 237 body bytes, 304 header bytes  	[MsgId: MMSG-26386]
Action.c(93): web_custom_request("single_album_1") was successful, 74112 body bytes, 501 header bytes, 84 chunking overhead bytes  	[MsgId: MMSG-26385]
Action.c(104): Notify: Transaction "返回个人相册" ended with "Pass" status (Duration: 16.2578 Wasted Time: 16.2210).	[MsgId: MMSG-16871]
Ending action Action.	[MsgId: MMSG-15918]
Ending iteration 5.	[MsgId: MMSG-15965]
Starting iteration 6.	[MsgId: MMSG-15968]
Starting action Action.	[MsgId: MMSG-15919]
Action.c(7): Registering web_reg_save_param_ex was successful  	[MsgId: MMSG-26390]
Action.c(15): Notify: Transaction "进入相册动态" started.	[MsgId: MMSG-16999]
Action.c(20): web_custom_request("owner") was successful, 74860 body bytes, 1024 header bytes, 84 chunking overhead bytes  	[MsgId: MMSG-26385]
Action.c(28): Notify: Transaction "进入相册动态" ended with "Pass" status (Duration: 7.1096 Wasted Time: 0.0012).	[MsgId: MMSG-16871]
Action.c(73): Notify: Transaction "发布新增商品" started.	[MsgId: MMSG-16999]
Action.c(75): web_custom_request("save_theme") was successful, 528 body bytes, 494 header bytes  	[MsgId: MMSG-26386]
Action.c(81): Notify: Transaction "发布新增商品" ended with "Pass" status (Duration: 1.4592).	[MsgId: MMSG-16873]
Action.c(83): Notify: Transaction "返回个人相册" started.	[MsgId: MMSG-16999]
Action.c(85): web_custom_request("get_tags_except_2") was successful, 34851 body bytes, 311 header bytes, 44 chunking overhead bytes  	[MsgId: MMSG-26385]
Action.c(93): Error -26697: Missing CR/LF after body/trailer ("Transfer-Encoding: chunked") for "http://118.126.89.154:58080/service/album/get_album_themes_list.jsp?act=single_album&shop_id=A2017042201215925400&search_value=&search_img=&start_date=&end_date=&tag=&page_index=1&from_id=&client_type=ios&token=QzE4NTQ4ODA1REVGNDYyQjY4QzFEODYyODE5MEM1Njg5Qzk2RTAzMUQwODgxMkM3NDlEMzFBRDFDRDU0NkNGNkRCNjAzRTY3RkIzOEVFMUY5MjM2N0Q1N0M3MkJCMTVD&version=2302"  	[MsgId: MERR-26697]
Action.c(93): web_custom_request("single_album_1") highest severity level was "ERROR", 24576 body bytes, 501 header bytes, 22 chunking overhead bytes  	[MsgId: MMSG-26387]
Action.c(93): Notify: Transaction "返回个人相册" ended with "Fail" status (Duration: 36.5022).	[MsgId: MMSG-16873]
Ending action Action.	[MsgId: MMSG-15918]
Action was aborted.	[MsgId: MMSG-10694]
Ending Vuser...	[MsgId: MMSG-15966]
Starting action vuser_end.	[MsgId: MMSG-15919]
Ending action vuser_end.	[MsgId: MMSG-15918]
Vuser Terminated.	[MsgId: MMSG-15963]
