Virtual User Script started at : 2019-01-21 17:54:06	[MsgId: MMSG-15967]
Starting action vuser_init.	[MsgId: MMSG-15919]
Web Turbo Replay of LoadRunner 11.0.0 for Windows 7; build 8859 (Aug 18 2010 20:14:31)  	[MsgId: MMSG-27143]
Run Mode: HTML  	[MsgId: MMSG-26000]
Run-Time Settings file: "C:\Users\Administrator\AppData\Local\Temp\lr5tmpdir5gg.190\lrcfgp6h.191\cfgSIV.197"  	[MsgId: MMSG-27141]
Ending action vuser_init.	[MsgId: MMSG-15918]
Running Vuser...	[MsgId: MMSG-15964]
Starting iteration 1.	[MsgId: MMSG-15968]
Starting action Action.	[MsgId: MMSG-15919]
Action.c(7): Registering web_reg_save_param_ex was successful  	[MsgId: MMSG-26390]
Action.c(15): Notify: Transaction "进入相册动态" started.	[MsgId: MMSG-16999]
Action.c(20): Error -26697: Missing CR/LF after body/trailer ("Transfer-Encoding: chunked") for "http://118.126.89.154:58080/service/album/get_album_themes_list.jsp?act=owner&shop_id=&search_value=&search_img=&start_date=&end_date=&page_index=1&client_type=ios&token=MzJFN0I0MTMxNkVFNjRDRTRFMkREREM5ODVBNjhEMjAzODZFMDRGM0IxMDM2QTkyQTlDMjRBRUFERTcyOUZCMkRERDU4QkM2MjI4RDZDQzlGNjNGNTc0OUEzQ0UxNzY0&version=2302&"  	[MsgId: MERR-26697]
Action.c(20): Warning -26377: No match found for the requested parameter "shop_id". Check whether the requested boundaries exist in the response data. Also, if the data you want to save exceeds 256 bytes, use web_set_max_html_param_len to increase the parameter size  	[MsgId: MWAR-26377]
Action.c(20): web_custom_request("owner") highest severity level was "ERROR", 32767 body bytes, 1024 header bytes, 30 chunking overhead bytes  	[MsgId: MMSG-26387]
Action.c(20): Notify: Transaction "进入相册动态" ended with "Fail" status (Duration: 28.4948 Wasted Time: 0.0003).	[MsgId: MMSG-16871]
Ending action Action.	[MsgId: MMSG-15918]
Ending iteration 1.	[MsgId: MMSG-15965]
Starting iteration 2.	[MsgId: MMSG-15968]
Starting action Action.	[MsgId: MMSG-15919]
Action.c(7): Registering web_reg_save_param_ex was successful  	[MsgId: MMSG-26390]
Action.c(15): Notify: Transaction "进入相册动态" started.	[MsgId: MMSG-16999]
Action.c(20): web_custom_request("owner") was successful, 76472 body bytes, 928 header bytes, 84 chunking overhead bytes  	[MsgId: MMSG-26385]
Action.c(28): Notify: Transaction "进入相册动态" ended with "Pass" status (Duration: 12.4855 Wasted Time: 0.0007).	[MsgId: MMSG-16871]
Action.c(73): Notify: Transaction "发布新增商品" started.	[MsgId: MMSG-16999]
Action.c(75): web_custom_request("save_theme") was successful, 480 body bytes, 494 header bytes  	[MsgId: MMSG-26386]
Action.c(81): Notify: Transaction "发布新增商品" ended with "Pass" status (Duration: 0.0597).	[MsgId: MMSG-16873]
Action.c(83): Notify: Transaction "返回个人相册" started.	[MsgId: MMSG-16999]
Action.c(85): web_custom_request("get_tags_except_2") was successful, 237 body bytes, 304 header bytes  	[MsgId: MMSG-26386]
Action.c(93): web_custom_request("single_album_1") was successful, 76974 body bytes, 501 header bytes, 84 chunking overhead bytes  	[MsgId: MMSG-26385]
Action.c(104): Notify: Transaction "返回个人相册" ended with "Pass" status (Duration: 19.8930 Wasted Time: 19.7550).	[MsgId: MMSG-16871]
Ending action Action.	[MsgId: MMSG-15918]
Ending iteration 2.	[MsgId: MMSG-15965]
Starting iteration 3.	[MsgId: MMSG-15968]
Starting action Action.	[MsgId: MMSG-15919]
Action.c(7): Registering web_reg_save_param_ex was successful  	[MsgId: MMSG-26390]
Action.c(15): Notify: Transaction "进入相册动态" started.	[MsgId: MMSG-16999]
Action.c(20): Error -26697: Missing CR/LF after body/trailer ("Transfer-Encoding: chunked") for "http://118.126.89.154:58080/service/album/get_album_themes_list.jsp?act=owner&shop_id=&search_value=&search_img=&start_date=&end_date=&page_index=1&client_type=ios&token=4F3D00B52FC8E01A1F6412605FF6FDE707B60438B35E6E6F0A690EC4CEE93B5F45F35F318C51A353&version=2302&"  	[MsgId: MERR-26697]
Action.c(20): Warning -26377: No match found for the requested parameter "shop_id". Check whether the requested boundaries exist in the response data. Also, if the data you want to save exceeds 256 bytes, use web_set_max_html_param_len to increase the parameter size  	[MsgId: MWAR-26377]
Action.c(20): web_custom_request("owner") highest severity level was "ERROR", 40960 body bytes, 928 header bytes, 38 chunking overhead bytes  	[MsgId: MMSG-26387]
Action.c(20): Notify: Transaction "进入相册动态" ended with "Fail" status (Duration: 28.7466 Wasted Time: 0.0006).	[MsgId: MMSG-16871]
Ending action Action.	[MsgId: MMSG-15918]
Ending iteration 3.	[MsgId: MMSG-15965]
Starting iteration 4.	[MsgId: MMSG-15968]
Starting action Action.	[MsgId: MMSG-15919]
Action.c(7): Registering web_reg_save_param_ex was successful  	[MsgId: MMSG-26390]
Action.c(15): Notify: Transaction "进入相册动态" started.	[MsgId: MMSG-16999]
Action.c(20): web_custom_request("owner") was successful, 77864 body bytes, 928 header bytes, 85 chunking overhead bytes  	[MsgId: MMSG-26385]
Action.c(28): Notify: Transaction "进入相册动态" ended with "Pass" status (Duration: 4.0366 Wasted Time: 0.0012).	[MsgId: MMSG-16871]
Action.c(73): Notify: Transaction "发布新增商品" started.	[MsgId: MMSG-16999]
Action.c(75): web_custom_request("save_theme") was successful, 480 body bytes, 494 header bytes  	[MsgId: MMSG-26386]
Action.c(81): Notify: Transaction "发布新增商品" ended with "Pass" status (Duration: 0.7087).	[MsgId: MMSG-16873]
Action.c(83): Notify: Transaction "返回个人相册" started.	[MsgId: MMSG-16999]
Action.c(85): web_custom_request("get_tags_except_2") was successful, 3773 body bytes, 305 header bytes  	[MsgId: MMSG-26386]
Action.c(93): web_custom_request("single_album_1") was successful, 78158 body bytes, 501 header bytes, 85 chunking overhead bytes  	[MsgId: MMSG-26385]
Action.c(104): Notify: Transaction "返回个人相册" ended with "Pass" status (Duration: 14.9232 Wasted Time: 14.7850).	[MsgId: MMSG-16871]
Ending action Action.	[MsgId: MMSG-15918]
Ending iteration 4.	[MsgId: MMSG-15965]
Starting iteration 5.	[MsgId: MMSG-15968]
Starting action Action.	[MsgId: MMSG-15919]
Action.c(7): Registering web_reg_save_param_ex was successful  	[MsgId: MMSG-26390]
Action.c(15): Notify: Transaction "进入相册动态" started.	[MsgId: MMSG-16999]
Action.c(20): Error -26697: Missing CR/LF after body/trailer ("Transfer-Encoding: chunked") for "http://118.126.89.154:58080/service/album/get_album_themes_list.jsp?act=owner&shop_id=&search_value=&search_img=&start_date=&end_date=&page_index=1&client_type=ios&token=9A8FA7A84BCEA0397BF262C76B888D70D3129EEBC88A401CC447BE8DE1B9FCE58580CB6C798BFD44&version=2302&"  	[MsgId: MERR-26697]
Action.c(20): Warning -26377: No match found for the requested parameter "shop_id". Check whether the requested boundaries exist in the response data. Also, if the data you want to save exceeds 256 bytes, use web_set_max_html_param_len to increase the parameter size  	[MsgId: MWAR-26377]
Action.c(20): web_custom_request("owner") highest severity level was "ERROR", 57344 body bytes, 928 header bytes, 54 chunking overhead bytes  	[MsgId: MMSG-26387]
Action.c(20): Notify: Transaction "进入相册动态" ended with "Fail" status (Duration: 28.0161 Wasted Time: 0.0005).	[MsgId: MMSG-16871]
Ending action Action.	[MsgId: MMSG-15918]
Ending iteration 5.	[MsgId: MMSG-15965]
Starting iteration 6.	[MsgId: MMSG-15968]
Starting action Action.	[MsgId: MMSG-15919]
Action.c(7): Registering web_reg_save_param_ex was successful  	[MsgId: MMSG-26390]
Action.c(15): Notify: Transaction "进入相册动态" started.	[MsgId: MMSG-16999]
Action.c(20): web_custom_request("owner") was successful, 74890 body bytes, 1024 header bytes, 84 chunking overhead bytes  	[MsgId: MMSG-26385]
Action.c(28): Notify: Transaction "进入相册动态" ended with "Pass" status (Duration: 28.8807 Wasted Time: 0.0013).	[MsgId: MMSG-16871]
Action.c(73): Notify: Transaction "发布新增商品" started.	[MsgId: MMSG-16999]
Action.c(75): web_custom_request("save_theme") was successful, 528 body bytes, 494 header bytes  	[MsgId: MMSG-26386]
Action.c(81): Notify: Transaction "发布新增商品" ended with "Pass" status (Duration: 0.0531).	[MsgId: MMSG-16873]
Action.c(83): Notify: Transaction "返回个人相册" started.	[MsgId: MMSG-16999]
Action.c(85): web_custom_request("get_tags_except_2") was successful, 34851 body bytes, 311 header bytes, 44 chunking overhead bytes  	[MsgId: MMSG-26385]
Action.c(93): Error -26697: Missing CR/LF after body/trailer ("Transfer-Encoding: chunked") for "http://118.126.89.154:58080/service/album/get_album_themes_list.jsp?act=single_album&shop_id=A2017042201215925400&search_value=&search_img=&start_date=&end_date=&tag=&page_index=1&from_id=&client_type=ios&token=QzE4NTQ4ODA1REVGNDYyQjY4QzFEODYyODE5MEM1Njg5Qzk2RTAzMUQwODgxMkM3NDlEMzFBRDFDRDU0NkNGNkRCNjAzRTY3RkIzOEVFMUY5MjM2N0Q1N0M3MkJCMTVD&version=2302"  	[MsgId: MERR-26697]
Action.c(93): web_custom_request("single_album_1") highest severity level was "ERROR", 65536 body bytes, 501 header bytes, 62 chunking overhead bytes  	[MsgId: MMSG-26387]
Action.c(93): Notify: Transaction "返回个人相册" ended with "Fail" status (Duration: 52.9320).	[MsgId: MMSG-16873]
Ending action Action.	[MsgId: MMSG-15918]
Ending iteration 6.	[MsgId: MMSG-15965]
Starting iteration 7.	[MsgId: MMSG-15968]
Starting action Action.	[MsgId: MMSG-15919]
Action.c(7): Registering web_reg_save_param_ex was successful  	[MsgId: MMSG-26390]
Action.c(15): Notify: Transaction "进入相册动态" started.	[MsgId: MMSG-16999]
Action.c(20): web_custom_request("owner") was successful, 74809 body bytes, 928 header bytes, 84 chunking overhead bytes  	[MsgId: MMSG-26385]
Action.c(28): Notify: Transaction "进入相册动态" ended with "Pass" status (Duration: 10.6071 Wasted Time: 0.0012).	[MsgId: MMSG-16871]
Action.c(73): Notify: Transaction "发布新增商品" started.	[MsgId: MMSG-16999]
Action.c(75): web_custom_request("save_theme") was successful, 480 body bytes, 494 header bytes  	[MsgId: MMSG-26386]
Action.c(81): Notify: Transaction "发布新增商品" ended with "Pass" status (Duration: 0.1263).	[MsgId: MMSG-16873]
Action.c(83): Notify: Transaction "返回个人相册" started.	[MsgId: MMSG-16999]
Action.c(85): web_custom_request("get_tags_except_2") was successful, 237 body bytes, 304 header bytes  	[MsgId: MMSG-26386]
Action.c(93): web_custom_request("single_album_1") was successful, 75165 body bytes, 501 header bytes, 84 chunking overhead bytes  	[MsgId: MMSG-26385]
Action.c(104): Notify: Transaction "返回个人相册" ended with "Pass" status (Duration: 46.2287 Wasted Time: 46.0950).	[MsgId: MMSG-16871]
Ending action Action.	[MsgId: MMSG-15918]
Ending iteration 7.	[MsgId: MMSG-15965]
Starting iteration 8.	[MsgId: MMSG-15968]
Starting action Action.	[MsgId: MMSG-15919]
Action.c(7): Registering web_reg_save_param_ex was successful  	[MsgId: MMSG-26390]
Action.c(15): Notify: Transaction "进入相册动态" started.	[MsgId: MMSG-16999]
Action.c(20): web_custom_request("owner") was successful, 77362 body bytes, 928 header bytes, 84 chunking overhead bytes  	[MsgId: MMSG-26385]
Action.c(28): Notify: Transaction "进入相册动态" ended with "Pass" status (Duration: 4.5770 Wasted Time: 0.0012).	[MsgId: MMSG-16871]
Action.c(73): Notify: Transaction "发布新增商品" started.	[MsgId: MMSG-16999]
Action.c(75): web_custom_request("save_theme") was successful, 480 body bytes, 494 header bytes  	[MsgId: MMSG-26386]
Action.c(81): Notify: Transaction "发布新增商品" ended with "Pass" status (Duration: 0.6426).	[MsgId: MMSG-16873]
Action.c(83): Notify: Transaction "返回个人相册" started.	[MsgId: MMSG-16999]
Action.c(85): web_custom_request("get_tags_except_2") was successful, 237 body bytes, 304 header bytes  	[MsgId: MMSG-26386]
Action.c(93): web_custom_request("single_album_1") was successful, 72853 body bytes, 501 header bytes, 70 chunking overhead bytes  	[MsgId: MMSG-26385]
Action.c(104): Notify: Transaction "返回个人相册" ended with "Pass" status (Duration: 60.1226 Wasted Time: 60.0920).	[MsgId: MMSG-16871]
Ending action Action.	[MsgId: MMSG-15918]
Ending iteration 8.	[MsgId: MMSG-15965]
Starting iteration 9.	[MsgId: MMSG-15968]
Starting action Action.	[MsgId: MMSG-15919]
Action.c(7): Registering web_reg_save_param_ex was successful  	[MsgId: MMSG-26390]
Action.c(15): Notify: Transaction "进入相册动态" started.	[MsgId: MMSG-16999]
Action.c(20): web_custom_request("owner") was successful, 79617 body bytes, 928 header bytes, 85 chunking overhead bytes  	[MsgId: MMSG-26385]
Action.c(28): Notify: Transaction "进入相册动态" ended with "Pass" status (Duration: 17.3656 Wasted Time: 0.0015).	[MsgId: MMSG-16871]
Action.c(73): Notify: Transaction "发布新增商品" started.	[MsgId: MMSG-16999]
Action.c(75): web_custom_request("save_theme") was successful, 491 body bytes, 494 header bytes  	[MsgId: MMSG-26386]
Action.c(81): Notify: Transaction "发布新增商品" ended with "Pass" status (Duration: 0.0203).	[MsgId: MMSG-16873]
Action.c(83): Notify: Transaction "返回个人相册" started.	[MsgId: MMSG-16999]
Action.c(85): web_custom_request("get_tags_except_2") was successful, 237 body bytes, 304 header bytes  	[MsgId: MMSG-26386]
Action.c(93): web_custom_request("single_album_1") was successful, 103512 body bytes, 501 header bytes, 109 chunking overhead bytes  	[MsgId: MMSG-26385]
Action.c(104): Notify: Transaction "返回个人相册" ended with "Pass" status (Duration: 3.7676 Wasted Time: 3.7370).	[MsgId: MMSG-16871]
Ending action Action.	[MsgId: MMSG-15918]
Ending iteration 9.	[MsgId: MMSG-15965]
Starting iteration 10.	[MsgId: MMSG-15968]
Starting action Action.	[MsgId: MMSG-15919]
Action.c(7): Registering web_reg_save_param_ex was successful  	[MsgId: MMSG-26390]
Action.c(15): Notify: Transaction "进入相册动态" started.	[MsgId: MMSG-16999]
Action.c(20): web_custom_request("owner") was successful, 106886 body bytes, 928 header bytes, 116 chunking overhead bytes  	[MsgId: MMSG-26385]
Action.c(28): Notify: Transaction "进入相册动态" ended with "Pass" status (Duration: 28.9668 Wasted Time: 0.0022).	[MsgId: MMSG-16871]
Action.c(73): Notify: Transaction "发布新增商品" started.	[MsgId: MMSG-16999]
Action.c(75): web_custom_request("save_theme") was successful, 491 body bytes, 494 header bytes  	[MsgId: MMSG-26386]
Action.c(81): Notify: Transaction "发布新增商品" ended with "Pass" status (Duration: 0.0193).	[MsgId: MMSG-16873]
Action.c(83): Notify: Transaction "返回个人相册" started.	[MsgId: MMSG-16999]
Action.c(85): web_custom_request("get_tags_except_2") was successful, 237 body bytes, 304 header bytes  	[MsgId: MMSG-26386]
Action.c(93): web_custom_request("single_album_1") was successful, 84385 body bytes, 501 header bytes, 92 chunking overhead bytes  	[MsgId: MMSG-26385]
Action.c(104): Notify: Transaction "返回个人相册" ended with "Pass" status (Duration: 32.9075 Wasted Time: 32.8770).	[MsgId: MMSG-16871]
Ending action Action.	[MsgId: MMSG-15918]
Ending iteration 10.	[MsgId: MMSG-15965]
Starting iteration 11.	[MsgId: MMSG-15968]
Starting action Action.	[MsgId: MMSG-15919]
Action.c(7): Registering web_reg_save_param_ex was successful  	[MsgId: MMSG-26390]
Action.c(15): Notify: Transaction "进入相册动态" started.	[MsgId: MMSG-16999]
Action.c(20): web_custom_request("owner") was successful, 73825 body bytes, 928 header bytes, 83 chunking overhead bytes  	[MsgId: MMSG-26385]
Action.c(28): Notify: Transaction "进入相册动态" ended with "Pass" status (Duration: 15.2839 Wasted Time: 0.0012).	[MsgId: MMSG-16871]
Action.c(73): Notify: Transaction "发布新增商品" started.	[MsgId: MMSG-16999]
Action.c(75): web_custom_request("save_theme") was successful, 480 body bytes, 494 header bytes  	[MsgId: MMSG-26386]
Action.c(81): Notify: Transaction "发布新增商品" ended with "Pass" status (Duration: 0.6482).	[MsgId: MMSG-16873]
Action.c(83): Notify: Transaction "返回个人相册" started.	[MsgId: MMSG-16999]
Action.c(85): web_custom_request("get_tags_except_2") was successful, 297 body bytes, 304 header bytes  	[MsgId: MMSG-26386]
Action.c(93): web_custom_request("single_album_1") was successful, 77524 body bytes, 501 header bytes, 84 chunking overhead bytes  	[MsgId: MMSG-26385]
Action.c(104): Notify: Transaction "返回个人相册" ended with "Pass" status (Duration: 20.5022 Wasted Time: 20.3680).	[MsgId: MMSG-16871]
Ending action Action.	[MsgId: MMSG-15918]
Ending iteration 11.	[MsgId: MMSG-15965]
Starting iteration 12.	[MsgId: MMSG-15968]
Starting action Action.	[MsgId: MMSG-15919]
Action.c(7): Registering web_reg_save_param_ex was successful  	[MsgId: MMSG-26390]
Action.c(15): Notify: Transaction "进入相册动态" started.	[MsgId: MMSG-16999]
Action.c(20): Notify: Transaction "进入相册动态" ended with "Stop" status (Duration: 189.9404).	[MsgId: MMSG-16873]
Abort was called from an action.	[MsgId: MMSG-10447]
Ending Vuser...	[MsgId: MMSG-15966]
Starting action vuser_end.	[MsgId: MMSG-15919]
Ending action vuser_end.	[MsgId: MMSG-15918]
Vuser Terminated.	[MsgId: MMSG-15963]
