Virtual User Script started at : 2019-01-21 17:53:59	[MsgId: MMSG-15967]
Starting action vuser_init.	[MsgId: MMSG-15919]
Web Turbo Replay of LoadRunner 11.0.0 for Windows 7; build 8859 (Aug 18 2010 20:14:31)  	[MsgId: MMSG-27143]
Run Mode: HTML  	[MsgId: MMSG-26000]
Run-Time Settings file: "C:\Users\Administrator\AppData\Local\Temp\lr5tmpdir5gg.190\lrcfgp6h.191\cfgSIV.197"  	[MsgId: MMSG-27141]
Ending action vuser_init.	[MsgId: MMSG-15918]
Running Vuser...	[MsgId: MMSG-15964]
Starting iteration 1.	[MsgId: MMSG-15968]
Starting action Action.	[MsgId: MMSG-15919]
Action.c(7): Registering web_reg_save_param_ex was successful  	[MsgId: MMSG-26390]
Action.c(15): Notify: Transaction "进入相册动态" started.	[MsgId: MMSG-16999]
Action.c(20): web_custom_request("owner") was successful, 77573 body bytes, 1024 header bytes, 84 chunking overhead bytes  	[MsgId: MMSG-26385]
Action.c(28): Notify: Transaction "进入相册动态" ended with "Pass" status (Duration: 8.5483 Wasted Time: 0.0011).	[MsgId: MMSG-16871]
Action.c(73): Notify: Transaction "发布新增商品" started.	[MsgId: MMSG-16999]
Action.c(75): web_custom_request("save_theme") was successful, 543 body bytes, 494 header bytes  	[MsgId: MMSG-26386]
Action.c(81): Notify: Transaction "发布新增商品" ended with "Pass" status (Duration: 0.4882).	[MsgId: MMSG-16873]
Action.c(83): Notify: Transaction "返回个人相册" started.	[MsgId: MMSG-16999]
Action.c(85): web_custom_request("get_tags_except_2") was successful, 285 body bytes, 304 header bytes  	[MsgId: MMSG-26386]
Action.c(93): web_custom_request("single_album_1") was successful, 78047 body bytes, 501 header bytes, 85 chunking overhead bytes  	[MsgId: MMSG-26385]
Action.c(104): Notify: Transaction "返回个人相册" ended with "Pass" status (Duration: 24.4682 Wasted Time: 24.3320).	[MsgId: MMSG-16871]
Ending action Action.	[MsgId: MMSG-15918]
Ending iteration 1.	[MsgId: MMSG-15965]
Starting iteration 2.	[MsgId: MMSG-15968]
Starting action Action.	[MsgId: MMSG-15919]
Action.c(7): Registering web_reg_save_param_ex was successful  	[MsgId: MMSG-26390]
Action.c(15): Notify: Transaction "进入相册动态" started.	[MsgId: MMSG-16999]
Action.c(20): web_custom_request("owner") was successful, 76480 body bytes, 928 header bytes, 84 chunking overhead bytes  	[MsgId: MMSG-26385]
Action.c(28): Notify: Transaction "进入相册动态" ended with "Pass" status (Duration: 12.5321 Wasted Time: 0.0010).	[MsgId: MMSG-16871]
Action.c(73): Notify: Transaction "发布新增商品" started.	[MsgId: MMSG-16999]
Action.c(75): web_custom_request("save_theme") was successful, 480 body bytes, 494 header bytes  	[MsgId: MMSG-26386]
Action.c(81): Notify: Transaction "发布新增商品" ended with "Pass" status (Duration: 0.2874).	[MsgId: MMSG-16873]
Action.c(83): Notify: Transaction "返回个人相册" started.	[MsgId: MMSG-16999]
Action.c(85): web_custom_request("get_tags_except_2") was successful, 237 body bytes, 304 header bytes  	[MsgId: MMSG-26386]
Action.c(93): web_custom_request("single_album_1") was successful, 76979 body bytes, 501 header bytes, 84 chunking overhead bytes  	[MsgId: MMSG-26385]
Action.c(104): Notify: Transaction "返回个人相册" ended with "Pass" status (Duration: 12.3053 Wasted Time: 12.1580).	[MsgId: MMSG-16871]
Ending action Action.	[MsgId: MMSG-15918]
Ending iteration 2.	[MsgId: MMSG-15965]
Starting iteration 3.	[MsgId: MMSG-15968]
Starting action Action.	[MsgId: MMSG-15919]
Action.c(7): Registering web_reg_save_param_ex was successful  	[MsgId: MMSG-26390]
Action.c(15): Notify: Transaction "进入相册动态" started.	[MsgId: MMSG-16999]
Action.c(20): Error -26697: Missing CR/LF after body/trailer ("Transfer-Encoding: chunked") for "http://118.126.89.154:58080/service/album/get_album_themes_list.jsp?act=owner&shop_id=&search_value=&search_img=&start_date=&end_date=&page_index=1&client_type=ios&token=4F3D00B52FC8E01A1F6412605FF6FDE707B60438B35E6E6F0A690EC4CEE93B5F45F35F318C51A353&version=2302&"  	[MsgId: MERR-26697]
Action.c(20): Warning -26377: No match found for the requested parameter "shop_id". Check whether the requested boundaries exist in the response data. Also, if the data you want to save exceeds 256 bytes, use web_set_max_html_param_len to increase the parameter size  	[MsgId: MWAR-26377]
Action.c(20): web_custom_request("owner") highest severity level was "ERROR", 57344 body bytes, 928 header bytes, 54 chunking overhead bytes  	[MsgId: MMSG-26387]
Action.c(20): Notify: Transaction "进入相册动态" ended with "Fail" status (Duration: 41.7152 Wasted Time: 0.0008).	[MsgId: MMSG-16871]
Ending action Action.	[MsgId: MMSG-15918]
Ending iteration 3.	[MsgId: MMSG-15965]
Starting iteration 4.	[MsgId: MMSG-15968]
Starting action Action.	[MsgId: MMSG-15919]
Action.c(7): Registering web_reg_save_param_ex was successful  	[MsgId: MMSG-26390]
Action.c(15): Notify: Transaction "进入相册动态" started.	[MsgId: MMSG-16999]
Action.c(20): Warning -26377: No match found for the requested parameter "shop_id". Check whether the requested boundaries exist in the response data. Also, if the data you want to save exceeds 256 bytes, use web_set_max_html_param_len to increase the parameter size  	[MsgId: MWAR-26377]
Action.c(20): web_custom_request("owner") highest severity level was "warning", 39702 body bytes, 928 header bytes, 38 chunking overhead bytes  	[MsgId: MMSG-26387]
Action.c(28): Notify: Transaction "进入相册动态" ended with "Pass" status (Duration: 57.2291 Wasted Time: 0.0006).	[MsgId: MMSG-16871]
Action.c(73): Notify: Transaction "发布新增商品" started.	[MsgId: MMSG-16999]
Action.c(75): web_custom_request("save_theme") was successful, 480 body bytes, 494 header bytes  	[MsgId: MMSG-26386]
Action.c(81): Notify: Transaction "发布新增商品" ended with "Pass" status (Duration: 0.2531).	[MsgId: MMSG-16873]
Action.c(83): Notify: Transaction "返回个人相册" started.	[MsgId: MMSG-16999]
Action.c(85): web_custom_request("get_tags_except_2") was successful, 3773 body bytes, 305 header bytes  	[MsgId: MMSG-26386]
Action.c(93): web_custom_request("single_album_1") was successful, 78150 body bytes, 501 header bytes, 85 chunking overhead bytes  	[MsgId: MMSG-26385]
Action.c(104): Notify: Transaction "返回个人相册" ended with "Pass" status (Duration: 21.4732 Wasted Time: 21.3350).	[MsgId: MMSG-16871]
Ending action Action.	[MsgId: MMSG-15918]
Ending iteration 4.	[MsgId: MMSG-15965]
Starting iteration 5.	[MsgId: MMSG-15968]
Starting action Action.	[MsgId: MMSG-15919]
Action.c(7): Registering web_reg_save_param_ex was successful  	[MsgId: MMSG-26390]
Action.c(15): Notify: Transaction "进入相册动态" started.	[MsgId: MMSG-16999]
Action.c(20): web_custom_request("owner") was successful, 73919 body bytes, 928 header bytes, 83 chunking overhead bytes  	[MsgId: MMSG-26385]
Action.c(28): Notify: Transaction "进入相册动态" ended with "Pass" status (Duration: 3.0600 Wasted Time: 0.0010).	[MsgId: MMSG-16871]
Action.c(73): Notify: Transaction "发布新增商品" started.	[MsgId: MMSG-16999]
Action.c(75): web_custom_request("save_theme") was successful, 480 body bytes, 494 header bytes  	[MsgId: MMSG-26386]
Action.c(81): Notify: Transaction "发布新增商品" ended with "Pass" status (Duration: 0.0410).	[MsgId: MMSG-16873]
Action.c(83): Notify: Transaction "返回个人相册" started.	[MsgId: MMSG-16999]
Action.c(85): web_custom_request("get_tags_except_2") was successful, 237 body bytes, 304 header bytes  	[MsgId: MMSG-26386]
Action.c(93): web_custom_request("single_album_1") was successful, 74184 body bytes, 501 header bytes, 84 chunking overhead bytes  	[MsgId: MMSG-26385]
Action.c(104): Notify: Transaction "返回个人相册" ended with "Pass" status (Duration: 108.6105 Wasted Time: 108.5760).	[MsgId: MMSG-16871]
Ending action Action.	[MsgId: MMSG-15918]
Ending iteration 5.	[MsgId: MMSG-15965]
Starting iteration 6.	[MsgId: MMSG-15968]
Starting action Action.	[MsgId: MMSG-15919]
Action.c(7): Registering web_reg_save_param_ex was successful  	[MsgId: MMSG-26390]
Action.c(15): Notify: Transaction "进入相册动态" started.	[MsgId: MMSG-16999]
Action.c(20): Error -26697: Missing CR/LF after body/trailer ("Transfer-Encoding: chunked") for "http://118.126.89.154:58080/service/album/get_album_themes_list.jsp?act=owner&shop_id=&search_value=&search_img=&start_date=&end_date=&page_index=1&client_type=ios&token=QzE4NTQ4ODA1REVGNDYyQjY4QzFEODYyODE5MEM1Njg5Qzk2RTAzMUQwODgxMkM3NDlEMzFBRDFDRDU0NkNGNkRCNjAzRTY3RkIzOEVFMUY5MjM2N0Q1N0M3MkJCMTVD&version=2302&"  	[MsgId: MERR-26697]
Action.c(20): Warning -26377: No match found for the requested parameter "shop_id". Check whether the requested boundaries exist in the response data. Also, if the data you want to save exceeds 256 bytes, use web_set_max_html_param_len to increase the parameter size  	[MsgId: MWAR-26377]
Action.c(20): web_custom_request("owner") highest severity level was "ERROR", 40960 body bytes, 1024 header bytes, 38 chunking overhead bytes  	[MsgId: MMSG-26387]
Action.c(20): Notify: Transaction "进入相册动态" ended with "Fail" status (Duration: 27.3502 Wasted Time: 0.0006).	[MsgId: MMSG-16871]
Ending action Action.	[MsgId: MMSG-15918]
Ending iteration 6.	[MsgId: MMSG-15965]
Starting iteration 7.	[MsgId: MMSG-15968]
Starting action Action.	[MsgId: MMSG-15919]
Action.c(7): Registering web_reg_save_param_ex was successful  	[MsgId: MMSG-26390]
Action.c(15): Notify: Transaction "进入相册动态" started.	[MsgId: MMSG-16999]
Action.c(20): Error -26697: Missing CR/LF after body/trailer ("Transfer-Encoding: chunked") for "http://118.126.89.154:58080/service/album/get_album_themes_list.jsp?act=owner&shop_id=&search_value=&search_img=&start_date=&end_date=&page_index=1&client_type=ios&token=2118FD9B32FF7EEC6B3ABD0550E3E039A7678A73CA4C1BC2F67452EC4DFD501BF8F786BCDFB55CA8&version=2302&"  	[MsgId: MERR-26697]
Action.c(20): Warning -26377: No match found for the requested parameter "shop_id". Check whether the requested boundaries exist in the response data. Also, if the data you want to save exceeds 256 bytes, use web_set_max_html_param_len to increase the parameter size  	[MsgId: MWAR-26377]
Action.c(20): web_custom_request("owner") highest severity level was "ERROR", 32768 body bytes, 928 header bytes, 30 chunking overhead bytes  	[MsgId: MMSG-26387]
Action.c(20): Notify: Transaction "进入相册动态" ended with "Fail" status (Duration: 47.0738 Wasted Time: 0.0005).	[MsgId: MMSG-16871]
Ending action Action.	[MsgId: MMSG-15918]
Ending iteration 7.	[MsgId: MMSG-15965]
Starting iteration 8.	[MsgId: MMSG-15968]
Starting action Action.	[MsgId: MMSG-15919]
Action.c(7): Registering web_reg_save_param_ex was successful  	[MsgId: MMSG-26390]
Action.c(15): Notify: Transaction "进入相册动态" started.	[MsgId: MMSG-16999]
Action.c(20): Error -26697: Missing CR/LF after body/trailer ("Transfer-Encoding: chunked") for "http://118.126.89.154:58080/service/album/get_album_themes_list.jsp?act=owner&shop_id=&search_value=&search_img=&start_date=&end_date=&page_index=1&client_type=ios&token=439E184A90D7FFC102F4B2BF5CB91641D83B436CBAE3D24EF2F545FAB4768AD931F7A8E57D769254&version=2302&"  	[MsgId: MERR-26697]
Action.c(20): Warning -26377: No match found for the requested parameter "shop_id". Check whether the requested boundaries exist in the response data. Also, if the data you want to save exceeds 256 bytes, use web_set_max_html_param_len to increase the parameter size  	[MsgId: MWAR-26377]
Action.c(20): web_custom_request("owner") highest severity level was "ERROR", 40960 body bytes, 928 header bytes, 38 chunking overhead bytes  	[MsgId: MMSG-26387]
Action.c(20): Notify: Transaction "进入相册动态" ended with "Fail" status (Duration: 38.2484 Wasted Time: 0.0006).	[MsgId: MMSG-16871]
Ending action Action.	[MsgId: MMSG-15918]
Ending iteration 8.	[MsgId: MMSG-15965]
Starting iteration 9.	[MsgId: MMSG-15968]
Starting action Action.	[MsgId: MMSG-15919]
Action.c(7): Registering web_reg_save_param_ex was successful  	[MsgId: MMSG-26390]
Action.c(15): Notify: Transaction "进入相册动态" started.	[MsgId: MMSG-16999]
Action.c(20): web_custom_request("owner") was successful, 79617 body bytes, 928 header bytes, 85 chunking overhead bytes  	[MsgId: MMSG-26385]
Action.c(28): Notify: Transaction "进入相册动态" ended with "Pass" status (Duration: 36.8944 Wasted Time: 0.0016).	[MsgId: MMSG-16871]
Action.c(73): Notify: Transaction "发布新增商品" started.	[MsgId: MMSG-16999]
Action.c(75): web_custom_request("save_theme") was successful, 491 body bytes, 494 header bytes  	[MsgId: MMSG-26386]
Action.c(81): Notify: Transaction "发布新增商品" ended with "Pass" status (Duration: 1.1052).	[MsgId: MMSG-16873]
Action.c(83): Notify: Transaction "返回个人相册" started.	[MsgId: MMSG-16999]
Action.c(85): web_custom_request("get_tags_except_2") was successful, 237 body bytes, 304 header bytes  	[MsgId: MMSG-26386]
Action.c(93): web_custom_request("single_album_1") was successful, 103512 body bytes, 501 header bytes, 109 chunking overhead bytes  	[MsgId: MMSG-26385]
Action.c(104): Notify: Transaction "返回个人相册" ended with "Pass" status (Duration: 76.1779 Wasted Time: 75.9690).	[MsgId: MMSG-16871]
Ending action Action.	[MsgId: MMSG-15918]
Ending iteration 9.	[MsgId: MMSG-15965]
Starting iteration 10.	[MsgId: MMSG-15968]
Starting action Action.	[MsgId: MMSG-15919]
Action.c(7): Registering web_reg_save_param_ex was successful  	[MsgId: MMSG-26390]
Action.c(15): Notify: Transaction "进入相册动态" started.	[MsgId: MMSG-16999]
Action.c(20): web_custom_request("owner") was successful, 106886 body bytes, 928 header bytes, 116 chunking overhead bytes  	[MsgId: MMSG-26385]
Action.c(28): Notify: Transaction "进入相册动态" ended with "Pass" status (Duration: 13.2428 Wasted Time: 0.0021).	[MsgId: MMSG-16871]
Action.c(73): Notify: Transaction "发布新增商品" started.	[MsgId: MMSG-16999]
Action.c(75): web_custom_request("save_theme") was successful, 491 body bytes, 494 header bytes  	[MsgId: MMSG-26386]
Action.c(81): Notify: Transaction "发布新增商品" ended with "Pass" status (Duration: 4.6480).	[MsgId: MMSG-16873]
Action.c(83): Notify: Transaction "返回个人相册" started.	[MsgId: MMSG-16999]
Action.c(85): web_custom_request("get_tags_except_2") was successful, 237 body bytes, 304 header bytes  	[MsgId: MMSG-26386]
Action.c(93): web_custom_request("single_album_1") was successful, 84385 body bytes, 501 header bytes, 92 chunking overhead bytes  	[MsgId: MMSG-26385]
Action.c(104): Notify: Transaction "返回个人相册" ended with "Pass" status (Duration: 14.3498 Wasted Time: 14.3200).	[MsgId: MMSG-16871]
Ending action Action.	[MsgId: MMSG-15918]
Ending iteration 10.	[MsgId: MMSG-15965]
Starting iteration 11.	[MsgId: MMSG-15968]
Starting action Action.	[MsgId: MMSG-15919]
Action.c(7): Registering web_reg_save_param_ex was successful  	[MsgId: MMSG-26390]
Action.c(15): Notify: Transaction "进入相册动态" started.	[MsgId: MMSG-16999]
Action.c(20): Error -26697: Missing CR/LF after body/trailer ("Transfer-Encoding: chunked") for "http://118.126.89.154:58080/service/album/get_album_themes_list.jsp?act=owner&shop_id=&search_value=&search_img=&start_date=&end_date=&page_index=1&client_type=ios&token=A1C4333F6CB6512D4108C850BCC45382111BD5DDC113AE82378C8E9AF85FB04E966E156825E2437A&version=2302&"  	[MsgId: MERR-26697]
Action.c(20): Warning -26377: No match found for the requested parameter "shop_id". Check whether the requested boundaries exist in the response data. Also, if the data you want to save exceeds 256 bytes, use web_set_max_html_param_len to increase the parameter size  	[MsgId: MWAR-26377]
Action.c(20): web_custom_request("owner") highest severity level was "ERROR", 49152 body bytes, 928 header bytes, 46 chunking overhead bytes  	[MsgId: MMSG-26387]
Action.c(20): Notify: Transaction "进入相册动态" ended with "Fail" status (Duration: 97.8648 Wasted Time: 0.0007).	[MsgId: MMSG-16871]
Ending action Action.	[MsgId: MMSG-15918]
Ending iteration 11.	[MsgId: MMSG-15965]
Starting iteration 12.	[MsgId: MMSG-15968]
Starting action Action.	[MsgId: MMSG-15919]
Action.c(7): Registering web_reg_save_param_ex was successful  	[MsgId: MMSG-26390]
Action.c(15): Notify: Transaction "进入相册动态" started.	[MsgId: MMSG-16999]
Action.c(20): Warning -26377: No match found for the requested parameter "shop_id". Check whether the requested boundaries exist in the response data. Also, if the data you want to save exceeds 256 bytes, use web_set_max_html_param_len to increase the parameter size  	[MsgId: MWAR-26377]
Action.c(20): web_custom_request("owner") highest severity level was "warning", 32650 body bytes, 928 header bytes, 30 chunking overhead bytes  	[MsgId: MMSG-26387]
Action.c(28): Notify: Transaction "进入相册动态" ended with "Pass" status (Duration: 106.0880 Wasted Time: 0.0005).	[MsgId: MMSG-16871]
Action.c(73): Notify: Transaction "发布新增商品" started.	[MsgId: MMSG-16999]
Action.c(75): web_custom_request("save_theme") was successful, 480 body bytes, 494 header bytes  	[MsgId: MMSG-26386]
Action.c(81): Notify: Transaction "发布新增商品" ended with "Pass" status (Duration: 0.6617).	[MsgId: MMSG-16873]
Action.c(83): Notify: Transaction "返回个人相册" started.	[MsgId: MMSG-16999]
Action.c(85): web_custom_request("get_tags_except_2") was successful, 671 body bytes, 304 header bytes  	[MsgId: MMSG-26386]
Action.c(93): web_custom_request("single_album_1") was successful, 72573 body bytes, 501 header bytes, 70 chunking overhead bytes  	[MsgId: MMSG-26385]
Action.c(104): Notify: Transaction "返回个人相册" ended with "Pass" status (Duration: 363.6328 Wasted Time: 363.4910).	[MsgId: MMSG-16871]
Ending action Action.	[MsgId: MMSG-15918]
Ending iteration 12.	[MsgId: MMSG-15965]
Starting iteration 13.	[MsgId: MMSG-15968]
Starting action Action.	[MsgId: MMSG-15919]
Action.c(7): Registering web_reg_save_param_ex was successful  	[MsgId: MMSG-26390]
Action.c(15): Notify: Transaction "进入相册动态" started.	[MsgId: MMSG-16999]
Action.c(20): web_custom_request("owner") was successful, 134481 body bytes, 928 header bytes, 140 chunking overhead bytes  	[MsgId: MMSG-26385]
Action.c(28): Notify: Transaction "进入相册动态" ended with "Pass" status (Duration: 21.4498 Wasted Time: 0.0016).	[MsgId: MMSG-16871]
Action.c(73): Notify: Transaction "发布新增商品" started.	[MsgId: MMSG-16999]
Action.c(75): web_custom_request("save_theme") was successful, 480 body bytes, 494 header bytes  	[MsgId: MMSG-26386]
Action.c(81): Notify: Transaction "发布新增商品" ended with "Pass" status (Duration: 0.2875).	[MsgId: MMSG-16873]
Action.c(83): Notify: Transaction "返回个人相册" started.	[MsgId: MMSG-16999]
Action.c(85): web_custom_request("get_tags_except_2") was successful, 8053 body bytes, 305 header bytes  	[MsgId: MMSG-26386]
Action.c(93): web_custom_request("single_album_1") was successful, 71364 body bytes, 501 header bytes, 77 chunking overhead bytes  	[MsgId: MMSG-26385]
Action.c(104): Notify: Transaction "返回个人相册" ended with "Pass" status (Duration: 11.8933 Wasted Time: 11.1290).	[MsgId: MMSG-16871]
Ending action Action.	[MsgId: MMSG-15918]
Ending iteration 13.	[MsgId: MMSG-15965]
Starting iteration 14.	[MsgId: MMSG-15968]
Starting action Action.	[MsgId: MMSG-15919]
Action.c(7): Registering web_reg_save_param_ex was successful  	[MsgId: MMSG-26390]
Action.c(15): Notify: Transaction "进入相册动态" started.	[MsgId: MMSG-16999]
Action.c(20): web_custom_request("owner") was successful, 143756 body bytes, 928 header bytes, 149 chunking overhead bytes  	[MsgId: MMSG-26385]
Action.c(28): Notify: Transaction "进入相册动态" ended with "Pass" status (Duration: 37.3500 Wasted Time: 0.0040).	[MsgId: MMSG-16871]
Action.c(73): Notify: Transaction "发布新增商品" started.	[MsgId: MMSG-16999]
Action.c(75): web_custom_request("save_theme") was successful, 480 body bytes, 494 header bytes  	[MsgId: MMSG-26386]
Action.c(81): Notify: Transaction "发布新增商品" ended with "Pass" status (Duration: 0.0467).	[MsgId: MMSG-16873]
Action.c(83): Notify: Transaction "返回个人相册" started.	[MsgId: MMSG-16999]
Action.c(85): web_custom_request("get_tags_except_2") was successful, 237 body bytes, 304 header bytes  	[MsgId: MMSG-26386]
Action.c(93): Notify: Transaction "返回个人相册" ended with "Stop" status (Duration: 122.5826).	[MsgId: MMSG-16873]
Abort was called from an action.	[MsgId: MMSG-10447]
Ending Vuser...	[MsgId: MMSG-15966]
Starting action vuser_end.	[MsgId: MMSG-15919]
Ending action vuser_end.	[MsgId: MMSG-15918]
Vuser Terminated.	[MsgId: MMSG-15963]
