Virtual User Script started at : 2019-01-22 12:29:23	[MsgId: MMSG-15967]
Starting action vuser_init.	[MsgId: MMSG-15919]
Web Turbo Replay of LoadRunner 11.0.0 for Windows 7; build 8859 (Aug 18 2010 20:14:31)  	[MsgId: MMSG-27143]
Run Mode: HTML  	[MsgId: MMSG-26000]
Run-Time Settings file: "C:\Users\Administrator\AppData\Local\Temp\lr5tmpdirR7Q.250\lrcfgBoc.251\cfgTDt.255"  	[MsgId: MMSG-27141]
Ending action vuser_init.	[MsgId: MMSG-15918]
Running Vuser...	[MsgId: MMSG-15964]
Starting iteration 1.	[MsgId: MMSG-15968]
Starting action Action.	[MsgId: MMSG-15919]
Action.c(7): Registering web_reg_save_param_ex was successful  	[MsgId: MMSG-26390]
Action.c(15): Notify: Transaction "进入相册动态" started.	[MsgId: MMSG-16999]
Action.c(17): web_add_header("Accept-Encoding") was successful  	[MsgId: MMSG-26392]
Action.c(20): Notify: Parameter Substitution: parameter "requestUrl" =  "http://118.126.89.154:58080"	[MsgId: MMSG-13992]
Action.c(20): Notify: Parameter Substitution: parameter "userToken" =  "MzJFN0I0MTMxNkVFNjRDRTRFMkREREM5ODVBNjhEMjAzODZFMDRGM0IxMDM2QTkyQTlDMjRBRUFERTcyOUZCMkRERDU4QkM2MjI4RDZDQzlGNjNGNTc0OUEzQ0UxNzY0"	[MsgId: MMSG-13992]
Action.c(20): Notify: Saving Parameter "shop_id = A201812080953300270014587".	[MsgId: MMSG-13798]
Action.c(20): web_custom_request("owner") was successful, 77630 body bytes, 1024 header bytes, 84 chunking overhead bytes  	[MsgId: MMSG-26385]
Action.c(27): Notify: Transaction "进入相册动态" ended with "Pass" status (Duration: 6.9226 Wasted Time: 0.0007).	[MsgId: MMSG-16871]
Action.c(72): Notify: Transaction "发布新增商品" started.	[MsgId: MMSG-16999]
Action.c(74): Notify: Parameter Substitution: parameter "requestUrl" =  "http://118.126.89.154:58080"	[MsgId: MMSG-13992]
Action.c(74): Notify: Parameter Substitution: parameter "randomNum" =  "297947194"	[MsgId: MMSG-13992]
Action.c(74): Notify: Parameter Substitution: parameter "randomNum" =  "508443060"	[MsgId: MMSG-13992]
Action.c(74): Notify: Parameter Substitution: parameter "userToken" =  "MzJFN0I0MTMxNkVFNjRDRTRFMkREREM5ODVBNjhEMjAzODZFMDRGM0IxMDM2QTkyQTlDMjRBRUFERTcyOUZCMkRERDU4QkM2MjI4RDZDQzlGNjNGNTc0OUEzQ0UxNzY0"	[MsgId: MMSG-13992]
Action.c(74): web_custom_request("save_theme") was successful, 543 body bytes, 494 header bytes  	[MsgId: MMSG-26386]
Action.c(80): Notify: Transaction "发布新增商品" ended with "Pass" status (Duration: 0.0590).	[MsgId: MMSG-16873]
Action.c(82): Notify: Transaction "返回个人相册" started.	[MsgId: MMSG-16999]
Action.c(84): Notify: Parameter Substitution: parameter "requestUrl" =  "http://118.126.89.154:58080"	[MsgId: MMSG-13992]
Action.c(84): Notify: Parameter Substitution: parameter "shop_id" =  "A201812080953300270014587"	[MsgId: MMSG-13992]
Action.c(84): Notify: Parameter Substitution: parameter "userToken" =  "MzJFN0I0MTMxNkVFNjRDRTRFMkREREM5ODVBNjhEMjAzODZFMDRGM0IxMDM2QTkyQTlDMjRBRUFERTcyOUZCMkRERDU4QkM2MjI4RDZDQzlGNjNGNTc0OUEzQ0UxNzY0"	[MsgId: MMSG-13992]
Action.c(84): web_custom_request("get_tags_except_2") was successful, 285 body bytes, 304 header bytes  	[MsgId: MMSG-26386]
Action.c(92): Notify: Parameter Substitution: parameter "requestUrl" =  "http://118.126.89.154:58080"	[MsgId: MMSG-13992]
Action.c(92): Notify: Parameter Substitution: parameter "shop_id" =  "A201812080953300270014587"	[MsgId: MMSG-13992]
Action.c(92): Notify: Parameter Substitution: parameter "userToken" =  "MzJFN0I0MTMxNkVFNjRDRTRFMkREREM5ODVBNjhEMjAzODZFMDRGM0IxMDM2QTkyQTlDMjRBRUFERTcyOUZCMkRERDU4QkM2MjI4RDZDQzlGNjNGNTc0OUEzQ0UxNzY0"	[MsgId: MMSG-13992]
Action.c(92): web_custom_request("single_album_1") was successful, 78091 body bytes, 501 header bytes, 85 chunking overhead bytes  	[MsgId: MMSG-26385]
Action.c(103): Notify: Transaction "返回个人相册" ended with "Pass" status (Duration: 44.7306 Wasted Time: 44.5900).	[MsgId: MMSG-16871]
Ending action Action.	[MsgId: MMSG-15918]
Ending iteration 1.	[MsgId: MMSG-15965]
Starting iteration 2.	[MsgId: MMSG-15968]
Notify: Next row for parameter userToken = 2 [table  = userToken].	[MsgId: MMSG-13876]
Notify: Getting new value for parameter 'userToken': table = 'userToken.dat' column = '0' row = '2'.	[MsgId: MMSG-13877]
Starting action Action.	[MsgId: MMSG-15919]
Action.c(7): Registering web_reg_save_param_ex was successful  	[MsgId: MMSG-26390]
Action.c(15): Notify: Transaction "进入相册动态" started.	[MsgId: MMSG-16999]
Action.c(17): web_add_header("Accept-Encoding") was successful  	[MsgId: MMSG-26392]
Action.c(20): Notify: Parameter Substitution: parameter "requestUrl" =  "http://118.126.89.154:58080"	[MsgId: MMSG-13992]
Action.c(20): Notify: Parameter Substitution: parameter "userToken" =  "EE6240DB5D53EEFBD18DCB43801D7E447AA51D2BF51158EF7630C103FD4803E66D2E84DD669910B1"	[MsgId: MMSG-13992]
Action.c(20): Warning -26377: No match found for the requested parameter "shop_id". Check whether the requested boundaries exist in the response data. Also, if the data you want to save exceeds 256 bytes, use web_set_max_html_param_len to increase the parameter size  	[MsgId: MWAR-26377]
Action.c(20): Notify: Saving Parameter "shop_id = ".	[MsgId: MMSG-13798]
Action.c(20): web_custom_request("owner") highest severity level was "warning", 48166 body bytes, 928 header bytes, 46 chunking overhead bytes  	[MsgId: MMSG-26387]
Action.c(27): Notify: Transaction "进入相册动态" ended with "Pass" status (Duration: 106.4539 Wasted Time: 0.0004).	[MsgId: MMSG-16871]
Action.c(72): Notify: Transaction "发布新增商品" started.	[MsgId: MMSG-16999]
Action.c(74): Notify: Parameter Substitution: parameter "requestUrl" =  "http://118.126.89.154:58080"	[MsgId: MMSG-13992]
Action.c(74): Notify: Parameter Substitution: parameter "randomNum" =  "909236480"	[MsgId: MMSG-13992]
Action.c(74): Notify: Parameter Substitution: parameter "randomNum" =  "594637048"	[MsgId: MMSG-13992]
Action.c(74): Notify: Parameter Substitution: parameter "userToken" =  "EE6240DB5D53EEFBD18DCB43801D7E447AA51D2BF51158EF7630C103FD4803E66D2E84DD669910B1"	[MsgId: MMSG-13992]
Action.c(74): web_custom_request("save_theme") was successful, 480 body bytes, 494 header bytes  	[MsgId: MMSG-26386]
Action.c(80): Notify: Transaction "发布新增商品" ended with "Pass" status (Duration: 0.2788).	[MsgId: MMSG-16873]
Action.c(82): Notify: Transaction "返回个人相册" started.	[MsgId: MMSG-16999]
Action.c(84): Notify: Parameter Substitution: parameter "requestUrl" =  "http://118.126.89.154:58080"	[MsgId: MMSG-13992]
Action.c(84): Notify: Parameter Substitution: parameter "shop_id" =  ""	[MsgId: MMSG-13992]
Action.c(84): Notify: Parameter Substitution: parameter "userToken" =  "EE6240DB5D53EEFBD18DCB43801D7E447AA51D2BF51158EF7630C103FD4803E66D2E84DD669910B1"	[MsgId: MMSG-13992]
Action.c(84): web_custom_request("get_tags_except_2") was successful, 237 body bytes, 304 header bytes  	[MsgId: MMSG-26386]
Action.c(92): Notify: Parameter Substitution: parameter "requestUrl" =  "http://118.126.89.154:58080"	[MsgId: MMSG-13992]
Action.c(92): Notify: Parameter Substitution: parameter "shop_id" =  ""	[MsgId: MMSG-13992]
Action.c(92): Notify: Parameter Substitution: parameter "userToken" =  "EE6240DB5D53EEFBD18DCB43801D7E447AA51D2BF51158EF7630C103FD4803E66D2E84DD669910B1"	[MsgId: MMSG-13992]
Action.c(92): Error -26697: Missing CR/LF after body/trailer ("Transfer-Encoding: chunked") for "http://118.126.89.154:58080/service/album/get_album_themes_list.jsp?act=single_album&shop_id=&search_value=&search_img=&start_date=&end_date=&tag=&page_index=1&from_id=&client_type=ios&token=EE6240DB5D53EEFBD18DCB43801D7E447AA51D2BF51158EF7630C103FD4803E66D2E84DD669910B1&version=2302"  	[MsgId: MERR-26697]
Action.c(92): web_custom_request("single_album_1") highest severity level was "ERROR", 73728 body bytes, 501 header bytes, 70 chunking overhead bytes  	[MsgId: MMSG-26387]
Action.c(92): Notify: Transaction "返回个人相册" ended with "Fail" status (Duration: 70.5568).	[MsgId: MMSG-16873]
Ending action Action.	[MsgId: MMSG-15918]
Ending iteration 2.	[MsgId: MMSG-15965]
Starting iteration 3.	[MsgId: MMSG-15968]
Notify: Next row for parameter userToken = 3 [table  = userToken].	[MsgId: MMSG-13876]
Notify: Getting new value for parameter 'userToken': table = 'userToken.dat' column = '0' row = '3'.	[MsgId: MMSG-13877]
Starting action Action.	[MsgId: MMSG-15919]
Action.c(7): Registering web_reg_save_param_ex was successful  	[MsgId: MMSG-26390]
Action.c(15): Notify: Transaction "进入相册动态" started.	[MsgId: MMSG-16999]
Action.c(17): web_add_header("Accept-Encoding") was successful  	[MsgId: MMSG-26392]
Action.c(20): Notify: Parameter Substitution: parameter "requestUrl" =  "http://118.126.89.154:58080"	[MsgId: MMSG-13992]
Action.c(20): Notify: Parameter Substitution: parameter "userToken" =  "4F3D00B52FC8E01A1F6412605FF6FDE707B60438B35E6E6F0A690EC4CEE93B5F45F35F318C51A353"	[MsgId: MMSG-13992]
Action.c(20): Notify: Saving Parameter "shop_id = A2017032318150206828".	[MsgId: MMSG-13798]
Action.c(20): web_custom_request("owner") was successful, 76449 body bytes, 928 header bytes, 84 chunking overhead bytes  	[MsgId: MMSG-26385]
Action.c(27): Notify: Transaction "进入相册动态" ended with "Pass" status (Duration: 10.4883 Wasted Time: 0.0012).	[MsgId: MMSG-16871]
Action.c(72): Notify: Transaction "发布新增商品" started.	[MsgId: MMSG-16999]
Action.c(74): Notify: Parameter Substitution: parameter "requestUrl" =  "http://118.126.89.154:58080"	[MsgId: MMSG-13992]
Action.c(74): Notify: Parameter Substitution: parameter "randomNum" =  "863763301"	[MsgId: MMSG-13992]
Action.c(74): Notify: Parameter Substitution: parameter "randomNum" =  "844757500"	[MsgId: MMSG-13992]
Action.c(74): Notify: Parameter Substitution: parameter "userToken" =  "4F3D00B52FC8E01A1F6412605FF6FDE707B60438B35E6E6F0A690EC4CEE93B5F45F35F318C51A353"	[MsgId: MMSG-13992]
Action.c(74): web_custom_request("save_theme") was successful, 480 body bytes, 494 header bytes  	[MsgId: MMSG-26386]
Action.c(80): Notify: Transaction "发布新增商品" ended with "Pass" status (Duration: 0.0892).	[MsgId: MMSG-16873]
Action.c(82): Notify: Transaction "返回个人相册" started.	[MsgId: MMSG-16999]
Action.c(84): Notify: Parameter Substitution: parameter "requestUrl" =  "http://118.126.89.154:58080"	[MsgId: MMSG-13992]
Action.c(84): Notify: Parameter Substitution: parameter "shop_id" =  "A2017032318150206828"	[MsgId: MMSG-13992]
Action.c(84): Notify: Parameter Substitution: parameter "userToken" =  "4F3D00B52FC8E01A1F6412605FF6FDE707B60438B35E6E6F0A690EC4CEE93B5F45F35F318C51A353"	[MsgId: MMSG-13992]
Action.c(84): web_custom_request("get_tags_except_2") was successful, 237 body bytes, 304 header bytes  	[MsgId: MMSG-26386]
Action.c(92): Notify: Parameter Substitution: parameter "requestUrl" =  "http://118.126.89.154:58080"	[MsgId: MMSG-13992]
Action.c(92): Notify: Parameter Substitution: parameter "shop_id" =  "A2017032318150206828"	[MsgId: MMSG-13992]
Action.c(92): Notify: Parameter Substitution: parameter "userToken" =  "4F3D00B52FC8E01A1F6412605FF6FDE707B60438B35E6E6F0A690EC4CEE93B5F45F35F318C51A353"	[MsgId: MMSG-13992]
Action.c(92): web_custom_request("single_album_1") was successful, 76721 body bytes, 501 header bytes, 84 chunking overhead bytes  	[MsgId: MMSG-26385]
Action.c(103): Notify: Transaction "返回个人相册" ended with "Pass" status (Duration: 11.9172 Wasted Time: 11.8820).	[MsgId: MMSG-16871]
Ending action Action.	[MsgId: MMSG-15918]
Ending iteration 3.	[MsgId: MMSG-15965]
Starting iteration 4.	[MsgId: MMSG-15968]
Notify: Next row for parameter userToken = 4 [table  = userToken].	[MsgId: MMSG-13876]
Notify: Getting new value for parameter 'userToken': table = 'userToken.dat' column = '0' row = '4'.	[MsgId: MMSG-13877]
Starting action Action.	[MsgId: MMSG-15919]
Action.c(7): Registering web_reg_save_param_ex was successful  	[MsgId: MMSG-26390]
Action.c(15): Notify: Transaction "进入相册动态" started.	[MsgId: MMSG-16999]
Action.c(17): web_add_header("Accept-Encoding") was successful  	[MsgId: MMSG-26392]
Action.c(20): Notify: Parameter Substitution: parameter "requestUrl" =  "http://118.126.89.154:58080"	[MsgId: MMSG-13992]
Action.c(20): Notify: Parameter Substitution: parameter "userToken" =  "748F8D065434DE009FA518E3A3B3D1915FF3625C9E325959474A9F2B2D6A819B3D08E8DCCEE7FAB9"	[MsgId: MMSG-13992]
Action.c(20): Notify: Saving Parameter "shop_id = A2017041913375407507".	[MsgId: MMSG-13798]
Action.c(20): web_custom_request("owner") was successful, 77894 body bytes, 928 header bytes, 85 chunking overhead bytes  	[MsgId: MMSG-26385]
Action.c(27): Notify: Transaction "进入相册动态" ended with "Pass" status (Duration: 2.7438 Wasted Time: 0.0014).	[MsgId: MMSG-16871]
Action.c(72): Notify: Transaction "发布新增商品" started.	[MsgId: MMSG-16999]
Action.c(74): Notify: Parameter Substitution: parameter "requestUrl" =  "http://118.126.89.154:58080"	[MsgId: MMSG-13992]
Action.c(74): Notify: Parameter Substitution: parameter "randomNum" =  "508508457"	[MsgId: MMSG-13992]
Action.c(74): Notify: Parameter Substitution: parameter "randomNum" =  "127924432"	[MsgId: MMSG-13992]
Action.c(74): Notify: Parameter Substitution: parameter "userToken" =  "748F8D065434DE009FA518E3A3B3D1915FF3625C9E325959474A9F2B2D6A819B3D08E8DCCEE7FAB9"	[MsgId: MMSG-13992]
Action.c(74): web_custom_request("save_theme") was successful, 480 body bytes, 494 header bytes  	[MsgId: MMSG-26386]
Action.c(80): Notify: Transaction "发布新增商品" ended with "Pass" status (Duration: 0.0416).	[MsgId: MMSG-16873]
Action.c(82): Notify: Transaction "返回个人相册" started.	[MsgId: MMSG-16999]
Action.c(84): Notify: Parameter Substitution: parameter "requestUrl" =  "http://118.126.89.154:58080"	[MsgId: MMSG-13992]
Action.c(84): Notify: Parameter Substitution: parameter "shop_id" =  "A2017041913375407507"	[MsgId: MMSG-13992]
Action.c(84): Notify: Parameter Substitution: parameter "userToken" =  "748F8D065434DE009FA518E3A3B3D1915FF3625C9E325959474A9F2B2D6A819B3D08E8DCCEE7FAB9"	[MsgId: MMSG-13992]
Action.c(84): web_custom_request("get_tags_except_2") was successful, 3773 body bytes, 305 header bytes  	[MsgId: MMSG-26386]
Action.c(92): Notify: Parameter Substitution: parameter "requestUrl" =  "http://118.126.89.154:58080"	[MsgId: MMSG-13992]
Action.c(92): Notify: Parameter Substitution: parameter "shop_id" =  "A2017041913375407507"	[MsgId: MMSG-13992]
Action.c(92): Notify: Parameter Substitution: parameter "userToken" =  "748F8D065434DE009FA518E3A3B3D1915FF3625C9E325959474A9F2B2D6A819B3D08E8DCCEE7FAB9"	[MsgId: MMSG-13992]
Action.c(92): web_custom_request("single_album_1") was successful, 78186 body bytes, 501 header bytes, 85 chunking overhead bytes  	[MsgId: MMSG-26385]
Action.c(103): Notify: Transaction "返回个人相册" ended with "Pass" status (Duration: 3.8418 Wasted Time: 3.7070).	[MsgId: MMSG-16871]
Ending action Action.	[MsgId: MMSG-15918]
Ending iteration 4.	[MsgId: MMSG-15965]
Starting iteration 5.	[MsgId: MMSG-15968]
Notify: Next row for parameter userToken = 5 [table  = userToken].	[MsgId: MMSG-13876]
Notify: Getting new value for parameter 'userToken': table = 'userToken.dat' column = '0' row = '5'.	[MsgId: MMSG-13877]
Starting action Action.	[MsgId: MMSG-15919]
Action.c(7): Registering web_reg_save_param_ex was successful  	[MsgId: MMSG-26390]
Action.c(15): Notify: Transaction "进入相册动态" started.	[MsgId: MMSG-16999]
Action.c(17): web_add_header("Accept-Encoding") was successful  	[MsgId: MMSG-26392]
Action.c(20): Notify: Parameter Substitution: parameter "requestUrl" =  "http://118.126.89.154:58080"	[MsgId: MMSG-13992]
Action.c(20): Notify: Parameter Substitution: parameter "userToken" =  "9A8FA7A84BCEA0397BF262C76B888D70D3129EEBC88A401CC447BE8DE1B9FCE58580CB6C798BFD44"	[MsgId: MMSG-13992]
Action.c(20): Notify: Saving Parameter "shop_id = A2017042000211956919".	[MsgId: MMSG-13798]
Action.c(20): web_custom_request("owner") was successful, 73897 body bytes, 928 header bytes, 83 chunking overhead bytes  	[MsgId: MMSG-26385]
Action.c(27): Notify: Transaction "进入相册动态" ended with "Pass" status (Duration: 4.3108 Wasted Time: 0.0013).	[MsgId: MMSG-16871]
Action.c(72): Notify: Transaction "发布新增商品" started.	[MsgId: MMSG-16999]
Action.c(74): Notify: Parameter Substitution: parameter "requestUrl" =  "http://118.126.89.154:58080"	[MsgId: MMSG-13992]
Action.c(74): Notify: Parameter Substitution: parameter "randomNum" =  "657368554"	[MsgId: MMSG-13992]
Action.c(74): Notify: Parameter Substitution: parameter "randomNum" =  "846739145"	[MsgId: MMSG-13992]
Action.c(74): Notify: Parameter Substitution: parameter "userToken" =  "9A8FA7A84BCEA0397BF262C76B888D70D3129EEBC88A401CC447BE8DE1B9FCE58580CB6C798BFD44"	[MsgId: MMSG-13992]
Action.c(74): web_custom_request("save_theme") was successful, 480 body bytes, 494 header bytes  	[MsgId: MMSG-26386]
Action.c(80): Notify: Transaction "发布新增商品" ended with "Pass" status (Duration: 0.2481).	[MsgId: MMSG-16873]
Action.c(82): Notify: Transaction "返回个人相册" started.	[MsgId: MMSG-16999]
Action.c(84): Notify: Parameter Substitution: parameter "requestUrl" =  "http://118.126.89.154:58080"	[MsgId: MMSG-13992]
Action.c(84): Notify: Parameter Substitution: parameter "shop_id" =  "A2017042000211956919"	[MsgId: MMSG-13992]
Action.c(84): Notify: Parameter Substitution: parameter "userToken" =  "9A8FA7A84BCEA0397BF262C76B888D70D3129EEBC88A401CC447BE8DE1B9FCE58580CB6C798BFD44"	[MsgId: MMSG-13992]
Action.c(84): web_custom_request("get_tags_except_2") was successful, 237 body bytes, 304 header bytes  	[MsgId: MMSG-26386]
Action.c(92): Notify: Parameter Substitution: parameter "requestUrl" =  "http://118.126.89.154:58080"	[MsgId: MMSG-13992]
Action.c(92): Notify: Parameter Substitution: parameter "shop_id" =  "A2017042000211956919"	[MsgId: MMSG-13992]
Action.c(92): Notify: Parameter Substitution: parameter "userToken" =  "9A8FA7A84BCEA0397BF262C76B888D70D3129EEBC88A401CC447BE8DE1B9FCE58580CB6C798BFD44"	[MsgId: MMSG-13992]
Action.c(92): web_custom_request("single_album_1") was successful, 74156 body bytes, 501 header bytes, 84 chunking overhead bytes  	[MsgId: MMSG-26385]
Action.c(103): Notify: Transaction "返回个人相册" ended with "Pass" status (Duration: 3.6421 Wasted Time: 3.6120).	[MsgId: MMSG-16871]
Ending action Action.	[MsgId: MMSG-15918]
Ending iteration 5.	[MsgId: MMSG-15965]
Starting iteration 6.	[MsgId: MMSG-15968]
Notify: Next row for parameter userToken = 6 [table  = userToken].	[MsgId: MMSG-13876]
Notify: Getting new value for parameter 'userToken': table = 'userToken.dat' column = '0' row = '6'.	[MsgId: MMSG-13877]
Starting action Action.	[MsgId: MMSG-15919]
Action.c(7): Registering web_reg_save_param_ex was successful  	[MsgId: MMSG-26390]
Action.c(15): Notify: Transaction "进入相册动态" started.	[MsgId: MMSG-16999]
Action.c(17): web_add_header("Accept-Encoding") was successful  	[MsgId: MMSG-26392]
Action.c(20): Notify: Parameter Substitution: parameter "requestUrl" =  "http://118.126.89.154:58080"	[MsgId: MMSG-13992]
Action.c(20): Notify: Parameter Substitution: parameter "userToken" =  "QzE4NTQ4ODA1REVGNDYyQjY4QzFEODYyODE5MEM1Njg5Qzk2RTAzMUQwODgxMkM3NDlEMzFBRDFDRDU0NkNGNkRCNjAzRTY3RkIzOEVFMUY5MjM2N0Q1N0M3MkJCMTVD"	[MsgId: MMSG-13992]
Action.c(20): Warning -26377: No match found for the requested parameter "shop_id". Check whether the requested boundaries exist in the response data. Also, if the data you want to save exceeds 256 bytes, use web_set_max_html_param_len to increase the parameter size  	[MsgId: MWAR-26377]
Action.c(20): Notify: Saving Parameter "shop_id = ".	[MsgId: MMSG-13798]
Action.c(20): web_custom_request("owner") highest severity level was "warning", 70638 body bytes, 1024 header bytes, 70 chunking overhead bytes  	[MsgId: MMSG-26387]
Action.c(27): Notify: Transaction "进入相册动态" ended with "Pass" status (Duration: 41.6311 Wasted Time: 0.0011).	[MsgId: MMSG-16871]
Action.c(72): Notify: Transaction "发布新增商品" started.	[MsgId: MMSG-16999]
Action.c(74): Notify: Parameter Substitution: parameter "requestUrl" =  "http://118.126.89.154:58080"	[MsgId: MMSG-13992]
Action.c(74): Notify: Parameter Substitution: parameter "randomNum" =  "517165662"	[MsgId: MMSG-13992]
Action.c(74): Notify: Parameter Substitution: parameter "randomNum" =  "696165809"	[MsgId: MMSG-13992]
Action.c(74): Notify: Parameter Substitution: parameter "userToken" =  "QzE4NTQ4ODA1REVGNDYyQjY4QzFEODYyODE5MEM1Njg5Qzk2RTAzMUQwODgxMkM3NDlEMzFBRDFDRDU0NkNGNkRCNjAzRTY3RkIzOEVFMUY5MjM2N0Q1N0M3MkJCMTVD"	[MsgId: MMSG-13992]
Action.c(74): web_custom_request("save_theme") was successful, 528 body bytes, 494 header bytes  	[MsgId: MMSG-26386]
Action.c(80): Notify: Transaction "发布新增商品" ended with "Pass" status (Duration: 0.1303).	[MsgId: MMSG-16873]
Action.c(82): Notify: Transaction "返回个人相册" started.	[MsgId: MMSG-16999]
Action.c(84): Notify: Parameter Substitution: parameter "requestUrl" =  "http://118.126.89.154:58080"	[MsgId: MMSG-13992]
Action.c(84): Notify: Parameter Substitution: parameter "shop_id" =  ""	[MsgId: MMSG-13992]
Action.c(84): Notify: Parameter Substitution: parameter "userToken" =  "QzE4NTQ4ODA1REVGNDYyQjY4QzFEODYyODE5MEM1Njg5Qzk2RTAzMUQwODgxMkM3NDlEMzFBRDFDRDU0NkNGNkRCNjAzRTY3RkIzOEVFMUY5MjM2N0Q1N0M3MkJCMTVD"	[MsgId: MMSG-13992]
Action.c(84): web_custom_request("get_tags_except_2") was successful, 34851 body bytes, 311 header bytes, 44 chunking overhead bytes  	[MsgId: MMSG-26385]
Action.c(92): Notify: Parameter Substitution: parameter "requestUrl" =  "http://118.126.89.154:58080"	[MsgId: MMSG-13992]
Action.c(92): Notify: Parameter Substitution: parameter "shop_id" =  ""	[MsgId: MMSG-13992]
Action.c(92): Notify: Parameter Substitution: parameter "userToken" =  "QzE4NTQ4ODA1REVGNDYyQjY4QzFEODYyODE5MEM1Njg5Qzk2RTAzMUQwODgxMkM3NDlEMzFBRDFDRDU0NkNGNkRCNjAzRTY3RkIzOEVFMUY5MjM2N0Q1N0M3MkJCMTVD"	[MsgId: MMSG-13992]
Action.c(92): web_custom_request("single_album_1") was successful, 75469 body bytes, 501 header bytes, 84 chunking overhead bytes  	[MsgId: MMSG-26385]
Action.c(103): Notify: Transaction "返回个人相册" ended with "Pass" status (Duration: 6.9028 Wasted Time: 3.5170).	[MsgId: MMSG-16871]
Ending action Action.	[MsgId: MMSG-15918]
Ending iteration 6.	[MsgId: MMSG-15965]
Starting iteration 7.	[MsgId: MMSG-15968]
Notify: Next row for parameter userToken = 7 [table  = userToken].	[MsgId: MMSG-13876]
Notify: Getting new value for parameter 'userToken': table = 'userToken.dat' column = '0' row = '7'.	[MsgId: MMSG-13877]
Starting action Action.	[MsgId: MMSG-15919]
Action.c(7): Registering web_reg_save_param_ex was successful  	[MsgId: MMSG-26390]
Action.c(15): Notify: Transaction "进入相册动态" started.	[MsgId: MMSG-16999]
Action.c(17): web_add_header("Accept-Encoding") was successful  	[MsgId: MMSG-26392]
Action.c(20): Notify: Parameter Substitution: parameter "requestUrl" =  "http://118.126.89.154:58080"	[MsgId: MMSG-13992]
Action.c(20): Notify: Parameter Substitution: parameter "userToken" =  "2118FD9B32FF7EEC6B3ABD0550E3E039A7678A73CA4C1BC2F67452EC4DFD501BF8F786BCDFB55CA8"	[MsgId: MMSG-13992]
Action.c(20): Notify: Transaction "进入相册动态" ended with "Stop" status (Duration: 194.5835).	[MsgId: MMSG-16873]
Abort was called from an action.	[MsgId: MMSG-10447]
Ending Vuser...	[MsgId: MMSG-15966]
Starting action vuser_end.	[MsgId: MMSG-15919]
Ending action vuser_end.	[MsgId: MMSG-15918]
Vuser Terminated.	[MsgId: MMSG-15963]
