Virtual User Script started at : 2019-01-24 13:54:24	[MsgId: MMSG-15967]
Starting action vuser_init.	[MsgId: MMSG-15919]
Web Turbo Replay of LoadRunner 11.0.0 for Windows 7; build 8859 (Aug 18 2010 20:14:31)  	[MsgId: MMSG-27143]
Run Mode: HTML  	[MsgId: MMSG-26000]
Run-Time Settings file: "C:\Users\Administrator\AppData\Local\Temp\lr5tmpdirGSW.808\lrcfgsIC.809\cfgapM.810"  	[MsgId: MMSG-27141]
Warning -27070: "Web Page Breakdown" (in the console's "Options/Web Page Breakdown") is not supported by the WinInet Replay and is ignored  	[MsgId: MWAR-27070]
Ending action vuser_init.	[MsgId: MMSG-15918]
Running Vuser...	[MsgId: MMSG-15964]
Starting iteration 1.	[MsgId: MMSG-15968]
Starting action Action.	[MsgId: MMSG-15919]
Action.c(4): Registering web_reg_save_param_ex was successful  	[MsgId: MMSG-26390]
Action.c(12): Notify: Transaction "首页动态" started.	[MsgId: MMSG-16999]
Action.c(14): Notify: Parameter Substitution: parameter "requestUrl" =  "https://www.szwego.com"	[MsgId: MMSG-13992]
Action.c(14): Notify: Parameter Substitution: parameter "userToken" =  "M0FERThDOTYwRTJGQjdFNEYzQUYxN0JERDNCMDBCNjQ1ODM1QUJGMzJENTczREZCRDY1QTU2ODQ4M0JEMDMwM0JCNDAwOERDREUzMTdGRDRBMzc1QzJEQjU5MDE0OERF"	[MsgId: MMSG-13992]
Action.c(14): Notify: Saving Parameter "status = 0".	[MsgId: MMSG-13798]
Action.c(14): web_custom_request("owner") was successful, 9883 body bytes, 1103 header bytes  	[MsgId: MMSG-26386]
Action.c(23): Notify: Parameter Substitution: parameter "status" =  "0"	[MsgId: MMSG-13992]
Action.c(27): Notify: Transaction "首页动态" ended with "Fail" status (Duration: 0.6333 Wasted Time: 0.0011).	[MsgId: MMSG-16871]
Ending action Action.	[MsgId: MMSG-15918]
Ending iteration 1.	[MsgId: MMSG-15965]
Starting iteration 2.	[MsgId: MMSG-15968]
Notify: Next row for parameter requestUrl = 1 [table  = requestUrl].	[MsgId: MMSG-13876]
Notify: Getting new value for parameter 'requestUrl': table = 'requestUrl.dat' column = '0' row = '1'.	[MsgId: MMSG-13877]
Notify: Next row for parameter userToken = 1 [table  = userToken].	[MsgId: MMSG-13876]
Notify: Getting new value for parameter 'userToken': table = 'userToken.dat' column = '0' row = '1'.	[MsgId: MMSG-13877]
Starting action Action.	[MsgId: MMSG-15919]
Action.c(4): Registering web_reg_save_param_ex was successful  	[MsgId: MMSG-26390]
Action.c(12): Notify: Transaction "首页动态" started.	[MsgId: MMSG-16999]
Action.c(14): Notify: Parameter Substitution: parameter "requestUrl" =  "https://www.szwego.com"	[MsgId: MMSG-13992]
Action.c(14): Notify: Parameter Substitution: parameter "userToken" =  "M0FERThDOTYwRTJGQjdFNEYzQUYxN0JERDNCMDBCNjQ1ODM1QUJGMzJENTczREZCRDY1QTU2ODQ4M0JEMDMwM0JCNDAwOERDREUzMTdGRDRBMzc1QzJEQjU5MDE0OERF"	[MsgId: MMSG-13992]
Action.c(14): Notify: Saving Parameter "status = 0".	[MsgId: MMSG-13798]
Action.c(14): web_custom_request("owner") was successful, 9882 body bytes, 1103 header bytes  	[MsgId: MMSG-26386]
Action.c(23): Notify: Parameter Substitution: parameter "status" =  "0"	[MsgId: MMSG-13992]
Action.c(27): Notify: Transaction "首页动态" ended with "Fail" status (Duration: 0.4056 Wasted Time: 0.0017).	[MsgId: MMSG-16871]
Ending action Action.	[MsgId: MMSG-15918]
Ending iteration 2.	[MsgId: MMSG-15965]
Starting iteration 3.	[MsgId: MMSG-15968]
Notify: Next row for parameter requestUrl = 1 [table  = requestUrl].	[MsgId: MMSG-13876]
Notify: Getting new value for parameter 'requestUrl': table = 'requestUrl.dat' column = '0' row = '1'.	[MsgId: MMSG-13877]
Notify: Next row for parameter userToken = 1 [table  = userToken].	[MsgId: MMSG-13876]
Notify: Getting new value for parameter 'userToken': table = 'userToken.dat' column = '0' row = '1'.	[MsgId: MMSG-13877]
Starting action Action.	[MsgId: MMSG-15919]
Action.c(4): Registering web_reg_save_param_ex was successful  	[MsgId: MMSG-26390]
Action.c(12): Notify: Transaction "首页动态" started.	[MsgId: MMSG-16999]
Action.c(14): Notify: Parameter Substitution: parameter "requestUrl" =  "https://www.szwego.com"	[MsgId: MMSG-13992]
Action.c(14): Notify: Parameter Substitution: parameter "userToken" =  "M0FERThDOTYwRTJGQjdFNEYzQUYxN0JERDNCMDBCNjQ1ODM1QUJGMzJENTczREZCRDY1QTU2ODQ4M0JEMDMwM0JCNDAwOERDREUzMTdGRDRBMzc1QzJEQjU5MDE0OERF"	[MsgId: MMSG-13992]
Action.c(14): Notify: Saving Parameter "status = 0".	[MsgId: MMSG-13798]
Action.c(14): web_custom_request("owner") was successful, 9882 body bytes, 1103 header bytes  	[MsgId: MMSG-26386]
Action.c(23): Notify: Parameter Substitution: parameter "status" =  "0"	[MsgId: MMSG-13992]
Action.c(27): Notify: Transaction "首页动态" ended with "Fail" status (Duration: 0.5359 Wasted Time: 0.0017).	[MsgId: MMSG-16871]
Ending action Action.	[MsgId: MMSG-15918]
Ending iteration 3.	[MsgId: MMSG-15965]
Starting iteration 4.	[MsgId: MMSG-15968]
Notify: Next row for parameter requestUrl = 1 [table  = requestUrl].	[MsgId: MMSG-13876]
Notify: Getting new value for parameter 'requestUrl': table = 'requestUrl.dat' column = '0' row = '1'.	[MsgId: MMSG-13877]
Notify: Next row for parameter userToken = 1 [table  = userToken].	[MsgId: MMSG-13876]
Notify: Getting new value for parameter 'userToken': table = 'userToken.dat' column = '0' row = '1'.	[MsgId: MMSG-13877]
Starting action Action.	[MsgId: MMSG-15919]
Action.c(4): Registering web_reg_save_param_ex was successful  	[MsgId: MMSG-26390]
Action.c(12): Notify: Transaction "首页动态" started.	[MsgId: MMSG-16999]
Action.c(14): Notify: Parameter Substitution: parameter "requestUrl" =  "https://www.szwego.com"	[MsgId: MMSG-13992]
Action.c(14): Notify: Parameter Substitution: parameter "userToken" =  "M0FERThDOTYwRTJGQjdFNEYzQUYxN0JERDNCMDBCNjQ1ODM1QUJGMzJENTczREZCRDY1QTU2ODQ4M0JEMDMwM0JCNDAwOERDREUzMTdGRDRBMzc1QzJEQjU5MDE0OERF"	[MsgId: MMSG-13992]
Action.c(14): Notify: Saving Parameter "status = 0".	[MsgId: MMSG-13798]
Action.c(14): web_custom_request("owner") was successful, 9882 body bytes, 1103 header bytes  	[MsgId: MMSG-26386]
Action.c(23): Notify: Parameter Substitution: parameter "status" =  "0"	[MsgId: MMSG-13992]
Action.c(27): Notify: Transaction "首页动态" ended with "Fail" status (Duration: 0.3168 Wasted Time: 0.0017).	[MsgId: MMSG-16871]
Ending action Action.	[MsgId: MMSG-15918]
Ending iteration 4.	[MsgId: MMSG-15965]
Starting iteration 5.	[MsgId: MMSG-15968]
Notify: Next row for parameter requestUrl = 1 [table  = requestUrl].	[MsgId: MMSG-13876]
Notify: Getting new value for parameter 'requestUrl': table = 'requestUrl.dat' column = '0' row = '1'.	[MsgId: MMSG-13877]
Notify: Next row for parameter userToken = 1 [table  = userToken].	[MsgId: MMSG-13876]
Notify: Getting new value for parameter 'userToken': table = 'userToken.dat' column = '0' row = '1'.	[MsgId: MMSG-13877]
Starting action Action.	[MsgId: MMSG-15919]
Action.c(4): Registering web_reg_save_param_ex was successful  	[MsgId: MMSG-26390]
Action.c(12): Notify: Transaction "首页动态" started.	[MsgId: MMSG-16999]
Action.c(14): Notify: Parameter Substitution: parameter "requestUrl" =  "https://www.szwego.com"	[MsgId: MMSG-13992]
Action.c(14): Notify: Parameter Substitution: parameter "userToken" =  "M0FERThDOTYwRTJGQjdFNEYzQUYxN0JERDNCMDBCNjQ1ODM1QUJGMzJENTczREZCRDY1QTU2ODQ4M0JEMDMwM0JCNDAwOERDREUzMTdGRDRBMzc1QzJEQjU5MDE0OERF"	[MsgId: MMSG-13992]
Action.c(14): Notify: Saving Parameter "status = 0".	[MsgId: MMSG-13798]
Action.c(14): web_custom_request("owner") was successful, 9882 body bytes, 1103 header bytes  	[MsgId: MMSG-26386]
Action.c(23): Notify: Parameter Substitution: parameter "status" =  "0"	[MsgId: MMSG-13992]
Action.c(27): Notify: Transaction "首页动态" ended with "Fail" status (Duration: 0.3290 Wasted Time: 0.0017).	[MsgId: MMSG-16871]
Ending action Action.	[MsgId: MMSG-15918]
Ending iteration 5.	[MsgId: MMSG-15965]
Starting iteration 6.	[MsgId: MMSG-15968]
Notify: Next row for parameter requestUrl = 1 [table  = requestUrl].	[MsgId: MMSG-13876]
Notify: Getting new value for parameter 'requestUrl': table = 'requestUrl.dat' column = '0' row = '1'.	[MsgId: MMSG-13877]
Notify: Next row for parameter userToken = 1 [table  = userToken].	[MsgId: MMSG-13876]
Notify: Getting new value for parameter 'userToken': table = 'userToken.dat' column = '0' row = '1'.	[MsgId: MMSG-13877]
Starting action Action.	[MsgId: MMSG-15919]
Action.c(4): Registering web_reg_save_param_ex was successful  	[MsgId: MMSG-26390]
Action.c(12): Notify: Transaction "首页动态" started.	[MsgId: MMSG-16999]
Action.c(14): Notify: Parameter Substitution: parameter "requestUrl" =  "https://www.szwego.com"	[MsgId: MMSG-13992]
Action.c(14): Notify: Parameter Substitution: parameter "userToken" =  "M0FERThDOTYwRTJGQjdFNEYzQUYxN0JERDNCMDBCNjQ1ODM1QUJGMzJENTczREZCRDY1QTU2ODQ4M0JEMDMwM0JCNDAwOERDREUzMTdGRDRBMzc1QzJEQjU5MDE0OERF"	[MsgId: MMSG-13992]
Action.c(14): Notify: Saving Parameter "status = 0".	[MsgId: MMSG-13798]
Action.c(14): web_custom_request("owner") was successful, 9882 body bytes, 1103 header bytes  	[MsgId: MMSG-26386]
Action.c(23): Notify: Parameter Substitution: parameter "status" =  "0"	[MsgId: MMSG-13992]
Action.c(27): Notify: Transaction "首页动态" ended with "Fail" status (Duration: 0.3071 Wasted Time: 0.0017).	[MsgId: MMSG-16871]
Ending action Action.	[MsgId: MMSG-15918]
Ending iteration 6.	[MsgId: MMSG-15965]
Starting iteration 7.	[MsgId: MMSG-15968]
Notify: Next row for parameter requestUrl = 1 [table  = requestUrl].	[MsgId: MMSG-13876]
Notify: Getting new value for parameter 'requestUrl': table = 'requestUrl.dat' column = '0' row = '1'.	[MsgId: MMSG-13877]
Notify: Next row for parameter userToken = 1 [table  = userToken].	[MsgId: MMSG-13876]
Notify: Getting new value for parameter 'userToken': table = 'userToken.dat' column = '0' row = '1'.	[MsgId: MMSG-13877]
Starting action Action.	[MsgId: MMSG-15919]
Action.c(4): Registering web_reg_save_param_ex was successful  	[MsgId: MMSG-26390]
Action.c(12): Notify: Transaction "首页动态" started.	[MsgId: MMSG-16999]
Action.c(14): Notify: Parameter Substitution: parameter "requestUrl" =  "https://www.szwego.com"	[MsgId: MMSG-13992]
Action.c(14): Notify: Parameter Substitution: parameter "userToken" =  "M0FERThDOTYwRTJGQjdFNEYzQUYxN0JERDNCMDBCNjQ1ODM1QUJGMzJENTczREZCRDY1QTU2ODQ4M0JEMDMwM0JCNDAwOERDREUzMTdGRDRBMzc1QzJEQjU5MDE0OERF"	[MsgId: MMSG-13992]
Action.c(14): Notify: Saving Parameter "status = 0".	[MsgId: MMSG-13798]
Action.c(14): web_custom_request("owner") was successful, 9883 body bytes, 1103 header bytes  	[MsgId: MMSG-26386]
Action.c(23): Notify: Parameter Substitution: parameter "status" =  "0"	[MsgId: MMSG-13992]
Action.c(27): Notify: Transaction "首页动态" ended with "Fail" status (Duration: 0.3014 Wasted Time: 0.0017).	[MsgId: MMSG-16871]
Ending action Action.	[MsgId: MMSG-15918]
Ending iteration 7.	[MsgId: MMSG-15965]
Starting iteration 8.	[MsgId: MMSG-15968]
Notify: Next row for parameter requestUrl = 1 [table  = requestUrl].	[MsgId: MMSG-13876]
Notify: Getting new value for parameter 'requestUrl': table = 'requestUrl.dat' column = '0' row = '1'.	[MsgId: MMSG-13877]
Notify: Next row for parameter userToken = 1 [table  = userToken].	[MsgId: MMSG-13876]
Notify: Getting new value for parameter 'userToken': table = 'userToken.dat' column = '0' row = '1'.	[MsgId: MMSG-13877]
Starting action Action.	[MsgId: MMSG-15919]
Action.c(4): Registering web_reg_save_param_ex was successful  	[MsgId: MMSG-26390]
Action.c(12): Notify: Transaction "首页动态" started.	[MsgId: MMSG-16999]
Action.c(14): Notify: Parameter Substitution: parameter "requestUrl" =  "https://www.szwego.com"	[MsgId: MMSG-13992]
Action.c(14): Notify: Parameter Substitution: parameter "userToken" =  "M0FERThDOTYwRTJGQjdFNEYzQUYxN0JERDNCMDBCNjQ1ODM1QUJGMzJENTczREZCRDY1QTU2ODQ4M0JEMDMwM0JCNDAwOERDREUzMTdGRDRBMzc1QzJEQjU5MDE0OERF"	[MsgId: MMSG-13992]
Action.c(14): Notify: Saving Parameter "status = 0".	[MsgId: MMSG-13798]
Action.c(14): web_custom_request("owner") was successful, 9883 body bytes, 1103 header bytes  	[MsgId: MMSG-26386]
Action.c(23): Notify: Parameter Substitution: parameter "status" =  "0"	[MsgId: MMSG-13992]
Action.c(27): Notify: Transaction "首页动态" ended with "Fail" status (Duration: 0.3050 Wasted Time: 0.0017).	[MsgId: MMSG-16871]
Ending action Action.	[MsgId: MMSG-15918]
Ending iteration 8.	[MsgId: MMSG-15965]
Starting iteration 9.	[MsgId: MMSG-15968]
Notify: Next row for parameter requestUrl = 1 [table  = requestUrl].	[MsgId: MMSG-13876]
Notify: Getting new value for parameter 'requestUrl': table = 'requestUrl.dat' column = '0' row = '1'.	[MsgId: MMSG-13877]
Notify: Next row for parameter userToken = 1 [table  = userToken].	[MsgId: MMSG-13876]
Notify: Getting new value for parameter 'userToken': table = 'userToken.dat' column = '0' row = '1'.	[MsgId: MMSG-13877]
Starting action Action.	[MsgId: MMSG-15919]
Action.c(4): Registering web_reg_save_param_ex was successful  	[MsgId: MMSG-26390]
Action.c(12): Notify: Transaction "首页动态" started.	[MsgId: MMSG-16999]
Action.c(14): Notify: Parameter Substitution: parameter "requestUrl" =  "https://www.szwego.com"	[MsgId: MMSG-13992]
Action.c(14): Notify: Parameter Substitution: parameter "userToken" =  "M0FERThDOTYwRTJGQjdFNEYzQUYxN0JERDNCMDBCNjQ1ODM1QUJGMzJENTczREZCRDY1QTU2ODQ4M0JEMDMwM0JCNDAwOERDREUzMTdGRDRBMzc1QzJEQjU5MDE0OERF"	[MsgId: MMSG-13992]
Action.c(14): Notify: Saving Parameter "status = 0".	[MsgId: MMSG-13798]
Action.c(14): web_custom_request("owner") was successful, 9883 body bytes, 1103 header bytes  	[MsgId: MMSG-26386]
Action.c(23): Notify: Parameter Substitution: parameter "status" =  "0"	[MsgId: MMSG-13992]
Action.c(27): Notify: Transaction "首页动态" ended with "Fail" status (Duration: 0.2897 Wasted Time: 0.0017).	[MsgId: MMSG-16871]
Ending action Action.	[MsgId: MMSG-15918]
Ending iteration 9.	[MsgId: MMSG-15965]
Starting iteration 10.	[MsgId: MMSG-15968]
Notify: Next row for parameter requestUrl = 1 [table  = requestUrl].	[MsgId: MMSG-13876]
Notify: Getting new value for parameter 'requestUrl': table = 'requestUrl.dat' column = '0' row = '1'.	[MsgId: MMSG-13877]
Notify: Next row for parameter userToken = 1 [table  = userToken].	[MsgId: MMSG-13876]
Notify: Getting new value for parameter 'userToken': table = 'userToken.dat' column = '0' row = '1'.	[MsgId: MMSG-13877]
Starting action Action.	[MsgId: MMSG-15919]
Action.c(4): Registering web_reg_save_param_ex was successful  	[MsgId: MMSG-26390]
Action.c(12): Notify: Transaction "首页动态" started.	[MsgId: MMSG-16999]
Action.c(14): Notify: Parameter Substitution: parameter "requestUrl" =  "https://www.szwego.com"	[MsgId: MMSG-13992]
Action.c(14): Notify: Parameter Substitution: parameter "userToken" =  "M0FERThDOTYwRTJGQjdFNEYzQUYxN0JERDNCMDBCNjQ1ODM1QUJGMzJENTczREZCRDY1QTU2ODQ4M0JEMDMwM0JCNDAwOERDREUzMTdGRDRBMzc1QzJEQjU5MDE0OERF"	[MsgId: MMSG-13992]
Action.c(14): Notify: Saving Parameter "status = 0".	[MsgId: MMSG-13798]
Action.c(14): web_custom_request("owner") was successful, 9883 body bytes, 1103 header bytes  	[MsgId: MMSG-26386]
Action.c(23): Notify: Parameter Substitution: parameter "status" =  "0"	[MsgId: MMSG-13992]
Action.c(27): Notify: Transaction "首页动态" ended with "Fail" status (Duration: 0.6181 Wasted Time: 0.0007).	[MsgId: MMSG-16871]
Ending action Action.	[MsgId: MMSG-15918]
Ending iteration 10.	[MsgId: MMSG-15965]
Starting iteration 11.	[MsgId: MMSG-15968]
Notify: Next row for parameter requestUrl = 1 [table  = requestUrl].	[MsgId: MMSG-13876]
Notify: Getting new value for parameter 'requestUrl': table = 'requestUrl.dat' column = '0' row = '1'.	[MsgId: MMSG-13877]
Notify: Next row for parameter userToken = 1 [table  = userToken].	[MsgId: MMSG-13876]
Notify: Getting new value for parameter 'userToken': table = 'userToken.dat' column = '0' row = '1'.	[MsgId: MMSG-13877]
Starting action Action.	[MsgId: MMSG-15919]
Action.c(4): Registering web_reg_save_param_ex was successful  	[MsgId: MMSG-26390]
Action.c(12): Notify: Transaction "首页动态" started.	[MsgId: MMSG-16999]
Action.c(14): Notify: Parameter Substitution: parameter "requestUrl" =  "https://www.szwego.com"	[MsgId: MMSG-13992]
Action.c(14): Notify: Parameter Substitution: parameter "userToken" =  "M0FERThDOTYwRTJGQjdFNEYzQUYxN0JERDNCMDBCNjQ1ODM1QUJGMzJENTczREZCRDY1QTU2ODQ4M0JEMDMwM0JCNDAwOERDREUzMTdGRDRBMzc1QzJEQjU5MDE0OERF"	[MsgId: MMSG-13992]
Action.c(14): Notify: Saving Parameter "status = 0".	[MsgId: MMSG-13798]
Action.c(14): web_custom_request("owner") was successful, 9883 body bytes, 1103 header bytes  	[MsgId: MMSG-26386]
Action.c(23): Notify: Parameter Substitution: parameter "status" =  "0"	[MsgId: MMSG-13992]
Action.c(27): Notify: Transaction "首页动态" ended with "Fail" status (Duration: 0.2963 Wasted Time: 0.0015).	[MsgId: MMSG-16871]
Ending action Action.	[MsgId: MMSG-15918]
Ending iteration 11.	[MsgId: MMSG-15965]
Starting iteration 12.	[MsgId: MMSG-15968]
Notify: Next row for parameter requestUrl = 1 [table  = requestUrl].	[MsgId: MMSG-13876]
Notify: Getting new value for parameter 'requestUrl': table = 'requestUrl.dat' column = '0' row = '1'.	[MsgId: MMSG-13877]
Notify: Next row for parameter userToken = 1 [table  = userToken].	[MsgId: MMSG-13876]
Notify: Getting new value for parameter 'userToken': table = 'userToken.dat' column = '0' row = '1'.	[MsgId: MMSG-13877]
Starting action Action.	[MsgId: MMSG-15919]
Action.c(4): Registering web_reg_save_param_ex was successful  	[MsgId: MMSG-26390]
Action.c(12): Notify: Transaction "首页动态" started.	[MsgId: MMSG-16999]
Action.c(14): Notify: Parameter Substitution: parameter "requestUrl" =  "https://www.szwego.com"	[MsgId: MMSG-13992]
Action.c(14): Notify: Parameter Substitution: parameter "userToken" =  "M0FERThDOTYwRTJGQjdFNEYzQUYxN0JERDNCMDBCNjQ1ODM1QUJGMzJENTczREZCRDY1QTU2ODQ4M0JEMDMwM0JCNDAwOERDREUzMTdGRDRBMzc1QzJEQjU5MDE0OERF"	[MsgId: MMSG-13992]
Action.c(14): Notify: Saving Parameter "status = 0".	[MsgId: MMSG-13798]
Action.c(14): web_custom_request("owner") was successful, 9883 body bytes, 1103 header bytes  	[MsgId: MMSG-26386]
Action.c(23): Notify: Parameter Substitution: parameter "status" =  "0"	[MsgId: MMSG-13992]
Action.c(27): Notify: Transaction "首页动态" ended with "Fail" status (Duration: 0.3246 Wasted Time: 0.0009).	[MsgId: MMSG-16871]
Ending action Action.	[MsgId: MMSG-15918]
Ending iteration 12.	[MsgId: MMSG-15965]
Starting iteration 13.	[MsgId: MMSG-15968]
Notify: Next row for parameter requestUrl = 1 [table  = requestUrl].	[MsgId: MMSG-13876]
Notify: Getting new value for parameter 'requestUrl': table = 'requestUrl.dat' column = '0' row = '1'.	[MsgId: MMSG-13877]
Notify: Next row for parameter userToken = 1 [table  = userToken].	[MsgId: MMSG-13876]
Notify: Getting new value for parameter 'userToken': table = 'userToken.dat' column = '0' row = '1'.	[MsgId: MMSG-13877]
Starting action Action.	[MsgId: MMSG-15919]
Action.c(4): Registering web_reg_save_param_ex was successful  	[MsgId: MMSG-26390]
Action.c(12): Notify: Transaction "首页动态" started.	[MsgId: MMSG-16999]
Action.c(14): Notify: Parameter Substitution: parameter "requestUrl" =  "https://www.szwego.com"	[MsgId: MMSG-13992]
Action.c(14): Notify: Parameter Substitution: parameter "userToken" =  "M0FERThDOTYwRTJGQjdFNEYzQUYxN0JERDNCMDBCNjQ1ODM1QUJGMzJENTczREZCRDY1QTU2ODQ4M0JEMDMwM0JCNDAwOERDREUzMTdGRDRBMzc1QzJEQjU5MDE0OERF"	[MsgId: MMSG-13992]
Action.c(14): Notify: Saving Parameter "status = 0".	[MsgId: MMSG-13798]
Action.c(14): web_custom_request("owner") was successful, 9883 body bytes, 1103 header bytes  	[MsgId: MMSG-26386]
Action.c(23): Notify: Parameter Substitution: parameter "status" =  "0"	[MsgId: MMSG-13992]
Action.c(27): Notify: Transaction "首页动态" ended with "Fail" status (Duration: 0.3558 Wasted Time: 0.0017).	[MsgId: MMSG-16871]
Ending action Action.	[MsgId: MMSG-15918]
Ending iteration 13.	[MsgId: MMSG-15965]
Starting iteration 14.	[MsgId: MMSG-15968]
Notify: Next row for parameter requestUrl = 1 [table  = requestUrl].	[MsgId: MMSG-13876]
Notify: Getting new value for parameter 'requestUrl': table = 'requestUrl.dat' column = '0' row = '1'.	[MsgId: MMSG-13877]
Notify: Next row for parameter userToken = 1 [table  = userToken].	[MsgId: MMSG-13876]
Notify: Getting new value for parameter 'userToken': table = 'userToken.dat' column = '0' row = '1'.	[MsgId: MMSG-13877]
Starting action Action.	[MsgId: MMSG-15919]
Action.c(4): Registering web_reg_save_param_ex was successful  	[MsgId: MMSG-26390]
Action.c(12): Notify: Transaction "首页动态" started.	[MsgId: MMSG-16999]
Action.c(14): Notify: Parameter Substitution: parameter "requestUrl" =  "https://www.szwego.com"	[MsgId: MMSG-13992]
Action.c(14): Notify: Parameter Substitution: parameter "userToken" =  "M0FERThDOTYwRTJGQjdFNEYzQUYxN0JERDNCMDBCNjQ1ODM1QUJGMzJENTczREZCRDY1QTU2ODQ4M0JEMDMwM0JCNDAwOERDREUzMTdGRDRBMzc1QzJEQjU5MDE0OERF"	[MsgId: MMSG-13992]
Action.c(14): Notify: Saving Parameter "status = 0".	[MsgId: MMSG-13798]
Action.c(14): web_custom_request("owner") was successful, 9883 body bytes, 1103 header bytes  	[MsgId: MMSG-26386]
Action.c(23): Notify: Parameter Substitution: parameter "status" =  "0"	[MsgId: MMSG-13992]
Action.c(27): Notify: Transaction "首页动态" ended with "Fail" status (Duration: 0.2949 Wasted Time: 0.0018).	[MsgId: MMSG-16871]
Ending action Action.	[MsgId: MMSG-15918]
Ending iteration 14.	[MsgId: MMSG-15965]
Starting iteration 15.	[MsgId: MMSG-15968]
Notify: Next row for parameter requestUrl = 1 [table  = requestUrl].	[MsgId: MMSG-13876]
Notify: Getting new value for parameter 'requestUrl': table = 'requestUrl.dat' column = '0' row = '1'.	[MsgId: MMSG-13877]
Notify: Next row for parameter userToken = 1 [table  = userToken].	[MsgId: MMSG-13876]
Notify: Getting new value for parameter 'userToken': table = 'userToken.dat' column = '0' row = '1'.	[MsgId: MMSG-13877]
Starting action Action.	[MsgId: MMSG-15919]
Action.c(4): Registering web_reg_save_param_ex was successful  	[MsgId: MMSG-26390]
Action.c(12): Notify: Transaction "首页动态" started.	[MsgId: MMSG-16999]
Action.c(14): Notify: Parameter Substitution: parameter "requestUrl" =  "https://www.szwego.com"	[MsgId: MMSG-13992]
Action.c(14): Notify: Parameter Substitution: parameter "userToken" =  "M0FERThDOTYwRTJGQjdFNEYzQUYxN0JERDNCMDBCNjQ1ODM1QUJGMzJENTczREZCRDY1QTU2ODQ4M0JEMDMwM0JCNDAwOERDREUzMTdGRDRBMzc1QzJEQjU5MDE0OERF"	[MsgId: MMSG-13992]
Action.c(14): Notify: Saving Parameter "status = 0".	[MsgId: MMSG-13798]
Action.c(14): web_custom_request("owner") was successful, 9883 body bytes, 1103 header bytes  	[MsgId: MMSG-26386]
Action.c(23): Notify: Parameter Substitution: parameter "status" =  "0"	[MsgId: MMSG-13992]
Action.c(27): Notify: Transaction "首页动态" ended with "Fail" status (Duration: 0.3316 Wasted Time: 0.0008).	[MsgId: MMSG-16871]
Ending action Action.	[MsgId: MMSG-15918]
Ending iteration 15.	[MsgId: MMSG-15965]
Starting iteration 16.	[MsgId: MMSG-15968]
Notify: Next row for parameter requestUrl = 1 [table  = requestUrl].	[MsgId: MMSG-13876]
Notify: Getting new value for parameter 'requestUrl': table = 'requestUrl.dat' column = '0' row = '1'.	[MsgId: MMSG-13877]
Notify: Next row for parameter userToken = 1 [table  = userToken].	[MsgId: MMSG-13876]
Notify: Getting new value for parameter 'userToken': table = 'userToken.dat' column = '0' row = '1'.	[MsgId: MMSG-13877]
Starting action Action.	[MsgId: MMSG-15919]
Action.c(4): Registering web_reg_save_param_ex was successful  	[MsgId: MMSG-26390]
Action.c(12): Notify: Transaction "首页动态" started.	[MsgId: MMSG-16999]
Action.c(14): Notify: Parameter Substitution: parameter "requestUrl" =  "https://www.szwego.com"	[MsgId: MMSG-13992]
Action.c(14): Notify: Parameter Substitution: parameter "userToken" =  "M0FERThDOTYwRTJGQjdFNEYzQUYxN0JERDNCMDBCNjQ1ODM1QUJGMzJENTczREZCRDY1QTU2ODQ4M0JEMDMwM0JCNDAwOERDREUzMTdGRDRBMzc1QzJEQjU5MDE0OERF"	[MsgId: MMSG-13992]
Action.c(14): Notify: Saving Parameter "status = 0".	[MsgId: MMSG-13798]
Action.c(14): web_custom_request("owner") was successful, 9883 body bytes, 1103 header bytes  	[MsgId: MMSG-26386]
Action.c(23): Notify: Parameter Substitution: parameter "status" =  "0"	[MsgId: MMSG-13992]
Action.c(27): Notify: Transaction "首页动态" ended with "Fail" status (Duration: 0.3405 Wasted Time: 0.0017).	[MsgId: MMSG-16871]
Ending action Action.	[MsgId: MMSG-15918]
Ending iteration 16.	[MsgId: MMSG-15965]
Starting iteration 17.	[MsgId: MMSG-15968]
Notify: Next row for parameter requestUrl = 1 [table  = requestUrl].	[MsgId: MMSG-13876]
Notify: Getting new value for parameter 'requestUrl': table = 'requestUrl.dat' column = '0' row = '1'.	[MsgId: MMSG-13877]
Notify: Next row for parameter userToken = 1 [table  = userToken].	[MsgId: MMSG-13876]
Notify: Getting new value for parameter 'userToken': table = 'userToken.dat' column = '0' row = '1'.	[MsgId: MMSG-13877]
Starting action Action.	[MsgId: MMSG-15919]
Action.c(4): Registering web_reg_save_param_ex was successful  	[MsgId: MMSG-26390]
Action.c(12): Notify: Transaction "首页动态" started.	[MsgId: MMSG-16999]
Action.c(14): Notify: Parameter Substitution: parameter "requestUrl" =  "https://www.szwego.com"	[MsgId: MMSG-13992]
Action.c(14): Notify: Parameter Substitution: parameter "userToken" =  "M0FERThDOTYwRTJGQjdFNEYzQUYxN0JERDNCMDBCNjQ1ODM1QUJGMzJENTczREZCRDY1QTU2ODQ4M0JEMDMwM0JCNDAwOERDREUzMTdGRDRBMzc1QzJEQjU5MDE0OERF"	[MsgId: MMSG-13992]
Action.c(14): Notify: Saving Parameter "status = 0".	[MsgId: MMSG-13798]
Action.c(14): web_custom_request("owner") was successful, 9883 body bytes, 1103 header bytes  	[MsgId: MMSG-26386]
Action.c(23): Notify: Parameter Substitution: parameter "status" =  "0"	[MsgId: MMSG-13992]
Action.c(27): Notify: Transaction "首页动态" ended with "Fail" status (Duration: 0.6487 Wasted Time: 0.0014).	[MsgId: MMSG-16871]
Ending action Action.	[MsgId: MMSG-15918]
Ending iteration 17.	[MsgId: MMSG-15965]
Starting iteration 18.	[MsgId: MMSG-15968]
Notify: Next row for parameter requestUrl = 1 [table  = requestUrl].	[MsgId: MMSG-13876]
Notify: Getting new value for parameter 'requestUrl': table = 'requestUrl.dat' column = '0' row = '1'.	[MsgId: MMSG-13877]
Notify: Next row for parameter userToken = 1 [table  = userToken].	[MsgId: MMSG-13876]
Notify: Getting new value for parameter 'userToken': table = 'userToken.dat' column = '0' row = '1'.	[MsgId: MMSG-13877]
Starting action Action.	[MsgId: MMSG-15919]
Action.c(4): Registering web_reg_save_param_ex was successful  	[MsgId: MMSG-26390]
Action.c(12): Notify: Transaction "首页动态" started.	[MsgId: MMSG-16999]
Action.c(14): Notify: Parameter Substitution: parameter "requestUrl" =  "https://www.szwego.com"	[MsgId: MMSG-13992]
Action.c(14): Notify: Parameter Substitution: parameter "userToken" =  "M0FERThDOTYwRTJGQjdFNEYzQUYxN0JERDNCMDBCNjQ1ODM1QUJGMzJENTczREZCRDY1QTU2ODQ4M0JEMDMwM0JCNDAwOERDREUzMTdGRDRBMzc1QzJEQjU5MDE0OERF"	[MsgId: MMSG-13992]
Action.c(14): Notify: Saving Parameter "status = 0".	[MsgId: MMSG-13798]
Action.c(14): web_custom_request("owner") was successful, 9883 body bytes, 1103 header bytes  	[MsgId: MMSG-26386]
Action.c(23): Notify: Parameter Substitution: parameter "status" =  "0"	[MsgId: MMSG-13992]
Action.c(27): Notify: Transaction "首页动态" ended with "Fail" status (Duration: 0.5647 Wasted Time: 0.0011).	[MsgId: MMSG-16871]
Ending action Action.	[MsgId: MMSG-15918]
Ending iteration 18.	[MsgId: MMSG-15965]
Starting iteration 19.	[MsgId: MMSG-15968]
Notify: Next row for parameter requestUrl = 1 [table  = requestUrl].	[MsgId: MMSG-13876]
Notify: Getting new value for parameter 'requestUrl': table = 'requestUrl.dat' column = '0' row = '1'.	[MsgId: MMSG-13877]
Notify: Next row for parameter userToken = 1 [table  = userToken].	[MsgId: MMSG-13876]
Notify: Getting new value for parameter 'userToken': table = 'userToken.dat' column = '0' row = '1'.	[MsgId: MMSG-13877]
Starting action Action.	[MsgId: MMSG-15919]
Action.c(4): Registering web_reg_save_param_ex was successful  	[MsgId: MMSG-26390]
Action.c(12): Notify: Transaction "首页动态" started.	[MsgId: MMSG-16999]
Action.c(14): Notify: Parameter Substitution: parameter "requestUrl" =  "https://www.szwego.com"	[MsgId: MMSG-13992]
Action.c(14): Notify: Parameter Substitution: parameter "userToken" =  "M0FERThDOTYwRTJGQjdFNEYzQUYxN0JERDNCMDBCNjQ1ODM1QUJGMzJENTczREZCRDY1QTU2ODQ4M0JEMDMwM0JCNDAwOERDREUzMTdGRDRBMzc1QzJEQjU5MDE0OERF"	[MsgId: MMSG-13992]
Action.c(14): Notify: Saving Parameter "status = 0".	[MsgId: MMSG-13798]
Action.c(14): web_custom_request("owner") was successful, 9883 body bytes, 1103 header bytes  	[MsgId: MMSG-26386]
Action.c(23): Notify: Parameter Substitution: parameter "status" =  "0"	[MsgId: MMSG-13992]
Action.c(27): Notify: Transaction "首页动态" ended with "Fail" status (Duration: 0.3124 Wasted Time: 0.0014).	[MsgId: MMSG-16871]
Ending action Action.	[MsgId: MMSG-15918]
Ending iteration 19.	[MsgId: MMSG-15965]
Starting iteration 20.	[MsgId: MMSG-15968]
Notify: Next row for parameter requestUrl = 1 [table  = requestUrl].	[MsgId: MMSG-13876]
Notify: Getting new value for parameter 'requestUrl': table = 'requestUrl.dat' column = '0' row = '1'.	[MsgId: MMSG-13877]
Notify: Next row for parameter userToken = 1 [table  = userToken].	[MsgId: MMSG-13876]
Notify: Getting new value for parameter 'userToken': table = 'userToken.dat' column = '0' row = '1'.	[MsgId: MMSG-13877]
Starting action Action.	[MsgId: MMSG-15919]
Action.c(4): Registering web_reg_save_param_ex was successful  	[MsgId: MMSG-26390]
Action.c(12): Notify: Transaction "首页动态" started.	[MsgId: MMSG-16999]
Action.c(14): Notify: Parameter Substitution: parameter "requestUrl" =  "https://www.szwego.com"	[MsgId: MMSG-13992]
Action.c(14): Notify: Parameter Substitution: parameter "userToken" =  "M0FERThDOTYwRTJGQjdFNEYzQUYxN0JERDNCMDBCNjQ1ODM1QUJGMzJENTczREZCRDY1QTU2ODQ4M0JEMDMwM0JCNDAwOERDREUzMTdGRDRBMzc1QzJEQjU5MDE0OERF"	[MsgId: MMSG-13992]
Action.c(14): Notify: Saving Parameter "status = 0".	[MsgId: MMSG-13798]
Action.c(14): web_custom_request("owner") was successful, 9883 body bytes, 1103 header bytes  	[MsgId: MMSG-26386]
Action.c(23): Notify: Parameter Substitution: parameter "status" =  "0"	[MsgId: MMSG-13992]
Action.c(27): Notify: Transaction "首页动态" ended with "Fail" status (Duration: 0.3052 Wasted Time: 0.0017).	[MsgId: MMSG-16871]
Ending action Action.	[MsgId: MMSG-15918]
Ending iteration 20.	[MsgId: MMSG-15965]
Starting iteration 21.	[MsgId: MMSG-15968]
Notify: Next row for parameter requestUrl = 1 [table  = requestUrl].	[MsgId: MMSG-13876]
Notify: Getting new value for parameter 'requestUrl': table = 'requestUrl.dat' column = '0' row = '1'.	[MsgId: MMSG-13877]
Notify: Next row for parameter userToken = 1 [table  = userToken].	[MsgId: MMSG-13876]
Notify: Getting new value for parameter 'userToken': table = 'userToken.dat' column = '0' row = '1'.	[MsgId: MMSG-13877]
Starting action Action.	[MsgId: MMSG-15919]
Action.c(4): Registering web_reg_save_param_ex was successful  	[MsgId: MMSG-26390]
Action.c(12): Notify: Transaction "首页动态" started.	[MsgId: MMSG-16999]
Action.c(14): Notify: Parameter Substitution: parameter "requestUrl" =  "https://www.szwego.com"	[MsgId: MMSG-13992]
Action.c(14): Notify: Parameter Substitution: parameter "userToken" =  "M0FERThDOTYwRTJGQjdFNEYzQUYxN0JERDNCMDBCNjQ1ODM1QUJGMzJENTczREZCRDY1QTU2ODQ4M0JEMDMwM0JCNDAwOERDREUzMTdGRDRBMzc1QzJEQjU5MDE0OERF"	[MsgId: MMSG-13992]
Action.c(14): Notify: Saving Parameter "status = 0".	[MsgId: MMSG-13798]
Action.c(14): web_custom_request("owner") was successful, 9883 body bytes, 1103 header bytes  	[MsgId: MMSG-26386]
Action.c(23): Notify: Parameter Substitution: parameter "status" =  "0"	[MsgId: MMSG-13992]
Action.c(27): Notify: Transaction "首页动态" ended with "Fail" status (Duration: 0.3120 Wasted Time: 0.0017).	[MsgId: MMSG-16871]
Ending action Action.	[MsgId: MMSG-15918]
Ending iteration 21.	[MsgId: MMSG-15965]
Starting iteration 22.	[MsgId: MMSG-15968]
Notify: Next row for parameter requestUrl = 1 [table  = requestUrl].	[MsgId: MMSG-13876]
Notify: Getting new value for parameter 'requestUrl': table = 'requestUrl.dat' column = '0' row = '1'.	[MsgId: MMSG-13877]
Notify: Next row for parameter userToken = 1 [table  = userToken].	[MsgId: MMSG-13876]
Notify: Getting new value for parameter 'userToken': table = 'userToken.dat' column = '0' row = '1'.	[MsgId: MMSG-13877]
Starting action Action.	[MsgId: MMSG-15919]
Action.c(4): Registering web_reg_save_param_ex was successful  	[MsgId: MMSG-26390]
Action.c(12): Notify: Transaction "首页动态" started.	[MsgId: MMSG-16999]
Action.c(14): Notify: Parameter Substitution: parameter "requestUrl" =  "https://www.szwego.com"	[MsgId: MMSG-13992]
Action.c(14): Notify: Parameter Substitution: parameter "userToken" =  "M0FERThDOTYwRTJGQjdFNEYzQUYxN0JERDNCMDBCNjQ1ODM1QUJGMzJENTczREZCRDY1QTU2ODQ4M0JEMDMwM0JCNDAwOERDREUzMTdGRDRBMzc1QzJEQjU5MDE0OERF"	[MsgId: MMSG-13992]
Action.c(14): Notify: Saving Parameter "status = 0".	[MsgId: MMSG-13798]
Action.c(14): web_custom_request("owner") was successful, 9883 body bytes, 1103 header bytes  	[MsgId: MMSG-26386]
Action.c(23): Notify: Parameter Substitution: parameter "status" =  "0"	[MsgId: MMSG-13992]
Action.c(27): Notify: Transaction "首页动态" ended with "Fail" status (Duration: 0.3060 Wasted Time: 0.0014).	[MsgId: MMSG-16871]
Ending action Action.	[MsgId: MMSG-15918]
Ending iteration 22.	[MsgId: MMSG-15965]
Starting iteration 23.	[MsgId: MMSG-15968]
Notify: Next row for parameter requestUrl = 1 [table  = requestUrl].	[MsgId: MMSG-13876]
Notify: Getting new value for parameter 'requestUrl': table = 'requestUrl.dat' column = '0' row = '1'.	[MsgId: MMSG-13877]
Notify: Next row for parameter userToken = 1 [table  = userToken].	[MsgId: MMSG-13876]
Notify: Getting new value for parameter 'userToken': table = 'userToken.dat' column = '0' row = '1'.	[MsgId: MMSG-13877]
Starting action Action.	[MsgId: MMSG-15919]
Action.c(4): Registering web_reg_save_param_ex was successful  	[MsgId: MMSG-26390]
Action.c(12): Notify: Transaction "首页动态" started.	[MsgId: MMSG-16999]
Action.c(14): Notify: Parameter Substitution: parameter "requestUrl" =  "https://www.szwego.com"	[MsgId: MMSG-13992]
Action.c(14): Notify: Parameter Substitution: parameter "userToken" =  "M0FERThDOTYwRTJGQjdFNEYzQUYxN0JERDNCMDBCNjQ1ODM1QUJGMzJENTczREZCRDY1QTU2ODQ4M0JEMDMwM0JCNDAwOERDREUzMTdGRDRBMzc1QzJEQjU5MDE0OERF"	[MsgId: MMSG-13992]
Action.c(14): Notify: Saving Parameter "status = 0".	[MsgId: MMSG-13798]
Action.c(14): web_custom_request("owner") was successful, 9883 body bytes, 1103 header bytes  	[MsgId: MMSG-26386]
Action.c(23): Notify: Parameter Substitution: parameter "status" =  "0"	[MsgId: MMSG-13992]
Action.c(27): Notify: Transaction "首页动态" ended with "Fail" status (Duration: 0.3752 Wasted Time: 0.0017).	[MsgId: MMSG-16871]
Ending action Action.	[MsgId: MMSG-15918]
Ending iteration 23.	[MsgId: MMSG-15965]
Starting iteration 24.	[MsgId: MMSG-15968]
Notify: Next row for parameter requestUrl = 1 [table  = requestUrl].	[MsgId: MMSG-13876]
Notify: Getting new value for parameter 'requestUrl': table = 'requestUrl.dat' column = '0' row = '1'.	[MsgId: MMSG-13877]
Notify: Next row for parameter userToken = 1 [table  = userToken].	[MsgId: MMSG-13876]
Notify: Getting new value for parameter 'userToken': table = 'userToken.dat' column = '0' row = '1'.	[MsgId: MMSG-13877]
Starting action Action.	[MsgId: MMSG-15919]
Action.c(4): Registering web_reg_save_param_ex was successful  	[MsgId: MMSG-26390]
Action.c(12): Notify: Transaction "首页动态" started.	[MsgId: MMSG-16999]
Action.c(14): Notify: Parameter Substitution: parameter "requestUrl" =  "https://www.szwego.com"	[MsgId: MMSG-13992]
Action.c(14): Notify: Parameter Substitution: parameter "userToken" =  "M0FERThDOTYwRTJGQjdFNEYzQUYxN0JERDNCMDBCNjQ1ODM1QUJGMzJENTczREZCRDY1QTU2ODQ4M0JEMDMwM0JCNDAwOERDREUzMTdGRDRBMzc1QzJEQjU5MDE0OERF"	[MsgId: MMSG-13992]
Action.c(14): Notify: Saving Parameter "status = 0".	[MsgId: MMSG-13798]
Action.c(14): web_custom_request("owner") was successful, 9883 body bytes, 1103 header bytes  	[MsgId: MMSG-26386]
Action.c(23): Notify: Parameter Substitution: parameter "status" =  "0"	[MsgId: MMSG-13992]
Action.c(27): Notify: Transaction "首页动态" ended with "Fail" status (Duration: 0.3146 Wasted Time: 0.0017).	[MsgId: MMSG-16871]
Ending action Action.	[MsgId: MMSG-15918]
Ending iteration 24.	[MsgId: MMSG-15965]
Starting iteration 25.	[MsgId: MMSG-15968]
Notify: Next row for parameter requestUrl = 1 [table  = requestUrl].	[MsgId: MMSG-13876]
Notify: Getting new value for parameter 'requestUrl': table = 'requestUrl.dat' column = '0' row = '1'.	[MsgId: MMSG-13877]
Notify: Next row for parameter userToken = 1 [table  = userToken].	[MsgId: MMSG-13876]
Notify: Getting new value for parameter 'userToken': table = 'userToken.dat' column = '0' row = '1'.	[MsgId: MMSG-13877]
Starting action Action.	[MsgId: MMSG-15919]
Action.c(4): Registering web_reg_save_param_ex was successful  	[MsgId: MMSG-26390]
Action.c(12): Notify: Transaction "首页动态" started.	[MsgId: MMSG-16999]
Action.c(14): Notify: Parameter Substitution: parameter "requestUrl" =  "https://www.szwego.com"	[MsgId: MMSG-13992]
Action.c(14): Notify: Parameter Substitution: parameter "userToken" =  "M0FERThDOTYwRTJGQjdFNEYzQUYxN0JERDNCMDBCNjQ1ODM1QUJGMzJENTczREZCRDY1QTU2ODQ4M0JEMDMwM0JCNDAwOERDREUzMTdGRDRBMzc1QzJEQjU5MDE0OERF"	[MsgId: MMSG-13992]
Action.c(14): Notify: Saving Parameter "status = 0".	[MsgId: MMSG-13798]
Action.c(14): web_custom_request("owner") was successful, 9883 body bytes, 1103 header bytes  	[MsgId: MMSG-26386]
Action.c(23): Notify: Parameter Substitution: parameter "status" =  "0"	[MsgId: MMSG-13992]
Action.c(27): Notify: Transaction "首页动态" ended with "Fail" status (Duration: 0.2926 Wasted Time: 0.0017).	[MsgId: MMSG-16871]
Ending action Action.	[MsgId: MMSG-15918]
Ending iteration 25.	[MsgId: MMSG-15965]
Starting iteration 26.	[MsgId: MMSG-15968]
Notify: Next row for parameter requestUrl = 1 [table  = requestUrl].	[MsgId: MMSG-13876]
Notify: Getting new value for parameter 'requestUrl': table = 'requestUrl.dat' column = '0' row = '1'.	[MsgId: MMSG-13877]
Notify: Next row for parameter userToken = 1 [table  = userToken].	[MsgId: MMSG-13876]
Notify: Getting new value for parameter 'userToken': table = 'userToken.dat' column = '0' row = '1'.	[MsgId: MMSG-13877]
Starting action Action.	[MsgId: MMSG-15919]
Action.c(4): Registering web_reg_save_param_ex was successful  	[MsgId: MMSG-26390]
Action.c(12): Notify: Transaction "首页动态" started.	[MsgId: MMSG-16999]
Action.c(14): Notify: Parameter Substitution: parameter "requestUrl" =  "https://www.szwego.com"	[MsgId: MMSG-13992]
Action.c(14): Notify: Parameter Substitution: parameter "userToken" =  "M0FERThDOTYwRTJGQjdFNEYzQUYxN0JERDNCMDBCNjQ1ODM1QUJGMzJENTczREZCRDY1QTU2ODQ4M0JEMDMwM0JCNDAwOERDREUzMTdGRDRBMzc1QzJEQjU5MDE0OERF"	[MsgId: MMSG-13992]
Action.c(14): Notify: Saving Parameter "status = 0".	[MsgId: MMSG-13798]
Action.c(14): web_custom_request("owner") was successful, 9883 body bytes, 1103 header bytes  	[MsgId: MMSG-26386]
Action.c(23): Notify: Parameter Substitution: parameter "status" =  "0"	[MsgId: MMSG-13992]
Action.c(27): Notify: Transaction "首页动态" ended with "Fail" status (Duration: 0.5212 Wasted Time: 0.0017).	[MsgId: MMSG-16871]
Ending action Action.	[MsgId: MMSG-15918]
Ending iteration 26.	[MsgId: MMSG-15965]
Starting iteration 27.	[MsgId: MMSG-15968]
Notify: Next row for parameter requestUrl = 1 [table  = requestUrl].	[MsgId: MMSG-13876]
Notify: Getting new value for parameter 'requestUrl': table = 'requestUrl.dat' column = '0' row = '1'.	[MsgId: MMSG-13877]
Notify: Next row for parameter userToken = 1 [table  = userToken].	[MsgId: MMSG-13876]
Notify: Getting new value for parameter 'userToken': table = 'userToken.dat' column = '0' row = '1'.	[MsgId: MMSG-13877]
Starting action Action.	[MsgId: MMSG-15919]
Action.c(4): Registering web_reg_save_param_ex was successful  	[MsgId: MMSG-26390]
Action.c(12): Notify: Transaction "首页动态" started.	[MsgId: MMSG-16999]
Action.c(14): Notify: Parameter Substitution: parameter "requestUrl" =  "https://www.szwego.com"	[MsgId: MMSG-13992]
Action.c(14): Notify: Parameter Substitution: parameter "userToken" =  "M0FERThDOTYwRTJGQjdFNEYzQUYxN0JERDNCMDBCNjQ1ODM1QUJGMzJENTczREZCRDY1QTU2ODQ4M0JEMDMwM0JCNDAwOERDREUzMTdGRDRBMzc1QzJEQjU5MDE0OERF"	[MsgId: MMSG-13992]
Action.c(14): Notify: Saving Parameter "status = 0".	[MsgId: MMSG-13798]
Action.c(14): web_custom_request("owner") was successful, 9883 body bytes, 1103 header bytes  	[MsgId: MMSG-26386]
Action.c(23): Notify: Parameter Substitution: parameter "status" =  "0"	[MsgId: MMSG-13992]
Action.c(27): Notify: Transaction "首页动态" ended with "Fail" status (Duration: 0.5104 Wasted Time: 0.0017).	[MsgId: MMSG-16871]
Ending action Action.	[MsgId: MMSG-15918]
Ending iteration 27.	[MsgId: MMSG-15965]
Starting iteration 28.	[MsgId: MMSG-15968]
Notify: Next row for parameter requestUrl = 1 [table  = requestUrl].	[MsgId: MMSG-13876]
Notify: Getting new value for parameter 'requestUrl': table = 'requestUrl.dat' column = '0' row = '1'.	[MsgId: MMSG-13877]
Notify: Next row for parameter userToken = 1 [table  = userToken].	[MsgId: MMSG-13876]
Notify: Getting new value for parameter 'userToken': table = 'userToken.dat' column = '0' row = '1'.	[MsgId: MMSG-13877]
Starting action Action.	[MsgId: MMSG-15919]
Action.c(4): Registering web_reg_save_param_ex was successful  	[MsgId: MMSG-26390]
Action.c(12): Notify: Transaction "首页动态" started.	[MsgId: MMSG-16999]
Action.c(14): Notify: Parameter Substitution: parameter "requestUrl" =  "https://www.szwego.com"	[MsgId: MMSG-13992]
Action.c(14): Notify: Parameter Substitution: parameter "userToken" =  "M0FERThDOTYwRTJGQjdFNEYzQUYxN0JERDNCMDBCNjQ1ODM1QUJGMzJENTczREZCRDY1QTU2ODQ4M0JEMDMwM0JCNDAwOERDREUzMTdGRDRBMzc1QzJEQjU5MDE0OERF"	[MsgId: MMSG-13992]
Action.c(14): Notify: Saving Parameter "status = 0".	[MsgId: MMSG-13798]
Action.c(14): web_custom_request("owner") was successful, 9883 body bytes, 1103 header bytes  	[MsgId: MMSG-26386]
Action.c(23): Notify: Parameter Substitution: parameter "status" =  "0"	[MsgId: MMSG-13992]
Action.c(27): Notify: Transaction "首页动态" ended with "Fail" status (Duration: 0.3772 Wasted Time: 0.0017).	[MsgId: MMSG-16871]
Ending action Action.	[MsgId: MMSG-15918]
Ending iteration 28.	[MsgId: MMSG-15965]
Starting iteration 29.	[MsgId: MMSG-15968]
Notify: Next row for parameter requestUrl = 1 [table  = requestUrl].	[MsgId: MMSG-13876]
Notify: Getting new value for parameter 'requestUrl': table = 'requestUrl.dat' column = '0' row = '1'.	[MsgId: MMSG-13877]
Notify: Next row for parameter userToken = 1 [table  = userToken].	[MsgId: MMSG-13876]
Notify: Getting new value for parameter 'userToken': table = 'userToken.dat' column = '0' row = '1'.	[MsgId: MMSG-13877]
Starting action Action.	[MsgId: MMSG-15919]
Action.c(4): Registering web_reg_save_param_ex was successful  	[MsgId: MMSG-26390]
Action.c(12): Notify: Transaction "首页动态" started.	[MsgId: MMSG-16999]
Action.c(14): Notify: Parameter Substitution: parameter "requestUrl" =  "https://www.szwego.com"	[MsgId: MMSG-13992]
Action.c(14): Notify: Parameter Substitution: parameter "userToken" =  "M0FERThDOTYwRTJGQjdFNEYzQUYxN0JERDNCMDBCNjQ1ODM1QUJGMzJENTczREZCRDY1QTU2ODQ4M0JEMDMwM0JCNDAwOERDREUzMTdGRDRBMzc1QzJEQjU5MDE0OERF"	[MsgId: MMSG-13992]
Action.c(14): Notify: Saving Parameter "status = 0".	[MsgId: MMSG-13798]
Action.c(14): web_custom_request("owner") was successful, 9883 body bytes, 1103 header bytes  	[MsgId: MMSG-26386]
Action.c(23): Notify: Parameter Substitution: parameter "status" =  "0"	[MsgId: MMSG-13992]
Action.c(27): Notify: Transaction "首页动态" ended with "Fail" status (Duration: 0.2954 Wasted Time: 0.0017).	[MsgId: MMSG-16871]
Ending action Action.	[MsgId: MMSG-15918]
Ending iteration 29.	[MsgId: MMSG-15965]
Starting iteration 30.	[MsgId: MMSG-15968]
Notify: Next row for parameter requestUrl = 1 [table  = requestUrl].	[MsgId: MMSG-13876]
Notify: Getting new value for parameter 'requestUrl': table = 'requestUrl.dat' column = '0' row = '1'.	[MsgId: MMSG-13877]
Notify: Next row for parameter userToken = 1 [table  = userToken].	[MsgId: MMSG-13876]
Notify: Getting new value for parameter 'userToken': table = 'userToken.dat' column = '0' row = '1'.	[MsgId: MMSG-13877]
Starting action Action.	[MsgId: MMSG-15919]
Action.c(4): Registering web_reg_save_param_ex was successful  	[MsgId: MMSG-26390]
Action.c(12): Notify: Transaction "首页动态" started.	[MsgId: MMSG-16999]
Action.c(14): Notify: Parameter Substitution: parameter "requestUrl" =  "https://www.szwego.com"	[MsgId: MMSG-13992]
Action.c(14): Notify: Parameter Substitution: parameter "userToken" =  "M0FERThDOTYwRTJGQjdFNEYzQUYxN0JERDNCMDBCNjQ1ODM1QUJGMzJENTczREZCRDY1QTU2ODQ4M0JEMDMwM0JCNDAwOERDREUzMTdGRDRBMzc1QzJEQjU5MDE0OERF"	[MsgId: MMSG-13992]
Action.c(14): Notify: Saving Parameter "status = 0".	[MsgId: MMSG-13798]
Action.c(14): web_custom_request("owner") was successful, 9883 body bytes, 1103 header bytes  	[MsgId: MMSG-26386]
Action.c(23): Notify: Parameter Substitution: parameter "status" =  "0"	[MsgId: MMSG-13992]
Action.c(27): Notify: Transaction "首页动态" ended with "Fail" status (Duration: 0.3216 Wasted Time: 0.0017).	[MsgId: MMSG-16871]
Ending action Action.	[MsgId: MMSG-15918]
Ending iteration 30.	[MsgId: MMSG-15965]
Starting iteration 31.	[MsgId: MMSG-15968]
Notify: Next row for parameter requestUrl = 1 [table  = requestUrl].	[MsgId: MMSG-13876]
Notify: Getting new value for parameter 'requestUrl': table = 'requestUrl.dat' column = '0' row = '1'.	[MsgId: MMSG-13877]
Notify: Next row for parameter userToken = 1 [table  = userToken].	[MsgId: MMSG-13876]
Notify: Getting new value for parameter 'userToken': table = 'userToken.dat' column = '0' row = '1'.	[MsgId: MMSG-13877]
Starting action Action.	[MsgId: MMSG-15919]
Action.c(4): Registering web_reg_save_param_ex was successful  	[MsgId: MMSG-26390]
Action.c(12): Notify: Transaction "首页动态" started.	[MsgId: MMSG-16999]
Action.c(14): Notify: Parameter Substitution: parameter "requestUrl" =  "https://www.szwego.com"	[MsgId: MMSG-13992]
Action.c(14): Notify: Parameter Substitution: parameter "userToken" =  "M0FERThDOTYwRTJGQjdFNEYzQUYxN0JERDNCMDBCNjQ1ODM1QUJGMzJENTczREZCRDY1QTU2ODQ4M0JEMDMwM0JCNDAwOERDREUzMTdGRDRBMzc1QzJEQjU5MDE0OERF"	[MsgId: MMSG-13992]
Action.c(14): Notify: Saving Parameter "status = 0".	[MsgId: MMSG-13798]
Action.c(14): web_custom_request("owner") was successful, 9883 body bytes, 1103 header bytes  	[MsgId: MMSG-26386]
Action.c(23): Notify: Parameter Substitution: parameter "status" =  "0"	[MsgId: MMSG-13992]
Action.c(27): Notify: Transaction "首页动态" ended with "Fail" status (Duration: 0.2961 Wasted Time: 0.0017).	[MsgId: MMSG-16871]
Ending action Action.	[MsgId: MMSG-15918]
Ending iteration 31.	[MsgId: MMSG-15965]
Starting iteration 32.	[MsgId: MMSG-15968]
Notify: Next row for parameter requestUrl = 1 [table  = requestUrl].	[MsgId: MMSG-13876]
Notify: Getting new value for parameter 'requestUrl': table = 'requestUrl.dat' column = '0' row = '1'.	[MsgId: MMSG-13877]
Notify: Next row for parameter userToken = 1 [table  = userToken].	[MsgId: MMSG-13876]
Notify: Getting new value for parameter 'userToken': table = 'userToken.dat' column = '0' row = '1'.	[MsgId: MMSG-13877]
Starting action Action.	[MsgId: MMSG-15919]
Action.c(4): Registering web_reg_save_param_ex was successful  	[MsgId: MMSG-26390]
Action.c(12): Notify: Transaction "首页动态" started.	[MsgId: MMSG-16999]
Action.c(14): Notify: Parameter Substitution: parameter "requestUrl" =  "https://www.szwego.com"	[MsgId: MMSG-13992]
Action.c(14): Notify: Parameter Substitution: parameter "userToken" =  "M0FERThDOTYwRTJGQjdFNEYzQUYxN0JERDNCMDBCNjQ1ODM1QUJGMzJENTczREZCRDY1QTU2ODQ4M0JEMDMwM0JCNDAwOERDREUzMTdGRDRBMzc1QzJEQjU5MDE0OERF"	[MsgId: MMSG-13992]
Action.c(14): Notify: Saving Parameter "status = 0".	[MsgId: MMSG-13798]
Action.c(14): web_custom_request("owner") was successful, 9883 body bytes, 1103 header bytes  	[MsgId: MMSG-26386]
Action.c(23): Notify: Parameter Substitution: parameter "status" =  "0"	[MsgId: MMSG-13992]
Action.c(27): Notify: Transaction "首页动态" ended with "Fail" status (Duration: 0.3482 Wasted Time: 0.0017).	[MsgId: MMSG-16871]
Ending action Action.	[MsgId: MMSG-15918]
Ending iteration 32.	[MsgId: MMSG-15965]
Starting iteration 33.	[MsgId: MMSG-15968]
Notify: Next row for parameter requestUrl = 1 [table  = requestUrl].	[MsgId: MMSG-13876]
Notify: Getting new value for parameter 'requestUrl': table = 'requestUrl.dat' column = '0' row = '1'.	[MsgId: MMSG-13877]
Notify: Next row for parameter userToken = 1 [table  = userToken].	[MsgId: MMSG-13876]
Notify: Getting new value for parameter 'userToken': table = 'userToken.dat' column = '0' row = '1'.	[MsgId: MMSG-13877]
Starting action Action.	[MsgId: MMSG-15919]
Action.c(4): Registering web_reg_save_param_ex was successful  	[MsgId: MMSG-26390]
Action.c(12): Notify: Transaction "首页动态" started.	[MsgId: MMSG-16999]
Action.c(14): Notify: Parameter Substitution: parameter "requestUrl" =  "https://www.szwego.com"	[MsgId: MMSG-13992]
Action.c(14): Notify: Parameter Substitution: parameter "userToken" =  "M0FERThDOTYwRTJGQjdFNEYzQUYxN0JERDNCMDBCNjQ1ODM1QUJGMzJENTczREZCRDY1QTU2ODQ4M0JEMDMwM0JCNDAwOERDREUzMTdGRDRBMzc1QzJEQjU5MDE0OERF"	[MsgId: MMSG-13992]
Action.c(14): Notify: Saving Parameter "status = 0".	[MsgId: MMSG-13798]
Action.c(14): web_custom_request("owner") was successful, 9883 body bytes, 1103 header bytes  	[MsgId: MMSG-26386]
Action.c(23): Notify: Parameter Substitution: parameter "status" =  "0"	[MsgId: MMSG-13992]
Action.c(27): Notify: Transaction "首页动态" ended with "Fail" status (Duration: 0.5437 Wasted Time: 0.0017).	[MsgId: MMSG-16871]
Ending action Action.	[MsgId: MMSG-15918]
Ending iteration 33.	[MsgId: MMSG-15965]
Starting iteration 34.	[MsgId: MMSG-15968]
Notify: Next row for parameter requestUrl = 1 [table  = requestUrl].	[MsgId: MMSG-13876]
Notify: Getting new value for parameter 'requestUrl': table = 'requestUrl.dat' column = '0' row = '1'.	[MsgId: MMSG-13877]
Notify: Next row for parameter userToken = 1 [table  = userToken].	[MsgId: MMSG-13876]
Notify: Getting new value for parameter 'userToken': table = 'userToken.dat' column = '0' row = '1'.	[MsgId: MMSG-13877]
Starting action Action.	[MsgId: MMSG-15919]
Action.c(4): Registering web_reg_save_param_ex was successful  	[MsgId: MMSG-26390]
Action.c(12): Notify: Transaction "首页动态" started.	[MsgId: MMSG-16999]
Action.c(14): Notify: Parameter Substitution: parameter "requestUrl" =  "https://www.szwego.com"	[MsgId: MMSG-13992]
Action.c(14): Notify: Parameter Substitution: parameter "userToken" =  "M0FERThDOTYwRTJGQjdFNEYzQUYxN0JERDNCMDBCNjQ1ODM1QUJGMzJENTczREZCRDY1QTU2ODQ4M0JEMDMwM0JCNDAwOERDREUzMTdGRDRBMzc1QzJEQjU5MDE0OERF"	[MsgId: MMSG-13992]
Action.c(14): Notify: Saving Parameter "status = 0".	[MsgId: MMSG-13798]
Action.c(14): web_custom_request("owner") was successful, 9883 body bytes, 1103 header bytes  	[MsgId: MMSG-26386]
Action.c(23): Notify: Parameter Substitution: parameter "status" =  "0"	[MsgId: MMSG-13992]
Action.c(27): Notify: Transaction "首页动态" ended with "Fail" status (Duration: 0.5584 Wasted Time: 0.0017).	[MsgId: MMSG-16871]
Ending action Action.	[MsgId: MMSG-15918]
Ending iteration 34.	[MsgId: MMSG-15965]
Starting iteration 35.	[MsgId: MMSG-15968]
Notify: Next row for parameter requestUrl = 1 [table  = requestUrl].	[MsgId: MMSG-13876]
Notify: Getting new value for parameter 'requestUrl': table = 'requestUrl.dat' column = '0' row = '1'.	[MsgId: MMSG-13877]
Notify: Next row for parameter userToken = 1 [table  = userToken].	[MsgId: MMSG-13876]
Notify: Getting new value for parameter 'userToken': table = 'userToken.dat' column = '0' row = '1'.	[MsgId: MMSG-13877]
Starting action Action.	[MsgId: MMSG-15919]
Action.c(4): Registering web_reg_save_param_ex was successful  	[MsgId: MMSG-26390]
Action.c(12): Notify: Transaction "首页动态" started.	[MsgId: MMSG-16999]
Action.c(14): Notify: Parameter Substitution: parameter "requestUrl" =  "https://www.szwego.com"	[MsgId: MMSG-13992]
Action.c(14): Notify: Parameter Substitution: parameter "userToken" =  "M0FERThDOTYwRTJGQjdFNEYzQUYxN0JERDNCMDBCNjQ1ODM1QUJGMzJENTczREZCRDY1QTU2ODQ4M0JEMDMwM0JCNDAwOERDREUzMTdGRDRBMzc1QzJEQjU5MDE0OERF"	[MsgId: MMSG-13992]
Action.c(14): Notify: Saving Parameter "status = 0".	[MsgId: MMSG-13798]
Action.c(14): web_custom_request("owner") was successful, 9883 body bytes, 1103 header bytes  	[MsgId: MMSG-26386]
Action.c(23): Notify: Parameter Substitution: parameter "status" =  "0"	[MsgId: MMSG-13992]
Action.c(27): Notify: Transaction "首页动态" ended with "Fail" status (Duration: 0.2931 Wasted Time: 0.0016).	[MsgId: MMSG-16871]
Ending action Action.	[MsgId: MMSG-15918]
Ending iteration 35.	[MsgId: MMSG-15965]
Starting iteration 36.	[MsgId: MMSG-15968]
Notify: Next row for parameter requestUrl = 1 [table  = requestUrl].	[MsgId: MMSG-13876]
Notify: Getting new value for parameter 'requestUrl': table = 'requestUrl.dat' column = '0' row = '1'.	[MsgId: MMSG-13877]
Notify: Next row for parameter userToken = 1 [table  = userToken].	[MsgId: MMSG-13876]
Notify: Getting new value for parameter 'userToken': table = 'userToken.dat' column = '0' row = '1'.	[MsgId: MMSG-13877]
Starting action Action.	[MsgId: MMSG-15919]
Action.c(4): Registering web_reg_save_param_ex was successful  	[MsgId: MMSG-26390]
Action.c(12): Notify: Transaction "首页动态" started.	[MsgId: MMSG-16999]
Action.c(14): Notify: Parameter Substitution: parameter "requestUrl" =  "https://www.szwego.com"	[MsgId: MMSG-13992]
Action.c(14): Notify: Parameter Substitution: parameter "userToken" =  "M0FERThDOTYwRTJGQjdFNEYzQUYxN0JERDNCMDBCNjQ1ODM1QUJGMzJENTczREZCRDY1QTU2ODQ4M0JEMDMwM0JCNDAwOERDREUzMTdGRDRBMzc1QzJEQjU5MDE0OERF"	[MsgId: MMSG-13992]
Action.c(14): Notify: Saving Parameter "status = 0".	[MsgId: MMSG-13798]
Action.c(14): web_custom_request("owner") was successful, 9883 body bytes, 1103 header bytes  	[MsgId: MMSG-26386]
Action.c(23): Notify: Parameter Substitution: parameter "status" =  "0"	[MsgId: MMSG-13992]
Action.c(27): Notify: Transaction "首页动态" ended with "Fail" status (Duration: 0.3653 Wasted Time: 0.0016).	[MsgId: MMSG-16871]
Ending action Action.	[MsgId: MMSG-15918]
Ending iteration 36.	[MsgId: MMSG-15965]
Starting iteration 37.	[MsgId: MMSG-15968]
Notify: Next row for parameter requestUrl = 1 [table  = requestUrl].	[MsgId: MMSG-13876]
Notify: Getting new value for parameter 'requestUrl': table = 'requestUrl.dat' column = '0' row = '1'.	[MsgId: MMSG-13877]
Notify: Next row for parameter userToken = 1 [table  = userToken].	[MsgId: MMSG-13876]
Notify: Getting new value for parameter 'userToken': table = 'userToken.dat' column = '0' row = '1'.	[MsgId: MMSG-13877]
Starting action Action.	[MsgId: MMSG-15919]
Action.c(4): Registering web_reg_save_param_ex was successful  	[MsgId: MMSG-26390]
Action.c(12): Notify: Transaction "首页动态" started.	[MsgId: MMSG-16999]
Action.c(14): Notify: Parameter Substitution: parameter "requestUrl" =  "https://www.szwego.com"	[MsgId: MMSG-13992]
Action.c(14): Notify: Parameter Substitution: parameter "userToken" =  "M0FERThDOTYwRTJGQjdFNEYzQUYxN0JERDNCMDBCNjQ1ODM1QUJGMzJENTczREZCRDY1QTU2ODQ4M0JEMDMwM0JCNDAwOERDREUzMTdGRDRBMzc1QzJEQjU5MDE0OERF"	[MsgId: MMSG-13992]
Action.c(14): Notify: Saving Parameter "status = 0".	[MsgId: MMSG-13798]
Action.c(14): web_custom_request("owner") was successful, 9883 body bytes, 1103 header bytes  	[MsgId: MMSG-26386]
Action.c(23): Notify: Parameter Substitution: parameter "status" =  "0"	[MsgId: MMSG-13992]
Action.c(27): Notify: Transaction "首页动态" ended with "Fail" status (Duration: 0.3363 Wasted Time: 0.0016).	[MsgId: MMSG-16871]
Ending action Action.	[MsgId: MMSG-15918]
Ending iteration 37.	[MsgId: MMSG-15965]
Starting iteration 38.	[MsgId: MMSG-15968]
Notify: Next row for parameter requestUrl = 1 [table  = requestUrl].	[MsgId: MMSG-13876]
Notify: Getting new value for parameter 'requestUrl': table = 'requestUrl.dat' column = '0' row = '1'.	[MsgId: MMSG-13877]
Notify: Next row for parameter userToken = 1 [table  = userToken].	[MsgId: MMSG-13876]
Notify: Getting new value for parameter 'userToken': table = 'userToken.dat' column = '0' row = '1'.	[MsgId: MMSG-13877]
Starting action Action.	[MsgId: MMSG-15919]
Action.c(4): Registering web_reg_save_param_ex was successful  	[MsgId: MMSG-26390]
Action.c(12): Notify: Transaction "首页动态" started.	[MsgId: MMSG-16999]
Action.c(14): Notify: Parameter Substitution: parameter "requestUrl" =  "https://www.szwego.com"	[MsgId: MMSG-13992]
Action.c(14): Notify: Parameter Substitution: parameter "userToken" =  "M0FERThDOTYwRTJGQjdFNEYzQUYxN0JERDNCMDBCNjQ1ODM1QUJGMzJENTczREZCRDY1QTU2ODQ4M0JEMDMwM0JCNDAwOERDREUzMTdGRDRBMzc1QzJEQjU5MDE0OERF"	[MsgId: MMSG-13992]
Action.c(14): Notify: Saving Parameter "status = 0".	[MsgId: MMSG-13798]
Action.c(14): web_custom_request("owner") was successful, 9883 body bytes, 1103 header bytes  	[MsgId: MMSG-26386]
Action.c(23): Notify: Parameter Substitution: parameter "status" =  "0"	[MsgId: MMSG-13992]
Action.c(27): Notify: Transaction "首页动态" ended with "Fail" status (Duration: 0.5526 Wasted Time: 0.0016).	[MsgId: MMSG-16871]
Ending action Action.	[MsgId: MMSG-15918]
Ending iteration 38.	[MsgId: MMSG-15965]
Starting iteration 39.	[MsgId: MMSG-15968]
Notify: Next row for parameter requestUrl = 1 [table  = requestUrl].	[MsgId: MMSG-13876]
Notify: Getting new value for parameter 'requestUrl': table = 'requestUrl.dat' column = '0' row = '1'.	[MsgId: MMSG-13877]
Notify: Next row for parameter userToken = 1 [table  = userToken].	[MsgId: MMSG-13876]
Notify: Getting new value for parameter 'userToken': table = 'userToken.dat' column = '0' row = '1'.	[MsgId: MMSG-13877]
Starting action Action.	[MsgId: MMSG-15919]
Action.c(4): Registering web_reg_save_param_ex was successful  	[MsgId: MMSG-26390]
Action.c(12): Notify: Transaction "首页动态" started.	[MsgId: MMSG-16999]
Action.c(14): Notify: Parameter Substitution: parameter "requestUrl" =  "https://www.szwego.com"	[MsgId: MMSG-13992]
Action.c(14): Notify: Parameter Substitution: parameter "userToken" =  "M0FERThDOTYwRTJGQjdFNEYzQUYxN0JERDNCMDBCNjQ1ODM1QUJGMzJENTczREZCRDY1QTU2ODQ4M0JEMDMwM0JCNDAwOERDREUzMTdGRDRBMzc1QzJEQjU5MDE0OERF"	[MsgId: MMSG-13992]
Action.c(14): Notify: Saving Parameter "status = 0".	[MsgId: MMSG-13798]
Action.c(14): web_custom_request("owner") was successful, 9883 body bytes, 1103 header bytes  	[MsgId: MMSG-26386]
Action.c(23): Notify: Parameter Substitution: parameter "status" =  "0"	[MsgId: MMSG-13992]
Action.c(27): Notify: Transaction "首页动态" ended with "Fail" status (Duration: 0.3398 Wasted Time: 0.0017).	[MsgId: MMSG-16871]
Ending action Action.	[MsgId: MMSG-15918]
Ending iteration 39.	[MsgId: MMSG-15965]
Starting iteration 40.	[MsgId: MMSG-15968]
Notify: Next row for parameter requestUrl = 1 [table  = requestUrl].	[MsgId: MMSG-13876]
Notify: Getting new value for parameter 'requestUrl': table = 'requestUrl.dat' column = '0' row = '1'.	[MsgId: MMSG-13877]
Notify: Next row for parameter userToken = 1 [table  = userToken].	[MsgId: MMSG-13876]
Notify: Getting new value for parameter 'userToken': table = 'userToken.dat' column = '0' row = '1'.	[MsgId: MMSG-13877]
Starting action Action.	[MsgId: MMSG-15919]
Action.c(4): Registering web_reg_save_param_ex was successful  	[MsgId: MMSG-26390]
Action.c(12): Notify: Transaction "首页动态" started.	[MsgId: MMSG-16999]
Action.c(14): Notify: Parameter Substitution: parameter "requestUrl" =  "https://www.szwego.com"	[MsgId: MMSG-13992]
Action.c(14): Notify: Parameter Substitution: parameter "userToken" =  "M0FERThDOTYwRTJGQjdFNEYzQUYxN0JERDNCMDBCNjQ1ODM1QUJGMzJENTczREZCRDY1QTU2ODQ4M0JEMDMwM0JCNDAwOERDREUzMTdGRDRBMzc1QzJEQjU5MDE0OERF"	[MsgId: MMSG-13992]
Action.c(14): Notify: Saving Parameter "status = 0".	[MsgId: MMSG-13798]
Action.c(14): web_custom_request("owner") was successful, 9883 body bytes, 1103 header bytes  	[MsgId: MMSG-26386]
Action.c(23): Notify: Parameter Substitution: parameter "status" =  "0"	[MsgId: MMSG-13992]
Action.c(27): Notify: Transaction "首页动态" ended with "Fail" status (Duration: 0.4190 Wasted Time: 0.0017).	[MsgId: MMSG-16871]
Ending action Action.	[MsgId: MMSG-15918]
Ending iteration 40.	[MsgId: MMSG-15965]
Starting iteration 41.	[MsgId: MMSG-15968]
Notify: Next row for parameter requestUrl = 1 [table  = requestUrl].	[MsgId: MMSG-13876]
Notify: Getting new value for parameter 'requestUrl': table = 'requestUrl.dat' column = '0' row = '1'.	[MsgId: MMSG-13877]
Notify: Next row for parameter userToken = 1 [table  = userToken].	[MsgId: MMSG-13876]
Notify: Getting new value for parameter 'userToken': table = 'userToken.dat' column = '0' row = '1'.	[MsgId: MMSG-13877]
Starting action Action.	[MsgId: MMSG-15919]
Action.c(4): Registering web_reg_save_param_ex was successful  	[MsgId: MMSG-26390]
Action.c(12): Notify: Transaction "首页动态" started.	[MsgId: MMSG-16999]
Action.c(14): Notify: Parameter Substitution: parameter "requestUrl" =  "https://www.szwego.com"	[MsgId: MMSG-13992]
Action.c(14): Notify: Parameter Substitution: parameter "userToken" =  "M0FERThDOTYwRTJGQjdFNEYzQUYxN0JERDNCMDBCNjQ1ODM1QUJGMzJENTczREZCRDY1QTU2ODQ4M0JEMDMwM0JCNDAwOERDREUzMTdGRDRBMzc1QzJEQjU5MDE0OERF"	[MsgId: MMSG-13992]
Action.c(14): Notify: Saving Parameter "status = 0".	[MsgId: MMSG-13798]
Action.c(14): web_custom_request("owner") was successful, 9883 body bytes, 1103 header bytes  	[MsgId: MMSG-26386]
Action.c(23): Notify: Parameter Substitution: parameter "status" =  "0"	[MsgId: MMSG-13992]
Action.c(27): Notify: Transaction "首页动态" ended with "Fail" status (Duration: 0.5705 Wasted Time: 0.0016).	[MsgId: MMSG-16871]
Ending action Action.	[MsgId: MMSG-15918]
Ending iteration 41.	[MsgId: MMSG-15965]
Starting iteration 42.	[MsgId: MMSG-15968]
Notify: Next row for parameter requestUrl = 1 [table  = requestUrl].	[MsgId: MMSG-13876]
Notify: Getting new value for parameter 'requestUrl': table = 'requestUrl.dat' column = '0' row = '1'.	[MsgId: MMSG-13877]
Notify: Next row for parameter userToken = 1 [table  = userToken].	[MsgId: MMSG-13876]
Notify: Getting new value for parameter 'userToken': table = 'userToken.dat' column = '0' row = '1'.	[MsgId: MMSG-13877]
Starting action Action.	[MsgId: MMSG-15919]
Action.c(4): Registering web_reg_save_param_ex was successful  	[MsgId: MMSG-26390]
Action.c(12): Notify: Transaction "首页动态" started.	[MsgId: MMSG-16999]
Action.c(14): Notify: Parameter Substitution: parameter "requestUrl" =  "https://www.szwego.com"	[MsgId: MMSG-13992]
Action.c(14): Notify: Parameter Substitution: parameter "userToken" =  "M0FERThDOTYwRTJGQjdFNEYzQUYxN0JERDNCMDBCNjQ1ODM1QUJGMzJENTczREZCRDY1QTU2ODQ4M0JEMDMwM0JCNDAwOERDREUzMTdGRDRBMzc1QzJEQjU5MDE0OERF"	[MsgId: MMSG-13992]
Action.c(14): Notify: Saving Parameter "status = 0".	[MsgId: MMSG-13798]
Action.c(14): web_custom_request("owner") was successful, 9883 body bytes, 1103 header bytes  	[MsgId: MMSG-26386]
Action.c(23): Notify: Parameter Substitution: parameter "status" =  "0"	[MsgId: MMSG-13992]
Action.c(27): Notify: Transaction "首页动态" ended with "Fail" status (Duration: 0.5373 Wasted Time: 0.0016).	[MsgId: MMSG-16871]
Ending action Action.	[MsgId: MMSG-15918]
Ending iteration 42.	[MsgId: MMSG-15965]
Starting iteration 43.	[MsgId: MMSG-15968]
Notify: Next row for parameter requestUrl = 1 [table  = requestUrl].	[MsgId: MMSG-13876]
Notify: Getting new value for parameter 'requestUrl': table = 'requestUrl.dat' column = '0' row = '1'.	[MsgId: MMSG-13877]
Notify: Next row for parameter userToken = 1 [table  = userToken].	[MsgId: MMSG-13876]
Notify: Getting new value for parameter 'userToken': table = 'userToken.dat' column = '0' row = '1'.	[MsgId: MMSG-13877]
Starting action Action.	[MsgId: MMSG-15919]
Action.c(4): Registering web_reg_save_param_ex was successful  	[MsgId: MMSG-26390]
Action.c(12): Notify: Transaction "首页动态" started.	[MsgId: MMSG-16999]
Action.c(14): Notify: Parameter Substitution: parameter "requestUrl" =  "https://www.szwego.com"	[MsgId: MMSG-13992]
Action.c(14): Notify: Parameter Substitution: parameter "userToken" =  "M0FERThDOTYwRTJGQjdFNEYzQUYxN0JERDNCMDBCNjQ1ODM1QUJGMzJENTczREZCRDY1QTU2ODQ4M0JEMDMwM0JCNDAwOERDREUzMTdGRDRBMzc1QzJEQjU5MDE0OERF"	[MsgId: MMSG-13992]
Action.c(14): Notify: Saving Parameter "status = 0".	[MsgId: MMSG-13798]
Action.c(14): web_custom_request("owner") was successful, 9883 body bytes, 1103 header bytes  	[MsgId: MMSG-26386]
Action.c(23): Notify: Parameter Substitution: parameter "status" =  "0"	[MsgId: MMSG-13992]
Action.c(27): Notify: Transaction "首页动态" ended with "Fail" status (Duration: 0.2910 Wasted Time: 0.0008).	[MsgId: MMSG-16871]
Ending action Action.	[MsgId: MMSG-15918]
Ending iteration 43.	[MsgId: MMSG-15965]
Starting iteration 44.	[MsgId: MMSG-15968]
Notify: Next row for parameter requestUrl = 1 [table  = requestUrl].	[MsgId: MMSG-13876]
Notify: Getting new value for parameter 'requestUrl': table = 'requestUrl.dat' column = '0' row = '1'.	[MsgId: MMSG-13877]
Notify: Next row for parameter userToken = 1 [table  = userToken].	[MsgId: MMSG-13876]
Notify: Getting new value for parameter 'userToken': table = 'userToken.dat' column = '0' row = '1'.	[MsgId: MMSG-13877]
Starting action Action.	[MsgId: MMSG-15919]
Action.c(4): Registering web_reg_save_param_ex was successful  	[MsgId: MMSG-26390]
Action.c(12): Notify: Transaction "首页动态" started.	[MsgId: MMSG-16999]
Action.c(14): Notify: Parameter Substitution: parameter "requestUrl" =  "https://www.szwego.com"	[MsgId: MMSG-13992]
Action.c(14): Notify: Parameter Substitution: parameter "userToken" =  "M0FERThDOTYwRTJGQjdFNEYzQUYxN0JERDNCMDBCNjQ1ODM1QUJGMzJENTczREZCRDY1QTU2ODQ4M0JEMDMwM0JCNDAwOERDREUzMTdGRDRBMzc1QzJEQjU5MDE0OERF"	[MsgId: MMSG-13992]
Action.c(14): Notify: Saving Parameter "status = 0".	[MsgId: MMSG-13798]
Action.c(14): web_custom_request("owner") was successful, 9883 body bytes, 1103 header bytes  	[MsgId: MMSG-26386]
Action.c(23): Notify: Parameter Substitution: parameter "status" =  "0"	[MsgId: MMSG-13992]
Action.c(27): Notify: Transaction "首页动态" ended with "Fail" status (Duration: 0.3855 Wasted Time: 0.0016).	[MsgId: MMSG-16871]
Ending action Action.	[MsgId: MMSG-15918]
Ending iteration 44.	[MsgId: MMSG-15965]
Starting iteration 45.	[MsgId: MMSG-15968]
Notify: Next row for parameter requestUrl = 1 [table  = requestUrl].	[MsgId: MMSG-13876]
Notify: Getting new value for parameter 'requestUrl': table = 'requestUrl.dat' column = '0' row = '1'.	[MsgId: MMSG-13877]
Notify: Next row for parameter userToken = 1 [table  = userToken].	[MsgId: MMSG-13876]
Notify: Getting new value for parameter 'userToken': table = 'userToken.dat' column = '0' row = '1'.	[MsgId: MMSG-13877]
Starting action Action.	[MsgId: MMSG-15919]
Action.c(4): Registering web_reg_save_param_ex was successful  	[MsgId: MMSG-26390]
Action.c(12): Notify: Transaction "首页动态" started.	[MsgId: MMSG-16999]
Action.c(14): Notify: Parameter Substitution: parameter "requestUrl" =  "https://www.szwego.com"	[MsgId: MMSG-13992]
Action.c(14): Notify: Parameter Substitution: parameter "userToken" =  "M0FERThDOTYwRTJGQjdFNEYzQUYxN0JERDNCMDBCNjQ1ODM1QUJGMzJENTczREZCRDY1QTU2ODQ4M0JEMDMwM0JCNDAwOERDREUzMTdGRDRBMzc1QzJEQjU5MDE0OERF"	[MsgId: MMSG-13992]
Action.c(14): Notify: Saving Parameter "status = 0".	[MsgId: MMSG-13798]
Action.c(14): web_custom_request("owner") was successful, 9891 body bytes, 1103 header bytes  	[MsgId: MMSG-26386]
Action.c(23): Notify: Parameter Substitution: parameter "status" =  "0"	[MsgId: MMSG-13992]
Action.c(27): Notify: Transaction "首页动态" ended with "Fail" status (Duration: 0.5434 Wasted Time: 0.0017).	[MsgId: MMSG-16871]
Ending action Action.	[MsgId: MMSG-15918]
Ending iteration 45.	[MsgId: MMSG-15965]
Starting iteration 46.	[MsgId: MMSG-15968]
Notify: Next row for parameter requestUrl = 1 [table  = requestUrl].	[MsgId: MMSG-13876]
Notify: Getting new value for parameter 'requestUrl': table = 'requestUrl.dat' column = '0' row = '1'.	[MsgId: MMSG-13877]
Notify: Next row for parameter userToken = 1 [table  = userToken].	[MsgId: MMSG-13876]
Notify: Getting new value for parameter 'userToken': table = 'userToken.dat' column = '0' row = '1'.	[MsgId: MMSG-13877]
Starting action Action.	[MsgId: MMSG-15919]
Action.c(4): Registering web_reg_save_param_ex was successful  	[MsgId: MMSG-26390]
Action.c(12): Notify: Transaction "首页动态" started.	[MsgId: MMSG-16999]
Action.c(14): Notify: Parameter Substitution: parameter "requestUrl" =  "https://www.szwego.com"	[MsgId: MMSG-13992]
Action.c(14): Notify: Parameter Substitution: parameter "userToken" =  "M0FERThDOTYwRTJGQjdFNEYzQUYxN0JERDNCMDBCNjQ1ODM1QUJGMzJENTczREZCRDY1QTU2ODQ4M0JEMDMwM0JCNDAwOERDREUzMTdGRDRBMzc1QzJEQjU5MDE0OERF"	[MsgId: MMSG-13992]
Action.c(14): Notify: Saving Parameter "status = 0".	[MsgId: MMSG-13798]
Action.c(14): web_custom_request("owner") was successful, 9891 body bytes, 1103 header bytes  	[MsgId: MMSG-26386]
Action.c(23): Notify: Parameter Substitution: parameter "status" =  "0"	[MsgId: MMSG-13992]
Action.c(27): Notify: Transaction "首页动态" ended with "Fail" status (Duration: 0.5334 Wasted Time: 0.0017).	[MsgId: MMSG-16871]
Ending action Action.	[MsgId: MMSG-15918]
Ending iteration 46.	[MsgId: MMSG-15965]
Starting iteration 47.	[MsgId: MMSG-15968]
Notify: Next row for parameter requestUrl = 1 [table  = requestUrl].	[MsgId: MMSG-13876]
Notify: Getting new value for parameter 'requestUrl': table = 'requestUrl.dat' column = '0' row = '1'.	[MsgId: MMSG-13877]
Notify: Next row for parameter userToken = 1 [table  = userToken].	[MsgId: MMSG-13876]
Notify: Getting new value for parameter 'userToken': table = 'userToken.dat' column = '0' row = '1'.	[MsgId: MMSG-13877]
Starting action Action.	[MsgId: MMSG-15919]
Action.c(4): Registering web_reg_save_param_ex was successful  	[MsgId: MMSG-26390]
Action.c(12): Notify: Transaction "首页动态" started.	[MsgId: MMSG-16999]
Action.c(14): Notify: Parameter Substitution: parameter "requestUrl" =  "https://www.szwego.com"	[MsgId: MMSG-13992]
Action.c(14): Notify: Parameter Substitution: parameter "userToken" =  "M0FERThDOTYwRTJGQjdFNEYzQUYxN0JERDNCMDBCNjQ1ODM1QUJGMzJENTczREZCRDY1QTU2ODQ4M0JEMDMwM0JCNDAwOERDREUzMTdGRDRBMzc1QzJEQjU5MDE0OERF"	[MsgId: MMSG-13992]
Action.c(14): Notify: Saving Parameter "status = 0".	[MsgId: MMSG-13798]
Action.c(14): web_custom_request("owner") was successful, 9891 body bytes, 1103 header bytes  	[MsgId: MMSG-26386]
Action.c(23): Notify: Parameter Substitution: parameter "status" =  "0"	[MsgId: MMSG-13992]
Action.c(27): Notify: Transaction "首页动态" ended with "Fail" status (Duration: 0.3004 Wasted Time: 0.0016).	[MsgId: MMSG-16871]
Ending action Action.	[MsgId: MMSG-15918]
Ending iteration 47.	[MsgId: MMSG-15965]
Starting iteration 48.	[MsgId: MMSG-15968]
Notify: Next row for parameter requestUrl = 1 [table  = requestUrl].	[MsgId: MMSG-13876]
Notify: Getting new value for parameter 'requestUrl': table = 'requestUrl.dat' column = '0' row = '1'.	[MsgId: MMSG-13877]
Notify: Next row for parameter userToken = 1 [table  = userToken].	[MsgId: MMSG-13876]
Notify: Getting new value for parameter 'userToken': table = 'userToken.dat' column = '0' row = '1'.	[MsgId: MMSG-13877]
Starting action Action.	[MsgId: MMSG-15919]
Action.c(4): Registering web_reg_save_param_ex was successful  	[MsgId: MMSG-26390]
Action.c(12): Notify: Transaction "首页动态" started.	[MsgId: MMSG-16999]
Action.c(14): Notify: Parameter Substitution: parameter "requestUrl" =  "https://www.szwego.com"	[MsgId: MMSG-13992]
Action.c(14): Notify: Parameter Substitution: parameter "userToken" =  "M0FERThDOTYwRTJGQjdFNEYzQUYxN0JERDNCMDBCNjQ1ODM1QUJGMzJENTczREZCRDY1QTU2ODQ4M0JEMDMwM0JCNDAwOERDREUzMTdGRDRBMzc1QzJEQjU5MDE0OERF"	[MsgId: MMSG-13992]
Action.c(14): Notify: Saving Parameter "status = 0".	[MsgId: MMSG-13798]
Action.c(14): web_custom_request("owner") was successful, 9891 body bytes, 1103 header bytes  	[MsgId: MMSG-26386]
Action.c(23): Notify: Parameter Substitution: parameter "status" =  "0"	[MsgId: MMSG-13992]
Action.c(27): Notify: Transaction "首页动态" ended with "Fail" status (Duration: 0.2939 Wasted Time: 0.0017).	[MsgId: MMSG-16871]
Ending action Action.	[MsgId: MMSG-15918]
Ending iteration 48.	[MsgId: MMSG-15965]
Starting iteration 49.	[MsgId: MMSG-15968]
Notify: Next row for parameter requestUrl = 1 [table  = requestUrl].	[MsgId: MMSG-13876]
Notify: Getting new value for parameter 'requestUrl': table = 'requestUrl.dat' column = '0' row = '1'.	[MsgId: MMSG-13877]
Notify: Next row for parameter userToken = 1 [table  = userToken].	[MsgId: MMSG-13876]
Notify: Getting new value for parameter 'userToken': table = 'userToken.dat' column = '0' row = '1'.	[MsgId: MMSG-13877]
Starting action Action.	[MsgId: MMSG-15919]
Action.c(4): Registering web_reg_save_param_ex was successful  	[MsgId: MMSG-26390]
Action.c(12): Notify: Transaction "首页动态" started.	[MsgId: MMSG-16999]
Action.c(14): Notify: Parameter Substitution: parameter "requestUrl" =  "https://www.szwego.com"	[MsgId: MMSG-13992]
Action.c(14): Notify: Parameter Substitution: parameter "userToken" =  "M0FERThDOTYwRTJGQjdFNEYzQUYxN0JERDNCMDBCNjQ1ODM1QUJGMzJENTczREZCRDY1QTU2ODQ4M0JEMDMwM0JCNDAwOERDREUzMTdGRDRBMzc1QzJEQjU5MDE0OERF"	[MsgId: MMSG-13992]
Action.c(14): Notify: Saving Parameter "status = 0".	[MsgId: MMSG-13798]
Action.c(14): web_custom_request("owner") was successful, 9892 body bytes, 1103 header bytes  	[MsgId: MMSG-26386]
Action.c(23): Notify: Parameter Substitution: parameter "status" =  "0"	[MsgId: MMSG-13992]
Action.c(27): Notify: Transaction "首页动态" ended with "Fail" status (Duration: 0.2981 Wasted Time: 0.0017).	[MsgId: MMSG-16871]
Ending action Action.	[MsgId: MMSG-15918]
Ending iteration 49.	[MsgId: MMSG-15965]
Starting iteration 50.	[MsgId: MMSG-15968]
Notify: Next row for parameter requestUrl = 1 [table  = requestUrl].	[MsgId: MMSG-13876]
Notify: Getting new value for parameter 'requestUrl': table = 'requestUrl.dat' column = '0' row = '1'.	[MsgId: MMSG-13877]
Notify: Next row for parameter userToken = 1 [table  = userToken].	[MsgId: MMSG-13876]
Notify: Getting new value for parameter 'userToken': table = 'userToken.dat' column = '0' row = '1'.	[MsgId: MMSG-13877]
Starting action Action.	[MsgId: MMSG-15919]
Action.c(4): Registering web_reg_save_param_ex was successful  	[MsgId: MMSG-26390]
Action.c(12): Notify: Transaction "首页动态" started.	[MsgId: MMSG-16999]
Action.c(14): Notify: Parameter Substitution: parameter "requestUrl" =  "https://www.szwego.com"	[MsgId: MMSG-13992]
Action.c(14): Notify: Parameter Substitution: parameter "userToken" =  "M0FERThDOTYwRTJGQjdFNEYzQUYxN0JERDNCMDBCNjQ1ODM1QUJGMzJENTczREZCRDY1QTU2ODQ4M0JEMDMwM0JCNDAwOERDREUzMTdGRDRBMzc1QzJEQjU5MDE0OERF"	[MsgId: MMSG-13992]
Action.c(14): Notify: Saving Parameter "status = 0".	[MsgId: MMSG-13798]
Action.c(14): web_custom_request("owner") was successful, 9892 body bytes, 1103 header bytes  	[MsgId: MMSG-26386]
Action.c(23): Notify: Parameter Substitution: parameter "status" =  "0"	[MsgId: MMSG-13992]
Action.c(27): Notify: Transaction "首页动态" ended with "Fail" status (Duration: 0.5407 Wasted Time: 0.0017).	[MsgId: MMSG-16871]
Ending action Action.	[MsgId: MMSG-15918]
Ending iteration 50.	[MsgId: MMSG-15965]
Starting iteration 51.	[MsgId: MMSG-15968]
Notify: Next row for parameter requestUrl = 1 [table  = requestUrl].	[MsgId: MMSG-13876]
Notify: Getting new value for parameter 'requestUrl': table = 'requestUrl.dat' column = '0' row = '1'.	[MsgId: MMSG-13877]
Notify: Next row for parameter userToken = 1 [table  = userToken].	[MsgId: MMSG-13876]
Notify: Getting new value for parameter 'userToken': table = 'userToken.dat' column = '0' row = '1'.	[MsgId: MMSG-13877]
Starting action Action.	[MsgId: MMSG-15919]
Action.c(4): Registering web_reg_save_param_ex was successful  	[MsgId: MMSG-26390]
Action.c(12): Notify: Transaction "首页动态" started.	[MsgId: MMSG-16999]
Action.c(14): Notify: Parameter Substitution: parameter "requestUrl" =  "https://www.szwego.com"	[MsgId: MMSG-13992]
Action.c(14): Notify: Parameter Substitution: parameter "userToken" =  "M0FERThDOTYwRTJGQjdFNEYzQUYxN0JERDNCMDBCNjQ1ODM1QUJGMzJENTczREZCRDY1QTU2ODQ4M0JEMDMwM0JCNDAwOERDREUzMTdGRDRBMzc1QzJEQjU5MDE0OERF"	[MsgId: MMSG-13992]
Action.c(14): Notify: Saving Parameter "status = 0".	[MsgId: MMSG-13798]
Action.c(14): web_custom_request("owner") was successful, 9892 body bytes, 1103 header bytes  	[MsgId: MMSG-26386]
Action.c(23): Notify: Parameter Substitution: parameter "status" =  "0"	[MsgId: MMSG-13992]
Action.c(27): Notify: Transaction "首页动态" ended with "Fail" status (Duration: 0.2796 Wasted Time: 0.0016).	[MsgId: MMSG-16871]
Ending action Action.	[MsgId: MMSG-15918]
Ending iteration 51.	[MsgId: MMSG-15965]
Starting iteration 52.	[MsgId: MMSG-15968]
Notify: Next row for parameter requestUrl = 1 [table  = requestUrl].	[MsgId: MMSG-13876]
Notify: Getting new value for parameter 'requestUrl': table = 'requestUrl.dat' column = '0' row = '1'.	[MsgId: MMSG-13877]
Notify: Next row for parameter userToken = 1 [table  = userToken].	[MsgId: MMSG-13876]
Notify: Getting new value for parameter 'userToken': table = 'userToken.dat' column = '0' row = '1'.	[MsgId: MMSG-13877]
Starting action Action.	[MsgId: MMSG-15919]
Action.c(4): Registering web_reg_save_param_ex was successful  	[MsgId: MMSG-26390]
Action.c(12): Notify: Transaction "首页动态" started.	[MsgId: MMSG-16999]
Action.c(14): Notify: Parameter Substitution: parameter "requestUrl" =  "https://www.szwego.com"	[MsgId: MMSG-13992]
Action.c(14): Notify: Parameter Substitution: parameter "userToken" =  "M0FERThDOTYwRTJGQjdFNEYzQUYxN0JERDNCMDBCNjQ1ODM1QUJGMzJENTczREZCRDY1QTU2ODQ4M0JEMDMwM0JCNDAwOERDREUzMTdGRDRBMzc1QzJEQjU5MDE0OERF"	[MsgId: MMSG-13992]
Action.c(14): Notify: Saving Parameter "status = 0".	[MsgId: MMSG-13798]
Action.c(14): web_custom_request("owner") was successful, 9892 body bytes, 1103 header bytes  	[MsgId: MMSG-26386]
Action.c(23): Notify: Parameter Substitution: parameter "status" =  "0"	[MsgId: MMSG-13992]
Action.c(27): Notify: Transaction "首页动态" ended with "Fail" status (Duration: 0.3393 Wasted Time: 0.0017).	[MsgId: MMSG-16871]
Ending action Action.	[MsgId: MMSG-15918]
Ending iteration 52.	[MsgId: MMSG-15965]
Starting iteration 53.	[MsgId: MMSG-15968]
Notify: Next row for parameter requestUrl = 1 [table  = requestUrl].	[MsgId: MMSG-13876]
Notify: Getting new value for parameter 'requestUrl': table = 'requestUrl.dat' column = '0' row = '1'.	[MsgId: MMSG-13877]
Notify: Next row for parameter userToken = 1 [table  = userToken].	[MsgId: MMSG-13876]
Notify: Getting new value for parameter 'userToken': table = 'userToken.dat' column = '0' row = '1'.	[MsgId: MMSG-13877]
Starting action Action.	[MsgId: MMSG-15919]
Action.c(4): Registering web_reg_save_param_ex was successful  	[MsgId: MMSG-26390]
Action.c(12): Notify: Transaction "首页动态" started.	[MsgId: MMSG-16999]
Action.c(14): Notify: Parameter Substitution: parameter "requestUrl" =  "https://www.szwego.com"	[MsgId: MMSG-13992]
Action.c(14): Notify: Parameter Substitution: parameter "userToken" =  "M0FERThDOTYwRTJGQjdFNEYzQUYxN0JERDNCMDBCNjQ1ODM1QUJGMzJENTczREZCRDY1QTU2ODQ4M0JEMDMwM0JCNDAwOERDREUzMTdGRDRBMzc1QzJEQjU5MDE0OERF"	[MsgId: MMSG-13992]
Action.c(14): Notify: Saving Parameter "status = 0".	[MsgId: MMSG-13798]
Action.c(14): web_custom_request("owner") was successful, 9892 body bytes, 1103 header bytes  	[MsgId: MMSG-26386]
Action.c(23): Notify: Parameter Substitution: parameter "status" =  "0"	[MsgId: MMSG-13992]
Action.c(27): Notify: Transaction "首页动态" ended with "Fail" status (Duration: 0.4035 Wasted Time: 0.0016).	[MsgId: MMSG-16871]
Ending action Action.	[MsgId: MMSG-15918]
Ending iteration 53.	[MsgId: MMSG-15965]
Starting iteration 54.	[MsgId: MMSG-15968]
Notify: Next row for parameter requestUrl = 1 [table  = requestUrl].	[MsgId: MMSG-13876]
Notify: Getting new value for parameter 'requestUrl': table = 'requestUrl.dat' column = '0' row = '1'.	[MsgId: MMSG-13877]
Notify: Next row for parameter userToken = 1 [table  = userToken].	[MsgId: MMSG-13876]
Notify: Getting new value for parameter 'userToken': table = 'userToken.dat' column = '0' row = '1'.	[MsgId: MMSG-13877]
Starting action Action.	[MsgId: MMSG-15919]
Action.c(4): Registering web_reg_save_param_ex was successful  	[MsgId: MMSG-26390]
Action.c(12): Notify: Transaction "首页动态" started.	[MsgId: MMSG-16999]
Action.c(14): Notify: Parameter Substitution: parameter "requestUrl" =  "https://www.szwego.com"	[MsgId: MMSG-13992]
Action.c(14): Notify: Parameter Substitution: parameter "userToken" =  "M0FERThDOTYwRTJGQjdFNEYzQUYxN0JERDNCMDBCNjQ1ODM1QUJGMzJENTczREZCRDY1QTU2ODQ4M0JEMDMwM0JCNDAwOERDREUzMTdGRDRBMzc1QzJEQjU5MDE0OERF"	[MsgId: MMSG-13992]
Action.c(14): Notify: Saving Parameter "status = 0".	[MsgId: MMSG-13798]
Action.c(14): web_custom_request("owner") was successful, 9892 body bytes, 1103 header bytes  	[MsgId: MMSG-26386]
Action.c(23): Notify: Parameter Substitution: parameter "status" =  "0"	[MsgId: MMSG-13992]
Action.c(27): Notify: Transaction "首页动态" ended with "Fail" status (Duration: 0.3413 Wasted Time: 0.0017).	[MsgId: MMSG-16871]
Ending action Action.	[MsgId: MMSG-15918]
Ending iteration 54.	[MsgId: MMSG-15965]
Starting iteration 55.	[MsgId: MMSG-15968]
Notify: Next row for parameter requestUrl = 1 [table  = requestUrl].	[MsgId: MMSG-13876]
Notify: Getting new value for parameter 'requestUrl': table = 'requestUrl.dat' column = '0' row = '1'.	[MsgId: MMSG-13877]
Notify: Next row for parameter userToken = 1 [table  = userToken].	[MsgId: MMSG-13876]
Notify: Getting new value for parameter 'userToken': table = 'userToken.dat' column = '0' row = '1'.	[MsgId: MMSG-13877]
Starting action Action.	[MsgId: MMSG-15919]
Action.c(4): Registering web_reg_save_param_ex was successful  	[MsgId: MMSG-26390]
Action.c(12): Notify: Transaction "首页动态" started.	[MsgId: MMSG-16999]
Action.c(14): Notify: Parameter Substitution: parameter "requestUrl" =  "https://www.szwego.com"	[MsgId: MMSG-13992]
Action.c(14): Notify: Parameter Substitution: parameter "userToken" =  "M0FERThDOTYwRTJGQjdFNEYzQUYxN0JERDNCMDBCNjQ1ODM1QUJGMzJENTczREZCRDY1QTU2ODQ4M0JEMDMwM0JCNDAwOERDREUzMTdGRDRBMzc1QzJEQjU5MDE0OERF"	[MsgId: MMSG-13992]
Action.c(14): Notify: Saving Parameter "status = 0".	[MsgId: MMSG-13798]
Action.c(14): web_custom_request("owner") was successful, 9891 body bytes, 1103 header bytes  	[MsgId: MMSG-26386]
Action.c(23): Notify: Parameter Substitution: parameter "status" =  "0"	[MsgId: MMSG-13992]
Action.c(27): Notify: Transaction "首页动态" ended with "Fail" status (Duration: 0.5749 Wasted Time: 0.0017).	[MsgId: MMSG-16871]
Ending action Action.	[MsgId: MMSG-15918]
Ending iteration 55.	[MsgId: MMSG-15965]
Starting iteration 56.	[MsgId: MMSG-15968]
Notify: Next row for parameter requestUrl = 1 [table  = requestUrl].	[MsgId: MMSG-13876]
Notify: Getting new value for parameter 'requestUrl': table = 'requestUrl.dat' column = '0' row = '1'.	[MsgId: MMSG-13877]
Notify: Next row for parameter userToken = 1 [table  = userToken].	[MsgId: MMSG-13876]
Notify: Getting new value for parameter 'userToken': table = 'userToken.dat' column = '0' row = '1'.	[MsgId: MMSG-13877]
Starting action Action.	[MsgId: MMSG-15919]
Action.c(4): Registering web_reg_save_param_ex was successful  	[MsgId: MMSG-26390]
Action.c(12): Notify: Transaction "首页动态" started.	[MsgId: MMSG-16999]
Action.c(14): Notify: Parameter Substitution: parameter "requestUrl" =  "https://www.szwego.com"	[MsgId: MMSG-13992]
Action.c(14): Notify: Parameter Substitution: parameter "userToken" =  "M0FERThDOTYwRTJGQjdFNEYzQUYxN0JERDNCMDBCNjQ1ODM1QUJGMzJENTczREZCRDY1QTU2ODQ4M0JEMDMwM0JCNDAwOERDREUzMTdGRDRBMzc1QzJEQjU5MDE0OERF"	[MsgId: MMSG-13992]
Action.c(14): Notify: Saving Parameter "status = 0".	[MsgId: MMSG-13798]
Action.c(14): web_custom_request("owner") was successful, 9891 body bytes, 1103 header bytes  	[MsgId: MMSG-26386]
Action.c(23): Notify: Parameter Substitution: parameter "status" =  "0"	[MsgId: MMSG-13992]
Action.c(27): Notify: Transaction "首页动态" ended with "Fail" status (Duration: 0.5663 Wasted Time: 0.0014).	[MsgId: MMSG-16871]
Ending action Action.	[MsgId: MMSG-15918]
Ending iteration 56.	[MsgId: MMSG-15965]
Starting iteration 57.	[MsgId: MMSG-15968]
Notify: Next row for parameter requestUrl = 1 [table  = requestUrl].	[MsgId: MMSG-13876]
Notify: Getting new value for parameter 'requestUrl': table = 'requestUrl.dat' column = '0' row = '1'.	[MsgId: MMSG-13877]
Notify: Next row for parameter userToken = 1 [table  = userToken].	[MsgId: MMSG-13876]
Notify: Getting new value for parameter 'userToken': table = 'userToken.dat' column = '0' row = '1'.	[MsgId: MMSG-13877]
Starting action Action.	[MsgId: MMSG-15919]
Action.c(4): Registering web_reg_save_param_ex was successful  	[MsgId: MMSG-26390]
Action.c(12): Notify: Transaction "首页动态" started.	[MsgId: MMSG-16999]
Action.c(14): Notify: Parameter Substitution: parameter "requestUrl" =  "https://www.szwego.com"	[MsgId: MMSG-13992]
Action.c(14): Notify: Parameter Substitution: parameter "userToken" =  "M0FERThDOTYwRTJGQjdFNEYzQUYxN0JERDNCMDBCNjQ1ODM1QUJGMzJENTczREZCRDY1QTU2ODQ4M0JEMDMwM0JCNDAwOERDREUzMTdGRDRBMzc1QzJEQjU5MDE0OERF"	[MsgId: MMSG-13992]
Action.c(14): Notify: Saving Parameter "status = 0".	[MsgId: MMSG-13798]
Action.c(14): web_custom_request("owner") was successful, 9891 body bytes, 1103 header bytes  	[MsgId: MMSG-26386]
Action.c(23): Notify: Parameter Substitution: parameter "status" =  "0"	[MsgId: MMSG-13992]
Action.c(27): Notify: Transaction "首页动态" ended with "Fail" status (Duration: 0.5553 Wasted Time: 0.0007).	[MsgId: MMSG-16871]
Ending action Action.	[MsgId: MMSG-15918]
Ending iteration 57.	[MsgId: MMSG-15965]
Starting iteration 58.	[MsgId: MMSG-15968]
Notify: Next row for parameter requestUrl = 1 [table  = requestUrl].	[MsgId: MMSG-13876]
Notify: Getting new value for parameter 'requestUrl': table = 'requestUrl.dat' column = '0' row = '1'.	[MsgId: MMSG-13877]
Notify: Next row for parameter userToken = 1 [table  = userToken].	[MsgId: MMSG-13876]
Notify: Getting new value for parameter 'userToken': table = 'userToken.dat' column = '0' row = '1'.	[MsgId: MMSG-13877]
Starting action Action.	[MsgId: MMSG-15919]
Action.c(4): Registering web_reg_save_param_ex was successful  	[MsgId: MMSG-26390]
Action.c(12): Notify: Transaction "首页动态" started.	[MsgId: MMSG-16999]
Action.c(14): Notify: Parameter Substitution: parameter "requestUrl" =  "https://www.szwego.com"	[MsgId: MMSG-13992]
Action.c(14): Notify: Parameter Substitution: parameter "userToken" =  "M0FERThDOTYwRTJGQjdFNEYzQUYxN0JERDNCMDBCNjQ1ODM1QUJGMzJENTczREZCRDY1QTU2ODQ4M0JEMDMwM0JCNDAwOERDREUzMTdGRDRBMzc1QzJEQjU5MDE0OERF"	[MsgId: MMSG-13992]
Action.c(14): Notify: Saving Parameter "status = 0".	[MsgId: MMSG-13798]
Action.c(14): web_custom_request("owner") was successful, 9891 body bytes, 1103 header bytes  	[MsgId: MMSG-26386]
Action.c(23): Notify: Parameter Substitution: parameter "status" =  "0"	[MsgId: MMSG-13992]
Action.c(27): Notify: Transaction "首页动态" ended with "Fail" status (Duration: 0.6596 Wasted Time: 0.0017).	[MsgId: MMSG-16871]
Ending action Action.	[MsgId: MMSG-15918]
Ending iteration 58.	[MsgId: MMSG-15965]
Starting iteration 59.	[MsgId: MMSG-15968]
Notify: Next row for parameter requestUrl = 1 [table  = requestUrl].	[MsgId: MMSG-13876]
Notify: Getting new value for parameter 'requestUrl': table = 'requestUrl.dat' column = '0' row = '1'.	[MsgId: MMSG-13877]
Notify: Next row for parameter userToken = 1 [table  = userToken].	[MsgId: MMSG-13876]
Notify: Getting new value for parameter 'userToken': table = 'userToken.dat' column = '0' row = '1'.	[MsgId: MMSG-13877]
Starting action Action.	[MsgId: MMSG-15919]
Action.c(4): Registering web_reg_save_param_ex was successful  	[MsgId: MMSG-26390]
Action.c(12): Notify: Transaction "首页动态" started.	[MsgId: MMSG-16999]
Action.c(14): Notify: Parameter Substitution: parameter "requestUrl" =  "https://www.szwego.com"	[MsgId: MMSG-13992]
Action.c(14): Notify: Parameter Substitution: parameter "userToken" =  "M0FERThDOTYwRTJGQjdFNEYzQUYxN0JERDNCMDBCNjQ1ODM1QUJGMzJENTczREZCRDY1QTU2ODQ4M0JEMDMwM0JCNDAwOERDREUzMTdGRDRBMzc1QzJEQjU5MDE0OERF"	[MsgId: MMSG-13992]
Action.c(14): Notify: Saving Parameter "status = 0".	[MsgId: MMSG-13798]
Action.c(14): web_custom_request("owner") was successful, 9891 body bytes, 1103 header bytes  	[MsgId: MMSG-26386]
Action.c(23): Notify: Parameter Substitution: parameter "status" =  "0"	[MsgId: MMSG-13992]
Action.c(27): Notify: Transaction "首页动态" ended with "Fail" status (Duration: 0.6238 Wasted Time: 0.0017).	[MsgId: MMSG-16871]
Ending action Action.	[MsgId: MMSG-15918]
Action was aborted.	[MsgId: MMSG-10694]
Ending Vuser...	[MsgId: MMSG-15966]
Starting action vuser_end.	[MsgId: MMSG-15919]
Ending action vuser_end.	[MsgId: MMSG-15918]
Vuser Terminated.	[MsgId: MMSG-15963]
