Virtual User Script started at : 2019-01-25 12:01:07
Starting action vuser_init.
Web Turbo Replay of LoadRunner 11.0.0 for Windows 7; build 8859 (Aug 18 2010 20:14:31)  	[MsgId: MMSG-27143]
Run Mode: HTML  	[MsgId: MMSG-26000]
Run-Time Settings file: "D:\loadrunnerScript\AlbumTagList\\default.cfg"  	[MsgId: MMSG-27141]
Ending action vuser_init.
Running Vuser...
Starting iteration 1.
Starting action Action.
Action.c(8): web_set_max_html_param_len was successful  	[MsgId: MMSG-26392]
Action.c(11): Registering web_reg_save_param_ex was successful  	[MsgId: MMSG-26390]
Action.c(18): web_custom_request("owner") was successful, 6308 body bytes, 913 header bytes  	[MsgId: MMSG-26386]
Action.c(24): Registering web_reg_save_param_ex was successful  	[MsgId: MMSG-26390]
Action.c(31): Notify: Transaction "个人相册页" started.
Action.c(34): web_custom_request("get_tags_except") was successful, 250 body bytes, 431 header bytes  	[MsgId: MMSG-26386]
Action.c(60): lr_think_time: 0.79 seconds (recorded think time was 3.00 seconds).
Action.c(62): Notify: Transaction "标签独立页" started.
lr_message消息函数:1
lr_message消息保存整型函数:0
lr_message成功消息:1
Action.c(76): web_custom_request("tag_list") was successful, 8008 body bytes, 485 header bytes  	[MsgId: MMSG-26386]
Action.c(82): Notify: Transaction "标签独立页" ended with "Pass" status (Duration: 1.2685 Wasted Time: 0.0043).
Action.c(93): Notify: Transaction "个人相册页" ended with "Pass" status (Duration: 2.3974 Think Time: 0.7914 Wasted Time: 0.0154).
Ending action Action.
Ending iteration 1.
Ending Vuser...
Starting action vuser_end.
Ending action vuser_end.
Vuser Terminated.
