Virtual User Script started at : 2019-01-16 10:46:40
Starting action vuser_init.
Web Turbo Replay of LoadRunner 11.0.0 for Windows 7; build 8859 (Aug 18 2010 20:14:31)  	[MsgId: MMSG-27143]
Run Mode: HTML  	[MsgId: MMSG-26000]
Run-Time Settings file: "D:\loadrunnerScript\SaveOwner\\default.cfg"  	[MsgId: MMSG-27141]
Ending action vuser_init.
Running Vuser...
Starting iteration 1.
Starting action Action.
Action.c(5): Registering web_reg_save_param_ex was successful  	[MsgId: MMSG-26390]
Action.c(14): Notify: Parameter Substitution: parameter "requestUrl" =  "https://www.szwego.com"
Action.c(14): Notify: Parameter Substitution: parameter "userToken" =  "N0I5MjQwRTM4N0FDRkIzOEY3NUM2MkZCNDdENjRCRUEwMUIwRDQzOEZCNDA5NTVFOUY3RTUwNEZBNDUxM0QyQkQzNjg4OTc5NjZFMUVFMzYyODREQ0JFNTY1Rjg0OTQ4"
Action.c(14): Notify: Saving Parameter "shop_id = A201812080953300270014587".
Action.c(14): web_custom_request("owner") was successful, 15054 body bytes, 1098 header bytes  	[MsgId: MMSG-26386]
Action.c(20): Notify: Transaction "相册动态新增商品" started.
Action.c(22): Notify: Transaction "加载标签属性" started.
Action.c(24): Notify: Parameter Substitution: parameter "requestUrl" =  "https://www.szwego.com"
Action.c(24): Notify: Parameter Substitution: parameter "userToken" =  "N0I5MjQwRTM4N0FDRkIzOEY3NUM2MkZCNDdENjRCRUEwMUIwRDQzOEZCNDA5NTVFOUY3RTUwNEZBNDUxM0QyQkQzNjg4OTc5NjZFMUVFMzYyODREQ0JFNTY1Rjg0OTQ4"
Action.c(24): web_custom_request("get_tags") was successful, 965 body bytes, 431 header bytes  	[MsgId: MMSG-26386]
Action.c(30): Notify: Parameter Substitution: parameter "requestUrl" =  "https://www.szwego.com"
Action.c(30): Notify: Parameter Substitution: parameter "userToken" =  "N0I5MjQwRTM4N0FDRkIzOEY3NUM2MkZCNDdENjRCRUEwMUIwRDQzOEZCNDA5NTVFOUY3RTUwNEZBNDUxM0QyQkQzNjg4OTc5NjZFMUVFMzYyODREQ0JFNTY1Rjg0OTQ4"
Action.c(30): web_custom_request("get_all_tag") was successful, 342 body bytes, 431 header bytes  	[MsgId: MMSG-26386]
Action.c(36): Notify: Transaction "加载标签属性" ended with "Pass" status (Duration: 0.3412 Wasted Time: 0.0117).
Action.c(40): Notify: Transaction "发布商品" started.
Action.c(42): Notify: Parameter Substitution: parameter "requestUrl" =  "https://www.szwego.com"
Action.c(42): Notify: Parameter Substitution: parameter "randomNum" =  "661277558"
Action.c(42): Notify: Parameter Substitution: parameter "randomNum" =  "121963159"
Action.c(42): Notify: Parameter Substitution: parameter "randomNum" =  "990248578"
Action.c(42): Notify: Parameter Substitution: parameter "images" =  "%5B%22https%3A%2F%2Fxcimg.szwego.com%2Fo_1d18p3141a7coiapl81co7do011.jpg%22%2C%22https%3A%2F%2Fxcimg.szwego.com%2Fo_1d18p3141e28fjh123te6k1i2p12.jpg%22%2C%22https%3A%2F%2Fxcimg.szwego.com%2Fo_1d18p31411a2t1e1911ivlu91eqm13.jpg%22%2C%22https%3A%2F%2Fxcimg.szwego.com%2Fo_1d18p3142139vdcd99qs1rd9a14.jpg%22%2C%22https%3A%2F%2Fxcimg.szwego.com%2Fo_1d18p3142eejikvrha1ic2cn115.jpg%22%2C%22https%3A%2F%2Fxcimg.szwego.com%2Fo_1d18p3142a0i1ibmg1fj9r6em16.jpg%22%2C%22https%3A%2F%2Fxcimg.szwego.com%2Fo_1d18p31427g816q9jltrp1t1517.jpg%22%2C%22https%3A%2F%2Fxcimg.szwego.com%2Fo_1d18p31425ho4fe1nihh0m1e0q18.jpg%22%2C%22https%3A%2F%2Fxcimg.szwego.com%2Fo_1d18p31421v85ao1as0v16cq119.jpg%22%5D"
Action.c(42): Notify: Parameter Substitution: parameter "randomNum" =  "723657932"
Action.c(42): Notify: Parameter Substitution: parameter "userToken" =  "N0I5MjQwRTM4N0FDRkIzOEY3NUM2MkZCNDdENjRCRUEwMUIwRDQzOEZCNDA5NTVFOUY3RTUwNEZBNDUxM0QyQkQzNjg4OTc5NjZFMUVFMzYyODREQ0JFNTY1Rjg0OTQ4"
Action.c(42): web_custom_request("save_theme") was successful, 543 body bytes, 616 header bytes  	[MsgId: MMSG-26386]
Action.c(48): Notify: Transaction "发布商品" ended with "Pass" status (Duration: 0.2006 Wasted Time: 0.0030).
Action.c(50): Notify: Transaction "返回动态" started.
Action.c(55): Notify: Parameter Substitution: parameter "requestUrl" =  "https://www.szwego.com"
Action.c(55): Notify: Parameter Substitution: parameter "shop_id" =  "A201812080953300270014587"
Action.c(55): Notify: Parameter Substitution: parameter "userToken" =  "N0I5MjQwRTM4N0FDRkIzOEY3NUM2MkZCNDdENjRCRUEwMUIwRDQzOEZCNDA5NTVFOUY3RTUwNEZBNDUxM0QyQkQzNjg4OTc5NjZFMUVFMzYyODREQ0JFNTY1Rjg0OTQ4"
Action.c(55): web_custom_request("owner_1") was successful, 15978 body bytes, 480 header bytes  	[MsgId: MMSG-26386]
Action.c(61): Notify: Transaction "返回动态" ended with "Pass" status (Duration: 0.4529 Wasted Time: 0.0062).
Action.c(63): Notify: Transaction "相册动态新增商品" ended with "Pass" status (Duration: 1.1813 Wasted Time: 0.0210).
Ending action Action.
Ending iteration 1.
Ending Vuser...
Starting action vuser_end.
Ending action vuser_end.
Vuser Terminated.
Vuser 0 (thread 6756), ended OK."
